2023-08-18 21:18:05.506 [info] Log level: Info
2023-08-18 21:18:05.506 [info] Validating found git in: "git"
2023-08-18 21:18:05.507 [info] Using git "2.39.2" from "git"
2023-08-18 21:18:05.507 [info] > git rev-parse --show-toplevel [4ms]
2023-08-18 21:18:05.507 [info] fatal: not a git repository (or any parent up to mount point /)
Stopping at filesystem boundary (GIT_DISCOVERY_ACROSS_FILESYSTEM not set).
2023-08-18 21:18:05.510 [info] > git rev-parse --show-toplevel [3ms]
2023-08-18 21:18:05.510 [info] fatal: not a git repository (or any parent up to mount point /)
Stopping at filesystem boundary (GIT_DISCOVERY_ACROSS_FILESYSTEM not set).
2023-08-18 21:18:05.531 [info] > git rev-parse --show-toplevel [4ms]
2023-08-18 21:18:05.531 [info] fatal: not a git repository (or any parent up to mount point /)
Stopping at filesystem boundary (GIT_DISCOVERY_ACROSS_FILESYSTEM not set).
2023-08-18 21:18:06.127 [info] > git rev-parse --show-toplevel [7ms]
2023-08-18 21:18:06.127 [info] fatal: not a git repository (or any parent up to mount point /)
Stopping at filesystem boundary (GIT_DISCOVERY_ACROSS_FILESYSTEM not set).
2023-08-18 21:18:06.374 [info] > git rev-parse --show-toplevel [7ms]
2023-08-18 21:18:06.374 [info] fatal: not a git repository (or any parent up to mount point /)
Stopping at filesystem boundary (GIT_DISCOVERY_ACROSS_FILESYSTEM not set).
2023-08-18 21:18:06.585 [info] > git rev-parse --show-toplevel [5ms]
2023-08-18 21:18:06.585 [info] fatal: not a git repository (or any parent up to mount point /)
Stopping at filesystem boundary (GIT_DISCOVERY_ACROSS_FILESYSTEM not set).
2023-08-18 21:18:07.464 [info] > git rev-parse --show-toplevel [4ms]
2023-08-18 21:18:07.464 [info] fatal: not a git repository (or any parent up to mount point /)
Stopping at filesystem boundary (GIT_DISCOVERY_ACROSS_FILESYSTEM not set).
2023-08-18 21:18:07.833 [info] > git rev-parse --show-toplevel [3ms]
2023-08-18 21:18:07.833 [info] fatal: not a git repository (or any parent up to mount point /)
Stopping at filesystem boundary (GIT_DISCOVERY_ACROSS_FILESYSTEM not set).
2023-08-18 21:18:08.184 [info] > git rev-parse --show-toplevel [3ms]
2023-08-18 21:18:08.184 [info] fatal: not a git repository (or any parent up to mount point /)
Stopping at filesystem boundary (GIT_DISCOVERY_ACROSS_FILESYSTEM not set).
2023-08-18 21:19:29.852 [info] > git rev-parse --show-toplevel [3ms]
2023-08-18 21:19:29.852 [info] fatal: not a git repository (or any parent up to mount point /)
Stopping at filesystem boundary (GIT_DISCOVERY_ACROSS_FILESYSTEM not set).
2023-08-18 21:19:59.945 [info] > git rev-parse --show-toplevel [10ms]
2023-08-18 21:19:59.945 [info] fatal: not a git repository (or any parent up to mount point /)
Stopping at filesystem boundary (GIT_DISCOVERY_ACROSS_FILESYSTEM not set).
2023-08-18 21:20:10.012 [info] > git rev-parse --show-toplevel [4ms]
2023-08-18 21:20:10.013 [info] fatal: not a git repository (or any parent up to mount point /)
Stopping at filesystem boundary (GIT_DISCOVERY_ACROSS_FILESYSTEM not set).
2023-08-18 21:20:20.418 [info] > git rev-parse --show-toplevel [4ms]
2023-08-18 21:20:20.419 [info] fatal: not a git repository (or any parent up to mount point /)
Stopping at filesystem boundary (GIT_DISCOVERY_ACROSS_FILESYSTEM not set).
2023-08-18 21:21:08.741 [info] > git rev-parse --show-toplevel [4ms]
2023-08-18 21:21:08.741 [info] fatal: not a git repository (or any parent up to mount point /)
Stopping at filesystem boundary (GIT_DISCOVERY_ACROSS_FILESYSTEM not set).
2023-08-18 21:21:14.628 [info] > git rev-parse --show-toplevel [2ms]
2023-08-18 21:21:14.628 [info] fatal: not a git repository (or any parent up to mount point /)
Stopping at filesystem boundary (GIT_DISCOVERY_ACROSS_FILESYSTEM not set).
2023-08-18 21:21:20.171 [info] > git rev-parse --show-toplevel [3ms]
2023-08-18 21:21:20.171 [info] fatal: not a git repository (or any parent up to mount point /)
Stopping at filesystem boundary (GIT_DISCOVERY_ACROSS_FILESYSTEM not set).
2023-08-18 21:45:46.364 [info] > git rev-parse --show-toplevel [6ms]
2023-08-18 21:45:46.364 [info] fatal: not a git repository (or any parent up to mount point /)
Stopping at filesystem boundary (GIT_DISCOVERY_ACROSS_FILESYSTEM not set).
2023-08-18 21:49:06.768 [info] > git rev-parse --show-toplevel [16ms]
2023-08-18 21:49:06.768 [info] fatal: not a git repository (or any parent up to mount point /)
Stopping at filesystem boundary (GIT_DISCOVERY_ACROSS_FILESYSTEM not set).
2023-08-18 21:49:09.590 [info] > git rev-parse --show-toplevel [7ms]
2023-08-18 21:49:09.590 [info] fatal: not a git repository (or any parent up to mount point /)
Stopping at filesystem boundary (GIT_DISCOVERY_ACROSS_FILESYSTEM not set).
2023-08-18 21:57:33.297 [info] > git rev-parse --show-toplevel [2ms]
2023-08-18 21:57:33.297 [info] fatal: not a git repository (or any parent up to mount point /)
Stopping at filesystem boundary (GIT_DISCOVERY_ACROSS_FILESYSTEM not set).
2023-08-18 21:57:36.564 [info] > git rev-parse --show-toplevel [3ms]
2023-08-18 21:57:36.564 [info] fatal: not a git repository (or any parent up to mount point /)
Stopping at filesystem boundary (GIT_DISCOVERY_ACROSS_FILESYSTEM not set).
