[Info  - 7:00:21 PM] 2023/08/21 19:00:21 go info for /home/ajpf/Documents/facul
(go dir /home/ajpf/Documents/facul)
(go version go version go1.21.0 linux/amd64)
(valid build configuration = false)
(build flags: [])
(selected go env: [GO111MODULE=, GOCACHE=/home/ajpf/.cache/go-build, GOFLAGS=, GOMODCACHE=/home/ajpf/go/pkg/mod, GOPATH=/home/ajpf/go, GOPRIVATE=, GOROOT=/usr/local/go, GOWORK=])


[Info  - 7:00:21 PM] 2023/08/21 19:00:21 go/packages.Load #1
	snapshot=0
	directory=file:///home/ajpf/Documents/facul
	query=[./ builtin]
	packages=2

[Info  - 7:00:21 PM] 2023/08/21 19:00:21 go/packages.Load #1: updating metadata for 43 packages

[Error - 7:00:21 PM] Request textDocument/semanticTokens/range failed.
  Message: semantictokens are disabled
  Code: 0 
[Error - 7:00:21 PM] Request textDocument/semanticTokens/full failed.
  Message: semantictokens are disabled
  Code: 0 
[Error - 7:00:22 PM] Request textDocument/semanticTokens/range failed.
  Message: semantictokens are disabled
  Code: 0 
[Error - 7:00:22 PM] 2023/08/21 19:00:22 imports fixes: AllImportsFixes: /home/ajpf/Documents/facul/studyDay.go:17:13: expected ';', found day (and 6 more errors)
	file="/home/ajpf/Documents/facul/studyDay.go"

[Error - 7:00:23 PM] 2023/08/21 19:00:23 imports fixes: AllImportsFixes: /home/ajpf/Documents/facul/studyDay.go:17:13: expected ';', found day (and 6 more errors)
	file="/home/ajpf/Documents/facul/studyDay.go"

[Error - 7:00:23 PM] 2023/08/21 19:00:23 imports fixes: AllImportsFixes: /home/ajpf/Documents/facul/studyDay.go:17:13: expected ';', found day (and 6 more errors)
	file="/home/ajpf/Documents/facul/studyDay.go"

[Error - 7:00:23 PM] 2023/08/21 19:00:23 imports fixes: AllImportsFixes: /home/ajpf/Documents/facul/studyDay.go:17:13: expected ';', found day (and 6 more errors)
	file="/home/ajpf/Documents/facul/studyDay.go"

[Error - 7:00:23 PM] 2023/08/21 19:00:23 imports fixes: AllImportsFixes: /home/ajpf/Documents/facul/studyDay.go:17:13: expected ';', found day (and 6 more errors)
	file="/home/ajpf/Documents/facul/studyDay.go"

[Error - 7:00:24 PM] Request textDocument/semanticTokens/range failed.
  Message: semantictokens are disabled
  Code: 0 
[Error - 7:00:25 PM] 2023/08/21 19:00:25 imports fixes: AllImportsFixes: /home/ajpf/Documents/facul/studyDay.go:17:14: expected ';', found day (and 6 more errors)
	file="/home/ajpf/Documents/facul/studyDay.go"

[Error - 7:00:25 PM] Request textDocument/semanticTokens/full failed.
  Message: semantictokens are disabled
  Code: 0 
[Error - 7:00:26 PM] Request textDocument/semanticTokens/range failed.
  Message: semantictokens are disabled
  Code: 0 
[Error - 7:00:26 PM] 2023/08/21 19:00:26 imports fixes: AllImportsFixes: /home/ajpf/Documents/facul/studyDay.go:17:13: expected ';', found day (and 6 more errors)
	file="/home/ajpf/Documents/facul/studyDay.go"

[Error - 7:00:26 PM] Request textDocument/semanticTokens/full failed.
  Message: semantictokens are disabled
  Code: 0 
[Error - 7:00:29 PM] 2023/08/21 19:00:29 imports fixes: AllImportsFixes: /home/ajpf/Documents/facul/studyDay.go:17:13: expected ';', found day (and 6 more errors)
	file="/home/ajpf/Documents/facul/studyDay.go"

[Error - 7:00:30 PM] 2023/08/21 19:00:30 imports fixes: AllImportsFixes: /home/ajpf/Documents/facul/studyDay.go:17:13: expected ';', found day (and 6 more errors)
	file="/home/ajpf/Documents/facul/studyDay.go"

[Error - 7:00:31 PM] 2023/08/21 19:00:31 imports fixes: AllImportsFixes: /home/ajpf/Documents/facul/studyDay.go:17:13: expected ';', found day (and 6 more errors)
	file="/home/ajpf/Documents/facul/studyDay.go"

[Error - 7:00:32 PM] 2023/08/21 19:00:32 no signature help: cannot find an enclosing function
	position=16:16

[Error - 7:00:32 PM] Request textDocument/semanticTokens/range failed.
  Message: semantictokens are disabled
  Code: 0 
[Error - 7:00:32 PM] 2023/08/21 19:00:32 imports fixes: AllImportsFixes: /home/ajpf/Documents/facul/studyDay.go:17:14: expected ')', found day (and 7 more errors)
	file="/home/ajpf/Documents/facul/studyDay.go"

[Error - 7:00:32 PM] Request textDocument/semanticTokens/full failed.
  Message: semantictokens are disabled
  Code: 0 
[Error - 7:00:33 PM] 2023/08/21 19:00:33 imports fixes: AllImportsFixes: /home/ajpf/Documents/facul/studyDay.go:17:14: expected ')', found day (and 7 more errors)
	file="/home/ajpf/Documents/facul/studyDay.go"

[Error - 7:00:33 PM] 2023/08/21 19:00:33 imports fixes: AllImportsFixes: /home/ajpf/Documents/facul/studyDay.go:17:14: expected ')', found day (and 7 more errors)
	file="/home/ajpf/Documents/facul/studyDay.go"

[Error - 7:00:34 PM] 2023/08/21 19:00:34 imports fixes: AllImportsFixes: /home/ajpf/Documents/facul/studyDay.go:17:14: expected ')', found day (and 7 more errors)
	file="/home/ajpf/Documents/facul/studyDay.go"

[Error - 7:00:40 PM] 2023/08/21 19:00:40 imports fixes: AllImportsFixes: /home/ajpf/Documents/facul/studyDay.go:17:14: expected ')', found day (and 7 more errors)
	file="/home/ajpf/Documents/facul/studyDay.go"

[Error - 7:00:40 PM] 2023/08/21 19:00:40 imports fixes: AllImportsFixes: /home/ajpf/Documents/facul/studyDay.go:17:14: expected ')', found day (and 7 more errors)
	file="/home/ajpf/Documents/facul/studyDay.go"

[Error - 7:00:41 PM] 2023/08/21 19:00:41 imports fixes: AllImportsFixes: /home/ajpf/Documents/facul/studyDay.go:17:14: expected ')', found day (and 7 more errors)
	file="/home/ajpf/Documents/facul/studyDay.go"

[Error - 7:00:42 PM] Request textDocument/semanticTokens/range failed.
  Message: semantictokens are disabled
  Code: 0 
[Error - 7:00:43 PM] Request textDocument/semanticTokens/full failed.
  Message: semantictokens are disabled
  Code: 0 
[Error - 7:00:49 PM] Request textDocument/semanticTokens/range failed.
  Message: semantictokens are disabled
  Code: 0 
[Error - 7:00:50 PM] Request textDocument/semanticTokens/full failed.
  Message: semantictokens are disabled
  Code: 0 
[Error - 7:00:50 PM] Request textDocument/semanticTokens/range failed.
  Message: semantictokens are disabled
  Code: 0 
[Error - 7:00:50 PM] Request textDocument/semanticTokens/full failed.
  Message: semantictokens are disabled
  Code: 0 
[Error - 7:00:50 PM] Request textDocument/semanticTokens/range failed.
  Message: semantictokens are disabled
  Code: 0 
[Error - 7:00:51 PM] Request textDocument/semanticTokens/range failed.
  Message: semantictokens are disabled
  Code: 0 
[Error - 7:00:51 PM] 2023/08/21 19:00:51 imports fixes: AllImportsFixes: /home/ajpf/Documents/facul/studyDay.go:19:14: expected ')', found day (and 7 more errors)
	file="/home/ajpf/Documents/facul/studyDay.go"

[Error - 7:00:51 PM] Request textDocument/semanticTokens/full failed.
  Message: semantictokens are disabled
  Code: 0 
[Error - 7:00:51 PM] Request textDocument/semanticTokens/full failed.
  Message: semantictokens are disabled
  Code: 0 
[Error - 7:00:52 PM] Request textDocument/semanticTokens/range failed.
  Message: semantictokens are disabled
  Code: 0 
[Error - 7:00:52 PM] Request textDocument/semanticTokens/full failed.
  Message: semantictokens are disabled
  Code: 0 
[Error - 7:00:54 PM] 2023/08/21 19:00:54 imports fixes: AllImportsFixes: /home/ajpf/Documents/facul/studyDay.go:19:14: expected ')', found day (and 7 more errors)
	file="/home/ajpf/Documents/facul/studyDay.go"

[Error - 7:00:55 PM] 2023/08/21 19:00:55 no signature help: cannot find an enclosing function
	position=13:36

[Error - 7:00:55 PM] Request textDocument/semanticTokens/range failed.
  Message: semantictokens are disabled
  Code: 0 
[Error - 7:00:55 PM] 2023/08/21 19:00:55 imports fixes: AllImportsFixes: /home/ajpf/Documents/facul/studyDay.go:19:14: expected ')', found day (and 7 more errors)
	file="/home/ajpf/Documents/facul/studyDay.go"

[Error - 7:00:55 PM] Request textDocument/semanticTokens/full failed.
  Message: semantictokens are disabled
  Code: 0 
[Error - 7:00:56 PM] 2023/08/21 19:00:56 imports fixes: AllImportsFixes: /home/ajpf/Documents/facul/studyDay.go:19:14: expected ')', found day (and 7 more errors)
	file="/home/ajpf/Documents/facul/studyDay.go"

[Error - 7:00:56 PM] 2023/08/21 19:00:56 imports fixes: AllImportsFixes: /home/ajpf/Documents/facul/studyDay.go:19:14: expected ')', found day (and 7 more errors)
	file="/home/ajpf/Documents/facul/studyDay.go"

[Error - 7:00:56 PM] 2023/08/21 19:00:56 imports fixes: AllImportsFixes: /home/ajpf/Documents/facul/studyDay.go:19:14: expected ')', found day (and 7 more errors)
	file="/home/ajpf/Documents/facul/studyDay.go"

[Error - 7:00:57 PM] 2023/08/21 19:00:57 no signature help: cannot find an enclosing function
	position=13:15

[Error - 7:00:57 PM] Request textDocument/semanticTokens/range failed.
  Message: semantictokens are disabled
  Code: 0 
[Error - 7:00:57 PM] 2023/08/21 19:00:57 imports fixes: AllImportsFixes: /home/ajpf/Documents/facul/studyDay.go:14:39: expected ')', found newline (and 8 more errors)
	file="/home/ajpf/Documents/facul/studyDay.go"

[Error - 7:00:57 PM] Request textDocument/semanticTokens/full failed.
  Message: semantictokens are disabled
  Code: 0 
[Error - 7:00:58 PM] Request textDocument/semanticTokens/range failed.
  Message: semantictokens are disabled
  Code: 0 
[Error - 7:00:58 PM] Request textDocument/semanticTokens/range failed.
  Message: semantictokens are disabled
  Code: 0 
[Error - 7:00:58 PM] Request textDocument/semanticTokens/full failed.
  Message: semantictokens are disabled
  Code: 0 
[Error - 7:00:58 PM] Request textDocument/semanticTokens/range failed.
  Message: semantictokens are disabled
  Code: 0 
[Error - 7:00:58 PM] 2023/08/21 19:00:58 imports fixes: AllImportsFixes: /home/ajpf/Documents/facul/studyDay.go:14:42: expected ')', found newline (and 8 more errors)
	file="/home/ajpf/Documents/facul/studyDay.go"

[Error - 7:00:58 PM] Request textDocument/semanticTokens/range failed.
  Message: semantictokens are disabled
  Code: 0 
[Error - 7:00:59 PM] Request textDocument/semanticTokens/full failed.
  Message: semantictokens are disabled
  Code: 0 
[Error - 7:00:59 PM] Request textDocument/semanticTokens/range failed.
  Message: semantictokens are disabled
  Code: 0 
[Error - 7:00:59 PM] 2023/08/21 19:00:59 imports fixes: AllImportsFixes: /home/ajpf/Documents/facul/studyDay.go:14:39: expected ')', found newline (and 8 more errors)
	file="/home/ajpf/Documents/facul/studyDay.go"

[Error - 7:01:00 PM] Request textDocument/semanticTokens/range failed.
  Message: semantictokens are disabled
  Code: 0 
[Error - 7:01:00 PM] Request textDocument/semanticTokens/full failed.
  Message: semantictokens are disabled
  Code: 0 
[Error - 7:01:00 PM] 2023/08/21 19:01:00 imports fixes: AllImportsFixes: /home/ajpf/Documents/facul/studyDay.go:14:42: expected ')', found newline (and 8 more errors)
	file="/home/ajpf/Documents/facul/studyDay.go"

[Error - 7:01:00 PM] Request textDocument/semanticTokens/range failed.
  Message: semantictokens are disabled
  Code: 0 
[Error - 7:01:00 PM] 2023/08/21 19:01:00 imports fixes: AllImportsFixes: /home/ajpf/Documents/facul/studyDay.go:19:14: expected ')', found day (and 7 more errors)
	file="/home/ajpf/Documents/facul/studyDay.go"

[Error - 7:01:00 PM] Request textDocument/semanticTokens/full failed.
  Message: semantictokens are disabled
  Code: 0 
[Error - 7:01:02 PM] 2023/08/21 19:01:02 imports fixes: AllImportsFixes: /home/ajpf/Documents/facul/studyDay.go:19:14: expected ')', found day (and 7 more errors)
	file="/home/ajpf/Documents/facul/studyDay.go"

[Error - 7:01:03 PM] 2023/08/21 19:01:03 imports fixes: AllImportsFixes: /home/ajpf/Documents/facul/studyDay.go:19:14: expected ')', found day (and 7 more errors)
	file="/home/ajpf/Documents/facul/studyDay.go"

[Error - 7:01:03 PM] Request textDocument/semanticTokens/range failed.
  Message: semantictokens are disabled
  Code: 0 
[Error - 7:01:03 PM] Request textDocument/semanticTokens/full failed.
  Message: semantictokens are disabled
  Code: 0 
[Error - 7:01:03 PM] Request textDocument/semanticTokens/range failed.
  Message: semantictokens are disabled
  Code: 0 
[Error - 7:01:06 PM] Request textDocument/semanticTokens/range failed.
  Message: semantictokens are disabled
  Code: 0 
[Error - 7:01:06 PM] Request textDocument/semanticTokens/full failed.
  Message: semantictokens are disabled
  Code: 0 
[Info  - 7:01:20 PM] 2023/08/21 19:01:20 background imports cache refresh starting

[Info  - 7:01:20 PM] 2023/08/21 19:01:20 background refresh finished after 647.249µs

[Error - 7:01:26 PM] Request textDocument/semanticTokens/range failed.
  Message: semantictokens are disabled
  Code: 0 
[Error - 7:01:26 PM] Request textDocument/semanticTokens/full failed.
  Message: semantictokens are disabled
  Code: 0 
[Error - 7:01:32 PM] 2023/08/21 19:01:32 no signature help: cannot find an enclosing function
	position=18:11

[Error - 7:01:32 PM] Request textDocument/semanticTokens/range failed.
  Message: semantictokens are disabled
  Code: 0 
[Error - 7:01:33 PM] Request textDocument/semanticTokens/full failed.
  Message: semantictokens are disabled
  Code: 0 
[Error - 7:01:33 PM] Request textDocument/semanticTokens/range failed.
  Message: semantictokens are disabled
  Code: 0 
[Error - 7:01:34 PM] Request textDocument/semanticTokens/full failed.
  Message: semantictokens are disabled
  Code: 0 
[Error - 7:01:34 PM] Request textDocument/semanticTokens/range failed.
  Message: semantictokens are disabled
  Code: 0 
[Error - 7:01:34 PM] Request textDocument/semanticTokens/range failed.
  Message: semantictokens are disabled
  Code: 0 
[Error - 7:01:34 PM] Request textDocument/semanticTokens/full failed.
  Message: semantictokens are disabled
  Code: 0 
[Error - 7:01:36 PM] Request textDocument/semanticTokens/range failed.
  Message: semantictokens are disabled
  Code: 0 
[Error - 7:01:36 PM] Request textDocument/semanticTokens/full failed.
  Message: semantictokens are disabled
  Code: 0 
[Error - 7:01:40 PM] 2023/08/21 19:01:40 no signature help: cannot find an enclosing function
	position=18:13

[Error - 7:01:40 PM] Request textDocument/semanticTokens/range failed.
  Message: semantictokens are disabled
  Code: 0 
[Error - 7:01:41 PM] Request textDocument/semanticTokens/full failed.
  Message: semantictokens are disabled
  Code: 0 
[Error - 7:01:41 PM] Request textDocument/semanticTokens/range failed.
  Message: semantictokens are disabled
  Code: 0 
[Error - 7:01:42 PM] Request textDocument/semanticTokens/range failed.
  Message: semantictokens are disabled
  Code: 0 
[Error - 7:01:42 PM] Request textDocument/semanticTokens/full failed.
  Message: semantictokens are disabled
  Code: 0 
[Info  - 7:01:55 PM] 2023/08/21 19:01:55 background imports cache refresh starting

[Info  - 7:01:55 PM] 2023/08/21 19:01:55 background refresh finished after 476.532µs

[Error - 7:02:30 PM] Request textDocument/semanticTokens/range failed.
  Message: semantictokens are disabled
  Code: 0 
[Error - 7:02:30 PM] Request textDocument/semanticTokens/full failed.
  Message: semantictokens are disabled
  Code: 0 
[Error - 7:02:32 PM] Request textDocument/semanticTokens/range failed.
  Message: semantictokens are disabled
  Code: 0 
[Error - 7:02:32 PM] 2023/08/21 19:02:32 imports fixes: AllImportsFixes: /home/ajpf/Documents/facul/studyDay.go:19:8: expected boolean expression, found assignment (missing parentheses around composite literal?)
	file="/home/ajpf/Documents/facul/studyDay.go"

[Error - 7:02:32 PM] Request textDocument/semanticTokens/full failed.
  Message: semantictokens are disabled
  Code: 0 
[Error - 7:02:33 PM] Request textDocument/semanticTokens/range failed.
  Message: semantictokens are disabled
  Code: 0 
[Error - 7:02:33 PM] Request textDocument/semanticTokens/full failed.
  Message: semantictokens are disabled
  Code: 0 
[Error - 7:02:46 PM] Request textDocument/semanticTokens/range failed.
  Message: semantictokens are disabled
  Code: 0 
[Error - 7:02:46 PM] Request textDocument/semanticTokens/full failed.
  Message: semantictokens are disabled
  Code: 0 
[Info  - 7:02:58 PM] 2023/08/21 19:02:58 background imports cache refresh starting

[Info  - 7:02:58 PM] 2023/08/21 19:02:58 background refresh finished after 603.237µs

[Error - 7:03:31 PM] Request textDocument/semanticTokens/range failed.
  Message: semantictokens are disabled
  Code: 0 
[Error - 7:03:32 PM] Request textDocument/semanticTokens/full failed.
  Message: semantictokens are disabled
  Code: 0 
[Error - 7:03:32 PM] Request textDocument/semanticTokens/range failed.
  Message: semantictokens are disabled
  Code: 0 
[Error - 7:03:33 PM] Request textDocument/semanticTokens/full failed.
  Message: semantictokens are disabled
  Code: 0 
[Error - 7:03:33 PM] Request textDocument/semanticTokens/range failed.
  Message: semantictokens are disabled
  Code: 0 
[Error - 7:03:34 PM] Request textDocument/semanticTokens/range failed.
  Message: semantictokens are disabled
  Code: 0 
[Error - 7:03:34 PM] Request textDocument/semanticTokens/full failed.
  Message: semantictokens are disabled
  Code: 0 
[Error - 7:03:34 PM] Request textDocument/semanticTokens/range failed.
  Message: semantictokens are disabled
  Code: 0 
[Error - 7:03:34 PM] Request textDocument/semanticTokens/full failed.
  Message: semantictokens are disabled
  Code: 0 
[Error - 7:03:35 PM] Request textDocument/semanticTokens/range failed.
  Message: semantictokens are disabled
  Code: 0 
[Error - 7:03:35 PM] Request textDocument/semanticTokens/full failed.
  Message: semantictokens are disabled
  Code: 0 
[Error - 7:03:35 PM] Request textDocument/semanticTokens/range failed.
  Message: semantictokens are disabled
  Code: 0 
[Error - 7:03:35 PM] Request textDocument/semanticTokens/range failed.
  Message: semantictokens are disabled
  Code: 0 
[Error - 7:03:36 PM] Request textDocument/semanticTokens/range failed.
  Message: semantictokens are disabled
  Code: 0 
[Error - 7:03:36 PM] Request textDocument/semanticTokens/full failed.
  Message: semantictokens are disabled
  Code: 0 
[Error - 7:03:36 PM] 2023/08/21 19:03:36 no completions found: this is a definition of var i invalid type
	position=17:9

[Error - 7:03:36 PM] Request textDocument/semanticTokens/range failed.
  Message: semantictokens are disabled
  Code: 0 
[Error - 7:03:36 PM] Request textDocument/semanticTokens/range failed.
  Message: semantictokens are disabled
  Code: 0 
[Error - 7:03:36 PM] Request textDocument/semanticTokens/full failed.
  Message: semantictokens are disabled
  Code: 0 
[Error - 7:03:36 PM] 2023/08/21 19:03:36 imports fixes: AllImportsFixes: /home/ajpf/Documents/facul/studyDay.go:18:12: expected type, found newline
	file="/home/ajpf/Documents/facul/studyDay.go"

[Error - 7:03:37 PM] Request textDocument/semanticTokens/range failed.
  Message: semantictokens are disabled
  Code: 0 
[Error - 7:03:37 PM] Request textDocument/semanticTokens/full failed.
  Message: semantictokens are disabled
  Code: 0 
[Error - 7:03:37 PM] 2023/08/21 19:03:37 no completions found: this is a definition of var n invalid type
	position=17:9

[Error - 7:03:37 PM] Request textDocument/semanticTokens/range failed.
  Message: semantictokens are disabled
  Code: 0 
[Error - 7:03:37 PM] 2023/08/21 19:03:37 no completions found: this is a definition of var nu invalid type
	position=17:10

[Error - 7:03:37 PM] Request textDocument/semanticTokens/range failed.
  Message: semantictokens are disabled
  Code: 0 
[Error - 7:03:37 PM] 2023/08/21 19:03:37 no completions found: this is a definition of var num invalid type
	position=17:11

[Error - 7:03:37 PM] Request textDocument/semanticTokens/full failed.
  Message: semantictokens are disabled
  Code: 0 
[Error - 7:03:38 PM] Request textDocument/semanticTokens/range failed.
  Message: semantictokens are disabled
  Code: 0 
[Error - 7:03:38 PM] 2023/08/21 19:03:38 no completions found: this is a definition of var numb invalid type
	position=17:12

[Error - 7:03:38 PM] 2023/08/21 19:03:38 no completions found: this is a definition of var numbe invalid type
	position=17:13

[Error - 7:03:38 PM] 2023/08/21 19:03:38 no completions found: this is a definition of var number invalid type
	position=17:14

[Error - 7:03:38 PM] Request textDocument/semanticTokens/full failed.
  Message: semantictokens are disabled
  Code: 0 
[Error - 7:03:38 PM] Request textDocument/semanticTokens/range failed.
  Message: semantictokens are disabled
  Code: 0 
[Error - 7:03:39 PM] Request textDocument/semanticTokens/full failed.
  Message: semantictokens are disabled
  Code: 0 
[Error - 7:03:39 PM] Request textDocument/semanticTokens/range failed.
  Message: semantictokens are disabled
  Code: 0 
[Error - 7:03:39 PM] Request textDocument/semanticTokens/full failed.
  Message: semantictokens are disabled
  Code: 0 
[Error - 7:03:39 PM] Request textDocument/semanticTokens/range failed.
  Message: semantictokens are disabled
  Code: 0 
[Error - 7:03:40 PM] Request textDocument/semanticTokens/range failed.
  Message: semantictokens are disabled
  Code: 0 
[Error - 7:03:40 PM] Request textDocument/semanticTokens/full failed.
  Message: semantictokens are disabled
  Code: 0 
[Error - 7:03:40 PM] Request textDocument/semanticTokens/range failed.
  Message: semantictokens are disabled
  Code: 0 
[Error - 7:03:40 PM] Request textDocument/semanticTokens/full failed.
  Message: semantictokens are disabled
  Code: 0 
[Error - 7:03:43 PM] Request textDocument/semanticTokens/range failed.
  Message: semantictokens are disabled
  Code: 0 
[Error - 7:03:43 PM] Request textDocument/semanticTokens/range failed.
  Message: semantictokens are disabled
  Code: 0 
[Error - 7:03:43 PM] Request textDocument/semanticTokens/full failed.
  Message: semantictokens are disabled
  Code: 0 
[Error - 7:03:44 PM] Request textDocument/semanticTokens/range failed.
  Message: semantictokens are disabled
  Code: 0 
[Error - 7:03:44 PM] Request textDocument/semanticTokens/full failed.
  Message: semantictokens are disabled
  Code: 0 
[Error - 7:03:44 PM] Request textDocument/semanticTokens/range failed.
  Message: semantictokens are disabled
  Code: 0 
[Error - 7:03:49 PM] Request textDocument/semanticTokens/range failed.
  Message: semantictokens are disabled
  Code: 0 
[Error - 7:03:49 PM] 2023/08/21 19:03:49 imports fixes: AllImportsFixes: /home/ajpf/Documents/facul/studyDay.go:19:8: expected operand, found '%' (and 7 more errors)
	file="/home/ajpf/Documents/facul/studyDay.go"

[Error - 7:03:50 PM] Request textDocument/semanticTokens/full failed.
  Message: semantictokens are disabled
  Code: 0 
[Error - 7:03:50 PM] Request textDocument/semanticTokens/range failed.
  Message: semantictokens are disabled
  Code: 0 
[Error - 7:03:50 PM] Request textDocument/semanticTokens/range failed.
  Message: semantictokens are disabled
  Code: 0 
[Error - 7:03:50 PM] Request textDocument/semanticTokens/full failed.
  Message: semantictokens are disabled
  Code: 0 
[Error - 7:03:50 PM] Request textDocument/semanticTokens/range failed.
  Message: semantictokens are disabled
  Code: 0 
[Error - 7:03:51 PM] Request textDocument/semanticTokens/full failed.
  Message: semantictokens are disabled
  Code: 0 
[Error - 7:03:51 PM] Request textDocument/semanticTokens/range failed.
  Message: semantictokens are disabled
  Code: 0 
[Error - 7:03:55 PM] Request textDocument/semanticTokens/range failed.
  Message: semantictokens are disabled
  Code: 0 
[Error - 7:03:56 PM] Request textDocument/semanticTokens/full failed.
  Message: semantictokens are disabled
  Code: 0 
[Error - 7:04:00 PM] 2023/08/21 19:04:00 no signature help: cannot find an enclosing function
	position=17:22

[Error - 7:04:00 PM] Request textDocument/semanticTokens/range failed.
  Message: semantictokens are disabled
  Code: 0 
[Error - 7:04:00 PM] Request textDocument/semanticTokens/full failed.
  Message: semantictokens are disabled
  Code: 0 
[Error - 7:04:00 PM] Request textDocument/semanticTokens/range failed.
  Message: semantictokens are disabled
  Code: 0 
[Error - 7:04:01 PM] 2023/08/21 19:04:01 imports fixes: AllImportsFixes: /home/ajpf/Documents/facul/studyDay.go:18:29: expected ')', found newline (and 1 more errors)
	file="/home/ajpf/Documents/facul/studyDay.go"

[Error - 7:04:01 PM] Request textDocument/semanticTokens/range failed.
  Message: semantictokens are disabled
  Code: 0 
[Error - 7:04:01 PM] 2023/08/21 19:04:01 imports fixes: AllImportsFixes: /home/ajpf/Documents/facul/studyDay.go:18:27: expected ';', found day
	file="/home/ajpf/Documents/facul/studyDay.go"

[Error - 7:04:01 PM] Request textDocument/semanticTokens/full failed.
  Message: semantictokens are disabled
  Code: 0 
[Error - 7:04:02 PM] 2023/08/21 19:04:02 imports fixes: AllImportsFixes: /home/ajpf/Documents/facul/studyDay.go:18:27: expected ';', found day
	file="/home/ajpf/Documents/facul/studyDay.go"

[Error - 7:04:02 PM] 2023/08/21 19:04:02 imports fixes: AllImportsFixes: /home/ajpf/Documents/facul/studyDay.go:18:27: expected ';', found day
	file="/home/ajpf/Documents/facul/studyDay.go"

[Error - 7:04:03 PM] 2023/08/21 19:04:03 imports fixes: AllImportsFixes: /home/ajpf/Documents/facul/studyDay.go:18:27: expected ';', found day
	file="/home/ajpf/Documents/facul/studyDay.go"

[Info  - 7:04:03 PM] 2023/08/21 19:04:03 background imports cache refresh starting

[Info  - 7:04:03 PM] 2023/08/21 19:04:03 background refresh finished after 624.346µs

[Error - 7:04:05 PM] 2023/08/21 19:04:05 imports fixes: AllImportsFixes: /home/ajpf/Documents/facul/studyDay.go:18:27: expected ';', found day
	file="/home/ajpf/Documents/facul/studyDay.go"

[Error - 7:04:06 PM] Request textDocument/semanticTokens/range failed.
  Message: semantictokens are disabled
  Code: 0 
[Error - 7:04:06 PM] 2023/08/21 19:04:06 imports fixes: AllImportsFixes: /home/ajpf/Documents/facul/studyDay.go:18:27: expected ';', found day
	file="/home/ajpf/Documents/facul/studyDay.go"

[Error - 7:04:06 PM] Request textDocument/semanticTokens/full failed.
  Message: semantictokens are disabled
  Code: 0 
[Error - 7:04:07 PM] Request textDocument/semanticTokens/range failed.
  Message: semantictokens are disabled
  Code: 0 
[Error - 7:04:07 PM] 2023/08/21 19:04:07 imports fixes: AllImportsFixes: /home/ajpf/Documents/facul/studyDay.go:18:27: expected ';', found day
	file="/home/ajpf/Documents/facul/studyDay.go"

[Error - 7:04:07 PM] Request textDocument/semanticTokens/full failed.
  Message: semantictokens are disabled
  Code: 0 
[Error - 7:04:08 PM] Request textDocument/semanticTokens/range failed.
  Message: semantictokens are disabled
  Code: 0 
[Error - 7:04:08 PM] 2023/08/21 19:04:08 imports fixes: AllImportsFixes: /home/ajpf/Documents/facul/studyDay.go:14:37: expected ';', found strconv (and 3 more errors)
	file="/home/ajpf/Documents/facul/studyDay.go"

[Error - 7:04:08 PM] Request textDocument/semanticTokens/full failed.
  Message: semantictokens are disabled
  Code: 0 
[Error - 7:04:10 PM] 2023/08/21 19:04:10 imports fixes: AllImportsFixes: /home/ajpf/Documents/facul/studyDay.go:14:37: expected ';', found strconv (and 3 more errors)
	file="/home/ajpf/Documents/facul/studyDay.go"

[Error - 7:04:10 PM] Request textDocument/semanticTokens/range failed.
  Message: semantictokens are disabled
  Code: 0 
[Error - 7:04:10 PM] 2023/08/21 19:04:10 imports fixes: AllImportsFixes: /home/ajpf/Documents/facul/studyDay.go:18:27: expected ';', found day
	file="/home/ajpf/Documents/facul/studyDay.go"

[Error - 7:04:11 PM] Request textDocument/semanticTokens/full failed.
  Message: semantictokens are disabled
  Code: 0 
[Error - 7:04:11 PM] Request textDocument/hover failed.
  Message: rune error
  Code: 0 
[Error - 7:04:12 PM] 2023/08/21 19:04:12 imports fixes: AllImportsFixes: /home/ajpf/Documents/facul/studyDay.go:18:27: expected ';', found day
	file="/home/ajpf/Documents/facul/studyDay.go"

[Error - 7:04:12 PM] 2023/08/21 19:04:12 imports fixes: AllImportsFixes: /home/ajpf/Documents/facul/studyDay.go:18:27: expected ';', found day
	file="/home/ajpf/Documents/facul/studyDay.go"

[Error - 7:04:13 PM] 2023/08/21 19:04:13 imports fixes: AllImportsFixes: /home/ajpf/Documents/facul/studyDay.go:18:27: expected ';', found day
	file="/home/ajpf/Documents/facul/studyDay.go"

[Error - 7:04:14 PM] 2023/08/21 19:04:14 imports fixes: AllImportsFixes: /home/ajpf/Documents/facul/studyDay.go:18:27: expected ';', found day
	file="/home/ajpf/Documents/facul/studyDay.go"

[Error - 7:04:15 PM] Request textDocument/semanticTokens/range failed.
  Message: semantictokens are disabled
  Code: 0 
[Error - 7:04:15 PM] 2023/08/21 19:04:15 imports fixes: AllImportsFixes: /home/ajpf/Documents/facul/studyDay.go:18:27: expected ';', found day
	file="/home/ajpf/Documents/facul/studyDay.go"

[Error - 7:04:15 PM] Request textDocument/hover failed.
  Message: rune error
  Code: 0 
[Error - 7:04:18 PM] Request textDocument/semanticTokens/range failed.
  Message: semantictokens are disabled
  Code: 0 
[Error - 7:04:19 PM] 2023/08/21 19:04:19 imports fixes: AllImportsFixes: /home/ajpf/Documents/facul/studyDay.go:18:27: expected ';', found day
	file="/home/ajpf/Documents/facul/studyDay.go"

[Error - 7:04:20 PM] Request textDocument/semanticTokens/range failed.
  Message: semantictokens are disabled
  Code: 0 
[Error - 7:04:20 PM] Request textDocument/semanticTokens/full failed.
  Message: semantictokens are disabled
  Code: 0 
[Error - 7:04:21 PM] Request textDocument/semanticTokens/range failed.
  Message: semantictokens are disabled
  Code: 0 
[Error - 7:04:21 PM] Request textDocument/semanticTokens/full failed.
  Message: semantictokens are disabled
  Code: 0 
[Error - 7:04:21 PM] Request textDocument/semanticTokens/range failed.
  Message: semantictokens are disabled
  Code: 0 
[Error - 7:04:21 PM] Request textDocument/semanticTokens/range failed.
  Message: semantictokens are disabled
  Code: 0 
[Error - 7:04:21 PM] Request textDocument/semanticTokens/full failed.
  Message: semantictokens are disabled
  Code: 0 
[Error - 7:04:22 PM] Request textDocument/semanticTokens/range failed.
  Message: semantictokens are disabled
  Code: 0 
[Error - 7:04:22 PM] Request textDocument/semanticTokens/full failed.
  Message: semantictokens are disabled
  Code: 0 
[Error - 7:04:23 PM] Request textDocument/semanticTokens/range failed.
  Message: semantictokens are disabled
  Code: 0 
[Error - 7:04:23 PM] Request textDocument/semanticTokens/range failed.
  Message: semantictokens are disabled
  Code: 0 
[Error - 7:04:23 PM] Request textDocument/semanticTokens/full failed.
  Message: semantictokens are disabled
  Code: 0 
[Error - 7:04:23 PM] Request textDocument/semanticTokens/range failed.
  Message: semantictokens are disabled
  Code: 0 
[Error - 7:04:23 PM] Request textDocument/semanticTokens/full failed.
  Message: semantictokens are disabled
  Code: 0 
[Error - 7:04:24 PM] Request textDocument/semanticTokens/full failed.
  Message: semantictokens are disabled
  Code: 0 
[Error - 7:04:24 PM] Request textDocument/semanticTokens/range failed.
  Message: semantictokens are disabled
  Code: 0 
[Error - 7:04:24 PM] Request textDocument/semanticTokens/range failed.
  Message: semantictokens are disabled
  Code: 0 
[Error - 7:04:24 PM] Request textDocument/semanticTokens/full failed.
  Message: semantictokens are disabled
  Code: 0 
[Error - 7:04:51 PM] Request textDocument/semanticTokens/range failed.
  Message: semantictokens are disabled
  Code: 0 
[Error - 7:04:52 PM] Request textDocument/semanticTokens/range failed.
  Message: semantictokens are disabled
  Code: 0 
[Info  - 7:04:52 PM] 2023/08/21 19:04:52 background imports cache refresh starting

[Info  - 7:04:52 PM] 2023/08/21 19:04:52 background refresh finished after 522.128µs

[Error - 7:04:52 PM] 2023/08/21 19:04:52 imports fixes: AllImportsFixes: /home/ajpf/Documents/facul/studyDay.go:19:5: expected ';', found 'if' (and 1 more errors)
	file="/home/ajpf/Documents/facul/studyDay.go"

[Error - 7:04:53 PM] 2023/08/21 19:04:53 imports fixes: AllImportsFixes: /home/ajpf/Documents/facul/studyDay.go:19:5: expected ';', found 'if' (and 1 more errors)
	file="/home/ajpf/Documents/facul/studyDay.go"

[Error - 7:04:53 PM] Request textDocument/semanticTokens/range failed.
  Message: semantictokens are disabled
  Code: 0 
[Error - 7:04:53 PM] Request textDocument/semanticTokens/full failed.
  Message: semantictokens are disabled
  Code: 0 
[Error - 7:04:53 PM] Request textDocument/semanticTokens/range failed.
  Message: semantictokens are disabled
  Code: 0 
[Error - 7:04:54 PM] 2023/08/21 19:04:54 imports fixes: AllImportsFixes: /home/ajpf/Documents/facul/studyDay.go:5:1: expected declaration, found "strconv" (and 4 more errors)
	file="/home/ajpf/Documents/facul/studyDay.go"

[Error - 7:04:54 PM] 2023/08/21 19:04:54 imports fixes: AllImportsFixes: /home/ajpf/Documents/facul/studyDay.go:5:1: expected declaration, found "strconv" (and 4 more errors)
	file="/home/ajpf/Documents/facul/studyDay.go"

[Error - 7:04:55 PM] Request textDocument/semanticTokens/range failed.
  Message: semantictokens are disabled
  Code: 0 
[Error - 7:04:55 PM] Request textDocument/semanticTokens/range failed.
  Message: semantictokens are disabled
  Code: 0 
[Error - 7:04:55 PM] Request textDocument/semanticTokens/full failed.
  Message: semantictokens are disabled
  Code: 0 
[Error - 7:04:55 PM] Request textDocument/semanticTokens/range failed.
  Message: semantictokens are disabled
  Code: 0 
[Info  - 7:04:55 PM] 2023/08/21 19:04:55 go/packages.Load #2
	snapshot=190
	directory=file:///home/ajpf/Documents/facul
	query=[./]
	packages=1

[Info  - 7:04:55 PM] 2023/08/21 19:04:55 go/packages.Load #3
	snapshot=190
	directory=file:///home/ajpf/Documents/facul
	query=[./]
	packages=1

[Info  - 7:04:55 PM] 2023/08/21 19:04:55 go/packages.Load #2: updating metadata for 1 packages

[Info  - 7:04:55 PM] 2023/08/21 19:04:55 go/packages.Load #3: updating metadata for 0 packages

[Error - 7:04:55 PM] Request textDocument/semanticTokens/full failed.
  Message: semantictokens are disabled
  Code: 0 
[Error - 7:04:55 PM] Request textDocument/semanticTokens/range failed.
  Message: semantictokens are disabled
  Code: 0 
[Error - 7:04:56 PM] Request textDocument/semanticTokens/range failed.
  Message: semantictokens are disabled
  Code: 0 
[Error - 7:04:56 PM] 2023/08/21 19:04:56 imports fixes: AllImportsFixes: /home/ajpf/Documents/facul/studyDay.go:20:5: expected ';', found 'if' (and 1 more errors)
	file="/home/ajpf/Documents/facul/studyDay.go"

[Error - 7:04:56 PM] Request textDocument/semanticTokens/full failed.
  Message: semantictokens are disabled
  Code: 0 
[Error - 7:04:57 PM] 2023/08/21 19:04:57 imports fixes: AllImportsFixes: /home/ajpf/Documents/facul/studyDay.go:20:5: expected ';', found 'if' (and 1 more errors)
	file="/home/ajpf/Documents/facul/studyDay.go"

[Error - 7:04:57 PM] Request textDocument/semanticTokens/range failed.
  Message: semantictokens are disabled
  Code: 0 
[Error - 7:04:58 PM] 2023/08/21 19:04:58 imports fixes: AllImportsFixes: /home/ajpf/Documents/facul/studyDay.go:20:5: expected ';', found 'if' (and 1 more errors)
	file="/home/ajpf/Documents/facul/studyDay.go"

[Error - 7:05:00 PM] Request textDocument/semanticTokens/range failed.
  Message: semantictokens are disabled
  Code: 0 
[Error - 7:05:00 PM] Request textDocument/semanticTokens/range failed.
  Message: semantictokens are disabled
  Code: 0 
[Error - 7:05:00 PM] Request textDocument/semanticTokens/full failed.
  Message: semantictokens are disabled
  Code: 0 
[Error - 7:05:00 PM] Request textDocument/semanticTokens/range failed.
  Message: semantictokens are disabled
  Code: 0 
[Error - 7:05:02 PM] Request textDocument/semanticTokens/range failed.
  Message: semantictokens are disabled
  Code: 0 
[Error - 7:05:03 PM] Request textDocument/semanticTokens/range failed.
  Message: semantictokens are disabled
  Code: 0 
[Error - 7:05:03 PM] Request textDocument/semanticTokens/full failed.
  Message: semantictokens are disabled
  Code: 0 
[Error - 7:05:05 PM] Request textDocument/semanticTokens/range failed.
  Message: semantictokens are disabled
  Code: 0 
[Error - 7:05:05 PM] Request textDocument/semanticTokens/full failed.
  Message: semantictokens are disabled
  Code: 0 
[Error - 7:05:05 PM] Request textDocument/semanticTokens/range failed.
  Message: semantictokens are disabled
  Code: 0 
[Error - 7:05:05 PM] Request textDocument/semanticTokens/range failed.
  Message: semantictokens are disabled
  Code: 0 
[Error - 7:05:06 PM] Request textDocument/semanticTokens/full failed.
  Message: semantictokens are disabled
  Code: 0 
[Error - 7:05:07 PM] Request textDocument/semanticTokens/range failed.
  Message: semantictokens are disabled
  Code: 0 
[Error - 7:05:07 PM] Request textDocument/semanticTokens/full failed.
  Message: semantictokens are disabled
  Code: 0 
[Error - 7:05:08 PM] Request textDocument/semanticTokens/full failed.
  Message: semantictokens are disabled
  Code: 0 
[Error - 7:05:08 PM] Request textDocument/semanticTokens/range failed.
  Message: semantictokens are disabled
  Code: 0 
[Error - 7:05:11 PM] Request textDocument/semanticTokens/range failed.
  Message: semantictokens are disabled
  Code: 0 
[Error - 7:05:12 PM] Request textDocument/semanticTokens/full failed.
  Message: semantictokens are disabled
  Code: 0 
[Error - 7:05:12 PM] Request textDocument/semanticTokens/range failed.
  Message: semantictokens are disabled
  Code: 0 
[Error - 7:05:12 PM] Request textDocument/semanticTokens/range failed.
  Message: semantictokens are disabled
  Code: 0 
[Error - 7:05:12 PM] Request textDocument/semanticTokens/full failed.
  Message: semantictokens are disabled
  Code: 0 
[Error - 7:05:13 PM] Request textDocument/semanticTokens/range failed.
  Message: semantictokens are disabled
  Code: 0 
[Error - 7:05:13 PM] Request textDocument/semanticTokens/full failed.
  Message: semantictokens are disabled
  Code: 0 
[Error - 7:05:17 PM] Request textDocument/semanticTokens/range failed.
  Message: semantictokens are disabled
  Code: 0 
[Error - 7:05:17 PM] Request textDocument/semanticTokens/range failed.
  Message: semantictokens are disabled
  Code: 0 
[Error - 7:05:18 PM] Request textDocument/semanticTokens/full failed.
  Message: semantictokens are disabled
  Code: 0 
[Error - 7:05:19 PM] Request textDocument/semanticTokens/range failed.
  Message: semantictokens are disabled
  Code: 0 
[Error - 7:05:19 PM] Request textDocument/semanticTokens/full failed.
  Message: semantictokens are disabled
  Code: 0 
[Info  - 7:05:26 PM] 2023/08/21 19:05:25 background imports cache refresh starting

[Info  - 7:05:26 PM] 2023/08/21 19:05:25 background refresh finished after 382.672µs

[Error - 7:05:41 PM] 2023/08/21 19:05:41 no signature help: cannot find signature for Fun *ast.CallExpr (&{0xc0003c4900 1400088 [day] 0 1400092})
	position=18:39

[Error - 7:05:41 PM] Request textDocument/semanticTokens/range failed.
  Message: semantictokens are disabled
  Code: 0 
[Error - 7:05:42 PM] Request textDocument/semanticTokens/full failed.
  Message: semantictokens are disabled
  Code: 0 
[Error - 7:05:42 PM] Request textDocument/semanticTokens/range failed.
  Message: semantictokens are disabled
  Code: 0 
[Error - 7:05:42 PM] Request textDocument/semanticTokens/full failed.
  Message: semantictokens are disabled
  Code: 0 
[Error - 7:05:43 PM] Request textDocument/semanticTokens/range failed.
  Message: semantictokens are disabled
  Code: 0 
[Error - 7:05:44 PM] Request textDocument/semanticTokens/range failed.
  Message: semantictokens are disabled
  Code: 0 
[Error - 7:05:44 PM] Request textDocument/semanticTokens/full failed.
  Message: semantictokens are disabled
  Code: 0 
[Error - 7:05:57 PM] Request textDocument/hover failed.
  Message: rune error
  Code: 0 
[Error - 7:06:00 PM] Request textDocument/semanticTokens/range failed.
  Message: semantictokens are disabled
  Code: 0 
[Error - 7:06:00 PM] Request textDocument/semanticTokens/full failed.
  Message: semantictokens are disabled
  Code: 0 
[Error - 7:06:00 PM] Request textDocument/semanticTokens/range failed.
  Message: semantictokens are disabled
  Code: 0 
[Error - 7:06:00 PM] Request textDocument/semanticTokens/full failed.
  Message: semantictokens are disabled
  Code: 0 
[Error - 7:06:01 PM] Request textDocument/semanticTokens/range failed.
  Message: semantictokens are disabled
  Code: 0 
[Error - 7:06:01 PM] Request textDocument/semanticTokens/range failed.
  Message: semantictokens are disabled
  Code: 0 
[Error - 7:06:01 PM] Request textDocument/semanticTokens/full failed.
  Message: semantictokens are disabled
  Code: 0 
[Error - 7:06:01 PM] Request textDocument/semanticTokens/range failed.
  Message: semantictokens are disabled
  Code: 0 
[Error - 7:06:01 PM] Request textDocument/semanticTokens/full failed.
  Message: semantictokens are disabled
  Code: 0 
[Error - 7:06:02 PM] Request textDocument/semanticTokens/range failed.
  Message: semantictokens are disabled
  Code: 0 
[Error - 7:06:03 PM] Request textDocument/semanticTokens/full failed.
  Message: semantictokens are disabled
  Code: 0 
[Error - 7:06:03 PM] Request textDocument/semanticTokens/range failed.
  Message: semantictokens are disabled
  Code: 0 
[Error - 7:06:03 PM] 2023/08/21 19:06:03 imports fixes: AllImportsFixes: /home/ajpf/Documents/facul/studyDay.go:19:40: expected operand, found ')' (and 8 more errors)
	file="/home/ajpf/Documents/facul/studyDay.go"

[Error - 7:06:03 PM] Request textDocument/semanticTokens/range failed.
  Message: semantictokens are disabled
  Code: 0 
[Error - 7:06:03 PM] Request textDocument/semanticTokens/full failed.
  Message: semantictokens are disabled
  Code: 0 
[Error - 7:06:10 PM] Request textDocument/semanticTokens/range failed.
  Message: semantictokens are disabled
  Code: 0 
[Info  - 7:06:10 PM] 2023/08/21 19:06:10 background imports cache refresh starting

[Error - 7:06:10 PM] Request textDocument/semanticTokens/full failed.
  Message: semantictokens are disabled
  Code: 0 
[Info  - 7:06:10 PM] 2023/08/21 19:06:10 background refresh finished after 485.797µs

[Error - 7:06:11 PM] Request textDocument/semanticTokens/range failed.
  Message: semantictokens are disabled
  Code: 0 
[Error - 7:06:11 PM] Request textDocument/semanticTokens/range failed.
  Message: semantictokens are disabled
  Code: 0 
[Error - 7:06:11 PM] Request textDocument/semanticTokens/full failed.
  Message: semantictokens are disabled
  Code: 0 
[Error - 7:06:12 PM] Request textDocument/semanticTokens/range failed.
  Message: semantictokens are disabled
  Code: 0 
[Error - 7:06:12 PM] Request textDocument/semanticTokens/full failed.
  Message: semantictokens are disabled
  Code: 0 
[Error - 7:06:13 PM] Request textDocument/semanticTokens/range failed.
  Message: semantictokens are disabled
  Code: 0 
[Error - 7:06:14 PM] Request textDocument/semanticTokens/range failed.
  Message: semantictokens are disabled
  Code: 0 
[Error - 7:06:14 PM] Request textDocument/semanticTokens/full failed.
  Message: semantictokens are disabled
  Code: 0 
[Error - 7:06:15 PM] Request textDocument/semanticTokens/range failed.
  Message: semantictokens are disabled
  Code: 0 
[Error - 7:06:15 PM] Request textDocument/semanticTokens/full failed.
  Message: semantictokens are disabled
  Code: 0 
[Error - 7:06:15 PM] 2023/08/21 19:06:15 no signature help: cannot find an enclosing function
	position=18:50

[Error - 7:06:15 PM] Request textDocument/semanticTokens/range failed.
  Message: semantictokens are disabled
  Code: 0 
[Error - 7:06:15 PM] Request textDocument/semanticTokens/full failed.
  Message: semantictokens are disabled
  Code: 0 
[Error - 7:06:21 PM] Request textDocument/semanticTokens/range failed.
  Message: semantictokens are disabled
  Code: 0 
[Error - 7:06:21 PM] Request textDocument/semanticTokens/range failed.
  Message: semantictokens are disabled
  Code: 0 
[Error - 7:06:21 PM] Request textDocument/semanticTokens/full failed.
  Message: semantictokens are disabled
  Code: 0 
[Info  - 7:06:41 PM] 2023/08/21 19:06:41 background imports cache refresh starting

[Info  - 7:06:41 PM] 2023/08/21 19:06:41 background refresh finished after 486.17µs

[Error - 7:06:42 PM] Request textDocument/semanticTokens/range failed.
  Message: semantictokens are disabled
  Code: 0 
[Error - 7:06:43 PM] 2023/08/21 19:06:43 imports fixes: AllImportsFixes: /home/ajpf/Documents/facul/studyDay.go:19:7: expected ';', found strconv
	file="/home/ajpf/Documents/facul/studyDay.go"

[Error - 7:06:43 PM] Request textDocument/semanticTokens/full failed.
  Message: semantictokens are disabled
  Code: 0 
[Error - 7:06:43 PM] Request textDocument/semanticTokens/range failed.
  Message: semantictokens are disabled
  Code: 0 
[Error - 7:06:43 PM] Request textDocument/semanticTokens/full failed.
  Message: semantictokens are disabled
  Code: 0 
[Error - 7:06:44 PM] Request textDocument/semanticTokens/range failed.
  Message: semantictokens are disabled
  Code: 0 
[Error - 7:06:44 PM] Request textDocument/semanticTokens/range failed.
  Message: semantictokens are disabled
  Code: 0 
[Error - 7:06:44 PM] Request textDocument/semanticTokens/full failed.
  Message: semantictokens are disabled
  Code: 0 
[Error - 7:06:44 PM] Request textDocument/semanticTokens/range failed.
  Message: semantictokens are disabled
  Code: 0 
[Error - 7:06:44 PM] 2023/08/21 19:06:44 imports fixes: AllImportsFixes: /home/ajpf/Documents/facul/studyDay.go:19:16: expected type, found '.' (and 3 more errors)
	file="/home/ajpf/Documents/facul/studyDay.go"

[Error - 7:06:45 PM] Request textDocument/semanticTokens/range failed.
  Message: semantictokens are disabled
  Code: 0 
[Error - 7:06:45 PM] Request textDocument/semanticTokens/range failed.
  Message: semantictokens are disabled
  Code: 0 
[Error - 7:06:45 PM] Request textDocument/semanticTokens/full failed.
  Message: semantictokens are disabled
  Code: 0 
[Error - 7:06:46 PM] Request textDocument/semanticTokens/range failed.
  Message: semantictokens are disabled
  Code: 0 
[Error - 7:06:46 PM] Request textDocument/semanticTokens/full failed.
  Message: semantictokens are disabled
  Code: 0 
[Error - 7:06:46 PM] Request textDocument/semanticTokens/range failed.
  Message: semantictokens are disabled
  Code: 0 
[Error - 7:06:46 PM] Request textDocument/semanticTokens/range failed.
  Message: semantictokens are disabled
  Code: 0 
[Error - 7:06:46 PM] Request textDocument/semanticTokens/full failed.
  Message: semantictokens are disabled
  Code: 0 
[Error - 7:06:47 PM] Request textDocument/semanticTokens/range failed.
  Message: semantictokens are disabled
  Code: 0 
[Error - 7:06:47 PM] Request textDocument/semanticTokens/full failed.
  Message: semantictokens are disabled
  Code: 0 
[Error - 7:06:50 PM] Request textDocument/semanticTokens/range failed.
  Message: semantictokens are disabled
  Code: 0 
[Error - 7:06:51 PM] Request textDocument/semanticTokens/full failed.
  Message: semantictokens are disabled
  Code: 0 
[Error - 7:06:51 PM] Request textDocument/semanticTokens/range failed.
  Message: semantictokens are disabled
  Code: 0 
[Error - 7:06:51 PM] Request textDocument/semanticTokens/full failed.
  Message: semantictokens are disabled
  Code: 0 
[Error - 7:07:03 PM] 2023/08/21 19:07:03 no signature help: cannot find an enclosing function
	position=18:8

[Error - 7:07:03 PM] Request textDocument/semanticTokens/range failed.
  Message: semantictokens are disabled
  Code: 0 
[Error - 7:07:03 PM] 2023/08/21 19:07:03 no completions found: this is a definition of var f error
	position=18:9

[Error - 7:07:03 PM] Request textDocument/semanticTokens/range failed.
  Message: semantictokens are disabled
  Code: 0 
[Error - 7:07:03 PM] Request textDocument/semanticTokens/full failed.
  Message: semantictokens are disabled
  Code: 0 
[Error - 7:07:03 PM] 2023/08/21 19:07:03 no completions found: this is a definition of var foo2 error
	position=18:12

[Error - 7:07:03 PM] Request textDocument/semanticTokens/range failed.
  Message: semantictokens are disabled
  Code: 0 
[Error - 7:07:03 PM] Request textDocument/semanticTokens/full failed.
  Message: semantictokens are disabled
  Code: 0 
[Error - 7:07:10 PM] Request textDocument/hover failed.
  Message: rune error
  Code: 0 
[Error - 7:07:11 PM] Request textDocument/semanticTokens/range failed.
  Message: semantictokens are disabled
  Code: 0 
[Error - 7:07:11 PM] Request textDocument/semanticTokens/full failed.
  Message: semantictokens are disabled
  Code: 0 
[Info  - 7:07:11 PM] 2023/08/21 19:07:11 background imports cache refresh starting

[Info  - 7:07:11 PM] 2023/08/21 19:07:11 background refresh finished after 323.498µs

[Error - 7:07:12 PM] Request textDocument/semanticTokens/range failed.
  Message: semantictokens are disabled
  Code: 0 
[Error - 7:07:12 PM] Request textDocument/semanticTokens/full failed.
  Message: semantictokens are disabled
  Code: 0 
[Error - 7:07:12 PM] Request textDocument/semanticTokens/range failed.
  Message: semantictokens are disabled
  Code: 0 
[Error - 7:07:13 PM] Request textDocument/semanticTokens/range failed.
  Message: semantictokens are disabled
  Code: 0 
[Error - 7:07:13 PM] Request textDocument/semanticTokens/full failed.
  Message: semantictokens are disabled
  Code: 0 
[Error - 7:07:14 PM] Request textDocument/semanticTokens/range failed.
  Message: semantictokens are disabled
  Code: 0 
[Error - 7:07:14 PM] Request textDocument/semanticTokens/full failed.
  Message: semantictokens are disabled
  Code: 0 
[Error - 7:07:15 PM] Request textDocument/semanticTokens/range failed.
  Message: semantictokens are disabled
  Code: 0 
[Error - 7:07:15 PM] Request textDocument/semanticTokens/full failed.
  Message: semantictokens are disabled
  Code: 0 
[Error - 7:07:18 PM] Request textDocument/semanticTokens/range failed.
  Message: semantictokens are disabled
  Code: 0 
[Error - 7:07:18 PM] Request textDocument/semanticTokens/full failed.
  Message: semantictokens are disabled
  Code: 0 
[Error - 7:07:19 PM] Request textDocument/semanticTokens/range failed.
  Message: semantictokens are disabled
  Code: 0 
[Error - 7:07:19 PM] Request textDocument/semanticTokens/full failed.
  Message: semantictokens are disabled
  Code: 0 
[Error - 7:07:19 PM] Request textDocument/semanticTokens/range failed.
  Message: semantictokens are disabled
  Code: 0 
[Error - 7:07:20 PM] Request textDocument/semanticTokens/full failed.
  Message: semantictokens are disabled
  Code: 0 
[Error - 7:07:20 PM] Request textDocument/semanticTokens/range failed.
  Message: semantictokens are disabled
  Code: 0 
[Error - 7:07:20 PM] Request textDocument/semanticTokens/range failed.
  Message: semantictokens are disabled
  Code: 0 
[Error - 7:07:20 PM] Request textDocument/semanticTokens/full failed.
  Message: semantictokens are disabled
  Code: 0 
[Error - 7:07:20 PM] Request textDocument/semanticTokens/range failed.
  Message: semantictokens are disabled
  Code: 0 
[Error - 7:07:21 PM] Request textDocument/semanticTokens/full failed.
  Message: semantictokens are disabled
  Code: 0 
[Error - 7:07:21 PM] Request textDocument/semanticTokens/range failed.
  Message: semantictokens are disabled
  Code: 0 
[Error - 7:07:21 PM] Request textDocument/semanticTokens/range failed.
  Message: semantictokens are disabled
  Code: 0 
[Error - 7:07:21 PM] Request textDocument/semanticTokens/full failed.
  Message: semantictokens are disabled
  Code: 0 
[Error - 7:07:21 PM] Request textDocument/semanticTokens/range failed.
  Message: semantictokens are disabled
  Code: 0 
[Error - 7:07:22 PM] Request textDocument/semanticTokens/range failed.
  Message: semantictokens are disabled
  Code: 0 
[Error - 7:07:23 PM] Request textDocument/semanticTokens/full failed.
  Message: semantictokens are disabled
  Code: 0 
[Error - 7:07:23 PM] Request textDocument/semanticTokens/range failed.
  Message: semantictokens are disabled
  Code: 0 
[Error - 7:07:23 PM] 2023/08/21 19:07:23 imports fixes: AllImportsFixes: /home/ajpf/Documents/facul/studyDay.go:20:18: expected operand, found ')' (and 8 more errors)
	file="/home/ajpf/Documents/facul/studyDay.go"

[Error - 7:07:23 PM] Request textDocument/semanticTokens/range failed.
  Message: semantictokens are disabled
  Code: 0 
[Error - 7:07:23 PM] Request textDocument/semanticTokens/full failed.
  Message: semantictokens are disabled
  Code: 0 
[Error - 7:07:24 PM] Request textDocument/semanticTokens/range failed.
  Message: semantictokens are disabled
  Code: 0 
[Error - 7:07:24 PM] Request textDocument/semanticTokens/full failed.
  Message: semantictokens are disabled
  Code: 0 
[Error - 7:07:24 PM] Request textDocument/semanticTokens/range failed.
  Message: semantictokens are disabled
  Code: 0 
[Error - 7:07:25 PM] Request textDocument/semanticTokens/full failed.
  Message: semantictokens are disabled
  Code: 0 
[Error - 7:07:25 PM] Request textDocument/semanticTokens/range failed.
  Message: semantictokens are disabled
  Code: 0 
[Error - 7:07:25 PM] Request textDocument/semanticTokens/full failed.
  Message: semantictokens are disabled
  Code: 0 
[Error - 7:07:28 PM] Request textDocument/semanticTokens/range failed.
  Message: semantictokens are disabled
  Code: 0 
[Info  - 7:07:41 PM] 2023/08/21 19:07:41 background imports cache refresh starting

[Info  - 7:07:41 PM] 2023/08/21 19:07:41 background refresh finished after 411.751µs

[Error - 7:07:45 PM] Request textDocument/semanticTokens/range failed.
  Message: semantictokens are disabled
  Code: 0 
[Error - 7:07:46 PM] Request textDocument/semanticTokens/full failed.
  Message: semantictokens are disabled
  Code: 0 
[Error - 7:07:54 PM] Request textDocument/semanticTokens/range failed.
  Message: semantictokens are disabled
  Code: 0 
[Error - 7:07:54 PM] Request textDocument/semanticTokens/full failed.
  Message: semantictokens are disabled
  Code: 0 
[Error - 7:07:54 PM] Request textDocument/semanticTokens/range failed.
  Message: semantictokens are disabled
  Code: 0 
[Error - 7:07:54 PM] Request textDocument/semanticTokens/full failed.
  Message: semantictokens are disabled
  Code: 0 
[Error - 7:07:57 PM] Request textDocument/semanticTokens/range failed.
  Message: semantictokens are disabled
  Code: 0 
[Error - 7:07:57 PM] Request textDocument/semanticTokens/full failed.
  Message: semantictokens are disabled
  Code: 0 
[Error - 7:07:57 PM] Request textDocument/semanticTokens/range failed.
  Message: semantictokens are disabled
  Code: 0 
[Error - 7:07:57 PM] Request textDocument/semanticTokens/range failed.
  Message: semantictokens are disabled
  Code: 0 
[Error - 7:07:58 PM] Request textDocument/semanticTokens/full failed.
  Message: semantictokens are disabled
  Code: 0 
[Error - 7:08:11 PM] Request textDocument/hover failed.
  Message: rune error
  Code: 0 
[Error - 7:08:13 PM] Request textDocument/hover failed.
  Message: rune error
  Code: 0 
[Error - 7:08:14 PM] Request textDocument/semanticTokens/range failed.
  Message: semantictokens are disabled
  Code: 0 
[Info  - 7:08:14 PM] 2023/08/21 19:08:14 background imports cache refresh starting

[Info  - 7:08:14 PM] 2023/08/21 19:08:14 background refresh finished after 312.375µs

[Error - 7:08:14 PM] Request textDocument/semanticTokens/full failed.
  Message: semantictokens are disabled
  Code: 0 
[Error - 7:08:14 PM] Request textDocument/semanticTokens/range failed.
  Message: semantictokens are disabled
  Code: 0 
[Error - 7:08:15 PM] Request textDocument/semanticTokens/range failed.
  Message: semantictokens are disabled
  Code: 0 
[Error - 7:08:15 PM] Request textDocument/semanticTokens/full failed.
  Message: semantictokens are disabled
  Code: 0 
[Error - 7:08:17 PM] Request textDocument/semanticTokens/range failed.
  Message: semantictokens are disabled
  Code: 0 
[Error - 7:08:17 PM] Request textDocument/semanticTokens/range failed.
  Message: semantictokens are disabled
  Code: 0 
[Error - 7:08:17 PM] Request textDocument/semanticTokens/full failed.
  Message: semantictokens are disabled
  Code: 0 
[Error - 7:08:37 PM] 2023/08/21 19:08:37 no completions found: this is a definition of var foo_ invalid type
	position=18:8

[Error - 7:08:37 PM] Request textDocument/semanticTokens/range failed.
  Message: semantictokens are disabled
  Code: 0 
[Error - 7:08:37 PM] 2023/08/21 19:08:37 no signature help: cannot find an enclosing function
	position=18:9

[Error - 7:08:37 PM] Request textDocument/semanticTokens/range failed.
  Message: semantictokens are disabled
  Code: 0 
[Error - 7:08:37 PM] Request textDocument/semanticTokens/full failed.
  Message: semantictokens are disabled
  Code: 0 
[Error - 7:08:37 PM] 2023/08/21 19:08:37 imports fixes: AllImportsFixes: /home/ajpf/Documents/facul/studyDay.go:19:5: expected 1 expression (and 2 more errors)
	file="/home/ajpf/Documents/facul/studyDay.go"

[Error - 7:08:38 PM] Request textDocument/semanticTokens/range failed.
  Message: semantictokens are disabled
  Code: 0 
[Error - 7:08:38 PM] Request textDocument/semanticTokens/full failed.
  Message: semantictokens are disabled
  Code: 0 
[Error - 7:08:38 PM] 2023/08/21 19:08:38 no signature help: cannot find an enclosing function
	position=18:8

[Error - 7:08:38 PM] Request textDocument/semanticTokens/range failed.
  Message: semantictokens are disabled
  Code: 0 
[Error - 7:08:38 PM] 2023/08/21 19:08:38 imports fixes: AllImportsFixes: /home/ajpf/Documents/facul/studyDay.go:19:5: expected 1 expression (and 2 more errors)
	file="/home/ajpf/Documents/facul/studyDay.go"

[Error - 7:08:39 PM] Request textDocument/semanticTokens/range failed.
  Message: semantictokens are disabled
  Code: 0 
[Error - 7:08:39 PM] 2023/08/21 19:08:39 imports fixes: AllImportsFixes: /home/ajpf/Documents/facul/studyDay.go:19:5: expected 1 expression (and 2 more errors)
	file="/home/ajpf/Documents/facul/studyDay.go"

[Error - 7:08:39 PM] Request textDocument/semanticTokens/full failed.
  Message: semantictokens are disabled
  Code: 0 
[Error - 7:08:39 PM] Request textDocument/semanticTokens/range failed.
  Message: semantictokens are disabled
  Code: 0 
[Error - 7:08:39 PM] 2023/08/21 19:08:39 no completions found: this is a definition of var _ error
	position=18:9

[Error - 7:08:39 PM] Request textDocument/semanticTokens/range failed.
  Message: semantictokens are disabled
  Code: 0 
[Error - 7:08:39 PM] Request textDocument/semanticTokens/full failed.
  Message: semantictokens are disabled
  Code: 0 
[Error - 7:08:41 PM] Request textDocument/semanticTokens/range failed.
  Message: semantictokens are disabled
  Code: 0 
[Error - 7:08:41 PM] Request textDocument/semanticTokens/full failed.
  Message: semantictokens are disabled
  Code: 0 
[Error - 7:08:42 PM] Request textDocument/semanticTokens/range failed.
  Message: semantictokens are disabled
  Code: 0 
[Error - 7:08:42 PM] Request textDocument/semanticTokens/range failed.
  Message: semantictokens are disabled
  Code: 0 
[Error - 7:08:42 PM] Request textDocument/semanticTokens/full failed.
  Message: semantictokens are disabled
  Code: 0 
[Error - 7:08:42 PM] Request textDocument/semanticTokens/range failed.
  Message: semantictokens are disabled
  Code: 0 
[Error - 7:08:42 PM] 2023/08/21 19:08:42 imports fixes: AllImportsFixes: /home/ajpf/Documents/facul/studyDay.go:19:41: missing ',' before newline in argument list (and 10 more errors)
	file="/home/ajpf/Documents/facul/studyDay.go"

[Error - 7:08:43 PM] Request textDocument/semanticTokens/range failed.
  Message: semantictokens are disabled
  Code: 0 
[Error - 7:08:43 PM] Request textDocument/semanticTokens/full failed.
  Message: semantictokens are disabled
  Code: 0 
[Info  - 7:08:44 PM] 2023/08/21 19:08:44 background imports cache refresh starting

[Info  - 7:08:44 PM] 2023/08/21 19:08:44 background refresh finished after 453.493µs

[Error - 7:08:55 PM] Request textDocument/semanticTokens/range failed.
  Message: semantictokens are disabled
  Code: 0 
[Error - 7:08:55 PM] Request textDocument/semanticTokens/full failed.
  Message: semantictokens are disabled
  Code: 0 
[Error - 7:08:56 PM] Request textDocument/semanticTokens/full failed.
  Message: semantictokens are disabled
  Code: 0 
[Error - 7:08:56 PM] Request textDocument/semanticTokens/range failed.
  Message: semantictokens are disabled
  Code: 0 
[Error - 7:08:56 PM] Request textDocument/semanticTokens/full failed.
  Message: semantictokens are disabled
  Code: 0 
[Error - 7:08:56 PM] Request textDocument/semanticTokens/range failed.
  Message: semantictokens are disabled
  Code: 0 
[Error - 7:08:57 PM] Request textDocument/semanticTokens/range failed.
  Message: semantictokens are disabled
  Code: 0 
[Error - 7:08:57 PM] Request textDocument/semanticTokens/full failed.
  Message: semantictokens are disabled
  Code: 0 
[Error - 7:08:57 PM] Request textDocument/semanticTokens/range failed.
  Message: semantictokens are disabled
  Code: 0 
[Error - 7:09:02 PM] Request textDocument/hover failed.
  Message: rune error
  Code: 0 
[Error - 7:09:03 PM] Request textDocument/semanticTokens/range failed.
  Message: semantictokens are disabled
  Code: 0 
[Error - 7:09:03 PM] Request textDocument/semanticTokens/full failed.
  Message: semantictokens are disabled
  Code: 0 
[Error - 7:09:13 PM] Request textDocument/semanticTokens/range failed.
  Message: semantictokens are disabled
  Code: 0 
[Error - 7:09:13 PM] Request textDocument/semanticTokens/range failed.
  Message: semantictokens are disabled
  Code: 0 
[Error - 7:09:14 PM] Request textDocument/semanticTokens/range failed.
  Message: semantictokens are disabled
  Code: 0 
[Info  - 7:09:15 PM] 2023/08/21 19:09:15 background imports cache refresh starting

[Info  - 7:09:15 PM] 2023/08/21 19:09:15 background refresh finished after 602.068µs

[Info  - 7:09:18 PM] 2023/08/21 19:09:17 Shutdown session
	shutdown_session=1

