2023-08-21 18:52:32.534 [error] semantictokens are disabled: Error: semantictokens are disabled
	at handleResponse (/home/ajpf/.vscode/extensions/golang.go-0.39.1/dist/goMain.js:2126:40)
	at handleMessage (/home/ajpf/.vscode/extensions/golang.go-0.39.1/dist/goMain.js:1936:11)
	at processMessageQueue (/home/ajpf/.vscode/extensions/golang.go-0.39.1/dist/goMain.js:1951:13)
	at Immediate.<anonymous> (/home/ajpf/.vscode/extensions/golang.go-0.39.1/dist/goMain.js:1927:11)
	at process.processImmediate (node:internal/timers:466:21)
2023-08-21 18:52:34.328 [info] [perf] Render performance baseline is 157ms
2023-08-21 18:53:05.285 [error] semantictokens are disabled: Error: semantictokens are disabled
	at handleResponse (/home/ajpf/.vscode/extensions/golang.go-0.39.1/dist/goMain.js:2126:40)
	at handleMessage (/home/ajpf/.vscode/extensions/golang.go-0.39.1/dist/goMain.js:1936:11)
	at processMessageQueue (/home/ajpf/.vscode/extensions/golang.go-0.39.1/dist/goMain.js:1951:13)
	at Immediate.<anonymous> (/home/ajpf/.vscode/extensions/golang.go-0.39.1/dist/goMain.js:1927:11)
	at process.processImmediate (node:internal/timers:466:21)
2023-08-21 18:53:07.685 [error] semantictokens are disabled: Error: semantictokens are disabled
	at handleResponse (/home/ajpf/.vscode/extensions/golang.go-0.39.1/dist/goMain.js:2126:40)
	at handleMessage (/home/ajpf/.vscode/extensions/golang.go-0.39.1/dist/goMain.js:1936:11)
	at processMessageQueue (/home/ajpf/.vscode/extensions/golang.go-0.39.1/dist/goMain.js:1951:13)
	at Immediate.<anonymous> (/home/ajpf/.vscode/extensions/golang.go-0.39.1/dist/goMain.js:1927:11)
	at process.processImmediate (node:internal/timers:466:21)
2023-08-21 18:53:08.905 [error] semantictokens are disabled: Error: semantictokens are disabled
	at handleResponse (/home/ajpf/.vscode/extensions/golang.go-0.39.1/dist/goMain.js:2126:40)
	at handleMessage (/home/ajpf/.vscode/extensions/golang.go-0.39.1/dist/goMain.js:1936:11)
	at processMessageQueue (/home/ajpf/.vscode/extensions/golang.go-0.39.1/dist/goMain.js:1951:13)
	at Immediate.<anonymous> (/home/ajpf/.vscode/extensions/golang.go-0.39.1/dist/goMain.js:1927:11)
	at process.processImmediate (node:internal/timers:466:21)
2023-08-21 18:53:09.984 [error] semantictokens are disabled: Error: semantictokens are disabled
	at handleResponse (/home/ajpf/.vscode/extensions/golang.go-0.39.1/dist/goMain.js:2126:40)
	at handleMessage (/home/ajpf/.vscode/extensions/golang.go-0.39.1/dist/goMain.js:1936:11)
	at processMessageQueue (/home/ajpf/.vscode/extensions/golang.go-0.39.1/dist/goMain.js:1951:13)
	at Immediate.<anonymous> (/home/ajpf/.vscode/extensions/golang.go-0.39.1/dist/goMain.js:1927:11)
	at process.processImmediate (node:internal/timers:466:21)
2023-08-21 18:53:12.081 [error] semantictokens are disabled: Error: semantictokens are disabled
	at handleResponse (/home/ajpf/.vscode/extensions/golang.go-0.39.1/dist/goMain.js:2126:40)
	at handleMessage (/home/ajpf/.vscode/extensions/golang.go-0.39.1/dist/goMain.js:1936:11)
	at processMessageQueue (/home/ajpf/.vscode/extensions/golang.go-0.39.1/dist/goMain.js:1951:13)
	at Immediate.<anonymous> (/home/ajpf/.vscode/extensions/golang.go-0.39.1/dist/goMain.js:1927:11)
	at process.processImmediate (node:internal/timers:466:21)
2023-08-21 18:53:16.053 [error] semantictokens are disabled: Error: semantictokens are disabled
	at handleResponse (/home/ajpf/.vscode/extensions/golang.go-0.39.1/dist/goMain.js:2126:40)
	at handleMessage (/home/ajpf/.vscode/extensions/golang.go-0.39.1/dist/goMain.js:1936:11)
	at processMessageQueue (/home/ajpf/.vscode/extensions/golang.go-0.39.1/dist/goMain.js:1951:13)
	at Immediate.<anonymous> (/home/ajpf/.vscode/extensions/golang.go-0.39.1/dist/goMain.js:1927:11)
	at process.processImmediate (node:internal/timers:466:21)
2023-08-21 18:53:21.883 [error] semantictokens are disabled: Error: semantictokens are disabled
	at handleResponse (/home/ajpf/.vscode/extensions/golang.go-0.39.1/dist/goMain.js:2126:40)
	at handleMessage (/home/ajpf/.vscode/extensions/golang.go-0.39.1/dist/goMain.js:1936:11)
	at processMessageQueue (/home/ajpf/.vscode/extensions/golang.go-0.39.1/dist/goMain.js:1951:13)
	at Immediate.<anonymous> (/home/ajpf/.vscode/extensions/golang.go-0.39.1/dist/goMain.js:1927:11)
	at process.processImmediate (node:internal/timers:466:21)
2023-08-21 18:53:25.751 [error] semantictokens are disabled: Error: semantictokens are disabled
	at handleResponse (/home/ajpf/.vscode/extensions/golang.go-0.39.1/dist/goMain.js:2126:40)
	at handleMessage (/home/ajpf/.vscode/extensions/golang.go-0.39.1/dist/goMain.js:1936:11)
	at processMessageQueue (/home/ajpf/.vscode/extensions/golang.go-0.39.1/dist/goMain.js:1951:13)
	at Immediate.<anonymous> (/home/ajpf/.vscode/extensions/golang.go-0.39.1/dist/goMain.js:1927:11)
	at process.processImmediate (node:internal/timers:466:21)
2023-08-21 18:53:27.007 [error] semantictokens are disabled: Error: semantictokens are disabled
	at handleResponse (/home/ajpf/.vscode/extensions/golang.go-0.39.1/dist/goMain.js:2126:40)
	at handleMessage (/home/ajpf/.vscode/extensions/golang.go-0.39.1/dist/goMain.js:1936:11)
	at processMessageQueue (/home/ajpf/.vscode/extensions/golang.go-0.39.1/dist/goMain.js:1951:13)
	at Immediate.<anonymous> (/home/ajpf/.vscode/extensions/golang.go-0.39.1/dist/goMain.js:1927:11)
	at process.processImmediate (node:internal/timers:466:21)
2023-08-21 18:53:28.081 [error] semantictokens are disabled: Error: semantictokens are disabled
	at handleResponse (/home/ajpf/.vscode/extensions/golang.go-0.39.1/dist/goMain.js:2126:40)
	at handleMessage (/home/ajpf/.vscode/extensions/golang.go-0.39.1/dist/goMain.js:1936:11)
	at processMessageQueue (/home/ajpf/.vscode/extensions/golang.go-0.39.1/dist/goMain.js:1951:13)
	at Immediate.<anonymous> (/home/ajpf/.vscode/extensions/golang.go-0.39.1/dist/goMain.js:1927:11)
	at process.processImmediate (node:internal/timers:466:21)
2023-08-21 18:53:29.098 [error] semantictokens are disabled: Error: semantictokens are disabled
	at handleResponse (/home/ajpf/.vscode/extensions/golang.go-0.39.1/dist/goMain.js:2126:40)
	at handleMessage (/home/ajpf/.vscode/extensions/golang.go-0.39.1/dist/goMain.js:1936:11)
	at processMessageQueue (/home/ajpf/.vscode/extensions/golang.go-0.39.1/dist/goMain.js:1951:13)
	at Immediate.<anonymous> (/home/ajpf/.vscode/extensions/golang.go-0.39.1/dist/goMain.js:1927:11)
	at process.processImmediate (node:internal/timers:466:21)
2023-08-21 18:53:31.245 [error] semantictokens are disabled: Error: semantictokens are disabled
	at handleResponse (/home/ajpf/.vscode/extensions/golang.go-0.39.1/dist/goMain.js:2126:40)
	at handleMessage (/home/ajpf/.vscode/extensions/golang.go-0.39.1/dist/goMain.js:1936:11)
	at processMessageQueue (/home/ajpf/.vscode/extensions/golang.go-0.39.1/dist/goMain.js:1951:13)
	at Immediate.<anonymous> (/home/ajpf/.vscode/extensions/golang.go-0.39.1/dist/goMain.js:1927:11)
	at process.processImmediate (node:internal/timers:466:21)
