2023-08-21 18:52:30.226 [info] Extension host with pid 2312 started
2023-08-21 18:52:30.226 [info] Skipping acquiring lock for /home/ajpf/.config/Code/User/workspaceStorage/2b5e08dff7eb46d01b6734d4042e1252.
2023-08-21 18:52:30.682 [info] ExtensionService#_doActivateExtension vscode.git-base, startup: true, activationEvent: '*'
2023-08-21 18:52:30.691 [info] ExtensionService#_doActivateExtension golang.go, startup: false, activationEvent: 'onLanguage:go'
2023-08-21 18:52:30.900 [info] ExtensionService#_doActivateExtension vscode.emmet, startup: false, activationEvent: 'onLanguage'
2023-08-21 18:52:31.078 [info] ExtensionService#_doActivateExtension vscode.github, startup: true, activationEvent: '*'
2023-08-21 18:52:31.792 [info] Eager extensions activated
2023-08-21 18:52:32.252 [info] ExtensionService#_doActivateExtension vscode.debug-auto-launch, startup: false, activationEvent: 'onStartupFinished'
2023-08-21 18:52:32.260 [info] ExtensionService#_doActivateExtension vscode.merge-conflict, startup: false, activationEvent: 'onStartupFinished'
2023-08-21 18:52:32.382 [error] [golang.go] provider FAILED
2023-08-21 18:52:32.396 [error] Error: semantictokens are disabled
	at handleResponse (/home/ajpf/.vscode/extensions/golang.go-0.39.1/dist/goMain.js:2126:40)
	at handleMessage (/home/ajpf/.vscode/extensions/golang.go-0.39.1/dist/goMain.js:1936:11)
	at processMessageQueue (/home/ajpf/.vscode/extensions/golang.go-0.39.1/dist/goMain.js:1951:13)
	at Immediate.<anonymous> (/home/ajpf/.vscode/extensions/golang.go-0.39.1/dist/goMain.js:1927:11)
	at process.processImmediate (node:internal/timers:466:21)
2023-08-21 18:52:32.584 [error] [golang.go] provider FAILED
2023-08-21 18:52:32.585 [error] Error: semantictokens are disabled
	at handleResponse (/home/ajpf/.vscode/extensions/golang.go-0.39.1/dist/goMain.js:2126:40)
	at handleMessage (/home/ajpf/.vscode/extensions/golang.go-0.39.1/dist/goMain.js:1936:11)
	at processMessageQueue (/home/ajpf/.vscode/extensions/golang.go-0.39.1/dist/goMain.js:1951:13)
	at Immediate.<anonymous> (/home/ajpf/.vscode/extensions/golang.go-0.39.1/dist/goMain.js:1927:11)
	at process.processImmediate (node:internal/timers:466:21)
2023-08-21 18:52:33.507 [info] ExtensionService#_doActivateExtension vscode.github-authentication, startup: false, activationEvent: 'onAuthenticationRequest:github'
2023-08-21 18:52:33.554 [info] ExtensionService#_doActivateExtension vscode.microsoft-authentication, startup: false, activationEvent: 'onAuthenticationRequest:microsoft'
2023-08-21 18:52:34.610 [info] ExtensionService#_doActivateExtension vscode.json-language-features, startup: false, activationEvent: 'onLanguage:jsonc'
2023-08-21 18:52:34.673 [info] ExtensionService#_doActivateExtension vscode.typescript-language-features, startup: false, activationEvent: 'onLanguage:jsonc'
2023-08-21 18:52:36.374 [info] ExtensionService#_doActivateExtension vscode.git, startup: false, activationEvent: 'api', root cause: vscode.github
2023-08-21 18:52:36.461 [info] ExtensionService#_doActivateExtension formulahendry.code-runner, startup: false, activationEvent: 'onStartupFinished'
2023-08-21 18:52:36.513 [info] ExtensionService#_doActivateExtension ritwickdey.LiveServer, startup: false, activationEvent: 'onStartupFinished'
2023-08-21 18:53:05.280 [error] [golang.go] provider FAILED
2023-08-21 18:53:05.281 [error] Error: semantictokens are disabled
	at handleResponse (/home/ajpf/.vscode/extensions/golang.go-0.39.1/dist/goMain.js:2126:40)
	at handleMessage (/home/ajpf/.vscode/extensions/golang.go-0.39.1/dist/goMain.js:1936:11)
	at processMessageQueue (/home/ajpf/.vscode/extensions/golang.go-0.39.1/dist/goMain.js:1951:13)
	at Immediate.<anonymous> (/home/ajpf/.vscode/extensions/golang.go-0.39.1/dist/goMain.js:1927:11)
	at process.processImmediate (node:internal/timers:466:21)
2023-08-21 18:53:05.555 [error] [golang.go] provider FAILED
2023-08-21 18:53:05.555 [error] Error: semantictokens are disabled
	at handleResponse (/home/ajpf/.vscode/extensions/golang.go-0.39.1/dist/goMain.js:2126:40)
	at handleMessage (/home/ajpf/.vscode/extensions/golang.go-0.39.1/dist/goMain.js:1936:11)
	at processMessageQueue (/home/ajpf/.vscode/extensions/golang.go-0.39.1/dist/goMain.js:1951:13)
	at Immediate.<anonymous> (/home/ajpf/.vscode/extensions/golang.go-0.39.1/dist/goMain.js:1927:11)
	at process.processImmediate (node:internal/timers:466:21)
2023-08-21 18:53:05.582 [error] [golang.go] provider FAILED
2023-08-21 18:53:05.582 [error] Error: semantictokens are disabled
	at handleResponse (/home/ajpf/.vscode/extensions/golang.go-0.39.1/dist/goMain.js:2126:40)
	at handleMessage (/home/ajpf/.vscode/extensions/golang.go-0.39.1/dist/goMain.js:1936:11)
	at processMessageQueue (/home/ajpf/.vscode/extensions/golang.go-0.39.1/dist/goMain.js:1951:13)
	at Immediate.<anonymous> (/home/ajpf/.vscode/extensions/golang.go-0.39.1/dist/goMain.js:1927:11)
	at process.processImmediate (node:internal/timers:466:21)
2023-08-21 18:53:06.154 [error] [golang.go] provider FAILED
2023-08-21 18:53:06.154 [error] Error: semantictokens are disabled
	at handleResponse (/home/ajpf/.vscode/extensions/golang.go-0.39.1/dist/goMain.js:2126:40)
	at handleMessage (/home/ajpf/.vscode/extensions/golang.go-0.39.1/dist/goMain.js:1936:11)
	at processMessageQueue (/home/ajpf/.vscode/extensions/golang.go-0.39.1/dist/goMain.js:1951:13)
	at Immediate.<anonymous> (/home/ajpf/.vscode/extensions/golang.go-0.39.1/dist/goMain.js:1927:11)
	at process.processImmediate (node:internal/timers:466:21)
2023-08-21 18:53:06.163 [error] [golang.go] provider FAILED
2023-08-21 18:53:06.163 [error] Error: semantictokens are disabled
	at handleResponse (/home/ajpf/.vscode/extensions/golang.go-0.39.1/dist/goMain.js:2126:40)
	at handleMessage (/home/ajpf/.vscode/extensions/golang.go-0.39.1/dist/goMain.js:1936:11)
	at processMessageQueue (/home/ajpf/.vscode/extensions/golang.go-0.39.1/dist/goMain.js:1951:13)
	at Immediate.<anonymous> (/home/ajpf/.vscode/extensions/golang.go-0.39.1/dist/goMain.js:1927:11)
	at process.processImmediate (node:internal/timers:466:21)
2023-08-21 18:53:07.683 [error] [golang.go] provider FAILED
2023-08-21 18:53:07.683 [error] Error: semantictokens are disabled
	at handleResponse (/home/ajpf/.vscode/extensions/golang.go-0.39.1/dist/goMain.js:2126:40)
	at handleMessage (/home/ajpf/.vscode/extensions/golang.go-0.39.1/dist/goMain.js:1936:11)
	at processMessageQueue (/home/ajpf/.vscode/extensions/golang.go-0.39.1/dist/goMain.js:1951:13)
	at Immediate.<anonymous> (/home/ajpf/.vscode/extensions/golang.go-0.39.1/dist/goMain.js:1927:11)
	at process.processImmediate (node:internal/timers:466:21)
2023-08-21 18:53:07.977 [error] [golang.go] provider FAILED
2023-08-21 18:53:07.977 [error] Error: semantictokens are disabled
	at handleResponse (/home/ajpf/.vscode/extensions/golang.go-0.39.1/dist/goMain.js:2126:40)
	at handleMessage (/home/ajpf/.vscode/extensions/golang.go-0.39.1/dist/goMain.js:1936:11)
	at processMessageQueue (/home/ajpf/.vscode/extensions/golang.go-0.39.1/dist/goMain.js:1951:13)
	at Immediate.<anonymous> (/home/ajpf/.vscode/extensions/golang.go-0.39.1/dist/goMain.js:1927:11)
	at process.processImmediate (node:internal/timers:466:21)
2023-08-21 18:53:08.904 [error] [golang.go] provider FAILED
2023-08-21 18:53:08.904 [error] Error: semantictokens are disabled
	at handleResponse (/home/ajpf/.vscode/extensions/golang.go-0.39.1/dist/goMain.js:2126:40)
	at handleMessage (/home/ajpf/.vscode/extensions/golang.go-0.39.1/dist/goMain.js:1936:11)
	at processMessageQueue (/home/ajpf/.vscode/extensions/golang.go-0.39.1/dist/goMain.js:1951:13)
	at Immediate.<anonymous> (/home/ajpf/.vscode/extensions/golang.go-0.39.1/dist/goMain.js:1927:11)
	at process.processImmediate (node:internal/timers:466:21)
2023-08-21 18:53:09.206 [error] [golang.go] provider FAILED
2023-08-21 18:53:09.207 [error] Error: semantictokens are disabled
	at handleResponse (/home/ajpf/.vscode/extensions/golang.go-0.39.1/dist/goMain.js:2126:40)
	at handleMessage (/home/ajpf/.vscode/extensions/golang.go-0.39.1/dist/goMain.js:1936:11)
	at processMessageQueue (/home/ajpf/.vscode/extensions/golang.go-0.39.1/dist/goMain.js:1951:13)
	at Immediate.<anonymous> (/home/ajpf/.vscode/extensions/golang.go-0.39.1/dist/goMain.js:1927:11)
	at process.processImmediate (node:internal/timers:466:21)
2023-08-21 18:53:09.685 [error] [golang.go] provider FAILED
2023-08-21 18:53:09.685 [error] Error: semantictokens are disabled
	at handleResponse (/home/ajpf/.vscode/extensions/golang.go-0.39.1/dist/goMain.js:2126:40)
	at handleMessage (/home/ajpf/.vscode/extensions/golang.go-0.39.1/dist/goMain.js:1936:11)
	at processMessageQueue (/home/ajpf/.vscode/extensions/golang.go-0.39.1/dist/goMain.js:1951:13)
	at Immediate.<anonymous> (/home/ajpf/.vscode/extensions/golang.go-0.39.1/dist/goMain.js:1927:11)
	at process.processImmediate (node:internal/timers:466:21)
2023-08-21 18:53:09.982 [error] [golang.go] provider FAILED
2023-08-21 18:53:09.982 [error] Error: semantictokens are disabled
	at handleResponse (/home/ajpf/.vscode/extensions/golang.go-0.39.1/dist/goMain.js:2126:40)
	at handleMessage (/home/ajpf/.vscode/extensions/golang.go-0.39.1/dist/goMain.js:1936:11)
	at processMessageQueue (/home/ajpf/.vscode/extensions/golang.go-0.39.1/dist/goMain.js:1951:13)
	at Immediate.<anonymous> (/home/ajpf/.vscode/extensions/golang.go-0.39.1/dist/goMain.js:1927:11)
	at process.processImmediate (node:internal/timers:466:21)
2023-08-21 18:53:12.078 [error] [golang.go] provider FAILED
2023-08-21 18:53:12.078 [error] Error: semantictokens are disabled
	at handleResponse (/home/ajpf/.vscode/extensions/golang.go-0.39.1/dist/goMain.js:2126:40)
	at handleMessage (/home/ajpf/.vscode/extensions/golang.go-0.39.1/dist/goMain.js:1936:11)
	at processMessageQueue (/home/ajpf/.vscode/extensions/golang.go-0.39.1/dist/goMain.js:1951:13)
	at Immediate.<anonymous> (/home/ajpf/.vscode/extensions/golang.go-0.39.1/dist/goMain.js:1927:11)
	at process.processImmediate (node:internal/timers:466:21)
2023-08-21 18:53:12.370 [error] [golang.go] provider FAILED
2023-08-21 18:53:12.370 [error] Error: semantictokens are disabled
	at handleResponse (/home/ajpf/.vscode/extensions/golang.go-0.39.1/dist/goMain.js:2126:40)
	at handleMessage (/home/ajpf/.vscode/extensions/golang.go-0.39.1/dist/goMain.js:1936:11)
	at processMessageQueue (/home/ajpf/.vscode/extensions/golang.go-0.39.1/dist/goMain.js:1951:13)
	at Immediate.<anonymous> (/home/ajpf/.vscode/extensions/golang.go-0.39.1/dist/goMain.js:1927:11)
	at process.processImmediate (node:internal/timers:466:21)
2023-08-21 18:53:16.050 [error] [golang.go] provider FAILED
2023-08-21 18:53:16.050 [error] Error: semantictokens are disabled
	at handleResponse (/home/ajpf/.vscode/extensions/golang.go-0.39.1/dist/goMain.js:2126:40)
	at handleMessage (/home/ajpf/.vscode/extensions/golang.go-0.39.1/dist/goMain.js:1936:11)
	at processMessageQueue (/home/ajpf/.vscode/extensions/golang.go-0.39.1/dist/goMain.js:1951:13)
	at Immediate.<anonymous> (/home/ajpf/.vscode/extensions/golang.go-0.39.1/dist/goMain.js:1927:11)
	at process.processImmediate (node:internal/timers:466:21)
2023-08-21 18:53:21.880 [error] [golang.go] provider FAILED
2023-08-21 18:53:21.881 [error] Error: semantictokens are disabled
	at handleResponse (/home/ajpf/.vscode/extensions/golang.go-0.39.1/dist/goMain.js:2126:40)
	at handleMessage (/home/ajpf/.vscode/extensions/golang.go-0.39.1/dist/goMain.js:1936:11)
	at processMessageQueue (/home/ajpf/.vscode/extensions/golang.go-0.39.1/dist/goMain.js:1951:13)
	at Immediate.<anonymous> (/home/ajpf/.vscode/extensions/golang.go-0.39.1/dist/goMain.js:1927:11)
	at process.processImmediate (node:internal/timers:466:21)
2023-08-21 18:53:22.148 [error] [golang.go] provider FAILED
2023-08-21 18:53:22.149 [error] Error: semantictokens are disabled
	at handleResponse (/home/ajpf/.vscode/extensions/golang.go-0.39.1/dist/goMain.js:2126:40)
	at handleMessage (/home/ajpf/.vscode/extensions/golang.go-0.39.1/dist/goMain.js:1936:11)
	at processMessageQueue (/home/ajpf/.vscode/extensions/golang.go-0.39.1/dist/goMain.js:1951:13)
	at Immediate.<anonymous> (/home/ajpf/.vscode/extensions/golang.go-0.39.1/dist/goMain.js:1927:11)
	at process.processImmediate (node:internal/timers:466:21)
2023-08-21 18:53:22.206 [error] [golang.go] provider FAILED
2023-08-21 18:53:22.206 [error] Error: semantictokens are disabled
	at handleResponse (/home/ajpf/.vscode/extensions/golang.go-0.39.1/dist/goMain.js:2126:40)
	at handleMessage (/home/ajpf/.vscode/extensions/golang.go-0.39.1/dist/goMain.js:1936:11)
	at processMessageQueue (/home/ajpf/.vscode/extensions/golang.go-0.39.1/dist/goMain.js:1951:13)
	at Immediate.<anonymous> (/home/ajpf/.vscode/extensions/golang.go-0.39.1/dist/goMain.js:1927:11)
	at process.processImmediate (node:internal/timers:466:21)
2023-08-21 18:53:22.478 [error] [golang.go] provider FAILED
2023-08-21 18:53:22.479 [error] Error: semantictokens are disabled
	at handleResponse (/home/ajpf/.vscode/extensions/golang.go-0.39.1/dist/goMain.js:2126:40)
	at handleMessage (/home/ajpf/.vscode/extensions/golang.go-0.39.1/dist/goMain.js:1936:11)
	at processMessageQueue (/home/ajpf/.vscode/extensions/golang.go-0.39.1/dist/goMain.js:1951:13)
	at Immediate.<anonymous> (/home/ajpf/.vscode/extensions/golang.go-0.39.1/dist/goMain.js:1927:11)
	at process.processImmediate (node:internal/timers:466:21)
2023-08-21 18:53:22.772 [error] [golang.go] provider FAILED
2023-08-21 18:53:22.773 [error] Error: semantictokens are disabled
	at handleResponse (/home/ajpf/.vscode/extensions/golang.go-0.39.1/dist/goMain.js:2126:40)
	at handleMessage (/home/ajpf/.vscode/extensions/golang.go-0.39.1/dist/goMain.js:1936:11)
	at processMessageQueue (/home/ajpf/.vscode/extensions/golang.go-0.39.1/dist/goMain.js:1951:13)
	at Immediate.<anonymous> (/home/ajpf/.vscode/extensions/golang.go-0.39.1/dist/goMain.js:1927:11)
	at process.processImmediate (node:internal/timers:466:21)
2023-08-21 18:53:25.748 [error] [golang.go] provider FAILED
2023-08-21 18:53:25.748 [error] Error: semantictokens are disabled
	at handleResponse (/home/ajpf/.vscode/extensions/golang.go-0.39.1/dist/goMain.js:2126:40)
	at handleMessage (/home/ajpf/.vscode/extensions/golang.go-0.39.1/dist/goMain.js:1936:11)
	at processMessageQueue (/home/ajpf/.vscode/extensions/golang.go-0.39.1/dist/goMain.js:1951:13)
	at Immediate.<anonymous> (/home/ajpf/.vscode/extensions/golang.go-0.39.1/dist/goMain.js:1927:11)
	at process.processImmediate (node:internal/timers:466:21)
2023-08-21 18:53:26.040 [error] [golang.go] provider FAILED
2023-08-21 18:53:26.040 [error] Error: semantictokens are disabled
	at handleResponse (/home/ajpf/.vscode/extensions/golang.go-0.39.1/dist/goMain.js:2126:40)
	at handleMessage (/home/ajpf/.vscode/extensions/golang.go-0.39.1/dist/goMain.js:1936:11)
	at processMessageQueue (/home/ajpf/.vscode/extensions/golang.go-0.39.1/dist/goMain.js:1951:13)
	at Immediate.<anonymous> (/home/ajpf/.vscode/extensions/golang.go-0.39.1/dist/goMain.js:1927:11)
	at process.processImmediate (node:internal/timers:466:21)
2023-08-21 18:53:26.341 [error] [golang.go] provider FAILED
2023-08-21 18:53:26.341 [error] Error: semantictokens are disabled
	at handleResponse (/home/ajpf/.vscode/extensions/golang.go-0.39.1/dist/goMain.js:2126:40)
	at handleMessage (/home/ajpf/.vscode/extensions/golang.go-0.39.1/dist/goMain.js:1936:11)
	at processMessageQueue (/home/ajpf/.vscode/extensions/golang.go-0.39.1/dist/goMain.js:1951:13)
	at Immediate.<anonymous> (/home/ajpf/.vscode/extensions/golang.go-0.39.1/dist/goMain.js:1927:11)
	at process.processImmediate (node:internal/timers:466:21)
2023-08-21 18:53:26.511 [error] [golang.go] provider FAILED
2023-08-21 18:53:26.511 [error] Error: semantictokens are disabled
	at handleResponse (/home/ajpf/.vscode/extensions/golang.go-0.39.1/dist/goMain.js:2126:40)
	at handleMessage (/home/ajpf/.vscode/extensions/golang.go-0.39.1/dist/goMain.js:1936:11)
	at processMessageQueue (/home/ajpf/.vscode/extensions/golang.go-0.39.1/dist/goMain.js:1951:13)
	at Immediate.<anonymous> (/home/ajpf/.vscode/extensions/golang.go-0.39.1/dist/goMain.js:1927:11)
	at process.processImmediate (node:internal/timers:466:21)
2023-08-21 18:53:26.545 [error] [golang.go] provider FAILED
2023-08-21 18:53:26.545 [error] Error: semantictokens are disabled
	at handleResponse (/home/ajpf/.vscode/extensions/golang.go-0.39.1/dist/goMain.js:2126:40)
	at handleMessage (/home/ajpf/.vscode/extensions/golang.go-0.39.1/dist/goMain.js:1936:11)
	at processMessageQueue (/home/ajpf/.vscode/extensions/golang.go-0.39.1/dist/goMain.js:1951:13)
	at Immediate.<anonymous> (/home/ajpf/.vscode/extensions/golang.go-0.39.1/dist/goMain.js:1927:11)
	at process.processImmediate (node:internal/timers:466:21)
2023-08-21 18:53:26.709 [error] [golang.go] provider FAILED
2023-08-21 18:53:26.709 [error] Error: semantictokens are disabled
	at handleResponse (/home/ajpf/.vscode/extensions/golang.go-0.39.1/dist/goMain.js:2126:40)
	at handleMessage (/home/ajpf/.vscode/extensions/golang.go-0.39.1/dist/goMain.js:1936:11)
	at processMessageQueue (/home/ajpf/.vscode/extensions/golang.go-0.39.1/dist/goMain.js:1951:13)
	at Immediate.<anonymous> (/home/ajpf/.vscode/extensions/golang.go-0.39.1/dist/goMain.js:1927:11)
	at process.processImmediate (node:internal/timers:466:21)
2023-08-21 18:53:27.004 [error] [golang.go] provider FAILED
2023-08-21 18:53:27.004 [error] Error: semantictokens are disabled
	at handleResponse (/home/ajpf/.vscode/extensions/golang.go-0.39.1/dist/goMain.js:2126:40)
	at handleMessage (/home/ajpf/.vscode/extensions/golang.go-0.39.1/dist/goMain.js:1936:11)
	at processMessageQueue (/home/ajpf/.vscode/extensions/golang.go-0.39.1/dist/goMain.js:1951:13)
	at Immediate.<anonymous> (/home/ajpf/.vscode/extensions/golang.go-0.39.1/dist/goMain.js:1927:11)
	at process.processImmediate (node:internal/timers:466:21)
2023-08-21 18:53:27.835 [error] [golang.go] provider FAILED
2023-08-21 18:53:27.835 [error] Error: semantictokens are disabled
	at handleResponse (/home/ajpf/.vscode/extensions/golang.go-0.39.1/dist/goMain.js:2126:40)
	at handleMessage (/home/ajpf/.vscode/extensions/golang.go-0.39.1/dist/goMain.js:1936:11)
	at processMessageQueue (/home/ajpf/.vscode/extensions/golang.go-0.39.1/dist/goMain.js:1951:13)
	at Immediate.<anonymous> (/home/ajpf/.vscode/extensions/golang.go-0.39.1/dist/goMain.js:1927:11)
	at process.processImmediate (node:internal/timers:466:21)
2023-08-21 18:53:27.961 [error] [golang.go] provider FAILED
2023-08-21 18:53:27.961 [error] Error: semantictokens are disabled
	at handleResponse (/home/ajpf/.vscode/extensions/golang.go-0.39.1/dist/goMain.js:2126:40)
	at handleMessage (/home/ajpf/.vscode/extensions/golang.go-0.39.1/dist/goMain.js:1936:11)
	at processMessageQueue (/home/ajpf/.vscode/extensions/golang.go-0.39.1/dist/goMain.js:1951:13)
	at Immediate.<anonymous> (/home/ajpf/.vscode/extensions/golang.go-0.39.1/dist/goMain.js:1927:11)
	at process.processImmediate (node:internal/timers:466:21)
2023-08-21 18:53:28.077 [error] [golang.go] provider FAILED
2023-08-21 18:53:28.078 [error] Error: semantictokens are disabled
	at handleResponse (/home/ajpf/.vscode/extensions/golang.go-0.39.1/dist/goMain.js:2126:40)
	at handleMessage (/home/ajpf/.vscode/extensions/golang.go-0.39.1/dist/goMain.js:1936:11)
	at processMessageQueue (/home/ajpf/.vscode/extensions/golang.go-0.39.1/dist/goMain.js:1951:13)
	at Immediate.<anonymous> (/home/ajpf/.vscode/extensions/golang.go-0.39.1/dist/goMain.js:1927:11)
	at process.processImmediate (node:internal/timers:466:21)
2023-08-21 18:53:28.646 [error] [golang.go] provider FAILED
2023-08-21 18:53:28.647 [error] Error: semantictokens are disabled
	at handleResponse (/home/ajpf/.vscode/extensions/golang.go-0.39.1/dist/goMain.js:2126:40)
	at handleMessage (/home/ajpf/.vscode/extensions/golang.go-0.39.1/dist/goMain.js:1936:11)
	at processMessageQueue (/home/ajpf/.vscode/extensions/golang.go-0.39.1/dist/goMain.js:1951:13)
	at Immediate.<anonymous> (/home/ajpf/.vscode/extensions/golang.go-0.39.1/dist/goMain.js:1927:11)
	at process.processImmediate (node:internal/timers:466:21)
2023-08-21 18:53:28.852 [error] [golang.go] provider FAILED
2023-08-21 18:53:28.853 [error] Error: semantictokens are disabled
	at handleResponse (/home/ajpf/.vscode/extensions/golang.go-0.39.1/dist/goMain.js:2126:40)
	at handleMessage (/home/ajpf/.vscode/extensions/golang.go-0.39.1/dist/goMain.js:1936:11)
	at processMessageQueue (/home/ajpf/.vscode/extensions/golang.go-0.39.1/dist/goMain.js:1951:13)
	at Immediate.<anonymous> (/home/ajpf/.vscode/extensions/golang.go-0.39.1/dist/goMain.js:1927:11)
	at process.processImmediate (node:internal/timers:466:21)
2023-08-21 18:53:29.095 [error] [golang.go] provider FAILED
2023-08-21 18:53:29.095 [error] Error: semantictokens are disabled
	at handleResponse (/home/ajpf/.vscode/extensions/golang.go-0.39.1/dist/goMain.js:2126:40)
	at handleMessage (/home/ajpf/.vscode/extensions/golang.go-0.39.1/dist/goMain.js:1936:11)
	at processMessageQueue (/home/ajpf/.vscode/extensions/golang.go-0.39.1/dist/goMain.js:1951:13)
	at Immediate.<anonymous> (/home/ajpf/.vscode/extensions/golang.go-0.39.1/dist/goMain.js:1927:11)
	at process.processImmediate (node:internal/timers:466:21)
2023-08-21 18:53:29.393 [error] [golang.go] provider FAILED
2023-08-21 18:53:29.393 [error] Error: semantictokens are disabled
	at handleResponse (/home/ajpf/.vscode/extensions/golang.go-0.39.1/dist/goMain.js:2126:40)
	at handleMessage (/home/ajpf/.vscode/extensions/golang.go-0.39.1/dist/goMain.js:1936:11)
	at processMessageQueue (/home/ajpf/.vscode/extensions/golang.go-0.39.1/dist/goMain.js:1951:13)
	at Immediate.<anonymous> (/home/ajpf/.vscode/extensions/golang.go-0.39.1/dist/goMain.js:1927:11)
	at process.processImmediate (node:internal/timers:466:21)
2023-08-21 18:53:31.243 [error] [golang.go] provider FAILED
2023-08-21 18:53:31.243 [error] Error: semantictokens are disabled
	at handleResponse (/home/ajpf/.vscode/extensions/golang.go-0.39.1/dist/goMain.js:2126:40)
	at handleMessage (/home/ajpf/.vscode/extensions/golang.go-0.39.1/dist/goMain.js:1936:11)
	at processMessageQueue (/home/ajpf/.vscode/extensions/golang.go-0.39.1/dist/goMain.js:1951:13)
	at Immediate.<anonymous> (/home/ajpf/.vscode/extensions/golang.go-0.39.1/dist/goMain.js:1927:11)
	at process.processImmediate (node:internal/timers:466:21)
2023-08-21 18:53:31.563 [error] [golang.go] provider FAILED
2023-08-21 18:53:31.563 [error] Error: semantictokens are disabled
	at handleResponse (/home/ajpf/.vscode/extensions/golang.go-0.39.1/dist/goMain.js:2126:40)
	at handleMessage (/home/ajpf/.vscode/extensions/golang.go-0.39.1/dist/goMain.js:1936:11)
	at processMessageQueue (/home/ajpf/.vscode/extensions/golang.go-0.39.1/dist/goMain.js:1951:13)
	at Immediate.<anonymous> (/home/ajpf/.vscode/extensions/golang.go-0.39.1/dist/goMain.js:1927:11)
	at process.processImmediate (node:internal/timers:466:21)
2023-08-21 18:53:31.685 [error] [golang.go] provider FAILED
2023-08-21 18:53:31.685 [error] Error: semantictokens are disabled
	at handleResponse (/home/ajpf/.vscode/extensions/golang.go-0.39.1/dist/goMain.js:2126:40)
	at handleMessage (/home/ajpf/.vscode/extensions/golang.go-0.39.1/dist/goMain.js:1936:11)
	at processMessageQueue (/home/ajpf/.vscode/extensions/golang.go-0.39.1/dist/goMain.js:1951:13)
	at Immediate.<anonymous> (/home/ajpf/.vscode/extensions/golang.go-0.39.1/dist/goMain.js:1927:11)
	at process.processImmediate (node:internal/timers:466:21)
2023-08-21 18:53:31.906 [error] [golang.go] provider FAILED
2023-08-21 18:53:31.906 [error] Error: semantictokens are disabled
	at handleResponse (/home/ajpf/.vscode/extensions/golang.go-0.39.1/dist/goMain.js:2126:40)
	at handleMessage (/home/ajpf/.vscode/extensions/golang.go-0.39.1/dist/goMain.js:1936:11)
	at processMessageQueue (/home/ajpf/.vscode/extensions/golang.go-0.39.1/dist/goMain.js:1951:13)
	at Immediate.<anonymous> (/home/ajpf/.vscode/extensions/golang.go-0.39.1/dist/goMain.js:1927:11)
	at process.processImmediate (node:internal/timers:466:21)
2023-08-21 18:53:32.203 [error] [golang.go] provider FAILED
2023-08-21 18:53:32.203 [error] Error: semantictokens are disabled
	at handleResponse (/home/ajpf/.vscode/extensions/golang.go-0.39.1/dist/goMain.js:2126:40)
	at handleMessage (/home/ajpf/.vscode/extensions/golang.go-0.39.1/dist/goMain.js:1936:11)
	at processMessageQueue (/home/ajpf/.vscode/extensions/golang.go-0.39.1/dist/goMain.js:1951:13)
	at Immediate.<anonymous> (/home/ajpf/.vscode/extensions/golang.go-0.39.1/dist/goMain.js:1927:11)
	at process.processImmediate (node:internal/timers:466:21)
2023-08-21 18:53:41.058 [info] Extension host terminating: renderer closed the MessagePort
2023-08-21 18:53:41.082 [info] Extension host with pid 2312 exiting with code 0
