2023-08-18 20:48:54.627 [info] Using settings sync service https://vscode-sync.trafficmanager.net/
2023-08-18 20:48:54.627 [info] Auto Sync is enabled.
2023-08-18 20:48:54.627 [info] Auto Sync: Suspended until auth token is available.
2023-08-18 20:48:56.123 [info] Deleting non existing profile from backup /home/ajpf/.config/Code/User/sync/extensions
2023-08-18 20:48:57.016 [info] Deleting non existing profile from backup /home/ajpf/.config/Code/User/sync/globalState
2023-08-18 20:48:57.055 [info] Auto Sync: Triggered by Interval
2023-08-18 20:48:57.058 [info] Sync started.
2023-08-18 20:48:57.617 [info] Deleting non existing profile from backup /home/ajpf/.config/Code/User/sync/keybindings
2023-08-18 20:48:57.955 [info] Deleting non existing profile from backup /home/ajpf/.config/Code/User/sync/profiles
2023-08-18 20:48:58.290 [info] Deleting non existing profile from backup /home/ajpf/.config/Code/User/sync/settings
2023-08-18 20:48:58.510 [info] Deleting non existing profile from backup /home/ajpf/.config/Code/User/sync/snippets
2023-08-18 20:48:58.629 [info] Deleting non existing profile from backup /home/ajpf/.config/Code/User/sync/tasks
2023-08-18 20:48:58.717 [info] Settings: No changes found during synchronizing settings.
2023-08-18 20:48:58.853 [info] Keybindings: Last sync resource does not exist locally.
2023-08-18 20:48:59.458 [info] Keybindings: No changes found during synchronizing keybindings.
2023-08-18 20:48:59.464 [info] Snippets: Last sync resource does not exist locally.
2023-08-18 20:48:59.597 [info] GlobalState: Last sync resource does not exist locally.
2023-08-18 20:48:59.881 [info] Snippets: No changes found during synchronizing snippets.
2023-08-18 20:48:59.883 [info] Tasks: Last sync resource does not exist locally.
2023-08-18 20:49:00.076 [info] Tasks: No changes found during synchronizing tasks.
2023-08-18 20:49:00.084 [info] GlobalState: No changes found during synchronizing ui state.
2023-08-18 20:49:00.087 [info] Extensions: Last sync resource does not exist locally.
2023-08-18 20:49:00.409 [info] Extensions: No changes found during synchronizing extensions.
2023-08-18 20:49:00.411 [info] Profiles: Last sync resource does not exist locally.
2023-08-18 20:49:00.554 [info] Profiles: No changes found during synchronizing profiles.
2023-08-18 20:49:00.557 [info] Sync done. Took 3504ms
