2023-08-21 16:20:24.087 [info] Log level: Info
2023-08-21 16:20:24.087 [info] Validating found git in: "git"
2023-08-21 16:20:24.087 [info] Using git "2.39.2" from "git"
2023-08-21 16:20:24.087 [info] > git rev-parse --show-toplevel [17ms]
2023-08-21 16:20:24.087 [info] fatal: not a git repository (or any parent up to mount point /)
Stopping at filesystem boundary (GIT_DISCOVERY_ACROSS_FILESYSTEM not set).
2023-08-21 16:20:32.294 [info] > git rev-parse --show-toplevel [2ms]
2023-08-21 16:20:32.294 [info] fatal: not a git repository (or any parent up to mount point /)
Stopping at filesystem boundary (GIT_DISCOVERY_ACROSS_FILESYSTEM not set).
2023-08-21 16:21:21.114 [info] > git rev-parse --show-toplevel [18ms]
2023-08-21 16:21:21.114 [info] fatal: not a git repository (or any parent up to mount point /)
Stopping at filesystem boundary (GIT_DISCOVERY_ACROSS_FILESYSTEM not set).
2023-08-21 16:22:46.085 [info] > git rev-parse --show-toplevel [4ms]
2023-08-21 16:22:46.085 [info] fatal: not a git repository (or any parent up to mount point /)
Stopping at filesystem boundary (GIT_DISCOVERY_ACROSS_FILESYSTEM not set).
2023-08-21 16:24:09.633 [info] > git rev-parse --show-toplevel [3ms]
2023-08-21 16:24:09.633 [info] fatal: not a git repository (or any parent up to mount point /)
Stopping at filesystem boundary (GIT_DISCOVERY_ACROSS_FILESYSTEM not set).
2023-08-21 16:24:21.206 [info] > git rev-parse --show-toplevel [2ms]
2023-08-21 16:24:21.206 [info] fatal: not a git repository (or any parent up to mount point /)
Stopping at filesystem boundary (GIT_DISCOVERY_ACROSS_FILESYSTEM not set).
2023-08-21 16:24:45.442 [info] > git rev-parse --show-toplevel [10ms]
2023-08-21 16:24:45.443 [info] fatal: not a git repository (or any parent up to mount point /)
Stopping at filesystem boundary (GIT_DISCOVERY_ACROSS_FILESYSTEM not set).
2023-08-21 16:48:04.757 [info] > git rev-parse --show-toplevel [10ms]
2023-08-21 16:48:04.757 [info] fatal: not a git repository (or any parent up to mount point /)
Stopping at filesystem boundary (GIT_DISCOVERY_ACROSS_FILESYSTEM not set).
2023-08-21 16:53:35.272 [info] > git rev-parse --show-toplevel [2ms]
2023-08-21 16:53:35.272 [info] fatal: not a git repository (or any parent up to mount point /)
Stopping at filesystem boundary (GIT_DISCOVERY_ACROSS_FILESYSTEM not set).
2023-08-21 16:53:39.694 [info] > git rev-parse --show-toplevel [2ms]
2023-08-21 16:53:39.694 [info] fatal: not a git repository (or any parent up to mount point /)
Stopping at filesystem boundary (GIT_DISCOVERY_ACROSS_FILESYSTEM not set).
2023-08-21 17:09:18.774 [info] > git rev-parse --show-toplevel [5ms]
2023-08-21 17:09:18.774 [info] fatal: not a git repository (or any parent up to mount point /)
Stopping at filesystem boundary (GIT_DISCOVERY_ACROSS_FILESYSTEM not set).
