2023-08-21 16:20:19.955 [info] Using settings sync service https://vscode-sync.trafficmanager.net/
2023-08-21 16:20:19.955 [info] Auto Sync is enabled.
2023-08-21 16:20:19.955 [info] Auto Sync: Suspended until auth token is available.
2023-08-21 16:20:21.315 [info] Auto Sync: Triggered by Interval
2023-08-21 16:20:21.316 [info] Sync started.
2023-08-21 16:20:21.444 [info] Deleting non existing profile from backup /home/ajpf/.config/Code/User/sync/extensions
2023-08-21 16:20:21.883 [info] Deleting non existing profile from backup /home/ajpf/.config/Code/User/sync/globalState
2023-08-21 16:20:22.132 [info] Deleting non existing profile from backup /home/ajpf/.config/Code/User/sync/keybindings
2023-08-21 16:20:22.285 [info] Settings: No changes found during synchronizing settings.
2023-08-21 16:20:22.428 [info] Deleting non existing profile from backup /home/ajpf/.config/Code/User/sync/profiles
2023-08-21 16:20:22.454 [info] Keybindings: Last sync resource does not exist locally.
2023-08-21 16:20:22.628 [info] Deleting non existing profile from backup /home/ajpf/.config/Code/User/sync/settings
2023-08-21 16:20:23.007 [info] Deleting non existing profile from backup /home/ajpf/.config/Code/User/sync/snippets
2023-08-21 16:20:23.132 [info] Deleting non existing profile from backup /home/ajpf/.config/Code/User/sync/tasks
2023-08-21 16:20:23.513 [info] Keybindings: No changes found during synchronizing keybindings.
2023-08-21 16:20:23.515 [info] Snippets: Last sync resource does not exist locally.
2023-08-21 16:20:23.845 [info] Snippets: No changes found during synchronizing snippets.
2023-08-21 16:20:23.850 [info] Tasks: Last sync resource does not exist locally.
2023-08-21 16:20:24.000 [info] Tasks: No changes found during synchronizing tasks.
2023-08-21 16:20:24.003 [info] GlobalState: Last sync resource does not exist locally.
2023-08-21 16:20:24.686 [info] GlobalState: Updated remote ui state. Updated: workbench.statusbar.hidden,cpp.1.lastSessionDate,cpp.1.sessionCount,java.2.lastSessionDate,java.2.sessionCount,typescript.1.lastSessionDate,typescript.1.sessionCount,csharp.1.lastSessionDate,csharp.1.sessionCount.
2023-08-21 16:20:24.699 [info] GlobalState: Updated last synchronized ui state
2023-08-21 16:20:24.703 [info] Extensions: Last sync resource does not exist locally.
2023-08-21 16:20:24.971 [info] Extensions: No changes found during synchronizing extensions.
2023-08-21 16:20:24.975 [info] Profiles: Last sync resource does not exist locally.
2023-08-21 16:20:25.126 [info] Profiles: No changes found during synchronizing profiles.
2023-08-21 16:20:25.130 [info] Sync done. Took 3814ms
2023-08-21 16:20:47.416 [info] Auto Sync: Triggered by Activity
2023-08-21 16:20:47.416 [info] Sync started.
2023-08-21 16:20:47.632 [info] Settings: Last sync resource does not exist locally.
2023-08-21 16:20:47.830 [info] Settings: No changes found during synchronizing settings.
2023-08-21 16:20:47.837 [info] Keybindings: No changes found during synchronizing keybindings.
2023-08-21 16:20:47.843 [info] Snippets: No changes found during synchronizing snippets.
2023-08-21 16:20:47.847 [info] Tasks: No changes found during synchronizing tasks.
2023-08-21 16:20:48.182 [info] GlobalState: Updated remote ui state. Updated: fileBasedRecommendations/promptedRecommendations.
2023-08-21 16:20:48.197 [info] GlobalState: Updated last synchronized ui state
2023-08-21 16:20:48.300 [info] Extensions: No changes found during synchronizing extensions.
2023-08-21 16:20:48.302 [info] Profiles: No changes found during synchronizing profiles.
2023-08-21 16:20:48.304 [info] Sync done. Took 889ms
2023-08-21 16:21:24.743 [info] Auto Sync: Triggered by Activity
2023-08-21 16:21:24.744 [info] Sync started.
2023-08-21 16:21:24.930 [info] Settings: No changes found during synchronizing settings.
2023-08-21 16:21:24.941 [info] Keybindings: No changes found during synchronizing keybindings.
2023-08-21 16:21:24.948 [info] Snippets: No changes found during synchronizing snippets.
2023-08-21 16:21:24.955 [info] Tasks: No changes found during synchronizing tasks.
2023-08-21 16:21:25.300 [info] GlobalState: Updated remote ui state. Updated: workbench.explorer.views.state.hidden,workbench.activity.pinnedViewlets2,workbench.view.extension.test.state.hidden.
2023-08-21 16:21:25.317 [info] GlobalState: Updated last synchronized ui state
2023-08-21 16:21:25.668 [info] Extensions: Updated remote extensions. Added: ["golang.go"].
2023-08-21 16:21:25.682 [info] Extensions: Updated last synchronized extensions.
2023-08-21 16:21:25.685 [info] Profiles: No changes found during synchronizing profiles.
2023-08-21 16:21:25.687 [info] Sync done. Took 944ms
2023-08-21 16:22:41.948 [info] Auto Sync: Triggered by Activity
2023-08-21 16:22:41.949 [info] Sync started.
2023-08-21 16:22:42.144 [info] Settings: No changes found during synchronizing settings.
2023-08-21 16:22:42.155 [info] Keybindings: No changes found during synchronizing keybindings.
2023-08-21 16:22:42.165 [info] Snippets: No changes found during synchronizing snippets.
2023-08-21 16:22:42.172 [info] Tasks: No changes found during synchronizing tasks.
2023-08-21 16:22:42.179 [info] GlobalState: No changes found during synchronizing ui state.
2023-08-21 16:22:42.310 [info] Extensions: No changes found during synchronizing extensions.
2023-08-21 16:22:42.313 [info] Profiles: No changes found during synchronizing profiles.
2023-08-21 16:22:42.314 [info] Sync done. Took 368ms
2023-08-21 16:22:57.551 [info] Auto Sync: Triggered by Activity
2023-08-21 16:22:57.552 [info] Sync started.
2023-08-21 16:22:57.743 [info] Settings: No changes found during synchronizing settings.
2023-08-21 16:22:57.751 [info] Keybindings: No changes found during synchronizing keybindings.
2023-08-21 16:22:57.758 [info] Snippets: No changes found during synchronizing snippets.
2023-08-21 16:22:57.781 [info] Tasks: No changes found during synchronizing tasks.
2023-08-21 16:22:57.796 [info] GlobalState: No changes found during synchronizing ui state.
2023-08-21 16:22:57.907 [info] Extensions: No changes found during synchronizing extensions.
2023-08-21 16:22:57.909 [info] Profiles: No changes found during synchronizing profiles.
2023-08-21 16:22:57.911 [info] Sync done. Took 360ms
2023-08-21 16:23:14.594 [info] Auto Sync: Triggered by Activity
2023-08-21 16:23:14.594 [info] Sync started.
2023-08-21 16:23:14.737 [info] Settings: No changes found during synchronizing settings.
2023-08-21 16:23:14.740 [info] Keybindings: No changes found during synchronizing keybindings.
2023-08-21 16:23:14.744 [info] Snippets: No changes found during synchronizing snippets.
2023-08-21 16:23:14.749 [info] Tasks: No changes found during synchronizing tasks.
2023-08-21 16:23:14.755 [info] GlobalState: No changes found during synchronizing ui state.
2023-08-21 16:23:14.884 [info] Extensions: No changes found during synchronizing extensions.
2023-08-21 16:23:14.887 [info] Profiles: No changes found during synchronizing profiles.
2023-08-21 16:23:14.897 [info] Sync done. Took 294ms
2023-08-21 16:23:26.704 [info] Auto Sync: Triggered by Activity
2023-08-21 16:23:26.704 [info] Sync started.
2023-08-21 16:23:26.891 [info] Settings: No changes found during synchronizing settings.
2023-08-21 16:23:26.901 [info] Keybindings: No changes found during synchronizing keybindings.
2023-08-21 16:23:26.907 [info] Snippets: No changes found during synchronizing snippets.
2023-08-21 16:23:26.911 [info] Tasks: No changes found during synchronizing tasks.
2023-08-21 16:23:26.917 [info] GlobalState: No changes found during synchronizing ui state.
2023-08-21 16:23:27.138 [info] Extensions: No changes found during synchronizing extensions.
2023-08-21 16:23:27.141 [info] Profiles: No changes found during synchronizing profiles.
2023-08-21 16:23:27.144 [info] Sync done. Took 441ms
2023-08-21 16:23:39.739 [info] Auto Sync: Triggered by Activity
2023-08-21 16:23:39.740 [info] Sync started.
2023-08-21 16:23:39.898 [info] Settings: No changes found during synchronizing settings.
2023-08-21 16:23:39.903 [info] Keybindings: No changes found during synchronizing keybindings.
2023-08-21 16:23:39.908 [info] Snippets: No changes found during synchronizing snippets.
2023-08-21 16:23:39.912 [info] Tasks: No changes found during synchronizing tasks.
2023-08-21 16:23:39.920 [info] GlobalState: No changes found during synchronizing ui state.
2023-08-21 16:23:40.024 [info] Extensions: No changes found during synchronizing extensions.
2023-08-21 16:23:40.031 [info] Profiles: No changes found during synchronizing profiles.
2023-08-21 16:23:40.035 [info] Sync done. Took 296ms
2023-08-21 16:23:51.262 [info] Auto Sync: Triggered by Activity
2023-08-21 16:23:51.262 [info] Sync started.
2023-08-21 16:23:51.453 [info] Settings: No changes found during synchronizing settings.
2023-08-21 16:23:51.468 [info] Keybindings: No changes found during synchronizing keybindings.
2023-08-21 16:23:51.481 [info] Snippets: No changes found during synchronizing snippets.
2023-08-21 16:23:51.488 [info] Tasks: No changes found during synchronizing tasks.
2023-08-21 16:23:51.494 [info] GlobalState: No changes found during synchronizing ui state.
2023-08-21 16:23:51.643 [info] Extensions: No changes found during synchronizing extensions.
2023-08-21 16:23:51.646 [info] Profiles: No changes found during synchronizing profiles.
2023-08-21 16:23:51.648 [info] Sync done. Took 386ms
2023-08-21 16:24:08.694 [info] Auto Sync: Triggered by Activity
2023-08-21 16:24:08.695 [info] Sync started.
2023-08-21 16:24:08.895 [info] Settings: No changes found during synchronizing settings.
2023-08-21 16:24:08.912 [info] Keybindings: No changes found during synchronizing keybindings.
2023-08-21 16:24:08.923 [info] Snippets: No changes found during synchronizing snippets.
2023-08-21 16:24:08.933 [info] Tasks: No changes found during synchronizing tasks.
2023-08-21 16:24:08.946 [info] GlobalState: No changes found during synchronizing ui state.
2023-08-21 16:24:09.233 [info] Extensions: No changes found during synchronizing extensions.
2023-08-21 16:24:09.251 [info] Profiles: No changes found during synchronizing profiles.
2023-08-21 16:24:09.257 [info] Sync done. Took 564ms
2023-08-21 16:24:38.911 [info] Auto Sync: Triggered by Activity
2023-08-21 16:24:38.911 [info] Sync started.
2023-08-21 16:24:39.133 [info] Settings: No changes found during synchronizing settings.
2023-08-21 16:24:39.145 [info] Keybindings: No changes found during synchronizing keybindings.
2023-08-21 16:24:39.150 [info] Snippets: No changes found during synchronizing snippets.
2023-08-21 16:24:39.157 [info] Tasks: No changes found during synchronizing tasks.
2023-08-21 16:24:39.164 [info] GlobalState: No changes found during synchronizing ui state.
2023-08-21 16:24:39.280 [info] Extensions: No changes found during synchronizing extensions.
2023-08-21 16:24:39.282 [info] Profiles: No changes found during synchronizing profiles.
2023-08-21 16:24:39.284 [info] Sync done. Took 374ms
2023-08-21 16:24:50.761 [info] Auto Sync: Triggered by Activity
2023-08-21 16:24:50.762 [info] Sync started.
2023-08-21 16:24:50.980 [info] Settings: No changes found during synchronizing settings.
2023-08-21 16:24:50.988 [info] Keybindings: No changes found during synchronizing keybindings.
2023-08-21 16:24:50.996 [info] Snippets: No changes found during synchronizing snippets.
2023-08-21 16:24:51.000 [info] Tasks: No changes found during synchronizing tasks.
2023-08-21 16:24:51.004 [info] GlobalState: No changes found during synchronizing ui state.
2023-08-21 16:24:51.117 [info] Extensions: No changes found during synchronizing extensions.
2023-08-21 16:24:51.119 [info] Profiles: No changes found during synchronizing profiles.
2023-08-21 16:24:51.121 [info] Sync done. Took 360ms
2023-08-21 16:25:34.975 [info] Auto Sync: Triggered by Activity
2023-08-21 16:25:34.976 [info] Sync started.
2023-08-21 16:25:35.171 [info] Settings: No changes found during synchronizing settings.
2023-08-21 16:25:35.179 [info] Keybindings: No changes found during synchronizing keybindings.
2023-08-21 16:25:35.188 [info] Snippets: No changes found during synchronizing snippets.
2023-08-21 16:25:35.194 [info] Tasks: No changes found during synchronizing tasks.
2023-08-21 16:25:35.201 [info] GlobalState: No changes found during synchronizing ui state.
2023-08-21 16:25:35.326 [info] Extensions: No changes found during synchronizing extensions.
2023-08-21 16:25:35.328 [info] Profiles: No changes found during synchronizing profiles.
2023-08-21 16:25:35.331 [info] Sync done. Took 357ms
2023-08-21 16:26:06.633 [info] Auto Sync: Triggered by Activity
2023-08-21 16:26:06.634 [info] Sync started.
2023-08-21 16:26:06.822 [info] Settings: No changes found during synchronizing settings.
2023-08-21 16:26:06.828 [info] Keybindings: No changes found during synchronizing keybindings.
2023-08-21 16:26:06.833 [info] Snippets: No changes found during synchronizing snippets.
2023-08-21 16:26:06.838 [info] Tasks: No changes found during synchronizing tasks.
2023-08-21 16:26:06.844 [info] GlobalState: No changes found during synchronizing ui state.
2023-08-21 16:26:06.968 [info] Extensions: No changes found during synchronizing extensions.
2023-08-21 16:26:06.976 [info] Profiles: No changes found during synchronizing profiles.
2023-08-21 16:26:06.978 [info] Sync done. Took 345ms
2023-08-21 16:26:48.923 [info] Auto Sync: Triggered by Activity
2023-08-21 16:26:48.923 [info] Sync started.
2023-08-21 16:26:49.107 [info] Settings: No changes found during synchronizing settings.
2023-08-21 16:26:49.114 [info] Keybindings: No changes found during synchronizing keybindings.
2023-08-21 16:26:49.120 [info] Snippets: No changes found during synchronizing snippets.
2023-08-21 16:26:49.128 [info] Tasks: No changes found during synchronizing tasks.
2023-08-21 16:26:49.136 [info] GlobalState: No changes found during synchronizing ui state.
2023-08-21 16:26:49.239 [info] Extensions: No changes found during synchronizing extensions.
2023-08-21 16:26:49.241 [info] Profiles: No changes found during synchronizing profiles.
2023-08-21 16:26:49.242 [info] Sync done. Took 321ms
2023-08-21 16:28:31.979 [info] Auto Sync: Triggered by Activity
2023-08-21 16:28:31.980 [info] Sync started.
2023-08-21 16:28:32.146 [info] Settings: No changes found during synchronizing settings.
2023-08-21 16:28:32.151 [info] Keybindings: No changes found during synchronizing keybindings.
2023-08-21 16:28:32.156 [info] Snippets: No changes found during synchronizing snippets.
2023-08-21 16:28:32.160 [info] Tasks: No changes found during synchronizing tasks.
2023-08-21 16:28:32.167 [info] GlobalState: No changes found during synchronizing ui state.
2023-08-21 16:28:32.268 [info] Extensions: No changes found during synchronizing extensions.
2023-08-21 16:28:32.270 [info] Profiles: No changes found during synchronizing profiles.
2023-08-21 16:28:32.271 [info] Sync done. Took 294ms
2023-08-21 16:28:51.394 [info] Auto Sync: Triggered by Activity
2023-08-21 16:28:51.395 [info] Sync started.
2023-08-21 16:28:51.563 [info] Settings: No changes found during synchronizing settings.
2023-08-21 16:28:51.568 [info] Keybindings: No changes found during synchronizing keybindings.
2023-08-21 16:28:51.584 [info] Snippets: No changes found during synchronizing snippets.
2023-08-21 16:28:51.596 [info] Tasks: No changes found during synchronizing tasks.
2023-08-21 16:28:51.614 [info] GlobalState: No changes found during synchronizing ui state.
2023-08-21 16:28:52.150 [info] Extensions: No changes found during synchronizing extensions.
2023-08-21 16:28:52.160 [info] Profiles: No changes found during synchronizing profiles.
2023-08-21 16:28:52.165 [info] Sync done. Took 774ms
2023-08-21 16:30:24.219 [info] Auto Sync: Triggered by Activity
2023-08-21 16:30:24.219 [info] Sync started.
2023-08-21 16:30:24.374 [info] Settings: No changes found during synchronizing settings.
2023-08-21 16:30:24.379 [info] Keybindings: No changes found during synchronizing keybindings.
2023-08-21 16:30:24.382 [info] Snippets: No changes found during synchronizing snippets.
2023-08-21 16:30:24.386 [info] Tasks: No changes found during synchronizing tasks.
2023-08-21 16:30:24.398 [info] GlobalState: No changes found during synchronizing ui state.
2023-08-21 16:30:24.509 [info] Extensions: No changes found during synchronizing extensions.
2023-08-21 16:30:24.510 [info] Profiles: No changes found during synchronizing profiles.
2023-08-21 16:30:24.511 [info] Sync done. Took 293ms
2023-08-21 16:35:24.517 [info] Auto Sync: Triggered by Interval
2023-08-21 16:35:24.518 [info] Sync started.
2023-08-21 16:35:25.198 [info] Settings: No changes found during synchronizing settings.
2023-08-21 16:35:25.206 [info] Keybindings: No changes found during synchronizing keybindings.
2023-08-21 16:35:25.229 [info] Snippets: No changes found during synchronizing snippets.
2023-08-21 16:35:25.237 [info] Tasks: No changes found during synchronizing tasks.
2023-08-21 16:35:25.249 [info] GlobalState: No changes found during synchronizing ui state.
2023-08-21 16:35:25.626 [info] Extensions: No changes found during synchronizing extensions.
2023-08-21 16:35:25.633 [info] Profiles: No changes found during synchronizing profiles.
2023-08-21 16:35:25.648 [info] Sync done. Took 1131ms
2023-08-21 16:40:25.654 [info] Auto Sync: Triggered by Interval
2023-08-21 16:40:25.654 [info] Sync started.
2023-08-21 16:40:26.074 [info] Settings: No changes found during synchronizing settings.
2023-08-21 16:40:26.098 [info] Keybindings: No changes found during synchronizing keybindings.
2023-08-21 16:40:26.109 [info] Snippets: No changes found during synchronizing snippets.
2023-08-21 16:40:26.115 [info] Tasks: No changes found during synchronizing tasks.
2023-08-21 16:40:26.128 [info] GlobalState: No changes found during synchronizing ui state.
2023-08-21 16:40:26.557 [info] Extensions: No changes found during synchronizing extensions.
2023-08-21 16:40:26.563 [info] Profiles: No changes found during synchronizing profiles.
2023-08-21 16:40:26.577 [info] Sync done. Took 916ms
2023-08-21 16:45:26.579 [info] Auto Sync: Triggered by Interval
2023-08-21 16:45:26.579 [info] Sync started.
2023-08-21 16:45:27.020 [info] Settings: No changes found during synchronizing settings.
2023-08-21 16:45:27.031 [info] Keybindings: No changes found during synchronizing keybindings.
2023-08-21 16:45:27.039 [info] Snippets: No changes found during synchronizing snippets.
2023-08-21 16:45:27.048 [info] Tasks: No changes found during synchronizing tasks.
2023-08-21 16:45:27.060 [info] GlobalState: No changes found during synchronizing ui state.
2023-08-21 16:45:27.218 [info] Extensions: No changes found during synchronizing extensions.
2023-08-21 16:45:27.222 [info] Profiles: No changes found during synchronizing profiles.
2023-08-21 16:45:27.224 [info] Sync done. Took 646ms
2023-08-21 16:45:42.027 [info] Auto Sync: Triggered by Activity
2023-08-21 16:45:42.027 [info] Sync started.
2023-08-21 16:45:42.200 [info] Settings: No changes found during synchronizing settings.
2023-08-21 16:45:42.208 [info] Keybindings: No changes found during synchronizing keybindings.
2023-08-21 16:45:42.218 [info] Snippets: No changes found during synchronizing snippets.
2023-08-21 16:45:42.227 [info] Tasks: No changes found during synchronizing tasks.
2023-08-21 16:45:42.235 [info] GlobalState: No changes found during synchronizing ui state.
2023-08-21 16:45:42.359 [info] Extensions: No changes found during synchronizing extensions.
2023-08-21 16:45:42.361 [info] Profiles: No changes found during synchronizing profiles.
2023-08-21 16:45:42.362 [info] Sync done. Took 336ms
2023-08-21 16:47:59.815 [info] Auto Sync: Triggered by Activity
2023-08-21 16:47:59.815 [info] Sync started.
2023-08-21 16:48:00.243 [info] Settings: No changes found during synchronizing settings.
2023-08-21 16:48:00.247 [info] Keybindings: No changes found during synchronizing keybindings.
2023-08-21 16:48:00.251 [info] Snippets: No changes found during synchronizing snippets.
2023-08-21 16:48:00.255 [info] Tasks: No changes found during synchronizing tasks.
2023-08-21 16:48:00.259 [info] GlobalState: No changes found during synchronizing ui state.
2023-08-21 16:48:00.367 [info] Extensions: No changes found during synchronizing extensions.
2023-08-21 16:48:00.370 [info] Profiles: No changes found during synchronizing profiles.
2023-08-21 16:48:00.371 [info] Sync done. Took 558ms
2023-08-21 16:49:12.555 [info] Auto Sync: Triggered by Activity
2023-08-21 16:49:12.556 [info] Sync started.
2023-08-21 16:49:12.732 [info] Settings: No changes found during synchronizing settings.
2023-08-21 16:49:12.739 [info] Keybindings: No changes found during synchronizing keybindings.
2023-08-21 16:49:12.746 [info] Snippets: No changes found during synchronizing snippets.
2023-08-21 16:49:12.751 [info] Tasks: No changes found during synchronizing tasks.
2023-08-21 16:49:12.757 [info] GlobalState: No changes found during synchronizing ui state.
2023-08-21 16:49:12.852 [info] Extensions: No changes found during synchronizing extensions.
2023-08-21 16:49:12.856 [info] Profiles: No changes found during synchronizing profiles.
2023-08-21 16:49:12.859 [info] Sync done. Took 304ms
2023-08-21 16:53:04.628 [info] Auto Sync: Triggered by Activity
2023-08-21 16:53:04.629 [info] Sync started.
2023-08-21 16:53:05.055 [info] Settings: No changes found during synchronizing settings.
2023-08-21 16:53:05.059 [info] Keybindings: No changes found during synchronizing keybindings.
2023-08-21 16:53:05.062 [info] Snippets: No changes found during synchronizing snippets.
2023-08-21 16:53:05.066 [info] Tasks: No changes found during synchronizing tasks.
2023-08-21 16:53:05.071 [info] GlobalState: No changes found during synchronizing ui state.
2023-08-21 16:53:05.175 [info] Extensions: No changes found during synchronizing extensions.
2023-08-21 16:53:05.185 [info] Profiles: No changes found during synchronizing profiles.
2023-08-21 16:53:05.192 [info] Sync done. Took 566ms
2023-08-21 16:54:10.014 [info] Auto Sync: Triggered by Activity
2023-08-21 16:54:10.016 [info] Sync started.
2023-08-21 16:54:10.250 [info] Settings: No changes found during synchronizing settings.
2023-08-21 16:54:10.278 [info] Keybindings: No changes found during synchronizing keybindings.
2023-08-21 16:54:10.285 [info] Snippets: No changes found during synchronizing snippets.
2023-08-21 16:54:10.290 [info] Tasks: No changes found during synchronizing tasks.
2023-08-21 16:54:10.295 [info] GlobalState: No changes found during synchronizing ui state.
2023-08-21 16:54:10.425 [info] Extensions: No changes found during synchronizing extensions.
2023-08-21 16:54:10.428 [info] Profiles: No changes found during synchronizing profiles.
2023-08-21 16:54:10.431 [info] Sync done. Took 421ms
2023-08-21 16:57:46.049 [info] Auto Sync: Triggered by Activity
2023-08-21 16:57:46.049 [info] Sync started.
2023-08-21 16:57:46.457 [info] Settings: No changes found during synchronizing settings.
2023-08-21 16:57:46.461 [info] Keybindings: No changes found during synchronizing keybindings.
2023-08-21 16:57:46.464 [info] Snippets: No changes found during synchronizing snippets.
2023-08-21 16:57:46.468 [info] Tasks: No changes found during synchronizing tasks.
2023-08-21 16:57:46.471 [info] GlobalState: No changes found during synchronizing ui state.
2023-08-21 16:57:46.575 [info] Extensions: No changes found during synchronizing extensions.
2023-08-21 16:57:46.577 [info] Profiles: No changes found during synchronizing profiles.
2023-08-21 16:57:46.579 [info] Sync done. Took 530ms
2023-08-21 17:02:46.602 [info] Auto Sync: Triggered by Interval
2023-08-21 17:02:46.602 [info] Sync started.
2023-08-21 17:02:47.012 [info] Settings: No changes found during synchronizing settings.
2023-08-21 17:02:47.020 [info] Keybindings: No changes found during synchronizing keybindings.
2023-08-21 17:02:47.025 [info] Snippets: No changes found during synchronizing snippets.
2023-08-21 17:02:47.039 [info] Tasks: No changes found during synchronizing tasks.
2023-08-21 17:02:47.048 [info] GlobalState: No changes found during synchronizing ui state.
2023-08-21 17:02:47.189 [info] Extensions: No changes found during synchronizing extensions.
2023-08-21 17:02:47.197 [info] Profiles: No changes found during synchronizing profiles.
2023-08-21 17:02:47.199 [info] Sync done. Took 597ms
2023-08-21 17:07:47.222 [info] Auto Sync: Triggered by Interval
2023-08-21 17:07:47.223 [info] Sync started.
2023-08-21 17:07:47.626 [info] Settings: No changes found during synchronizing settings.
2023-08-21 17:07:47.631 [info] Keybindings: No changes found during synchronizing keybindings.
2023-08-21 17:07:47.634 [info] Snippets: No changes found during synchronizing snippets.
2023-08-21 17:07:47.638 [info] Tasks: No changes found during synchronizing tasks.
2023-08-21 17:07:47.645 [info] GlobalState: No changes found during synchronizing ui state.
2023-08-21 17:07:47.765 [info] Extensions: No changes found during synchronizing extensions.
2023-08-21 17:07:47.779 [info] Profiles: No changes found during synchronizing profiles.
2023-08-21 17:07:47.782 [info] Sync done. Took 561ms
2023-08-21 17:08:20.341 [info] Auto Sync: Triggered by Activity
2023-08-21 17:08:20.344 [info] Sync started.
2023-08-21 17:08:20.551 [info] Settings: No changes found during synchronizing settings.
2023-08-21 17:08:20.588 [info] Keybindings: No changes found during synchronizing keybindings.
2023-08-21 17:08:20.606 [info] Snippets: No changes found during synchronizing snippets.
2023-08-21 17:08:20.617 [info] Tasks: No changes found during synchronizing tasks.
2023-08-21 17:08:20.630 [info] GlobalState: No changes found during synchronizing ui state.
2023-08-21 17:08:20.790 [info] Extensions: No changes found during synchronizing extensions.
2023-08-21 17:08:20.793 [info] Profiles: No changes found during synchronizing profiles.
2023-08-21 17:08:20.795 [info] Sync done. Took 457ms
2023-08-21 17:08:43.338 [info] Auto Sync: Triggered by Activity
2023-08-21 17:08:43.338 [info] Sync started.
2023-08-21 17:08:43.502 [info] Settings: No changes found during synchronizing settings.
2023-08-21 17:08:43.512 [info] Keybindings: No changes found during synchronizing keybindings.
2023-08-21 17:08:43.525 [info] Snippets: No changes found during synchronizing snippets.
2023-08-21 17:08:43.536 [info] Tasks: No changes found during synchronizing tasks.
2023-08-21 17:08:43.545 [info] GlobalState: No changes found during synchronizing ui state.
2023-08-21 17:08:43.839 [info] Extensions: No changes found during synchronizing extensions.
2023-08-21 17:08:43.867 [info] Profiles: No changes found during synchronizing profiles.
2023-08-21 17:08:43.871 [info] Sync done. Took 533ms
2023-08-21 17:09:14.378 [info] Auto Sync: Triggered by Activity
2023-08-21 17:09:14.378 [info] Sync started.
2023-08-21 17:09:14.536 [info] Settings: No changes found during synchronizing settings.
2023-08-21 17:09:14.544 [info] Keybindings: No changes found during synchronizing keybindings.
2023-08-21 17:09:14.550 [info] Snippets: No changes found during synchronizing snippets.
2023-08-21 17:09:14.557 [info] Tasks: No changes found during synchronizing tasks.
2023-08-21 17:09:14.564 [info] GlobalState: No changes found during synchronizing ui state.
2023-08-21 17:09:14.688 [info] Extensions: No changes found during synchronizing extensions.
2023-08-21 17:09:14.690 [info] Profiles: No changes found during synchronizing profiles.
2023-08-21 17:09:14.692 [info] Sync done. Took 314ms
2023-08-21 17:14:14.742 [info] Auto Sync: Triggered by Interval
2023-08-21 17:14:14.742 [info] Sync started.
2023-08-21 17:14:15.149 [info] Settings: No changes found during synchronizing settings.
2023-08-21 17:14:15.155 [info] Keybindings: No changes found during synchronizing keybindings.
2023-08-21 17:14:15.161 [info] Snippets: No changes found during synchronizing snippets.
2023-08-21 17:14:15.164 [info] Tasks: No changes found during synchronizing tasks.
2023-08-21 17:14:15.172 [info] GlobalState: No changes found during synchronizing ui state.
2023-08-21 17:14:15.284 [info] Extensions: No changes found during synchronizing extensions.
2023-08-21 17:14:15.286 [info] Profiles: No changes found during synchronizing profiles.
2023-08-21 17:14:15.288 [info] Sync done. Took 546ms
2023-08-21 17:19:15.338 [info] Auto Sync: Triggered by Interval
2023-08-21 17:19:15.338 [info] Sync started.
2023-08-21 17:19:15.753 [info] Settings: No changes found during synchronizing settings.
2023-08-21 17:19:15.759 [info] Keybindings: No changes found during synchronizing keybindings.
2023-08-21 17:19:15.765 [info] Snippets: No changes found during synchronizing snippets.
2023-08-21 17:19:15.769 [info] Tasks: No changes found during synchronizing tasks.
2023-08-21 17:19:15.775 [info] GlobalState: No changes found during synchronizing ui state.
2023-08-21 17:19:15.898 [info] Extensions: No changes found during synchronizing extensions.
2023-08-21 17:19:15.899 [info] Profiles: No changes found during synchronizing profiles.
2023-08-21 17:19:15.901 [info] Sync done. Took 563ms
2023-08-21 17:24:15.954 [info] Auto Sync: Triggered by Interval
2023-08-21 17:24:15.954 [info] Sync started.
2023-08-21 17:24:16.364 [info] Settings: No changes found during synchronizing settings.
2023-08-21 17:24:16.368 [info] Keybindings: No changes found during synchronizing keybindings.
2023-08-21 17:24:16.372 [info] Snippets: No changes found during synchronizing snippets.
2023-08-21 17:24:16.375 [info] Tasks: No changes found during synchronizing tasks.
2023-08-21 17:24:16.379 [info] GlobalState: No changes found during synchronizing ui state.
2023-08-21 17:24:16.486 [info] Extensions: No changes found during synchronizing extensions.
2023-08-21 17:24:16.488 [info] Profiles: No changes found during synchronizing profiles.
2023-08-21 17:24:16.490 [info] Sync done. Took 536ms
2023-08-21 17:28:16.554 [info] Auto Sync: Triggered by Activity
2023-08-21 17:28:16.554 [info] Sync started.
2023-08-21 17:28:16.998 [info] Settings: No changes found during synchronizing settings.
2023-08-21 17:28:17.012 [info] Keybindings: No changes found during synchronizing keybindings.
2023-08-21 17:28:17.037 [info] Snippets: No changes found during synchronizing snippets.
2023-08-21 17:28:17.044 [info] Tasks: No changes found during synchronizing tasks.
2023-08-21 17:28:17.068 [info] GlobalState: No changes found during synchronizing ui state.
2023-08-21 17:28:17.358 [info] Extensions: No changes found during synchronizing extensions.
2023-08-21 17:28:17.360 [info] Profiles: No changes found during synchronizing profiles.
2023-08-21 17:28:17.363 [info] Sync done. Took 810ms
