2023-08-19 14:12:11.056 [info] Log level: Info
2023-08-19 14:12:11.056 [info] Validating found git in: "git"
2023-08-19 14:12:11.056 [info] Using git "2.39.2" from "git"
2023-08-19 14:12:11.056 [info] > git rev-parse --show-toplevel [17ms]
2023-08-19 14:12:11.056 [info] fatal: not a git repository (or any parent up to mount point /)
Stopping at filesystem boundary (GIT_DISCOVERY_ACROSS_FILESYSTEM not set).
2023-08-19 14:12:11.062 [info] > git rev-parse --show-toplevel [6ms]
2023-08-19 14:12:11.062 [info] fatal: not a git repository (or any parent up to mount point /)
Stopping at filesystem boundary (GIT_DISCOVERY_ACROSS_FILESYSTEM not set).
2023-08-19 14:12:11.131 [info] > git rev-parse --show-toplevel [17ms]
2023-08-19 14:12:11.132 [info] fatal: not a git repository (or any parent up to mount point /)
Stopping at filesystem boundary (GIT_DISCOVERY_ACROSS_FILESYSTEM not set).
2023-08-19 14:12:12.037 [info] > git rev-parse --show-toplevel [8ms]
2023-08-19 14:12:12.037 [info] fatal: not a git repository (or any parent up to mount point /)
Stopping at filesystem boundary (GIT_DISCOVERY_ACROSS_FILESYSTEM not set).
2023-08-19 14:12:12.507 [info] > git rev-parse --show-toplevel [12ms]
2023-08-19 14:12:12.507 [info] fatal: not a git repository (or any parent up to mount point /)
Stopping at filesystem boundary (GIT_DISCOVERY_ACROSS_FILESYSTEM not set).
2023-08-19 14:12:15.014 [info] > git rev-parse --show-toplevel [3ms]
2023-08-19 14:12:15.014 [info] fatal: not a git repository (or any parent up to mount point /)
Stopping at filesystem boundary (GIT_DISCOVERY_ACROSS_FILESYSTEM not set).
2023-08-19 14:12:18.481 [info] > git rev-parse --show-toplevel [6ms]
2023-08-19 14:12:18.481 [info] fatal: not a git repository (or any parent up to mount point /)
Stopping at filesystem boundary (GIT_DISCOVERY_ACROSS_FILESYSTEM not set).
2023-08-19 14:12:23.645 [info] > git rev-parse --show-toplevel [15ms]
2023-08-19 14:12:23.645 [info] fatal: not a git repository (or any parent up to mount point /)
Stopping at filesystem boundary (GIT_DISCOVERY_ACROSS_FILESYSTEM not set).
2023-08-19 14:12:53.945 [info] > git rev-parse --show-toplevel [3ms]
2023-08-19 14:12:53.945 [info] fatal: not a git repository (or any parent up to mount point /)
Stopping at filesystem boundary (GIT_DISCOVERY_ACROSS_FILESYSTEM not set).
2023-08-19 14:12:56.868 [info] > git rev-parse --show-toplevel [3ms]
2023-08-19 14:12:56.868 [info] fatal: not a git repository (or any parent up to mount point /)
Stopping at filesystem boundary (GIT_DISCOVERY_ACROSS_FILESYSTEM not set).
2023-08-19 14:12:58.449 [info] > git rev-parse --show-toplevel [8ms]
2023-08-19 14:12:58.449 [info] fatal: not a git repository (or any parent up to mount point /)
Stopping at filesystem boundary (GIT_DISCOVERY_ACROSS_FILESYSTEM not set).
2023-08-19 14:12:59.974 [info] > git rev-parse --show-toplevel [3ms]
2023-08-19 14:12:59.974 [info] fatal: not a git repository (or any parent up to mount point /)
Stopping at filesystem boundary (GIT_DISCOVERY_ACROSS_FILESYSTEM not set).
2023-08-19 14:13:01.736 [info] > git rev-parse --show-toplevel [21ms]
2023-08-19 14:13:01.736 [info] fatal: not a git repository (or any parent up to mount point /)
Stopping at filesystem boundary (GIT_DISCOVERY_ACROSS_FILESYSTEM not set).
2023-08-19 14:13:03.142 [info] > git rev-parse --show-toplevel [4ms]
2023-08-19 14:13:03.142 [info] fatal: not a git repository (or any parent up to mount point /)
Stopping at filesystem boundary (GIT_DISCOVERY_ACROSS_FILESYSTEM not set).
2023-08-19 14:13:04.265 [info] > git rev-parse --show-toplevel [4ms]
2023-08-19 14:13:04.265 [info] fatal: not a git repository (or any parent up to mount point /)
Stopping at filesystem boundary (GIT_DISCOVERY_ACROSS_FILESYSTEM not set).
2023-08-19 14:13:05.447 [info] > git rev-parse --show-toplevel [1ms]
2023-08-19 14:13:05.447 [info] fatal: not a git repository (or any parent up to mount point /)
Stopping at filesystem boundary (GIT_DISCOVERY_ACROSS_FILESYSTEM not set).
