2023-08-18 20:49:21.864 [info] Log level: Info
2023-08-18 20:49:21.864 [info] Validating found git in: "git"
2023-08-18 20:49:21.864 [info] Using git "2.39.2" from "git"
2023-08-18 20:49:21.864 [info] > git rev-parse --show-toplevel [14ms]
2023-08-18 20:49:21.864 [info] fatal: not a git repository (or any parent up to mount point /)
Stopping at filesystem boundary (GIT_DISCOVERY_ACROSS_FILESYSTEM not set).
2023-08-18 20:49:21.864 [info] > git rev-parse --show-toplevel [7ms]
2023-08-18 20:49:21.864 [info] fatal: not a git repository (or any parent up to mount point /)
Stopping at filesystem boundary (GIT_DISCOVERY_ACROSS_FILESYSTEM not set).
2023-08-18 20:49:21.875 [info] > git rev-parse --show-toplevel [15ms]
2023-08-18 20:49:21.875 [info] fatal: not a git repository (or any parent up to mount point /)
Stopping at filesystem boundary (GIT_DISCOVERY_ACROSS_FILESYSTEM not set).
2023-08-18 20:49:22.574 [info] > git rev-parse --show-toplevel [22ms]
2023-08-18 20:49:22.574 [info] fatal: not a git repository (or any parent up to mount point /)
Stopping at filesystem boundary (GIT_DISCOVERY_ACROSS_FILESYSTEM not set).
2023-08-18 20:49:25.545 [info] > git rev-parse --show-toplevel [84ms]
2023-08-18 20:49:25.545 [info] fatal: not a git repository (or any parent up to mount point /)
Stopping at filesystem boundary (GIT_DISCOVERY_ACROSS_FILESYSTEM not set).
2023-08-18 20:49:25.881 [info] > git rev-parse --show-toplevel [11ms]
2023-08-18 20:49:25.881 [info] fatal: not a git repository (or any parent up to mount point /)
Stopping at filesystem boundary (GIT_DISCOVERY_ACROSS_FILESYSTEM not set).
2023-08-18 20:49:26.262 [info] > git rev-parse --show-toplevel [5ms]
2023-08-18 20:49:26.262 [info] fatal: not a git repository (or any parent up to mount point /)
Stopping at filesystem boundary (GIT_DISCOVERY_ACROSS_FILESYSTEM not set).
2023-08-18 20:49:34.293 [info] > git rev-parse --show-toplevel [3ms]
2023-08-18 20:49:34.293 [info] fatal: not a git repository (or any parent up to mount point /)
Stopping at filesystem boundary (GIT_DISCOVERY_ACROSS_FILESYSTEM not set).
