2023-08-21 19:00:21.844 [error] semantictokens are disabled: Error: semantictokens are disabled
	at handleResponse (/home/ajpf/.vscode/extensions/golang.go-0.39.1/dist/goMain.js:2126:40)
	at handleMessage (/home/ajpf/.vscode/extensions/golang.go-0.39.1/dist/goMain.js:1936:11)
	at processMessageQueue (/home/ajpf/.vscode/extensions/golang.go-0.39.1/dist/goMain.js:1951:13)
	at Immediate.<anonymous> (/home/ajpf/.vscode/extensions/golang.go-0.39.1/dist/goMain.js:1927:11)
	at process.processImmediate (node:internal/timers:466:21)
2023-08-21 19:00:23.901 [info] [perf] Render performance baseline is 120ms
2023-08-21 19:00:24.989 [error] semantictokens are disabled: Error: semantictokens are disabled
	at handleResponse (/home/ajpf/.vscode/extensions/golang.go-0.39.1/dist/goMain.js:2126:40)
	at handleMessage (/home/ajpf/.vscode/extensions/golang.go-0.39.1/dist/goMain.js:1936:11)
	at processMessageQueue (/home/ajpf/.vscode/extensions/golang.go-0.39.1/dist/goMain.js:1951:13)
	at Immediate.<anonymous> (/home/ajpf/.vscode/extensions/golang.go-0.39.1/dist/goMain.js:1927:11)
	at process.processImmediate (node:internal/timers:466:21)
2023-08-21 19:00:26.644 [error] semantictokens are disabled: Error: semantictokens are disabled
	at handleResponse (/home/ajpf/.vscode/extensions/golang.go-0.39.1/dist/goMain.js:2126:40)
	at handleMessage (/home/ajpf/.vscode/extensions/golang.go-0.39.1/dist/goMain.js:1936:11)
	at processMessageQueue (/home/ajpf/.vscode/extensions/golang.go-0.39.1/dist/goMain.js:1951:13)
	at Immediate.<anonymous> (/home/ajpf/.vscode/extensions/golang.go-0.39.1/dist/goMain.js:1927:11)
	at process.processImmediate (node:internal/timers:466:21)
2023-08-21 19:00:32.246 [error] semantictokens are disabled: Error: semantictokens are disabled
	at handleResponse (/home/ajpf/.vscode/extensions/golang.go-0.39.1/dist/goMain.js:2126:40)
	at handleMessage (/home/ajpf/.vscode/extensions/golang.go-0.39.1/dist/goMain.js:1936:11)
	at processMessageQueue (/home/ajpf/.vscode/extensions/golang.go-0.39.1/dist/goMain.js:1951:13)
	at Immediate.<anonymous> (/home/ajpf/.vscode/extensions/golang.go-0.39.1/dist/goMain.js:1927:11)
	at process.processImmediate (node:internal/timers:466:21)
2023-08-21 19:00:42.976 [error] semantictokens are disabled: Error: semantictokens are disabled
	at handleResponse (/home/ajpf/.vscode/extensions/golang.go-0.39.1/dist/goMain.js:2126:40)
	at handleMessage (/home/ajpf/.vscode/extensions/golang.go-0.39.1/dist/goMain.js:1936:11)
	at processMessageQueue (/home/ajpf/.vscode/extensions/golang.go-0.39.1/dist/goMain.js:1951:13)
	at Immediate.<anonymous> (/home/ajpf/.vscode/extensions/golang.go-0.39.1/dist/goMain.js:1927:11)
	at process.processImmediate (node:internal/timers:466:21)
2023-08-21 19:00:49.913 [error] semantictokens are disabled: Error: semantictokens are disabled
	at handleResponse (/home/ajpf/.vscode/extensions/golang.go-0.39.1/dist/goMain.js:2126:40)
	at handleMessage (/home/ajpf/.vscode/extensions/golang.go-0.39.1/dist/goMain.js:1936:11)
	at processMessageQueue (/home/ajpf/.vscode/extensions/golang.go-0.39.1/dist/goMain.js:1951:13)
	at Immediate.<anonymous> (/home/ajpf/.vscode/extensions/golang.go-0.39.1/dist/goMain.js:1927:11)
	at process.processImmediate (node:internal/timers:466:21)
2023-08-21 19:00:50.943 [error] semantictokens are disabled: Error: semantictokens are disabled
	at handleResponse (/home/ajpf/.vscode/extensions/golang.go-0.39.1/dist/goMain.js:2126:40)
	at handleMessage (/home/ajpf/.vscode/extensions/golang.go-0.39.1/dist/goMain.js:1936:11)
	at processMessageQueue (/home/ajpf/.vscode/extensions/golang.go-0.39.1/dist/goMain.js:1951:13)
	at Immediate.<anonymous> (/home/ajpf/.vscode/extensions/golang.go-0.39.1/dist/goMain.js:1927:11)
	at process.processImmediate (node:internal/timers:466:21)
2023-08-21 19:00:51.954 [error] semantictokens are disabled: Error: semantictokens are disabled
	at handleResponse (/home/ajpf/.vscode/extensions/golang.go-0.39.1/dist/goMain.js:2126:40)
	at handleMessage (/home/ajpf/.vscode/extensions/golang.go-0.39.1/dist/goMain.js:1936:11)
	at processMessageQueue (/home/ajpf/.vscode/extensions/golang.go-0.39.1/dist/goMain.js:1951:13)
	at Immediate.<anonymous> (/home/ajpf/.vscode/extensions/golang.go-0.39.1/dist/goMain.js:1927:11)
	at process.processImmediate (node:internal/timers:466:21)
2023-08-21 19:00:55.682 [error] semantictokens are disabled: Error: semantictokens are disabled
	at handleResponse (/home/ajpf/.vscode/extensions/golang.go-0.39.1/dist/goMain.js:2126:40)
	at handleMessage (/home/ajpf/.vscode/extensions/golang.go-0.39.1/dist/goMain.js:1936:11)
	at processMessageQueue (/home/ajpf/.vscode/extensions/golang.go-0.39.1/dist/goMain.js:1951:13)
	at Immediate.<anonymous> (/home/ajpf/.vscode/extensions/golang.go-0.39.1/dist/goMain.js:1927:11)
	at process.processImmediate (node:internal/timers:466:21)
2023-08-21 19:00:57.551 [error] semantictokens are disabled: Error: semantictokens are disabled
	at handleResponse (/home/ajpf/.vscode/extensions/golang.go-0.39.1/dist/goMain.js:2126:40)
	at handleMessage (/home/ajpf/.vscode/extensions/golang.go-0.39.1/dist/goMain.js:1936:11)
	at processMessageQueue (/home/ajpf/.vscode/extensions/golang.go-0.39.1/dist/goMain.js:1951:13)
	at Immediate.<anonymous> (/home/ajpf/.vscode/extensions/golang.go-0.39.1/dist/goMain.js:1927:11)
	at process.processImmediate (node:internal/timers:466:21)
2023-08-21 19:00:58.847 [error] semantictokens are disabled: Error: semantictokens are disabled
	at handleResponse (/home/ajpf/.vscode/extensions/golang.go-0.39.1/dist/goMain.js:2126:40)
	at handleMessage (/home/ajpf/.vscode/extensions/golang.go-0.39.1/dist/goMain.js:1936:11)
	at processMessageQueue (/home/ajpf/.vscode/extensions/golang.go-0.39.1/dist/goMain.js:1951:13)
	at Immediate.<anonymous> (/home/ajpf/.vscode/extensions/golang.go-0.39.1/dist/goMain.js:1927:11)
	at process.processImmediate (node:internal/timers:466:21)
2023-08-21 19:01:00.034 [error] semantictokens are disabled: Error: semantictokens are disabled
	at handleResponse (/home/ajpf/.vscode/extensions/golang.go-0.39.1/dist/goMain.js:2126:40)
	at handleMessage (/home/ajpf/.vscode/extensions/golang.go-0.39.1/dist/goMain.js:1936:11)
	at processMessageQueue (/home/ajpf/.vscode/extensions/golang.go-0.39.1/dist/goMain.js:1951:13)
	at Immediate.<anonymous> (/home/ajpf/.vscode/extensions/golang.go-0.39.1/dist/goMain.js:1927:11)
	at process.processImmediate (node:internal/timers:466:21)
2023-08-21 19:01:03.554 [error] semantictokens are disabled: Error: semantictokens are disabled
	at handleResponse (/home/ajpf/.vscode/extensions/golang.go-0.39.1/dist/goMain.js:2126:40)
	at handleMessage (/home/ajpf/.vscode/extensions/golang.go-0.39.1/dist/goMain.js:1936:11)
	at processMessageQueue (/home/ajpf/.vscode/extensions/golang.go-0.39.1/dist/goMain.js:1951:13)
	at Immediate.<anonymous> (/home/ajpf/.vscode/extensions/golang.go-0.39.1/dist/goMain.js:1927:11)
	at process.processImmediate (node:internal/timers:466:21)
2023-08-21 19:01:06.608 [error] semantictokens are disabled: Error: semantictokens are disabled
	at handleResponse (/home/ajpf/.vscode/extensions/golang.go-0.39.1/dist/goMain.js:2126:40)
	at handleMessage (/home/ajpf/.vscode/extensions/golang.go-0.39.1/dist/goMain.js:1936:11)
	at processMessageQueue (/home/ajpf/.vscode/extensions/golang.go-0.39.1/dist/goMain.js:1951:13)
	at Immediate.<anonymous> (/home/ajpf/.vscode/extensions/golang.go-0.39.1/dist/goMain.js:1927:11)
	at process.processImmediate (node:internal/timers:466:21)
2023-08-21 19:01:26.561 [error] semantictokens are disabled: Error: semantictokens are disabled
	at handleResponse (/home/ajpf/.vscode/extensions/golang.go-0.39.1/dist/goMain.js:2126:40)
	at handleMessage (/home/ajpf/.vscode/extensions/golang.go-0.39.1/dist/goMain.js:1936:11)
	at processMessageQueue (/home/ajpf/.vscode/extensions/golang.go-0.39.1/dist/goMain.js:1951:13)
	at Immediate.<anonymous> (/home/ajpf/.vscode/extensions/golang.go-0.39.1/dist/goMain.js:1927:11)
	at process.processImmediate (node:internal/timers:466:21)
2023-08-21 19:01:32.837 [error] semantictokens are disabled: Error: semantictokens are disabled
	at handleResponse (/home/ajpf/.vscode/extensions/golang.go-0.39.1/dist/goMain.js:2126:40)
	at handleMessage (/home/ajpf/.vscode/extensions/golang.go-0.39.1/dist/goMain.js:1936:11)
	at processMessageQueue (/home/ajpf/.vscode/extensions/golang.go-0.39.1/dist/goMain.js:1951:13)
	at Immediate.<anonymous> (/home/ajpf/.vscode/extensions/golang.go-0.39.1/dist/goMain.js:1927:11)
	at process.processImmediate (node:internal/timers:466:21)
2023-08-21 19:01:33.923 [error] semantictokens are disabled: Error: semantictokens are disabled
	at handleResponse (/home/ajpf/.vscode/extensions/golang.go-0.39.1/dist/goMain.js:2126:40)
	at handleMessage (/home/ajpf/.vscode/extensions/golang.go-0.39.1/dist/goMain.js:1936:11)
	at processMessageQueue (/home/ajpf/.vscode/extensions/golang.go-0.39.1/dist/goMain.js:1951:13)
	at Immediate.<anonymous> (/home/ajpf/.vscode/extensions/golang.go-0.39.1/dist/goMain.js:1927:11)
	at process.processImmediate (node:internal/timers:466:21)
2023-08-21 19:01:36.669 [error] semantictokens are disabled: Error: semantictokens are disabled
	at handleResponse (/home/ajpf/.vscode/extensions/golang.go-0.39.1/dist/goMain.js:2126:40)
	at handleMessage (/home/ajpf/.vscode/extensions/golang.go-0.39.1/dist/goMain.js:1936:11)
	at processMessageQueue (/home/ajpf/.vscode/extensions/golang.go-0.39.1/dist/goMain.js:1951:13)
	at Immediate.<anonymous> (/home/ajpf/.vscode/extensions/golang.go-0.39.1/dist/goMain.js:1927:11)
	at process.processImmediate (node:internal/timers:466:21)
2023-08-21 19:01:40.993 [error] semantictokens are disabled: Error: semantictokens are disabled
	at handleResponse (/home/ajpf/.vscode/extensions/golang.go-0.39.1/dist/goMain.js:2126:40)
	at handleMessage (/home/ajpf/.vscode/extensions/golang.go-0.39.1/dist/goMain.js:1936:11)
	at processMessageQueue (/home/ajpf/.vscode/extensions/golang.go-0.39.1/dist/goMain.js:1951:13)
	at Immediate.<anonymous> (/home/ajpf/.vscode/extensions/golang.go-0.39.1/dist/goMain.js:1927:11)
	at process.processImmediate (node:internal/timers:466:21)
2023-08-21 19:01:42.425 [error] semantictokens are disabled: Error: semantictokens are disabled
	at handleResponse (/home/ajpf/.vscode/extensions/golang.go-0.39.1/dist/goMain.js:2126:40)
	at handleMessage (/home/ajpf/.vscode/extensions/golang.go-0.39.1/dist/goMain.js:1936:11)
	at processMessageQueue (/home/ajpf/.vscode/extensions/golang.go-0.39.1/dist/goMain.js:1951:13)
	at Immediate.<anonymous> (/home/ajpf/.vscode/extensions/golang.go-0.39.1/dist/goMain.js:1927:11)
	at process.processImmediate (node:internal/timers:466:21)
2023-08-21 19:02:30.500 [error] semantictokens are disabled: Error: semantictokens are disabled
	at handleResponse (/home/ajpf/.vscode/extensions/golang.go-0.39.1/dist/goMain.js:2126:40)
	at handleMessage (/home/ajpf/.vscode/extensions/golang.go-0.39.1/dist/goMain.js:1936:11)
	at processMessageQueue (/home/ajpf/.vscode/extensions/golang.go-0.39.1/dist/goMain.js:1951:13)
	at Immediate.<anonymous> (/home/ajpf/.vscode/extensions/golang.go-0.39.1/dist/goMain.js:1927:11)
	at process.processImmediate (node:internal/timers:466:21)
2023-08-21 19:02:32.459 [error] semantictokens are disabled: Error: semantictokens are disabled
	at handleResponse (/home/ajpf/.vscode/extensions/golang.go-0.39.1/dist/goMain.js:2126:40)
	at handleMessage (/home/ajpf/.vscode/extensions/golang.go-0.39.1/dist/goMain.js:1936:11)
	at processMessageQueue (/home/ajpf/.vscode/extensions/golang.go-0.39.1/dist/goMain.js:1951:13)
	at Immediate.<anonymous> (/home/ajpf/.vscode/extensions/golang.go-0.39.1/dist/goMain.js:1927:11)
	at process.processImmediate (node:internal/timers:466:21)
2023-08-21 19:02:46.094 [error] semantictokens are disabled: Error: semantictokens are disabled
	at handleResponse (/home/ajpf/.vscode/extensions/golang.go-0.39.1/dist/goMain.js:2126:40)
	at handleMessage (/home/ajpf/.vscode/extensions/golang.go-0.39.1/dist/goMain.js:1936:11)
	at processMessageQueue (/home/ajpf/.vscode/extensions/golang.go-0.39.1/dist/goMain.js:1951:13)
	at Immediate.<anonymous> (/home/ajpf/.vscode/extensions/golang.go-0.39.1/dist/goMain.js:1927:11)
	at process.processImmediate (node:internal/timers:466:21)
2023-08-21 19:03:31.831 [error] semantictokens are disabled: Error: semantictokens are disabled
	at handleResponse (/home/ajpf/.vscode/extensions/golang.go-0.39.1/dist/goMain.js:2126:40)
	at handleMessage (/home/ajpf/.vscode/extensions/golang.go-0.39.1/dist/goMain.js:1936:11)
	at processMessageQueue (/home/ajpf/.vscode/extensions/golang.go-0.39.1/dist/goMain.js:1951:13)
	at Immediate.<anonymous> (/home/ajpf/.vscode/extensions/golang.go-0.39.1/dist/goMain.js:1927:11)
	at process.processImmediate (node:internal/timers:466:21)
2023-08-21 19:03:33.114 [error] semantictokens are disabled: Error: semantictokens are disabled
	at handleResponse (/home/ajpf/.vscode/extensions/golang.go-0.39.1/dist/goMain.js:2126:40)
	at handleMessage (/home/ajpf/.vscode/extensions/golang.go-0.39.1/dist/goMain.js:1936:11)
	at processMessageQueue (/home/ajpf/.vscode/extensions/golang.go-0.39.1/dist/goMain.js:1951:13)
	at Immediate.<anonymous> (/home/ajpf/.vscode/extensions/golang.go-0.39.1/dist/goMain.js:1927:11)
	at process.processImmediate (node:internal/timers:466:21)
2023-08-21 19:03:34.359 [error] semantictokens are disabled: Error: semantictokens are disabled
	at handleResponse (/home/ajpf/.vscode/extensions/golang.go-0.39.1/dist/goMain.js:2126:40)
	at handleMessage (/home/ajpf/.vscode/extensions/golang.go-0.39.1/dist/goMain.js:1936:11)
	at processMessageQueue (/home/ajpf/.vscode/extensions/golang.go-0.39.1/dist/goMain.js:1951:13)
	at Immediate.<anonymous> (/home/ajpf/.vscode/extensions/golang.go-0.39.1/dist/goMain.js:1927:11)
	at process.processImmediate (node:internal/timers:466:21)
2023-08-21 19:03:35.593 [error] semantictokens are disabled: Error: semantictokens are disabled
	at handleResponse (/home/ajpf/.vscode/extensions/golang.go-0.39.1/dist/goMain.js:2126:40)
	at handleMessage (/home/ajpf/.vscode/extensions/golang.go-0.39.1/dist/goMain.js:1936:11)
	at processMessageQueue (/home/ajpf/.vscode/extensions/golang.go-0.39.1/dist/goMain.js:1951:13)
	at Immediate.<anonymous> (/home/ajpf/.vscode/extensions/golang.go-0.39.1/dist/goMain.js:1927:11)
	at process.processImmediate (node:internal/timers:466:21)
2023-08-21 19:03:36.612 [error] semantictokens are disabled: Error: semantictokens are disabled
	at handleResponse (/home/ajpf/.vscode/extensions/golang.go-0.39.1/dist/goMain.js:2126:40)
	at handleMessage (/home/ajpf/.vscode/extensions/golang.go-0.39.1/dist/goMain.js:1936:11)
	at processMessageQueue (/home/ajpf/.vscode/extensions/golang.go-0.39.1/dist/goMain.js:1951:13)
	at Immediate.<anonymous> (/home/ajpf/.vscode/extensions/golang.go-0.39.1/dist/goMain.js:1927:11)
	at process.processImmediate (node:internal/timers:466:21)
2023-08-21 19:03:37.825 [error] semantictokens are disabled: Error: semantictokens are disabled
	at handleResponse (/home/ajpf/.vscode/extensions/golang.go-0.39.1/dist/goMain.js:2126:40)
	at handleMessage (/home/ajpf/.vscode/extensions/golang.go-0.39.1/dist/goMain.js:1936:11)
	at processMessageQueue (/home/ajpf/.vscode/extensions/golang.go-0.39.1/dist/goMain.js:1951:13)
	at Immediate.<anonymous> (/home/ajpf/.vscode/extensions/golang.go-0.39.1/dist/goMain.js:1927:11)
	at process.processImmediate (node:internal/timers:466:21)
2023-08-21 19:03:39.040 [error] semantictokens are disabled: Error: semantictokens are disabled
	at handleResponse (/home/ajpf/.vscode/extensions/golang.go-0.39.1/dist/goMain.js:2126:40)
	at handleMessage (/home/ajpf/.vscode/extensions/golang.go-0.39.1/dist/goMain.js:1936:11)
	at processMessageQueue (/home/ajpf/.vscode/extensions/golang.go-0.39.1/dist/goMain.js:1951:13)
	at Immediate.<anonymous> (/home/ajpf/.vscode/extensions/golang.go-0.39.1/dist/goMain.js:1927:11)
	at process.processImmediate (node:internal/timers:466:21)
2023-08-21 19:03:40.130 [error] semantictokens are disabled: Error: semantictokens are disabled
	at handleResponse (/home/ajpf/.vscode/extensions/golang.go-0.39.1/dist/goMain.js:2126:40)
	at handleMessage (/home/ajpf/.vscode/extensions/golang.go-0.39.1/dist/goMain.js:1936:11)
	at processMessageQueue (/home/ajpf/.vscode/extensions/golang.go-0.39.1/dist/goMain.js:1951:13)
	at Immediate.<anonymous> (/home/ajpf/.vscode/extensions/golang.go-0.39.1/dist/goMain.js:1927:11)
	at process.processImmediate (node:internal/timers:466:21)
2023-08-21 19:03:43.065 [error] semantictokens are disabled: Error: semantictokens are disabled
	at handleResponse (/home/ajpf/.vscode/extensions/golang.go-0.39.1/dist/goMain.js:2126:40)
	at handleMessage (/home/ajpf/.vscode/extensions/golang.go-0.39.1/dist/goMain.js:1936:11)
	at processMessageQueue (/home/ajpf/.vscode/extensions/golang.go-0.39.1/dist/goMain.js:1951:13)
	at Immediate.<anonymous> (/home/ajpf/.vscode/extensions/golang.go-0.39.1/dist/goMain.js:1927:11)
	at process.processImmediate (node:internal/timers:466:21)
2023-08-21 19:03:44.173 [error] semantictokens are disabled: Error: semantictokens are disabled
	at handleResponse (/home/ajpf/.vscode/extensions/golang.go-0.39.1/dist/goMain.js:2126:40)
	at handleMessage (/home/ajpf/.vscode/extensions/golang.go-0.39.1/dist/goMain.js:1936:11)
	at processMessageQueue (/home/ajpf/.vscode/extensions/golang.go-0.39.1/dist/goMain.js:1951:13)
	at Immediate.<anonymous> (/home/ajpf/.vscode/extensions/golang.go-0.39.1/dist/goMain.js:1927:11)
	at process.processImmediate (node:internal/timers:466:21)
2023-08-21 19:03:49.830 [error] semantictokens are disabled: Error: semantictokens are disabled
	at handleResponse (/home/ajpf/.vscode/extensions/golang.go-0.39.1/dist/goMain.js:2126:40)
	at handleMessage (/home/ajpf/.vscode/extensions/golang.go-0.39.1/dist/goMain.js:1936:11)
	at processMessageQueue (/home/ajpf/.vscode/extensions/golang.go-0.39.1/dist/goMain.js:1951:13)
	at Immediate.<anonymous> (/home/ajpf/.vscode/extensions/golang.go-0.39.1/dist/goMain.js:1927:11)
	at process.processImmediate (node:internal/timers:466:21)
2023-08-21 19:03:50.880 [error] semantictokens are disabled: Error: semantictokens are disabled
	at handleResponse (/home/ajpf/.vscode/extensions/golang.go-0.39.1/dist/goMain.js:2126:40)
	at handleMessage (/home/ajpf/.vscode/extensions/golang.go-0.39.1/dist/goMain.js:1936:11)
	at processMessageQueue (/home/ajpf/.vscode/extensions/golang.go-0.39.1/dist/goMain.js:1951:13)
	at Immediate.<anonymous> (/home/ajpf/.vscode/extensions/golang.go-0.39.1/dist/goMain.js:1927:11)
	at process.processImmediate (node:internal/timers:466:21)
2023-08-21 19:03:55.972 [error] semantictokens are disabled: Error: semantictokens are disabled
	at handleResponse (/home/ajpf/.vscode/extensions/golang.go-0.39.1/dist/goMain.js:2126:40)
	at handleMessage (/home/ajpf/.vscode/extensions/golang.go-0.39.1/dist/goMain.js:1936:11)
	at processMessageQueue (/home/ajpf/.vscode/extensions/golang.go-0.39.1/dist/goMain.js:1951:13)
	at Immediate.<anonymous> (/home/ajpf/.vscode/extensions/golang.go-0.39.1/dist/goMain.js:1927:11)
	at process.processImmediate (node:internal/timers:466:21)
2023-08-21 19:04:00.677 [error] semantictokens are disabled: Error: semantictokens are disabled
	at handleResponse (/home/ajpf/.vscode/extensions/golang.go-0.39.1/dist/goMain.js:2126:40)
	at handleMessage (/home/ajpf/.vscode/extensions/golang.go-0.39.1/dist/goMain.js:1936:11)
	at processMessageQueue (/home/ajpf/.vscode/extensions/golang.go-0.39.1/dist/goMain.js:1951:13)
	at Immediate.<anonymous> (/home/ajpf/.vscode/extensions/golang.go-0.39.1/dist/goMain.js:1927:11)
	at process.processImmediate (node:internal/timers:466:21)
2023-08-21 19:04:06.355 [error] semantictokens are disabled: Error: semantictokens are disabled
	at handleResponse (/home/ajpf/.vscode/extensions/golang.go-0.39.1/dist/goMain.js:2126:40)
	at handleMessage (/home/ajpf/.vscode/extensions/golang.go-0.39.1/dist/goMain.js:1936:11)
	at processMessageQueue (/home/ajpf/.vscode/extensions/golang.go-0.39.1/dist/goMain.js:1951:13)
	at Immediate.<anonymous> (/home/ajpf/.vscode/extensions/golang.go-0.39.1/dist/goMain.js:1927:11)
	at process.processImmediate (node:internal/timers:466:21)
2023-08-21 19:04:07.400 [error] semantictokens are disabled: Error: semantictokens are disabled
	at handleResponse (/home/ajpf/.vscode/extensions/golang.go-0.39.1/dist/goMain.js:2126:40)
	at handleMessage (/home/ajpf/.vscode/extensions/golang.go-0.39.1/dist/goMain.js:1936:11)
	at processMessageQueue (/home/ajpf/.vscode/extensions/golang.go-0.39.1/dist/goMain.js:1951:13)
	at Immediate.<anonymous> (/home/ajpf/.vscode/extensions/golang.go-0.39.1/dist/goMain.js:1927:11)
	at process.processImmediate (node:internal/timers:466:21)
2023-08-21 19:04:10.804 [error] semantictokens are disabled: Error: semantictokens are disabled
	at handleResponse (/home/ajpf/.vscode/extensions/golang.go-0.39.1/dist/goMain.js:2126:40)
	at handleMessage (/home/ajpf/.vscode/extensions/golang.go-0.39.1/dist/goMain.js:1936:11)
	at processMessageQueue (/home/ajpf/.vscode/extensions/golang.go-0.39.1/dist/goMain.js:1951:13)
	at Immediate.<anonymous> (/home/ajpf/.vscode/extensions/golang.go-0.39.1/dist/goMain.js:1927:11)
	at process.processImmediate (node:internal/timers:466:21)
2023-08-21 19:04:11.329 [error] rune error: Error: rune error
	at handleResponse (/home/ajpf/.vscode/extensions/golang.go-0.39.1/dist/goMain.js:2126:40)
	at handleMessage (/home/ajpf/.vscode/extensions/golang.go-0.39.1/dist/goMain.js:1936:11)
	at processMessageQueue (/home/ajpf/.vscode/extensions/golang.go-0.39.1/dist/goMain.js:1951:13)
	at Immediate.<anonymous> (/home/ajpf/.vscode/extensions/golang.go-0.39.1/dist/goMain.js:1927:11)
	at process.processImmediate (node:internal/timers:466:21)
2023-08-21 19:04:15.249 [error] semantictokens are disabled: Error: semantictokens are disabled
	at handleResponse (/home/ajpf/.vscode/extensions/golang.go-0.39.1/dist/goMain.js:2126:40)
	at handleMessage (/home/ajpf/.vscode/extensions/golang.go-0.39.1/dist/goMain.js:1936:11)
	at processMessageQueue (/home/ajpf/.vscode/extensions/golang.go-0.39.1/dist/goMain.js:1951:13)
	at Immediate.<anonymous> (/home/ajpf/.vscode/extensions/golang.go-0.39.1/dist/goMain.js:1927:11)
	at process.processImmediate (node:internal/timers:466:21)
2023-08-21 19:04:15.573 [error] rune error: Error: rune error
	at handleResponse (/home/ajpf/.vscode/extensions/golang.go-0.39.1/dist/goMain.js:2126:40)
	at handleMessage (/home/ajpf/.vscode/extensions/golang.go-0.39.1/dist/goMain.js:1936:11)
	at processMessageQueue (/home/ajpf/.vscode/extensions/golang.go-0.39.1/dist/goMain.js:1951:13)
	at Immediate.<anonymous> (/home/ajpf/.vscode/extensions/golang.go-0.39.1/dist/goMain.js:1927:11)
	at process.processImmediate (node:internal/timers:466:21)
2023-08-21 19:04:18.665 [error] semantictokens are disabled: Error: semantictokens are disabled
	at handleResponse (/home/ajpf/.vscode/extensions/golang.go-0.39.1/dist/goMain.js:2126:40)
	at handleMessage (/home/ajpf/.vscode/extensions/golang.go-0.39.1/dist/goMain.js:1936:11)
	at processMessageQueue (/home/ajpf/.vscode/extensions/golang.go-0.39.1/dist/goMain.js:1951:13)
	at Immediate.<anonymous> (/home/ajpf/.vscode/extensions/golang.go-0.39.1/dist/goMain.js:1927:11)
	at process.processImmediate (node:internal/timers:466:21)
2023-08-21 19:04:20.292 [error] semantictokens are disabled: Error: semantictokens are disabled
	at handleResponse (/home/ajpf/.vscode/extensions/golang.go-0.39.1/dist/goMain.js:2126:40)
	at handleMessage (/home/ajpf/.vscode/extensions/golang.go-0.39.1/dist/goMain.js:1936:11)
	at processMessageQueue (/home/ajpf/.vscode/extensions/golang.go-0.39.1/dist/goMain.js:1951:13)
	at Immediate.<anonymous> (/home/ajpf/.vscode/extensions/golang.go-0.39.1/dist/goMain.js:1927:11)
	at process.processImmediate (node:internal/timers:466:21)
2023-08-21 19:04:21.373 [error] semantictokens are disabled: Error: semantictokens are disabled
	at handleResponse (/home/ajpf/.vscode/extensions/golang.go-0.39.1/dist/goMain.js:2126:40)
	at handleMessage (/home/ajpf/.vscode/extensions/golang.go-0.39.1/dist/goMain.js:1936:11)
	at processMessageQueue (/home/ajpf/.vscode/extensions/golang.go-0.39.1/dist/goMain.js:1951:13)
	at Immediate.<anonymous> (/home/ajpf/.vscode/extensions/golang.go-0.39.1/dist/goMain.js:1927:11)
	at process.processImmediate (node:internal/timers:466:21)
2023-08-21 19:04:22.511 [error] semantictokens are disabled: Error: semantictokens are disabled
	at handleResponse (/home/ajpf/.vscode/extensions/golang.go-0.39.1/dist/goMain.js:2126:40)
	at handleMessage (/home/ajpf/.vscode/extensions/golang.go-0.39.1/dist/goMain.js:1936:11)
	at processMessageQueue (/home/ajpf/.vscode/extensions/golang.go-0.39.1/dist/goMain.js:1951:13)
	at Immediate.<anonymous> (/home/ajpf/.vscode/extensions/golang.go-0.39.1/dist/goMain.js:1927:11)
	at process.processImmediate (node:internal/timers:466:21)
2023-08-21 19:04:23.628 [error] semantictokens are disabled: Error: semantictokens are disabled
	at handleResponse (/home/ajpf/.vscode/extensions/golang.go-0.39.1/dist/goMain.js:2126:40)
	at handleMessage (/home/ajpf/.vscode/extensions/golang.go-0.39.1/dist/goMain.js:1936:11)
	at processMessageQueue (/home/ajpf/.vscode/extensions/golang.go-0.39.1/dist/goMain.js:1951:13)
	at Immediate.<anonymous> (/home/ajpf/.vscode/extensions/golang.go-0.39.1/dist/goMain.js:1927:11)
	at process.processImmediate (node:internal/timers:466:21)
2023-08-21 19:04:24.908 [error] semantictokens are disabled: Error: semantictokens are disabled
	at handleResponse (/home/ajpf/.vscode/extensions/golang.go-0.39.1/dist/goMain.js:2126:40)
	at handleMessage (/home/ajpf/.vscode/extensions/golang.go-0.39.1/dist/goMain.js:1936:11)
	at processMessageQueue (/home/ajpf/.vscode/extensions/golang.go-0.39.1/dist/goMain.js:1951:13)
	at Immediate.<anonymous> (/home/ajpf/.vscode/extensions/golang.go-0.39.1/dist/goMain.js:1927:11)
	at process.processImmediate (node:internal/timers:466:21)
2023-08-21 19:04:51.791 [error] semantictokens are disabled: Error: semantictokens are disabled
	at handleResponse (/home/ajpf/.vscode/extensions/golang.go-0.39.1/dist/goMain.js:2126:40)
	at handleMessage (/home/ajpf/.vscode/extensions/golang.go-0.39.1/dist/goMain.js:1936:11)
	at processMessageQueue (/home/ajpf/.vscode/extensions/golang.go-0.39.1/dist/goMain.js:1951:13)
	at Immediate.<anonymous> (/home/ajpf/.vscode/extensions/golang.go-0.39.1/dist/goMain.js:1927:11)
	at process.processImmediate (node:internal/timers:466:21)
2023-08-21 19:04:53.592 [error] semantictokens are disabled: Error: semantictokens are disabled
	at handleResponse (/home/ajpf/.vscode/extensions/golang.go-0.39.1/dist/goMain.js:2126:40)
	at handleMessage (/home/ajpf/.vscode/extensions/golang.go-0.39.1/dist/goMain.js:1936:11)
	at processMessageQueue (/home/ajpf/.vscode/extensions/golang.go-0.39.1/dist/goMain.js:1951:13)
	at Immediate.<anonymous> (/home/ajpf/.vscode/extensions/golang.go-0.39.1/dist/goMain.js:1927:11)
	at process.processImmediate (node:internal/timers:466:21)
2023-08-21 19:04:55.144 [error] semantictokens are disabled: Error: semantictokens are disabled
	at handleResponse (/home/ajpf/.vscode/extensions/golang.go-0.39.1/dist/goMain.js:2126:40)
	at handleMessage (/home/ajpf/.vscode/extensions/golang.go-0.39.1/dist/goMain.js:1936:11)
	at processMessageQueue (/home/ajpf/.vscode/extensions/golang.go-0.39.1/dist/goMain.js:1951:13)
	at Immediate.<anonymous> (/home/ajpf/.vscode/extensions/golang.go-0.39.1/dist/goMain.js:1927:11)
	at process.processImmediate (node:internal/timers:466:21)
2023-08-21 19:04:56.159 [error] semantictokens are disabled: Error: semantictokens are disabled
	at handleResponse (/home/ajpf/.vscode/extensions/golang.go-0.39.1/dist/goMain.js:2126:40)
	at handleMessage (/home/ajpf/.vscode/extensions/golang.go-0.39.1/dist/goMain.js:1936:11)
	at processMessageQueue (/home/ajpf/.vscode/extensions/golang.go-0.39.1/dist/goMain.js:1951:13)
	at Immediate.<anonymous> (/home/ajpf/.vscode/extensions/golang.go-0.39.1/dist/goMain.js:1927:11)
	at process.processImmediate (node:internal/timers:466:21)
2023-08-21 19:04:57.534 [error] semantictokens are disabled: Error: semantictokens are disabled
	at handleResponse (/home/ajpf/.vscode/extensions/golang.go-0.39.1/dist/goMain.js:2126:40)
	at handleMessage (/home/ajpf/.vscode/extensions/golang.go-0.39.1/dist/goMain.js:1936:11)
	at processMessageQueue (/home/ajpf/.vscode/extensions/golang.go-0.39.1/dist/goMain.js:1951:13)
	at Immediate.<anonymous> (/home/ajpf/.vscode/extensions/golang.go-0.39.1/dist/goMain.js:1927:11)
	at process.processImmediate (node:internal/timers:466:21)
2023-08-21 19:05:00.495 [error] semantictokens are disabled: Error: semantictokens are disabled
	at handleResponse (/home/ajpf/.vscode/extensions/golang.go-0.39.1/dist/goMain.js:2126:40)
	at handleMessage (/home/ajpf/.vscode/extensions/golang.go-0.39.1/dist/goMain.js:1936:11)
	at processMessageQueue (/home/ajpf/.vscode/extensions/golang.go-0.39.1/dist/goMain.js:1951:13)
	at Immediate.<anonymous> (/home/ajpf/.vscode/extensions/golang.go-0.39.1/dist/goMain.js:1927:11)
	at process.processImmediate (node:internal/timers:466:21)
2023-08-21 19:05:02.983 [error] semantictokens are disabled: Error: semantictokens are disabled
	at handleResponse (/home/ajpf/.vscode/extensions/golang.go-0.39.1/dist/goMain.js:2126:40)
	at handleMessage (/home/ajpf/.vscode/extensions/golang.go-0.39.1/dist/goMain.js:1936:11)
	at processMessageQueue (/home/ajpf/.vscode/extensions/golang.go-0.39.1/dist/goMain.js:1951:13)
	at Immediate.<anonymous> (/home/ajpf/.vscode/extensions/golang.go-0.39.1/dist/goMain.js:1927:11)
	at process.processImmediate (node:internal/timers:466:21)
2023-08-21 19:05:05.014 [error] semantictokens are disabled: Error: semantictokens are disabled
	at handleResponse (/home/ajpf/.vscode/extensions/golang.go-0.39.1/dist/goMain.js:2126:40)
	at handleMessage (/home/ajpf/.vscode/extensions/golang.go-0.39.1/dist/goMain.js:1936:11)
	at processMessageQueue (/home/ajpf/.vscode/extensions/golang.go-0.39.1/dist/goMain.js:1951:13)
	at Immediate.<anonymous> (/home/ajpf/.vscode/extensions/golang.go-0.39.1/dist/goMain.js:1927:11)
	at process.processImmediate (node:internal/timers:466:21)
2023-08-21 19:05:06.109 [error] semantictokens are disabled: Error: semantictokens are disabled
	at handleResponse (/home/ajpf/.vscode/extensions/golang.go-0.39.1/dist/goMain.js:2126:40)
	at handleMessage (/home/ajpf/.vscode/extensions/golang.go-0.39.1/dist/goMain.js:1936:11)
	at processMessageQueue (/home/ajpf/.vscode/extensions/golang.go-0.39.1/dist/goMain.js:1951:13)
	at Immediate.<anonymous> (/home/ajpf/.vscode/extensions/golang.go-0.39.1/dist/goMain.js:1927:11)
	at process.processImmediate (node:internal/timers:466:21)
2023-08-21 19:05:07.349 [error] semantictokens are disabled: Error: semantictokens are disabled
	at handleResponse (/home/ajpf/.vscode/extensions/golang.go-0.39.1/dist/goMain.js:2126:40)
	at handleMessage (/home/ajpf/.vscode/extensions/golang.go-0.39.1/dist/goMain.js:1936:11)
	at processMessageQueue (/home/ajpf/.vscode/extensions/golang.go-0.39.1/dist/goMain.js:1951:13)
	at Immediate.<anonymous> (/home/ajpf/.vscode/extensions/golang.go-0.39.1/dist/goMain.js:1927:11)
	at process.processImmediate (node:internal/timers:466:21)
2023-08-21 19:05:11.943 [error] semantictokens are disabled: Error: semantictokens are disabled
	at handleResponse (/home/ajpf/.vscode/extensions/golang.go-0.39.1/dist/goMain.js:2126:40)
	at handleMessage (/home/ajpf/.vscode/extensions/golang.go-0.39.1/dist/goMain.js:1936:11)
	at processMessageQueue (/home/ajpf/.vscode/extensions/golang.go-0.39.1/dist/goMain.js:1951:13)
	at Immediate.<anonymous> (/home/ajpf/.vscode/extensions/golang.go-0.39.1/dist/goMain.js:1927:11)
	at process.processImmediate (node:internal/timers:466:21)
2023-08-21 19:05:13.113 [error] semantictokens are disabled: Error: semantictokens are disabled
	at handleResponse (/home/ajpf/.vscode/extensions/golang.go-0.39.1/dist/goMain.js:2126:40)
	at handleMessage (/home/ajpf/.vscode/extensions/golang.go-0.39.1/dist/goMain.js:1936:11)
	at processMessageQueue (/home/ajpf/.vscode/extensions/golang.go-0.39.1/dist/goMain.js:1951:13)
	at Immediate.<anonymous> (/home/ajpf/.vscode/extensions/golang.go-0.39.1/dist/goMain.js:1927:11)
	at process.processImmediate (node:internal/timers:466:21)
2023-08-21 19:05:17.778 [error] semantictokens are disabled: Error: semantictokens are disabled
	at handleResponse (/home/ajpf/.vscode/extensions/golang.go-0.39.1/dist/goMain.js:2126:40)
	at handleMessage (/home/ajpf/.vscode/extensions/golang.go-0.39.1/dist/goMain.js:1936:11)
	at processMessageQueue (/home/ajpf/.vscode/extensions/golang.go-0.39.1/dist/goMain.js:1951:13)
	at Immediate.<anonymous> (/home/ajpf/.vscode/extensions/golang.go-0.39.1/dist/goMain.js:1927:11)
	at process.processImmediate (node:internal/timers:466:21)
2023-08-21 19:05:19.045 [error] semantictokens are disabled: Error: semantictokens are disabled
	at handleResponse (/home/ajpf/.vscode/extensions/golang.go-0.39.1/dist/goMain.js:2126:40)
	at handleMessage (/home/ajpf/.vscode/extensions/golang.go-0.39.1/dist/goMain.js:1936:11)
	at processMessageQueue (/home/ajpf/.vscode/extensions/golang.go-0.39.1/dist/goMain.js:1951:13)
	at Immediate.<anonymous> (/home/ajpf/.vscode/extensions/golang.go-0.39.1/dist/goMain.js:1927:11)
	at process.processImmediate (node:internal/timers:466:21)
2023-08-21 19:05:41.945 [error] semantictokens are disabled: Error: semantictokens are disabled
	at handleResponse (/home/ajpf/.vscode/extensions/golang.go-0.39.1/dist/goMain.js:2126:40)
	at handleMessage (/home/ajpf/.vscode/extensions/golang.go-0.39.1/dist/goMain.js:1936:11)
	at processMessageQueue (/home/ajpf/.vscode/extensions/golang.go-0.39.1/dist/goMain.js:1951:13)
	at Immediate.<anonymous> (/home/ajpf/.vscode/extensions/golang.go-0.39.1/dist/goMain.js:1927:11)
	at process.processImmediate (node:internal/timers:466:21)
2023-08-21 19:05:43.953 [error] semantictokens are disabled: Error: semantictokens are disabled
	at handleResponse (/home/ajpf/.vscode/extensions/golang.go-0.39.1/dist/goMain.js:2126:40)
	at handleMessage (/home/ajpf/.vscode/extensions/golang.go-0.39.1/dist/goMain.js:1936:11)
	at processMessageQueue (/home/ajpf/.vscode/extensions/golang.go-0.39.1/dist/goMain.js:1951:13)
	at Immediate.<anonymous> (/home/ajpf/.vscode/extensions/golang.go-0.39.1/dist/goMain.js:1927:11)
	at process.processImmediate (node:internal/timers:466:21)
2023-08-21 19:05:57.995 [error] rune error: Error: rune error
	at handleResponse (/home/ajpf/.vscode/extensions/golang.go-0.39.1/dist/goMain.js:2126:40)
	at handleMessage (/home/ajpf/.vscode/extensions/golang.go-0.39.1/dist/goMain.js:1936:11)
	at processMessageQueue (/home/ajpf/.vscode/extensions/golang.go-0.39.1/dist/goMain.js:1951:13)
	at Immediate.<anonymous> (/home/ajpf/.vscode/extensions/golang.go-0.39.1/dist/goMain.js:1927:11)
	at process.processImmediate (node:internal/timers:466:21)
2023-08-21 19:06:00.022 [error] semantictokens are disabled: Error: semantictokens are disabled
	at handleResponse (/home/ajpf/.vscode/extensions/golang.go-0.39.1/dist/goMain.js:2126:40)
	at handleMessage (/home/ajpf/.vscode/extensions/golang.go-0.39.1/dist/goMain.js:1936:11)
	at processMessageQueue (/home/ajpf/.vscode/extensions/golang.go-0.39.1/dist/goMain.js:1951:13)
	at Immediate.<anonymous> (/home/ajpf/.vscode/extensions/golang.go-0.39.1/dist/goMain.js:1927:11)
	at process.processImmediate (node:internal/timers:466:21)
2023-08-21 19:06:01.207 [error] semantictokens are disabled: Error: semantictokens are disabled
	at handleResponse (/home/ajpf/.vscode/extensions/golang.go-0.39.1/dist/goMain.js:2126:40)
	at handleMessage (/home/ajpf/.vscode/extensions/golang.go-0.39.1/dist/goMain.js:1936:11)
	at processMessageQueue (/home/ajpf/.vscode/extensions/golang.go-0.39.1/dist/goMain.js:1951:13)
	at Immediate.<anonymous> (/home/ajpf/.vscode/extensions/golang.go-0.39.1/dist/goMain.js:1927:11)
	at process.processImmediate (node:internal/timers:466:21)
2023-08-21 19:06:02.726 [error] semantictokens are disabled: Error: semantictokens are disabled
	at handleResponse (/home/ajpf/.vscode/extensions/golang.go-0.39.1/dist/goMain.js:2126:40)
	at handleMessage (/home/ajpf/.vscode/extensions/golang.go-0.39.1/dist/goMain.js:1936:11)
	at processMessageQueue (/home/ajpf/.vscode/extensions/golang.go-0.39.1/dist/goMain.js:1951:13)
	at Immediate.<anonymous> (/home/ajpf/.vscode/extensions/golang.go-0.39.1/dist/goMain.js:1927:11)
	at process.processImmediate (node:internal/timers:466:21)
2023-08-21 19:06:03.992 [error] semantictokens are disabled: Error: semantictokens are disabled
	at handleResponse (/home/ajpf/.vscode/extensions/golang.go-0.39.1/dist/goMain.js:2126:40)
	at handleMessage (/home/ajpf/.vscode/extensions/golang.go-0.39.1/dist/goMain.js:1936:11)
	at processMessageQueue (/home/ajpf/.vscode/extensions/golang.go-0.39.1/dist/goMain.js:1951:13)
	at Immediate.<anonymous> (/home/ajpf/.vscode/extensions/golang.go-0.39.1/dist/goMain.js:1927:11)
	at process.processImmediate (node:internal/timers:466:21)
2023-08-21 19:06:10.741 [error] semantictokens are disabled: Error: semantictokens are disabled
	at handleResponse (/home/ajpf/.vscode/extensions/golang.go-0.39.1/dist/goMain.js:2126:40)
	at handleMessage (/home/ajpf/.vscode/extensions/golang.go-0.39.1/dist/goMain.js:1936:11)
	at processMessageQueue (/home/ajpf/.vscode/extensions/golang.go-0.39.1/dist/goMain.js:1951:13)
	at Immediate.<anonymous> (/home/ajpf/.vscode/extensions/golang.go-0.39.1/dist/goMain.js:1927:11)
	at process.processImmediate (node:internal/timers:466:21)
2023-08-21 19:06:12.460 [error] semantictokens are disabled: Error: semantictokens are disabled
	at handleResponse (/home/ajpf/.vscode/extensions/golang.go-0.39.1/dist/goMain.js:2126:40)
	at handleMessage (/home/ajpf/.vscode/extensions/golang.go-0.39.1/dist/goMain.js:1936:11)
	at processMessageQueue (/home/ajpf/.vscode/extensions/golang.go-0.39.1/dist/goMain.js:1951:13)
	at Immediate.<anonymous> (/home/ajpf/.vscode/extensions/golang.go-0.39.1/dist/goMain.js:1927:11)
	at process.processImmediate (node:internal/timers:466:21)
2023-08-21 19:06:13.895 [error] semantictokens are disabled: Error: semantictokens are disabled
	at handleResponse (/home/ajpf/.vscode/extensions/golang.go-0.39.1/dist/goMain.js:2126:40)
	at handleMessage (/home/ajpf/.vscode/extensions/golang.go-0.39.1/dist/goMain.js:1936:11)
	at processMessageQueue (/home/ajpf/.vscode/extensions/golang.go-0.39.1/dist/goMain.js:1951:13)
	at Immediate.<anonymous> (/home/ajpf/.vscode/extensions/golang.go-0.39.1/dist/goMain.js:1927:11)
	at process.processImmediate (node:internal/timers:466:21)
2023-08-21 19:06:15.125 [error] semantictokens are disabled: Error: semantictokens are disabled
	at handleResponse (/home/ajpf/.vscode/extensions/golang.go-0.39.1/dist/goMain.js:2126:40)
	at handleMessage (/home/ajpf/.vscode/extensions/golang.go-0.39.1/dist/goMain.js:1936:11)
	at processMessageQueue (/home/ajpf/.vscode/extensions/golang.go-0.39.1/dist/goMain.js:1951:13)
	at Immediate.<anonymous> (/home/ajpf/.vscode/extensions/golang.go-0.39.1/dist/goMain.js:1927:11)
	at process.processImmediate (node:internal/timers:466:21)
2023-08-21 19:06:21.198 [error] semantictokens are disabled: Error: semantictokens are disabled
	at handleResponse (/home/ajpf/.vscode/extensions/golang.go-0.39.1/dist/goMain.js:2126:40)
	at handleMessage (/home/ajpf/.vscode/extensions/golang.go-0.39.1/dist/goMain.js:1936:11)
	at processMessageQueue (/home/ajpf/.vscode/extensions/golang.go-0.39.1/dist/goMain.js:1951:13)
	at Immediate.<anonymous> (/home/ajpf/.vscode/extensions/golang.go-0.39.1/dist/goMain.js:1927:11)
	at process.processImmediate (node:internal/timers:466:21)
2023-08-21 19:06:42.922 [error] semantictokens are disabled: Error: semantictokens are disabled
	at handleResponse (/home/ajpf/.vscode/extensions/golang.go-0.39.1/dist/goMain.js:2126:40)
	at handleMessage (/home/ajpf/.vscode/extensions/golang.go-0.39.1/dist/goMain.js:1936:11)
	at processMessageQueue (/home/ajpf/.vscode/extensions/golang.go-0.39.1/dist/goMain.js:1951:13)
	at Immediate.<anonymous> (/home/ajpf/.vscode/extensions/golang.go-0.39.1/dist/goMain.js:1927:11)
	at process.processImmediate (node:internal/timers:466:21)
2023-08-21 19:06:44.151 [error] semantictokens are disabled: Error: semantictokens are disabled
	at handleResponse (/home/ajpf/.vscode/extensions/golang.go-0.39.1/dist/goMain.js:2126:40)
	at handleMessage (/home/ajpf/.vscode/extensions/golang.go-0.39.1/dist/goMain.js:1936:11)
	at processMessageQueue (/home/ajpf/.vscode/extensions/golang.go-0.39.1/dist/goMain.js:1951:13)
	at Immediate.<anonymous> (/home/ajpf/.vscode/extensions/golang.go-0.39.1/dist/goMain.js:1927:11)
	at process.processImmediate (node:internal/timers:466:21)
2023-08-21 19:06:45.353 [error] semantictokens are disabled: Error: semantictokens are disabled
	at handleResponse (/home/ajpf/.vscode/extensions/golang.go-0.39.1/dist/goMain.js:2126:40)
	at handleMessage (/home/ajpf/.vscode/extensions/golang.go-0.39.1/dist/goMain.js:1936:11)
	at processMessageQueue (/home/ajpf/.vscode/extensions/golang.go-0.39.1/dist/goMain.js:1951:13)
	at Immediate.<anonymous> (/home/ajpf/.vscode/extensions/golang.go-0.39.1/dist/goMain.js:1927:11)
	at process.processImmediate (node:internal/timers:466:21)
2023-08-21 19:06:46.383 [error] semantictokens are disabled: Error: semantictokens are disabled
	at handleResponse (/home/ajpf/.vscode/extensions/golang.go-0.39.1/dist/goMain.js:2126:40)
	at handleMessage (/home/ajpf/.vscode/extensions/golang.go-0.39.1/dist/goMain.js:1936:11)
	at processMessageQueue (/home/ajpf/.vscode/extensions/golang.go-0.39.1/dist/goMain.js:1951:13)
	at Immediate.<anonymous> (/home/ajpf/.vscode/extensions/golang.go-0.39.1/dist/goMain.js:1927:11)
	at process.processImmediate (node:internal/timers:466:21)
2023-08-21 19:06:47.513 [error] semantictokens are disabled: Error: semantictokens are disabled
	at handleResponse (/home/ajpf/.vscode/extensions/golang.go-0.39.1/dist/goMain.js:2126:40)
	at handleMessage (/home/ajpf/.vscode/extensions/golang.go-0.39.1/dist/goMain.js:1936:11)
	at processMessageQueue (/home/ajpf/.vscode/extensions/golang.go-0.39.1/dist/goMain.js:1951:13)
	at Immediate.<anonymous> (/home/ajpf/.vscode/extensions/golang.go-0.39.1/dist/goMain.js:1927:11)
	at process.processImmediate (node:internal/timers:466:21)
2023-08-21 19:06:50.731 [error] semantictokens are disabled: Error: semantictokens are disabled
	at handleResponse (/home/ajpf/.vscode/extensions/golang.go-0.39.1/dist/goMain.js:2126:40)
	at handleMessage (/home/ajpf/.vscode/extensions/golang.go-0.39.1/dist/goMain.js:1936:11)
	at processMessageQueue (/home/ajpf/.vscode/extensions/golang.go-0.39.1/dist/goMain.js:1951:13)
	at Immediate.<anonymous> (/home/ajpf/.vscode/extensions/golang.go-0.39.1/dist/goMain.js:1927:11)
	at process.processImmediate (node:internal/timers:466:21)
2023-08-21 19:07:03.050 [error] semantictokens are disabled: Error: semantictokens are disabled
	at handleResponse (/home/ajpf/.vscode/extensions/golang.go-0.39.1/dist/goMain.js:2126:40)
	at handleMessage (/home/ajpf/.vscode/extensions/golang.go-0.39.1/dist/goMain.js:1936:11)
	at processMessageQueue (/home/ajpf/.vscode/extensions/golang.go-0.39.1/dist/goMain.js:1951:13)
	at Immediate.<anonymous> (/home/ajpf/.vscode/extensions/golang.go-0.39.1/dist/goMain.js:1927:11)
	at process.processImmediate (node:internal/timers:466:21)
2023-08-21 19:07:10.502 [error] rune error: Error: rune error
	at handleResponse (/home/ajpf/.vscode/extensions/golang.go-0.39.1/dist/goMain.js:2126:40)
	at handleMessage (/home/ajpf/.vscode/extensions/golang.go-0.39.1/dist/goMain.js:1936:11)
	at processMessageQueue (/home/ajpf/.vscode/extensions/golang.go-0.39.1/dist/goMain.js:1951:13)
	at Immediate.<anonymous> (/home/ajpf/.vscode/extensions/golang.go-0.39.1/dist/goMain.js:1927:11)
	at process.processImmediate (node:internal/timers:466:21)
2023-08-21 19:07:11.069 [error] semantictokens are disabled: Error: semantictokens are disabled
	at handleResponse (/home/ajpf/.vscode/extensions/golang.go-0.39.1/dist/goMain.js:2126:40)
	at handleMessage (/home/ajpf/.vscode/extensions/golang.go-0.39.1/dist/goMain.js:1936:11)
	at processMessageQueue (/home/ajpf/.vscode/extensions/golang.go-0.39.1/dist/goMain.js:1951:13)
	at Immediate.<anonymous> (/home/ajpf/.vscode/extensions/golang.go-0.39.1/dist/goMain.js:1927:11)
	at process.processImmediate (node:internal/timers:466:21)
2023-08-21 19:07:12.070 [error] semantictokens are disabled: Error: semantictokens are disabled
	at handleResponse (/home/ajpf/.vscode/extensions/golang.go-0.39.1/dist/goMain.js:2126:40)
	at handleMessage (/home/ajpf/.vscode/extensions/golang.go-0.39.1/dist/goMain.js:1936:11)
	at processMessageQueue (/home/ajpf/.vscode/extensions/golang.go-0.39.1/dist/goMain.js:1951:13)
	at Immediate.<anonymous> (/home/ajpf/.vscode/extensions/golang.go-0.39.1/dist/goMain.js:1927:11)
	at process.processImmediate (node:internal/timers:466:21)
2023-08-21 19:07:13.245 [error] semantictokens are disabled: Error: semantictokens are disabled
	at handleResponse (/home/ajpf/.vscode/extensions/golang.go-0.39.1/dist/goMain.js:2126:40)
	at handleMessage (/home/ajpf/.vscode/extensions/golang.go-0.39.1/dist/goMain.js:1936:11)
	at processMessageQueue (/home/ajpf/.vscode/extensions/golang.go-0.39.1/dist/goMain.js:1951:13)
	at Immediate.<anonymous> (/home/ajpf/.vscode/extensions/golang.go-0.39.1/dist/goMain.js:1927:11)
	at process.processImmediate (node:internal/timers:466:21)
2023-08-21 19:07:14.376 [error] semantictokens are disabled: Error: semantictokens are disabled
	at handleResponse (/home/ajpf/.vscode/extensions/golang.go-0.39.1/dist/goMain.js:2126:40)
	at handleMessage (/home/ajpf/.vscode/extensions/golang.go-0.39.1/dist/goMain.js:1936:11)
	at processMessageQueue (/home/ajpf/.vscode/extensions/golang.go-0.39.1/dist/goMain.js:1951:13)
	at Immediate.<anonymous> (/home/ajpf/.vscode/extensions/golang.go-0.39.1/dist/goMain.js:1927:11)
	at process.processImmediate (node:internal/timers:466:21)
2023-08-21 19:07:15.773 [error] semantictokens are disabled: Error: semantictokens are disabled
	at handleResponse (/home/ajpf/.vscode/extensions/golang.go-0.39.1/dist/goMain.js:2126:40)
	at handleMessage (/home/ajpf/.vscode/extensions/golang.go-0.39.1/dist/goMain.js:1936:11)
	at processMessageQueue (/home/ajpf/.vscode/extensions/golang.go-0.39.1/dist/goMain.js:1951:13)
	at Immediate.<anonymous> (/home/ajpf/.vscode/extensions/golang.go-0.39.1/dist/goMain.js:1927:11)
	at process.processImmediate (node:internal/timers:466:21)
2023-08-21 19:07:18.704 [error] semantictokens are disabled: Error: semantictokens are disabled
	at handleResponse (/home/ajpf/.vscode/extensions/golang.go-0.39.1/dist/goMain.js:2126:40)
	at handleMessage (/home/ajpf/.vscode/extensions/golang.go-0.39.1/dist/goMain.js:1936:11)
	at processMessageQueue (/home/ajpf/.vscode/extensions/golang.go-0.39.1/dist/goMain.js:1951:13)
	at Immediate.<anonymous> (/home/ajpf/.vscode/extensions/golang.go-0.39.1/dist/goMain.js:1927:11)
	at process.processImmediate (node:internal/timers:466:21)
2023-08-21 19:07:19.882 [error] semantictokens are disabled: Error: semantictokens are disabled
	at handleResponse (/home/ajpf/.vscode/extensions/golang.go-0.39.1/dist/goMain.js:2126:40)
	at handleMessage (/home/ajpf/.vscode/extensions/golang.go-0.39.1/dist/goMain.js:1936:11)
	at processMessageQueue (/home/ajpf/.vscode/extensions/golang.go-0.39.1/dist/goMain.js:1951:13)
	at Immediate.<anonymous> (/home/ajpf/.vscode/extensions/golang.go-0.39.1/dist/goMain.js:1927:11)
	at process.processImmediate (node:internal/timers:466:21)
2023-08-21 19:07:21.069 [error] semantictokens are disabled: Error: semantictokens are disabled
	at handleResponse (/home/ajpf/.vscode/extensions/golang.go-0.39.1/dist/goMain.js:2126:40)
	at handleMessage (/home/ajpf/.vscode/extensions/golang.go-0.39.1/dist/goMain.js:1936:11)
	at processMessageQueue (/home/ajpf/.vscode/extensions/golang.go-0.39.1/dist/goMain.js:1951:13)
	at Immediate.<anonymous> (/home/ajpf/.vscode/extensions/golang.go-0.39.1/dist/goMain.js:1927:11)
	at process.processImmediate (node:internal/timers:466:21)
2023-08-21 19:07:22.716 [error] semantictokens are disabled: Error: semantictokens are disabled
	at handleResponse (/home/ajpf/.vscode/extensions/golang.go-0.39.1/dist/goMain.js:2126:40)
	at handleMessage (/home/ajpf/.vscode/extensions/golang.go-0.39.1/dist/goMain.js:1936:11)
	at processMessageQueue (/home/ajpf/.vscode/extensions/golang.go-0.39.1/dist/goMain.js:1951:13)
	at Immediate.<anonymous> (/home/ajpf/.vscode/extensions/golang.go-0.39.1/dist/goMain.js:1927:11)
	at process.processImmediate (node:internal/timers:466:21)
2023-08-21 19:07:23.878 [error] semantictokens are disabled: Error: semantictokens are disabled
	at handleResponse (/home/ajpf/.vscode/extensions/golang.go-0.39.1/dist/goMain.js:2126:40)
	at handleMessage (/home/ajpf/.vscode/extensions/golang.go-0.39.1/dist/goMain.js:1936:11)
	at processMessageQueue (/home/ajpf/.vscode/extensions/golang.go-0.39.1/dist/goMain.js:1951:13)
	at Immediate.<anonymous> (/home/ajpf/.vscode/extensions/golang.go-0.39.1/dist/goMain.js:1927:11)
	at process.processImmediate (node:internal/timers:466:21)
2023-08-21 19:07:25.104 [error] semantictokens are disabled: Error: semantictokens are disabled
	at handleResponse (/home/ajpf/.vscode/extensions/golang.go-0.39.1/dist/goMain.js:2126:40)
	at handleMessage (/home/ajpf/.vscode/extensions/golang.go-0.39.1/dist/goMain.js:1936:11)
	at processMessageQueue (/home/ajpf/.vscode/extensions/golang.go-0.39.1/dist/goMain.js:1951:13)
	at Immediate.<anonymous> (/home/ajpf/.vscode/extensions/golang.go-0.39.1/dist/goMain.js:1927:11)
	at process.processImmediate (node:internal/timers:466:21)
2023-08-21 19:07:28.518 [error] semantictokens are disabled: Error: semantictokens are disabled
	at handleResponse (/home/ajpf/.vscode/extensions/golang.go-0.39.1/dist/goMain.js:2126:40)
	at handleMessage (/home/ajpf/.vscode/extensions/golang.go-0.39.1/dist/goMain.js:1936:11)
	at processMessageQueue (/home/ajpf/.vscode/extensions/golang.go-0.39.1/dist/goMain.js:1951:13)
	at Immediate.<anonymous> (/home/ajpf/.vscode/extensions/golang.go-0.39.1/dist/goMain.js:1927:11)
	at process.processImmediate (node:internal/timers:466:21)
2023-08-21 19:07:45.921 [error] semantictokens are disabled: Error: semantictokens are disabled
	at handleResponse (/home/ajpf/.vscode/extensions/golang.go-0.39.1/dist/goMain.js:2126:40)
	at handleMessage (/home/ajpf/.vscode/extensions/golang.go-0.39.1/dist/goMain.js:1936:11)
	at processMessageQueue (/home/ajpf/.vscode/extensions/golang.go-0.39.1/dist/goMain.js:1951:13)
	at Immediate.<anonymous> (/home/ajpf/.vscode/extensions/golang.go-0.39.1/dist/goMain.js:1927:11)
	at process.processImmediate (node:internal/timers:466:21)
2023-08-21 19:07:54.068 [error] semantictokens are disabled: Error: semantictokens are disabled
	at handleResponse (/home/ajpf/.vscode/extensions/golang.go-0.39.1/dist/goMain.js:2126:40)
	at handleMessage (/home/ajpf/.vscode/extensions/golang.go-0.39.1/dist/goMain.js:1936:11)
	at processMessageQueue (/home/ajpf/.vscode/extensions/golang.go-0.39.1/dist/goMain.js:1951:13)
	at Immediate.<anonymous> (/home/ajpf/.vscode/extensions/golang.go-0.39.1/dist/goMain.js:1927:11)
	at process.processImmediate (node:internal/timers:466:21)
2023-08-21 19:07:57.159 [error] semantictokens are disabled: Error: semantictokens are disabled
	at handleResponse (/home/ajpf/.vscode/extensions/golang.go-0.39.1/dist/goMain.js:2126:40)
	at handleMessage (/home/ajpf/.vscode/extensions/golang.go-0.39.1/dist/goMain.js:1936:11)
	at processMessageQueue (/home/ajpf/.vscode/extensions/golang.go-0.39.1/dist/goMain.js:1951:13)
	at Immediate.<anonymous> (/home/ajpf/.vscode/extensions/golang.go-0.39.1/dist/goMain.js:1927:11)
	at process.processImmediate (node:internal/timers:466:21)
2023-08-21 19:07:58.293 [error] semantictokens are disabled: Error: semantictokens are disabled
	at handleResponse (/home/ajpf/.vscode/extensions/golang.go-0.39.1/dist/goMain.js:2126:40)
	at handleMessage (/home/ajpf/.vscode/extensions/golang.go-0.39.1/dist/goMain.js:1936:11)
	at processMessageQueue (/home/ajpf/.vscode/extensions/golang.go-0.39.1/dist/goMain.js:1951:13)
	at Immediate.<anonymous> (/home/ajpf/.vscode/extensions/golang.go-0.39.1/dist/goMain.js:1927:11)
	at process.processImmediate (node:internal/timers:466:21)
2023-08-21 19:08:11.969 [error] rune error: Error: rune error
	at handleResponse (/home/ajpf/.vscode/extensions/golang.go-0.39.1/dist/goMain.js:2126:40)
	at handleMessage (/home/ajpf/.vscode/extensions/golang.go-0.39.1/dist/goMain.js:1936:11)
	at processMessageQueue (/home/ajpf/.vscode/extensions/golang.go-0.39.1/dist/goMain.js:1951:13)
	at Immediate.<anonymous> (/home/ajpf/.vscode/extensions/golang.go-0.39.1/dist/goMain.js:1927:11)
	at process.processImmediate (node:internal/timers:466:21)
2023-08-21 19:08:13.974 [error] rune error: Error: rune error
	at handleResponse (/home/ajpf/.vscode/extensions/golang.go-0.39.1/dist/goMain.js:2126:40)
	at handleMessage (/home/ajpf/.vscode/extensions/golang.go-0.39.1/dist/goMain.js:1936:11)
	at processMessageQueue (/home/ajpf/.vscode/extensions/golang.go-0.39.1/dist/goMain.js:1951:13)
	at Immediate.<anonymous> (/home/ajpf/.vscode/extensions/golang.go-0.39.1/dist/goMain.js:1927:11)
	at process.processImmediate (node:internal/timers:466:21)
2023-08-21 19:08:14.449 [error] semantictokens are disabled: Error: semantictokens are disabled
	at handleResponse (/home/ajpf/.vscode/extensions/golang.go-0.39.1/dist/goMain.js:2126:40)
	at handleMessage (/home/ajpf/.vscode/extensions/golang.go-0.39.1/dist/goMain.js:1936:11)
	at processMessageQueue (/home/ajpf/.vscode/extensions/golang.go-0.39.1/dist/goMain.js:1951:13)
	at Immediate.<anonymous> (/home/ajpf/.vscode/extensions/golang.go-0.39.1/dist/goMain.js:1927:11)
	at process.processImmediate (node:internal/timers:466:21)
2023-08-21 19:08:15.557 [error] semantictokens are disabled: Error: semantictokens are disabled
	at handleResponse (/home/ajpf/.vscode/extensions/golang.go-0.39.1/dist/goMain.js:2126:40)
	at handleMessage (/home/ajpf/.vscode/extensions/golang.go-0.39.1/dist/goMain.js:1936:11)
	at processMessageQueue (/home/ajpf/.vscode/extensions/golang.go-0.39.1/dist/goMain.js:1951:13)
	at Immediate.<anonymous> (/home/ajpf/.vscode/extensions/golang.go-0.39.1/dist/goMain.js:1927:11)
	at process.processImmediate (node:internal/timers:466:21)
2023-08-21 19:08:17.465 [error] semantictokens are disabled: Error: semantictokens are disabled
	at handleResponse (/home/ajpf/.vscode/extensions/golang.go-0.39.1/dist/goMain.js:2126:40)
	at handleMessage (/home/ajpf/.vscode/extensions/golang.go-0.39.1/dist/goMain.js:1936:11)
	at processMessageQueue (/home/ajpf/.vscode/extensions/golang.go-0.39.1/dist/goMain.js:1951:13)
	at Immediate.<anonymous> (/home/ajpf/.vscode/extensions/golang.go-0.39.1/dist/goMain.js:1927:11)
	at process.processImmediate (node:internal/timers:466:21)
2023-08-21 19:08:37.457 [error] semantictokens are disabled: Error: semantictokens are disabled
	at handleResponse (/home/ajpf/.vscode/extensions/golang.go-0.39.1/dist/goMain.js:2126:40)
	at handleMessage (/home/ajpf/.vscode/extensions/golang.go-0.39.1/dist/goMain.js:1936:11)
	at processMessageQueue (/home/ajpf/.vscode/extensions/golang.go-0.39.1/dist/goMain.js:1951:13)
	at Immediate.<anonymous> (/home/ajpf/.vscode/extensions/golang.go-0.39.1/dist/goMain.js:1927:11)
	at process.processImmediate (node:internal/timers:466:21)
2023-08-21 19:08:38.490 [error] semantictokens are disabled: Error: semantictokens are disabled
	at handleResponse (/home/ajpf/.vscode/extensions/golang.go-0.39.1/dist/goMain.js:2126:40)
	at handleMessage (/home/ajpf/.vscode/extensions/golang.go-0.39.1/dist/goMain.js:1936:11)
	at processMessageQueue (/home/ajpf/.vscode/extensions/golang.go-0.39.1/dist/goMain.js:1951:13)
	at Immediate.<anonymous> (/home/ajpf/.vscode/extensions/golang.go-0.39.1/dist/goMain.js:1927:11)
	at process.processImmediate (node:internal/timers:466:21)
2023-08-21 19:08:39.552 [error] semantictokens are disabled: Error: semantictokens are disabled
	at handleResponse (/home/ajpf/.vscode/extensions/golang.go-0.39.1/dist/goMain.js:2126:40)
	at handleMessage (/home/ajpf/.vscode/extensions/golang.go-0.39.1/dist/goMain.js:1936:11)
	at processMessageQueue (/home/ajpf/.vscode/extensions/golang.go-0.39.1/dist/goMain.js:1951:13)
	at Immediate.<anonymous> (/home/ajpf/.vscode/extensions/golang.go-0.39.1/dist/goMain.js:1927:11)
	at process.processImmediate (node:internal/timers:466:21)
2023-08-21 19:08:41.680 [error] semantictokens are disabled: Error: semantictokens are disabled
	at handleResponse (/home/ajpf/.vscode/extensions/golang.go-0.39.1/dist/goMain.js:2126:40)
	at handleMessage (/home/ajpf/.vscode/extensions/golang.go-0.39.1/dist/goMain.js:1936:11)
	at processMessageQueue (/home/ajpf/.vscode/extensions/golang.go-0.39.1/dist/goMain.js:1951:13)
	at Immediate.<anonymous> (/home/ajpf/.vscode/extensions/golang.go-0.39.1/dist/goMain.js:1927:11)
	at process.processImmediate (node:internal/timers:466:21)
2023-08-21 19:08:43.527 [error] semantictokens are disabled: Error: semantictokens are disabled
	at handleResponse (/home/ajpf/.vscode/extensions/golang.go-0.39.1/dist/goMain.js:2126:40)
	at handleMessage (/home/ajpf/.vscode/extensions/golang.go-0.39.1/dist/goMain.js:1936:11)
	at processMessageQueue (/home/ajpf/.vscode/extensions/golang.go-0.39.1/dist/goMain.js:1951:13)
	at Immediate.<anonymous> (/home/ajpf/.vscode/extensions/golang.go-0.39.1/dist/goMain.js:1927:11)
	at process.processImmediate (node:internal/timers:466:21)
2023-08-21 19:08:55.353 [error] semantictokens are disabled: Error: semantictokens are disabled
	at handleResponse (/home/ajpf/.vscode/extensions/golang.go-0.39.1/dist/goMain.js:2126:40)
	at handleMessage (/home/ajpf/.vscode/extensions/golang.go-0.39.1/dist/goMain.js:1936:11)
	at processMessageQueue (/home/ajpf/.vscode/extensions/golang.go-0.39.1/dist/goMain.js:1951:13)
	at Immediate.<anonymous> (/home/ajpf/.vscode/extensions/golang.go-0.39.1/dist/goMain.js:1927:11)
	at process.processImmediate (node:internal/timers:466:21)
2023-08-21 19:08:56.605 [error] semantictokens are disabled: Error: semantictokens are disabled
	at handleResponse (/home/ajpf/.vscode/extensions/golang.go-0.39.1/dist/goMain.js:2126:40)
	at handleMessage (/home/ajpf/.vscode/extensions/golang.go-0.39.1/dist/goMain.js:1936:11)
	at processMessageQueue (/home/ajpf/.vscode/extensions/golang.go-0.39.1/dist/goMain.js:1951:13)
	at Immediate.<anonymous> (/home/ajpf/.vscode/extensions/golang.go-0.39.1/dist/goMain.js:1927:11)
	at process.processImmediate (node:internal/timers:466:21)
2023-08-21 19:09:02.022 [error] rune error: Error: rune error
	at handleResponse (/home/ajpf/.vscode/extensions/golang.go-0.39.1/dist/goMain.js:2126:40)
	at handleMessage (/home/ajpf/.vscode/extensions/golang.go-0.39.1/dist/goMain.js:1936:11)
	at processMessageQueue (/home/ajpf/.vscode/extensions/golang.go-0.39.1/dist/goMain.js:1951:13)
	at Immediate.<anonymous> (/home/ajpf/.vscode/extensions/golang.go-0.39.1/dist/goMain.js:1927:11)
	at process.processImmediate (node:internal/timers:466:21)
2023-08-21 19:09:03.404 [error] semantictokens are disabled: Error: semantictokens are disabled
	at handleResponse (/home/ajpf/.vscode/extensions/golang.go-0.39.1/dist/goMain.js:2126:40)
	at handleMessage (/home/ajpf/.vscode/extensions/golang.go-0.39.1/dist/goMain.js:1936:11)
	at processMessageQueue (/home/ajpf/.vscode/extensions/golang.go-0.39.1/dist/goMain.js:1951:13)
	at Immediate.<anonymous> (/home/ajpf/.vscode/extensions/golang.go-0.39.1/dist/goMain.js:1927:11)
	at process.processImmediate (node:internal/timers:466:21)
2023-08-21 19:09:13.477 [error] semantictokens are disabled: Error: semantictokens are disabled
	at handleResponse (/home/ajpf/.vscode/extensions/golang.go-0.39.1/dist/goMain.js:2126:40)
	at handleMessage (/home/ajpf/.vscode/extensions/golang.go-0.39.1/dist/goMain.js:1936:11)
	at processMessageQueue (/home/ajpf/.vscode/extensions/golang.go-0.39.1/dist/goMain.js:1951:13)
	at Immediate.<anonymous> (/home/ajpf/.vscode/extensions/golang.go-0.39.1/dist/goMain.js:1927:11)
	at process.processImmediate (node:internal/timers:466:21)
