Tools environment: GOPATH=/home/ajpf/go
Installing 1 tool at /home/ajpf/go/bin in module mode.
  gopls

Installing golang.org/x/tools/gopls@latest (/home/ajpf/go/bin/gopls) SUCCEEDED

All tools successfully installed. You are ready to Go. :)
Starting linting the current package at /home/ajpf/prog/go
Starting linting the current package at /home/ajpf/prog/go
Starting linting the current package at /home/ajpf/prog/go
Starting linting the current package at /home/ajpf/prog/go
Starting linting the current package at /home/ajpf/prog/go
Starting linting the current package at /home/ajpf/prog/go
Starting linting the current package at /home/ajpf/prog/go
Starting linting the current package at /home/ajpf/prog/go
Starting linting the current package at /home/ajpf/prog/go
Starting linting the current package at /home/ajpf/prog/go
Starting linting the current package at /home/ajpf/prog/go
Starting linting the current package at /home/ajpf/prog/go
Starting linting the current package at /home/ajpf/prog/go
Starting linting the current package at /home/ajpf/prog/go
Starting linting the current package at /home/ajpf/prog/go
Starting linting the current package at /home/ajpf/prog/go
Starting linting the current package at /home/ajpf/prog/go
Starting linting the current package at /home/ajpf/prog/go
Starting linting the current package at /home/ajpf/prog/go
Starting linting the current package at /home/ajpf/prog/go
Starting linting the current package at /home/ajpf/prog/go
Starting linting the current package at /home/ajpf/prog/go
Starting linting the current package at /home/ajpf/prog/go
Starting linting the current package at /home/ajpf/prog/go
Starting linting the current package at /home/ajpf/prog/go
Starting linting the current package at /home/ajpf/prog/go
Starting linting the current package at /home/ajpf/prog/go
Starting linting the current package at /home/ajpf/prog/go
Starting linting the current package at /home/ajpf/prog/go
Starting linting the current package at /home/ajpf/prog/go
Starting linting the current package at /home/ajpf/prog/go
Starting linting the current package at /home/ajpf/prog/go
Starting linting the current package at /home/ajpf/prog/go
Starting linting the current package at /home/ajpf/prog/go
Starting linting the current package at /home/ajpf/prog/go
Starting linting the current package at /home/ajpf/prog/go
Starting linting the current package at /home/ajpf/prog/go
Starting linting the current package at /home/ajpf/prog/go
Starting linting the current package at /home/ajpf/prog/go
Starting linting the current package at /home/ajpf/prog/go
Starting linting the current package at /home/ajpf/prog/go
Starting linting the current package at /home/ajpf/prog/go
Starting linting the current package at /home/ajpf/prog/go
Starting linting the current package at /home/ajpf/prog/go
Starting linting the current package at /home/ajpf/prog/go
Starting linting the current package at /home/ajpf/prog/go
Starting linting the current package at /home/ajpf/prog/go
Starting linting the current package at /home/ajpf/prog/go
Starting linting the current package at /home/ajpf/prog/go
Starting linting the current package at /home/ajpf/prog/go
Starting linting the current package at /home/ajpf/prog/go
Starting linting the current package at /home/ajpf/prog/go
Starting linting the current package at /home/ajpf/prog/go
Starting linting the current package at /home/ajpf/prog/go
Starting linting the current package at /home/ajpf/prog/go
Starting linting the current package at /home/ajpf/prog/go
Starting linting the current package at /home/ajpf/prog/go
Starting linting the current package at /home/ajpf/prog/go
Starting linting the current package at /home/ajpf/prog/go
Starting linting the current package at /home/ajpf/prog/go
Starting linting the current package at /home/ajpf/prog/go
Starting linting the current package at /home/ajpf/prog/go
Starting linting the current package at /home/ajpf/prog/go
Starting linting the current package at /home/ajpf/prog/go
Starting linting the current package at /home/ajpf/prog/go
Starting linting the current package at /home/ajpf/prog/go
Starting linting the current package at /home/ajpf/prog/go
Starting linting the current package at /home/ajpf/prog/go
Starting linting the current package at /home/ajpf/prog/go
