2023-08-21 19:00:21.389 [info] Log level: Info
2023-08-21 19:00:21.389 [info] Validating found git in: "git"
2023-08-21 19:00:21.389 [info] Using git "2.39.2" from "git"
2023-08-21 19:00:21.389 [info] > git rev-parse --show-toplevel [15ms]
2023-08-21 19:00:21.389 [info] fatal: not a git repository (or any parent up to mount point /)
Stopping at filesystem boundary (GIT_DISCOVERY_ACROSS_FILESYSTEM not set).
2023-08-21 19:00:21.389 [info] > git rev-parse --show-toplevel [46ms]
2023-08-21 19:00:21.389 [info] fatal: not a git repository (or any parent up to mount point /)
Stopping at filesystem boundary (GIT_DISCOVERY_ACROSS_FILESYSTEM not set).
2023-08-21 19:00:21.407 [info] > git rev-parse --show-toplevel [19ms]
2023-08-21 19:00:21.407 [info] fatal: not a git repository (or any parent up to mount point /)
Stopping at filesystem boundary (GIT_DISCOVERY_ACROSS_FILESYSTEM not set).
2023-08-21 19:00:21.567 [info] > git rev-parse --show-toplevel [142ms]
2023-08-21 19:00:21.567 [info] fatal: not a git repository (or any parent up to mount point /)
Stopping at filesystem boundary (GIT_DISCOVERY_ACROSS_FILESYSTEM not set).
2023-08-21 19:00:21.680 [info] > git rev-parse --show-toplevel [5ms]
2023-08-21 19:00:21.680 [info] fatal: not a git repository (or any parent up to mount point /)
Stopping at filesystem boundary (GIT_DISCOVERY_ACROSS_FILESYSTEM not set).
2023-08-21 19:00:21.887 [info] > git rev-parse --show-toplevel [2ms]
2023-08-21 19:00:21.887 [info] fatal: not a git repository (or any parent up to mount point /)
Stopping at filesystem boundary (GIT_DISCOVERY_ACROSS_FILESYSTEM not set).
2023-08-21 19:00:21.921 [info] > git rev-parse --show-toplevel [1ms]
2023-08-21 19:00:21.921 [info] fatal: not a git repository (or any parent up to mount point /)
Stopping at filesystem boundary (GIT_DISCOVERY_ACROSS_FILESYSTEM not set).
2023-08-21 19:00:23.087 [info] > git rev-parse --show-toplevel [4ms]
2023-08-21 19:00:23.087 [info] fatal: not a git repository (or any parent up to mount point /)
Stopping at filesystem boundary (GIT_DISCOVERY_ACROSS_FILESYSTEM not set).
2023-08-21 19:00:23.414 [info] > git rev-parse --show-toplevel [46ms]
2023-08-21 19:00:23.414 [info] fatal: not a git repository (or any parent up to mount point /)
Stopping at filesystem boundary (GIT_DISCOVERY_ACROSS_FILESYSTEM not set).
2023-08-21 19:00:23.679 [info] > git rev-parse --show-toplevel [21ms]
2023-08-21 19:00:23.679 [info] fatal: not a git repository (or any parent up to mount point /)
Stopping at filesystem boundary (GIT_DISCOVERY_ACROSS_FILESYSTEM not set).
2023-08-21 19:00:23.909 [info] > git rev-parse --show-toplevel [3ms]
2023-08-21 19:00:23.909 [info] fatal: not a git repository (or any parent up to mount point /)
Stopping at filesystem boundary (GIT_DISCOVERY_ACROSS_FILESYSTEM not set).
