2023-08-21 18:52:29.537 [info] Using settings sync service https://vscode-sync.trafficmanager.net/
2023-08-21 18:52:29.537 [info] Auto Sync is enabled.
2023-08-21 18:52:29.537 [info] Auto Sync: Suspended until auth token is available.
2023-08-21 18:52:31.263 [info] Deleting non existing profile from backup /home/ajpf/.config/Code/User/sync/extensions
2023-08-21 18:52:31.776 [info] Deleting non existing profile from backup /home/ajpf/.config/Code/User/sync/globalState
2023-08-21 18:52:31.847 [info] Deleting non existing profile from backup /home/ajpf/.config/Code/User/sync/keybindings
2023-08-21 18:52:31.849 [info] Deleting non existing profile from backup /home/ajpf/.config/Code/User/sync/profiles
2023-08-21 18:52:31.922 [info] Deleting non existing profile from backup /home/ajpf/.config/Code/User/sync/settings
2023-08-21 18:52:32.100 [info] Deleting non existing profile from backup /home/ajpf/.config/Code/User/sync/snippets
2023-08-21 18:52:32.128 [info] Deleting non existing profile from backup /home/ajpf/.config/Code/User/sync/tasks
2023-08-21 18:52:33.620 [info] Auto Sync: Triggered by Interval
2023-08-21 18:52:33.620 [info] Sync started.
2023-08-21 18:52:34.223 [info] Settings: Last sync resource does not exist locally.
2023-08-21 18:52:34.636 [info] Settings: No changes found during synchronizing settings.
2023-08-21 18:52:34.647 [info] Keybindings: Last sync resource does not exist locally.
2023-08-21 18:52:34.852 [info] Keybindings: No changes found during synchronizing keybindings.
2023-08-21 18:52:34.862 [info] Snippets: Last sync resource does not exist locally.
2023-08-21 18:52:35.011 [info] Snippets: No changes found during synchronizing snippets.
2023-08-21 18:52:35.015 [info] Tasks: Last sync resource does not exist locally.
2023-08-21 18:52:35.174 [info] Tasks: No changes found during synchronizing tasks.
2023-08-21 18:52:35.176 [info] GlobalState: Last sync resource does not exist locally.
2023-08-21 18:52:35.804 [info] GlobalState: Updated remote ui state. Updated: workbench.activity.pinnedViewlets2,workbench.statusbar.hidden.
2023-08-21 18:52:35.820 [info] GlobalState: Updated last synchronized ui state
2023-08-21 18:52:35.826 [info] Extensions: Last sync resource does not exist locally.
2023-08-21 18:52:36.290 [info] Extensions: No changes found during synchronizing extensions.
2023-08-21 18:52:36.307 [info] Profiles: Last sync resource does not exist locally.
2023-08-21 18:52:36.451 [info] Profiles: No changes found during synchronizing profiles.
2023-08-21 18:52:36.454 [info] Sync done. Took 2836ms
2023-08-21 18:52:54.145 [info] Auto Sync: Triggered by Activity
2023-08-21 18:52:54.145 [info] Sync started.
2023-08-21 18:52:54.339 [info] Settings: No changes found during synchronizing settings.
2023-08-21 18:52:54.347 [info] Keybindings: No changes found during synchronizing keybindings.
2023-08-21 18:52:54.354 [info] Snippets: No changes found during synchronizing snippets.
2023-08-21 18:52:54.358 [info] Tasks: No changes found during synchronizing tasks.
2023-08-21 18:52:54.364 [info] GlobalState: No changes found during synchronizing ui state.
2023-08-21 18:52:54.471 [info] Extensions: No changes found during synchronizing extensions.
2023-08-21 18:52:54.475 [info] Profiles: No changes found during synchronizing profiles.
2023-08-21 18:52:54.479 [info] Sync done. Took 335ms
