2023-08-18 20:49:19.872 [info] Using settings sync service https://vscode-sync.trafficmanager.net/
2023-08-18 20:49:19.872 [info] Auto Sync is enabled.
2023-08-18 20:49:19.872 [info] Auto Sync: Suspended until auth token is available.
2023-08-18 20:49:21.042 [info] Deleting non existing profile from backup /home/ajpf/.config/Code/User/sync/extensions
2023-08-18 20:49:22.174 [info] Deleting non existing profile from backup /home/ajpf/.config/Code/User/sync/globalState
2023-08-18 20:49:22.795 [info] Deleting non existing profile from backup /home/ajpf/.config/Code/User/sync/keybindings
2023-08-18 20:49:23.426 [info] Deleting non existing profile from backup /home/ajpf/.config/Code/User/sync/profiles
2023-08-18 20:49:23.436 [info] Deleting non existing profile from backup /home/ajpf/.config/Code/User/sync/snippets
2023-08-18 20:49:23.447 [info] Deleting non existing profile from backup /home/ajpf/.config/Code/User/sync/tasks
2023-08-18 20:49:26.111 [info] Auto Sync: Triggered by Interval
2023-08-18 20:49:26.111 [info] Sync started.
2023-08-18 20:49:26.882 [info] Settings: Last sync resource does not exist locally.
2023-08-18 20:49:27.119 [info] Settings: No changes found during synchronizing settings.
2023-08-18 20:49:27.130 [info] Keybindings: Last sync resource does not exist locally.
2023-08-18 20:49:27.314 [info] Keybindings: No changes found during synchronizing keybindings.
2023-08-18 20:49:27.318 [info] Snippets: Last sync resource does not exist locally.
2023-08-18 20:49:27.472 [info] Snippets: No changes found during synchronizing snippets.
2023-08-18 20:49:27.478 [info] Tasks: Last sync resource does not exist locally.
2023-08-18 20:49:27.630 [info] Tasks: No changes found during synchronizing tasks.
2023-08-18 20:49:27.633 [info] GlobalState: Last sync resource does not exist locally.
2023-08-18 20:49:27.931 [info] GlobalState: No changes found during synchronizing ui state.
2023-08-18 20:49:27.932 [info] Extensions: Last sync resource does not exist locally.
2023-08-18 20:49:28.231 [info] Extensions: No changes found during synchronizing extensions.
2023-08-18 20:49:28.236 [info] Profiles: Last sync resource does not exist locally.
2023-08-18 20:49:28.386 [info] Profiles: No changes found during synchronizing profiles.
2023-08-18 20:49:28.390 [info] Sync done. Took 2280ms
