2023-08-21 16:20:22.518 [info] [perf] Render performance baseline is 125ms
2023-08-21 16:22:46.271 [error] semantictokens are disabled: Error: semantictokens are disabled
	at handleResponse (/home/ajpf/.vscode/extensions/golang.go-0.39.1/dist/goMain.js:2126:40)
	at handleMessage (/home/ajpf/.vscode/extensions/golang.go-0.39.1/dist/goMain.js:1936:11)
	at processMessageQueue (/home/ajpf/.vscode/extensions/golang.go-0.39.1/dist/goMain.js:1951:13)
	at Immediate.<anonymous> (/home/ajpf/.vscode/extensions/golang.go-0.39.1/dist/goMain.js:1927:11)
	at process.processImmediate (node:internal/timers:466:21)
2023-08-21 16:22:56.192 [error] semantictokens are disabled: Error: semantictokens are disabled
	at handleResponse (/home/ajpf/.vscode/extensions/golang.go-0.39.1/dist/goMain.js:2126:40)
	at handleMessage (/home/ajpf/.vscode/extensions/golang.go-0.39.1/dist/goMain.js:1936:11)
	at processMessageQueue (/home/ajpf/.vscode/extensions/golang.go-0.39.1/dist/goMain.js:1951:13)
	at Immediate.<anonymous> (/home/ajpf/.vscode/extensions/golang.go-0.39.1/dist/goMain.js:1927:11)
	at process.processImmediate (node:internal/timers:466:21)
2023-08-21 16:22:57.195 [error] semantictokens are disabled: Error: semantictokens are disabled
	at handleResponse (/home/ajpf/.vscode/extensions/golang.go-0.39.1/dist/goMain.js:2126:40)
	at handleMessage (/home/ajpf/.vscode/extensions/golang.go-0.39.1/dist/goMain.js:1936:11)
	at processMessageQueue (/home/ajpf/.vscode/extensions/golang.go-0.39.1/dist/goMain.js:1951:13)
	at Immediate.<anonymous> (/home/ajpf/.vscode/extensions/golang.go-0.39.1/dist/goMain.js:1927:11)
	at process.processImmediate (node:internal/timers:466:21)
2023-08-21 16:22:58.758 [error] semantictokens are disabled: Error: semantictokens are disabled
	at handleResponse (/home/ajpf/.vscode/extensions/golang.go-0.39.1/dist/goMain.js:2126:40)
	at handleMessage (/home/ajpf/.vscode/extensions/golang.go-0.39.1/dist/goMain.js:1936:11)
	at processMessageQueue (/home/ajpf/.vscode/extensions/golang.go-0.39.1/dist/goMain.js:1951:13)
	at Immediate.<anonymous> (/home/ajpf/.vscode/extensions/golang.go-0.39.1/dist/goMain.js:1927:11)
	at process.processImmediate (node:internal/timers:466:21)
2023-08-21 16:22:59.845 [error] semantictokens are disabled: Error: semantictokens are disabled
	at handleResponse (/home/ajpf/.vscode/extensions/golang.go-0.39.1/dist/goMain.js:2126:40)
	at handleMessage (/home/ajpf/.vscode/extensions/golang.go-0.39.1/dist/goMain.js:1936:11)
	at processMessageQueue (/home/ajpf/.vscode/extensions/golang.go-0.39.1/dist/goMain.js:1951:13)
	at Immediate.<anonymous> (/home/ajpf/.vscode/extensions/golang.go-0.39.1/dist/goMain.js:1927:11)
	at process.processImmediate (node:internal/timers:466:21)
2023-08-21 16:23:01.063 [error] semantictokens are disabled: Error: semantictokens are disabled
	at handleResponse (/home/ajpf/.vscode/extensions/golang.go-0.39.1/dist/goMain.js:2126:40)
	at handleMessage (/home/ajpf/.vscode/extensions/golang.go-0.39.1/dist/goMain.js:1936:11)
	at processMessageQueue (/home/ajpf/.vscode/extensions/golang.go-0.39.1/dist/goMain.js:1951:13)
	at Immediate.<anonymous> (/home/ajpf/.vscode/extensions/golang.go-0.39.1/dist/goMain.js:1927:11)
	at process.processImmediate (node:internal/timers:466:21)
2023-08-21 16:23:02.437 [error] semantictokens are disabled: Error: semantictokens are disabled
	at handleResponse (/home/ajpf/.vscode/extensions/golang.go-0.39.1/dist/goMain.js:2126:40)
	at handleMessage (/home/ajpf/.vscode/extensions/golang.go-0.39.1/dist/goMain.js:1936:11)
	at processMessageQueue (/home/ajpf/.vscode/extensions/golang.go-0.39.1/dist/goMain.js:1951:13)
	at Immediate.<anonymous> (/home/ajpf/.vscode/extensions/golang.go-0.39.1/dist/goMain.js:1927:11)
	at process.processImmediate (node:internal/timers:466:21)
2023-08-21 16:23:03.452 [error] semantictokens are disabled: Error: semantictokens are disabled
	at handleResponse (/home/ajpf/.vscode/extensions/golang.go-0.39.1/dist/goMain.js:2126:40)
	at handleMessage (/home/ajpf/.vscode/extensions/golang.go-0.39.1/dist/goMain.js:1936:11)
	at processMessageQueue (/home/ajpf/.vscode/extensions/golang.go-0.39.1/dist/goMain.js:1951:13)
	at Immediate.<anonymous> (/home/ajpf/.vscode/extensions/golang.go-0.39.1/dist/goMain.js:1927:11)
	at process.processImmediate (node:internal/timers:466:21)
2023-08-21 16:23:04.739 [error] semantictokens are disabled: Error: semantictokens are disabled
	at handleResponse (/home/ajpf/.vscode/extensions/golang.go-0.39.1/dist/goMain.js:2126:40)
	at handleMessage (/home/ajpf/.vscode/extensions/golang.go-0.39.1/dist/goMain.js:1936:11)
	at processMessageQueue (/home/ajpf/.vscode/extensions/golang.go-0.39.1/dist/goMain.js:1951:13)
	at Immediate.<anonymous> (/home/ajpf/.vscode/extensions/golang.go-0.39.1/dist/goMain.js:1927:11)
	at process.processImmediate (node:internal/timers:466:21)
2023-08-21 16:23:06.548 [error] semantictokens are disabled: Error: semantictokens are disabled
	at handleResponse (/home/ajpf/.vscode/extensions/golang.go-0.39.1/dist/goMain.js:2126:40)
	at handleMessage (/home/ajpf/.vscode/extensions/golang.go-0.39.1/dist/goMain.js:1936:11)
	at processMessageQueue (/home/ajpf/.vscode/extensions/golang.go-0.39.1/dist/goMain.js:1951:13)
	at Immediate.<anonymous> (/home/ajpf/.vscode/extensions/golang.go-0.39.1/dist/goMain.js:1927:11)
	at process.processImmediate (node:internal/timers:466:21)
2023-08-21 16:23:08.016 [error] semantictokens are disabled: Error: semantictokens are disabled
	at handleResponse (/home/ajpf/.vscode/extensions/golang.go-0.39.1/dist/goMain.js:2126:40)
	at handleMessage (/home/ajpf/.vscode/extensions/golang.go-0.39.1/dist/goMain.js:1936:11)
	at processMessageQueue (/home/ajpf/.vscode/extensions/golang.go-0.39.1/dist/goMain.js:1951:13)
	at Immediate.<anonymous> (/home/ajpf/.vscode/extensions/golang.go-0.39.1/dist/goMain.js:1927:11)
	at process.processImmediate (node:internal/timers:466:21)
2023-08-21 16:23:09.301 [error] semantictokens are disabled: Error: semantictokens are disabled
	at handleResponse (/home/ajpf/.vscode/extensions/golang.go-0.39.1/dist/goMain.js:2126:40)
	at handleMessage (/home/ajpf/.vscode/extensions/golang.go-0.39.1/dist/goMain.js:1936:11)
	at processMessageQueue (/home/ajpf/.vscode/extensions/golang.go-0.39.1/dist/goMain.js:1951:13)
	at Immediate.<anonymous> (/home/ajpf/.vscode/extensions/golang.go-0.39.1/dist/goMain.js:1927:11)
	at process.processImmediate (node:internal/timers:466:21)
2023-08-21 16:23:11.996 [error] semantictokens are disabled: Error: semantictokens are disabled
	at handleResponse (/home/ajpf/.vscode/extensions/golang.go-0.39.1/dist/goMain.js:2126:40)
	at handleMessage (/home/ajpf/.vscode/extensions/golang.go-0.39.1/dist/goMain.js:1936:11)
	at processMessageQueue (/home/ajpf/.vscode/extensions/golang.go-0.39.1/dist/goMain.js:1951:13)
	at Immediate.<anonymous> (/home/ajpf/.vscode/extensions/golang.go-0.39.1/dist/goMain.js:1927:11)
	at process.processImmediate (node:internal/timers:466:21)
2023-08-21 16:23:13.102 [error] semantictokens are disabled: Error: semantictokens are disabled
	at handleResponse (/home/ajpf/.vscode/extensions/golang.go-0.39.1/dist/goMain.js:2126:40)
	at handleMessage (/home/ajpf/.vscode/extensions/golang.go-0.39.1/dist/goMain.js:1936:11)
	at processMessageQueue (/home/ajpf/.vscode/extensions/golang.go-0.39.1/dist/goMain.js:1951:13)
	at Immediate.<anonymous> (/home/ajpf/.vscode/extensions/golang.go-0.39.1/dist/goMain.js:1927:11)
	at process.processImmediate (node:internal/timers:466:21)
2023-08-21 16:23:14.341 [error] semantictokens are disabled: Error: semantictokens are disabled
	at handleResponse (/home/ajpf/.vscode/extensions/golang.go-0.39.1/dist/goMain.js:2126:40)
	at handleMessage (/home/ajpf/.vscode/extensions/golang.go-0.39.1/dist/goMain.js:1936:11)
	at processMessageQueue (/home/ajpf/.vscode/extensions/golang.go-0.39.1/dist/goMain.js:1951:13)
	at Immediate.<anonymous> (/home/ajpf/.vscode/extensions/golang.go-0.39.1/dist/goMain.js:1927:11)
	at process.processImmediate (node:internal/timers:466:21)
2023-08-21 16:23:16.028 [error] semantictokens are disabled: Error: semantictokens are disabled
	at handleResponse (/home/ajpf/.vscode/extensions/golang.go-0.39.1/dist/goMain.js:2126:40)
	at handleMessage (/home/ajpf/.vscode/extensions/golang.go-0.39.1/dist/goMain.js:1936:11)
	at processMessageQueue (/home/ajpf/.vscode/extensions/golang.go-0.39.1/dist/goMain.js:1951:13)
	at Immediate.<anonymous> (/home/ajpf/.vscode/extensions/golang.go-0.39.1/dist/goMain.js:1927:11)
	at process.processImmediate (node:internal/timers:466:21)
2023-08-21 16:23:17.578 [error] semantictokens are disabled: Error: semantictokens are disabled
	at handleResponse (/home/ajpf/.vscode/extensions/golang.go-0.39.1/dist/goMain.js:2126:40)
	at handleMessage (/home/ajpf/.vscode/extensions/golang.go-0.39.1/dist/goMain.js:1936:11)
	at processMessageQueue (/home/ajpf/.vscode/extensions/golang.go-0.39.1/dist/goMain.js:1951:13)
	at Immediate.<anonymous> (/home/ajpf/.vscode/extensions/golang.go-0.39.1/dist/goMain.js:1927:11)
	at process.processImmediate (node:internal/timers:466:21)
2023-08-21 16:23:18.791 [error] semantictokens are disabled: Error: semantictokens are disabled
	at handleResponse (/home/ajpf/.vscode/extensions/golang.go-0.39.1/dist/goMain.js:2126:40)
	at handleMessage (/home/ajpf/.vscode/extensions/golang.go-0.39.1/dist/goMain.js:1936:11)
	at processMessageQueue (/home/ajpf/.vscode/extensions/golang.go-0.39.1/dist/goMain.js:1951:13)
	at Immediate.<anonymous> (/home/ajpf/.vscode/extensions/golang.go-0.39.1/dist/goMain.js:1927:11)
	at process.processImmediate (node:internal/timers:466:21)
2023-08-21 16:23:20.707 [error] semantictokens are disabled: Error: semantictokens are disabled
	at handleResponse (/home/ajpf/.vscode/extensions/golang.go-0.39.1/dist/goMain.js:2126:40)
	at handleMessage (/home/ajpf/.vscode/extensions/golang.go-0.39.1/dist/goMain.js:1936:11)
	at processMessageQueue (/home/ajpf/.vscode/extensions/golang.go-0.39.1/dist/goMain.js:1951:13)
	at Immediate.<anonymous> (/home/ajpf/.vscode/extensions/golang.go-0.39.1/dist/goMain.js:1927:11)
	at process.processImmediate (node:internal/timers:466:21)
2023-08-21 16:23:21.946 [error] semantictokens are disabled: Error: semantictokens are disabled
	at handleResponse (/home/ajpf/.vscode/extensions/golang.go-0.39.1/dist/goMain.js:2126:40)
	at handleMessage (/home/ajpf/.vscode/extensions/golang.go-0.39.1/dist/goMain.js:1936:11)
	at processMessageQueue (/home/ajpf/.vscode/extensions/golang.go-0.39.1/dist/goMain.js:1951:13)
	at Immediate.<anonymous> (/home/ajpf/.vscode/extensions/golang.go-0.39.1/dist/goMain.js:1927:11)
	at process.processImmediate (node:internal/timers:466:21)
2023-08-21 16:23:23.204 [error] semantictokens are disabled: Error: semantictokens are disabled
	at handleResponse (/home/ajpf/.vscode/extensions/golang.go-0.39.1/dist/goMain.js:2126:40)
	at handleMessage (/home/ajpf/.vscode/extensions/golang.go-0.39.1/dist/goMain.js:1936:11)
	at processMessageQueue (/home/ajpf/.vscode/extensions/golang.go-0.39.1/dist/goMain.js:1951:13)
	at Immediate.<anonymous> (/home/ajpf/.vscode/extensions/golang.go-0.39.1/dist/goMain.js:1927:11)
	at process.processImmediate (node:internal/timers:466:21)
2023-08-21 16:23:24.365 [error] semantictokens are disabled: Error: semantictokens are disabled
	at handleResponse (/home/ajpf/.vscode/extensions/golang.go-0.39.1/dist/goMain.js:2126:40)
	at handleMessage (/home/ajpf/.vscode/extensions/golang.go-0.39.1/dist/goMain.js:1936:11)
	at processMessageQueue (/home/ajpf/.vscode/extensions/golang.go-0.39.1/dist/goMain.js:1951:13)
	at Immediate.<anonymous> (/home/ajpf/.vscode/extensions/golang.go-0.39.1/dist/goMain.js:1927:11)
	at process.processImmediate (node:internal/timers:466:21)
2023-08-21 16:23:25.513 [error] semantictokens are disabled: Error: semantictokens are disabled
	at handleResponse (/home/ajpf/.vscode/extensions/golang.go-0.39.1/dist/goMain.js:2126:40)
	at handleMessage (/home/ajpf/.vscode/extensions/golang.go-0.39.1/dist/goMain.js:1936:11)
	at processMessageQueue (/home/ajpf/.vscode/extensions/golang.go-0.39.1/dist/goMain.js:1951:13)
	at Immediate.<anonymous> (/home/ajpf/.vscode/extensions/golang.go-0.39.1/dist/goMain.js:1927:11)
	at process.processImmediate (node:internal/timers:466:21)
2023-08-21 16:23:26.526 [error] semantictokens are disabled: Error: semantictokens are disabled
	at handleResponse (/home/ajpf/.vscode/extensions/golang.go-0.39.1/dist/goMain.js:2126:40)
	at handleMessage (/home/ajpf/.vscode/extensions/golang.go-0.39.1/dist/goMain.js:1936:11)
	at processMessageQueue (/home/ajpf/.vscode/extensions/golang.go-0.39.1/dist/goMain.js:1951:13)
	at Immediate.<anonymous> (/home/ajpf/.vscode/extensions/golang.go-0.39.1/dist/goMain.js:1927:11)
	at process.processImmediate (node:internal/timers:466:21)
2023-08-21 16:23:31.919 [error] semantictokens are disabled: Error: semantictokens are disabled
	at handleResponse (/home/ajpf/.vscode/extensions/golang.go-0.39.1/dist/goMain.js:2126:40)
	at handleMessage (/home/ajpf/.vscode/extensions/golang.go-0.39.1/dist/goMain.js:1936:11)
	at processMessageQueue (/home/ajpf/.vscode/extensions/golang.go-0.39.1/dist/goMain.js:1951:13)
	at Immediate.<anonymous> (/home/ajpf/.vscode/extensions/golang.go-0.39.1/dist/goMain.js:1927:11)
	at process.processImmediate (node:internal/timers:466:21)
2023-08-21 16:23:32.965 [error] semantictokens are disabled: Error: semantictokens are disabled
	at handleResponse (/home/ajpf/.vscode/extensions/golang.go-0.39.1/dist/goMain.js:2126:40)
	at handleMessage (/home/ajpf/.vscode/extensions/golang.go-0.39.1/dist/goMain.js:1936:11)
	at processMessageQueue (/home/ajpf/.vscode/extensions/golang.go-0.39.1/dist/goMain.js:1951:13)
	at Immediate.<anonymous> (/home/ajpf/.vscode/extensions/golang.go-0.39.1/dist/goMain.js:1927:11)
	at process.processImmediate (node:internal/timers:466:21)
2023-08-21 16:23:35.186 [error] semantictokens are disabled: Error: semantictokens are disabled
	at handleResponse (/home/ajpf/.vscode/extensions/golang.go-0.39.1/dist/goMain.js:2126:40)
	at handleMessage (/home/ajpf/.vscode/extensions/golang.go-0.39.1/dist/goMain.js:1936:11)
	at processMessageQueue (/home/ajpf/.vscode/extensions/golang.go-0.39.1/dist/goMain.js:1951:13)
	at Immediate.<anonymous> (/home/ajpf/.vscode/extensions/golang.go-0.39.1/dist/goMain.js:1927:11)
	at process.processImmediate (node:internal/timers:466:21)
2023-08-21 16:23:37.308 [error] semantictokens are disabled: Error: semantictokens are disabled
	at handleResponse (/home/ajpf/.vscode/extensions/golang.go-0.39.1/dist/goMain.js:2126:40)
	at handleMessage (/home/ajpf/.vscode/extensions/golang.go-0.39.1/dist/goMain.js:1936:11)
	at processMessageQueue (/home/ajpf/.vscode/extensions/golang.go-0.39.1/dist/goMain.js:1951:13)
	at Immediate.<anonymous> (/home/ajpf/.vscode/extensions/golang.go-0.39.1/dist/goMain.js:1927:11)
	at process.processImmediate (node:internal/timers:466:21)
2023-08-21 16:23:40.248 [error] semantictokens are disabled: Error: semantictokens are disabled
	at handleResponse (/home/ajpf/.vscode/extensions/golang.go-0.39.1/dist/goMain.js:2126:40)
	at handleMessage (/home/ajpf/.vscode/extensions/golang.go-0.39.1/dist/goMain.js:1936:11)
	at processMessageQueue (/home/ajpf/.vscode/extensions/golang.go-0.39.1/dist/goMain.js:1951:13)
	at Immediate.<anonymous> (/home/ajpf/.vscode/extensions/golang.go-0.39.1/dist/goMain.js:1927:11)
	at process.processImmediate (node:internal/timers:466:21)
2023-08-21 16:23:41.404 [error] semantictokens are disabled: Error: semantictokens are disabled
	at handleResponse (/home/ajpf/.vscode/extensions/golang.go-0.39.1/dist/goMain.js:2126:40)
	at handleMessage (/home/ajpf/.vscode/extensions/golang.go-0.39.1/dist/goMain.js:1936:11)
	at processMessageQueue (/home/ajpf/.vscode/extensions/golang.go-0.39.1/dist/goMain.js:1951:13)
	at Immediate.<anonymous> (/home/ajpf/.vscode/extensions/golang.go-0.39.1/dist/goMain.js:1927:11)
	at process.processImmediate (node:internal/timers:466:21)
2023-08-21 16:23:43.053 [error] semantictokens are disabled: Error: semantictokens are disabled
	at handleResponse (/home/ajpf/.vscode/extensions/golang.go-0.39.1/dist/goMain.js:2126:40)
	at handleMessage (/home/ajpf/.vscode/extensions/golang.go-0.39.1/dist/goMain.js:1936:11)
	at processMessageQueue (/home/ajpf/.vscode/extensions/golang.go-0.39.1/dist/goMain.js:1951:13)
	at Immediate.<anonymous> (/home/ajpf/.vscode/extensions/golang.go-0.39.1/dist/goMain.js:1927:11)
	at process.processImmediate (node:internal/timers:466:21)
2023-08-21 16:23:44.173 [error] semantictokens are disabled: Error: semantictokens are disabled
	at handleResponse (/home/ajpf/.vscode/extensions/golang.go-0.39.1/dist/goMain.js:2126:40)
	at handleMessage (/home/ajpf/.vscode/extensions/golang.go-0.39.1/dist/goMain.js:1936:11)
	at processMessageQueue (/home/ajpf/.vscode/extensions/golang.go-0.39.1/dist/goMain.js:1951:13)
	at Immediate.<anonymous> (/home/ajpf/.vscode/extensions/golang.go-0.39.1/dist/goMain.js:1927:11)
	at process.processImmediate (node:internal/timers:466:21)
2023-08-21 16:23:46.097 [error] semantictokens are disabled: Error: semantictokens are disabled
	at handleResponse (/home/ajpf/.vscode/extensions/golang.go-0.39.1/dist/goMain.js:2126:40)
	at handleMessage (/home/ajpf/.vscode/extensions/golang.go-0.39.1/dist/goMain.js:1936:11)
	at processMessageQueue (/home/ajpf/.vscode/extensions/golang.go-0.39.1/dist/goMain.js:1951:13)
	at Immediate.<anonymous> (/home/ajpf/.vscode/extensions/golang.go-0.39.1/dist/goMain.js:1927:11)
	at process.processImmediate (node:internal/timers:466:21)
2023-08-21 16:23:47.221 [error] semantictokens are disabled: Error: semantictokens are disabled
	at handleResponse (/home/ajpf/.vscode/extensions/golang.go-0.39.1/dist/goMain.js:2126:40)
	at handleMessage (/home/ajpf/.vscode/extensions/golang.go-0.39.1/dist/goMain.js:1936:11)
	at processMessageQueue (/home/ajpf/.vscode/extensions/golang.go-0.39.1/dist/goMain.js:1951:13)
	at Immediate.<anonymous> (/home/ajpf/.vscode/extensions/golang.go-0.39.1/dist/goMain.js:1927:11)
	at process.processImmediate (node:internal/timers:466:21)
2023-08-21 16:23:50.368 [error] semantictokens are disabled: Error: semantictokens are disabled
	at handleResponse (/home/ajpf/.vscode/extensions/golang.go-0.39.1/dist/goMain.js:2126:40)
	at handleMessage (/home/ajpf/.vscode/extensions/golang.go-0.39.1/dist/goMain.js:1936:11)
	at processMessageQueue (/home/ajpf/.vscode/extensions/golang.go-0.39.1/dist/goMain.js:1951:13)
	at Immediate.<anonymous> (/home/ajpf/.vscode/extensions/golang.go-0.39.1/dist/goMain.js:1927:11)
	at process.processImmediate (node:internal/timers:466:21)
2023-08-21 16:23:51.598 [error] semantictokens are disabled: Error: semantictokens are disabled
	at handleResponse (/home/ajpf/.vscode/extensions/golang.go-0.39.1/dist/goMain.js:2126:40)
	at handleMessage (/home/ajpf/.vscode/extensions/golang.go-0.39.1/dist/goMain.js:1936:11)
	at processMessageQueue (/home/ajpf/.vscode/extensions/golang.go-0.39.1/dist/goMain.js:1951:13)
	at Immediate.<anonymous> (/home/ajpf/.vscode/extensions/golang.go-0.39.1/dist/goMain.js:1927:11)
	at process.processImmediate (node:internal/timers:466:21)
2023-08-21 16:23:52.620 [error] semantictokens are disabled: Error: semantictokens are disabled
	at handleResponse (/home/ajpf/.vscode/extensions/golang.go-0.39.1/dist/goMain.js:2126:40)
	at handleMessage (/home/ajpf/.vscode/extensions/golang.go-0.39.1/dist/goMain.js:1936:11)
	at processMessageQueue (/home/ajpf/.vscode/extensions/golang.go-0.39.1/dist/goMain.js:1951:13)
	at Immediate.<anonymous> (/home/ajpf/.vscode/extensions/golang.go-0.39.1/dist/goMain.js:1927:11)
	at process.processImmediate (node:internal/timers:466:21)
2023-08-21 16:23:53.628 [error] semantictokens are disabled: Error: semantictokens are disabled
	at handleResponse (/home/ajpf/.vscode/extensions/golang.go-0.39.1/dist/goMain.js:2126:40)
	at handleMessage (/home/ajpf/.vscode/extensions/golang.go-0.39.1/dist/goMain.js:1936:11)
	at processMessageQueue (/home/ajpf/.vscode/extensions/golang.go-0.39.1/dist/goMain.js:1951:13)
	at Immediate.<anonymous> (/home/ajpf/.vscode/extensions/golang.go-0.39.1/dist/goMain.js:1927:11)
	at process.processImmediate (node:internal/timers:466:21)
2023-08-21 16:23:57.287 [error] semantictokens are disabled: Error: semantictokens are disabled
	at handleResponse (/home/ajpf/.vscode/extensions/golang.go-0.39.1/dist/goMain.js:2126:40)
	at handleMessage (/home/ajpf/.vscode/extensions/golang.go-0.39.1/dist/goMain.js:1936:11)
	at processMessageQueue (/home/ajpf/.vscode/extensions/golang.go-0.39.1/dist/goMain.js:1951:13)
	at Immediate.<anonymous> (/home/ajpf/.vscode/extensions/golang.go-0.39.1/dist/goMain.js:1927:11)
	at process.processImmediate (node:internal/timers:466:21)
2023-08-21 16:23:59.337 [error] semantictokens are disabled: Error: semantictokens are disabled
	at handleResponse (/home/ajpf/.vscode/extensions/golang.go-0.39.1/dist/goMain.js:2126:40)
	at handleMessage (/home/ajpf/.vscode/extensions/golang.go-0.39.1/dist/goMain.js:1936:11)
	at processMessageQueue (/home/ajpf/.vscode/extensions/golang.go-0.39.1/dist/goMain.js:1951:13)
	at Immediate.<anonymous> (/home/ajpf/.vscode/extensions/golang.go-0.39.1/dist/goMain.js:1927:11)
	at process.processImmediate (node:internal/timers:466:21)
2023-08-21 16:24:21.372 [error] semantictokens are disabled: Error: semantictokens are disabled
	at handleResponse (/home/ajpf/.vscode/extensions/golang.go-0.39.1/dist/goMain.js:2126:40)
	at handleMessage (/home/ajpf/.vscode/extensions/golang.go-0.39.1/dist/goMain.js:1936:11)
	at processMessageQueue (/home/ajpf/.vscode/extensions/golang.go-0.39.1/dist/goMain.js:1951:13)
	at Immediate.<anonymous> (/home/ajpf/.vscode/extensions/golang.go-0.39.1/dist/goMain.js:1927:11)
	at process.processImmediate (node:internal/timers:466:21)
2023-08-21 16:24:40.251 [error] semantictokens are disabled: Error: semantictokens are disabled
	at handleResponse (/home/ajpf/.vscode/extensions/golang.go-0.39.1/dist/goMain.js:2126:40)
	at handleMessage (/home/ajpf/.vscode/extensions/golang.go-0.39.1/dist/goMain.js:1936:11)
	at processMessageQueue (/home/ajpf/.vscode/extensions/golang.go-0.39.1/dist/goMain.js:1951:13)
	at Immediate.<anonymous> (/home/ajpf/.vscode/extensions/golang.go-0.39.1/dist/goMain.js:1927:11)
	at process.processImmediate (node:internal/timers:466:21)
2023-08-21 16:24:41.258 [error] semantictokens are disabled: Error: semantictokens are disabled
	at handleResponse (/home/ajpf/.vscode/extensions/golang.go-0.39.1/dist/goMain.js:2126:40)
	at handleMessage (/home/ajpf/.vscode/extensions/golang.go-0.39.1/dist/goMain.js:1936:11)
	at processMessageQueue (/home/ajpf/.vscode/extensions/golang.go-0.39.1/dist/goMain.js:1951:13)
	at Immediate.<anonymous> (/home/ajpf/.vscode/extensions/golang.go-0.39.1/dist/goMain.js:1927:11)
	at process.processImmediate (node:internal/timers:466:21)
2023-08-21 16:24:42.294 [error] semantictokens are disabled: Error: semantictokens are disabled
	at handleResponse (/home/ajpf/.vscode/extensions/golang.go-0.39.1/dist/goMain.js:2126:40)
	at handleMessage (/home/ajpf/.vscode/extensions/golang.go-0.39.1/dist/goMain.js:1936:11)
	at processMessageQueue (/home/ajpf/.vscode/extensions/golang.go-0.39.1/dist/goMain.js:1951:13)
	at Immediate.<anonymous> (/home/ajpf/.vscode/extensions/golang.go-0.39.1/dist/goMain.js:1927:11)
	at process.processImmediate (node:internal/timers:466:21)
2023-08-21 16:24:43.642 [error] semantictokens are disabled: Error: semantictokens are disabled
	at handleResponse (/home/ajpf/.vscode/extensions/golang.go-0.39.1/dist/goMain.js:2126:40)
	at handleMessage (/home/ajpf/.vscode/extensions/golang.go-0.39.1/dist/goMain.js:1936:11)
	at processMessageQueue (/home/ajpf/.vscode/extensions/golang.go-0.39.1/dist/goMain.js:1951:13)
	at Immediate.<anonymous> (/home/ajpf/.vscode/extensions/golang.go-0.39.1/dist/goMain.js:1927:11)
	at process.processImmediate (node:internal/timers:466:21)
2023-08-21 16:24:45.510 [error] semantictokens are disabled: Error: semantictokens are disabled
	at handleResponse (/home/ajpf/.vscode/extensions/golang.go-0.39.1/dist/goMain.js:2126:40)
	at handleMessage (/home/ajpf/.vscode/extensions/golang.go-0.39.1/dist/goMain.js:1936:11)
	at processMessageQueue (/home/ajpf/.vscode/extensions/golang.go-0.39.1/dist/goMain.js:1951:13)
	at Immediate.<anonymous> (/home/ajpf/.vscode/extensions/golang.go-0.39.1/dist/goMain.js:1927:11)
	at process.processImmediate (node:internal/timers:466:21)
2023-08-21 16:24:50.141 [error] semantictokens are disabled: Error: semantictokens are disabled
	at handleResponse (/home/ajpf/.vscode/extensions/golang.go-0.39.1/dist/goMain.js:2126:40)
	at handleMessage (/home/ajpf/.vscode/extensions/golang.go-0.39.1/dist/goMain.js:1936:11)
	at processMessageQueue (/home/ajpf/.vscode/extensions/golang.go-0.39.1/dist/goMain.js:1951:13)
	at Immediate.<anonymous> (/home/ajpf/.vscode/extensions/golang.go-0.39.1/dist/goMain.js:1927:11)
	at process.processImmediate (node:internal/timers:466:21)
2023-08-21 16:25:06.135 [error] semantictokens are disabled: Error: semantictokens are disabled
	at handleResponse (/home/ajpf/.vscode/extensions/golang.go-0.39.1/dist/goMain.js:2126:40)
	at handleMessage (/home/ajpf/.vscode/extensions/golang.go-0.39.1/dist/goMain.js:1936:11)
	at processMessageQueue (/home/ajpf/.vscode/extensions/golang.go-0.39.1/dist/goMain.js:1951:13)
	at Immediate.<anonymous> (/home/ajpf/.vscode/extensions/golang.go-0.39.1/dist/goMain.js:1927:11)
	at process.processImmediate (node:internal/timers:466:21)
2023-08-21 16:25:07.202 [error] semantictokens are disabled: Error: semantictokens are disabled
	at handleResponse (/home/ajpf/.vscode/extensions/golang.go-0.39.1/dist/goMain.js:2126:40)
	at handleMessage (/home/ajpf/.vscode/extensions/golang.go-0.39.1/dist/goMain.js:1936:11)
	at processMessageQueue (/home/ajpf/.vscode/extensions/golang.go-0.39.1/dist/goMain.js:1951:13)
	at Immediate.<anonymous> (/home/ajpf/.vscode/extensions/golang.go-0.39.1/dist/goMain.js:1927:11)
	at process.processImmediate (node:internal/timers:466:21)
2023-08-21 16:25:08.207 [error] semantictokens are disabled: Error: semantictokens are disabled
	at handleResponse (/home/ajpf/.vscode/extensions/golang.go-0.39.1/dist/goMain.js:2126:40)
	at handleMessage (/home/ajpf/.vscode/extensions/golang.go-0.39.1/dist/goMain.js:1936:11)
	at processMessageQueue (/home/ajpf/.vscode/extensions/golang.go-0.39.1/dist/goMain.js:1951:13)
	at Immediate.<anonymous> (/home/ajpf/.vscode/extensions/golang.go-0.39.1/dist/goMain.js:1927:11)
	at process.processImmediate (node:internal/timers:466:21)
2023-08-21 16:25:09.254 [error] semantictokens are disabled: Error: semantictokens are disabled
	at handleResponse (/home/ajpf/.vscode/extensions/golang.go-0.39.1/dist/goMain.js:2126:40)
	at handleMessage (/home/ajpf/.vscode/extensions/golang.go-0.39.1/dist/goMain.js:1936:11)
	at processMessageQueue (/home/ajpf/.vscode/extensions/golang.go-0.39.1/dist/goMain.js:1951:13)
	at Immediate.<anonymous> (/home/ajpf/.vscode/extensions/golang.go-0.39.1/dist/goMain.js:1927:11)
	at process.processImmediate (node:internal/timers:466:21)
2023-08-21 16:25:10.302 [error] semantictokens are disabled: Error: semantictokens are disabled
	at handleResponse (/home/ajpf/.vscode/extensions/golang.go-0.39.1/dist/goMain.js:2126:40)
	at handleMessage (/home/ajpf/.vscode/extensions/golang.go-0.39.1/dist/goMain.js:1936:11)
	at processMessageQueue (/home/ajpf/.vscode/extensions/golang.go-0.39.1/dist/goMain.js:1951:13)
	at Immediate.<anonymous> (/home/ajpf/.vscode/extensions/golang.go-0.39.1/dist/goMain.js:1927:11)
	at process.processImmediate (node:internal/timers:466:21)
2023-08-21 16:25:22.368 [error] semantictokens are disabled: Error: semantictokens are disabled
	at handleResponse (/home/ajpf/.vscode/extensions/golang.go-0.39.1/dist/goMain.js:2126:40)
	at handleMessage (/home/ajpf/.vscode/extensions/golang.go-0.39.1/dist/goMain.js:1936:11)
	at processMessageQueue (/home/ajpf/.vscode/extensions/golang.go-0.39.1/dist/goMain.js:1951:13)
	at Immediate.<anonymous> (/home/ajpf/.vscode/extensions/golang.go-0.39.1/dist/goMain.js:1927:11)
	at process.processImmediate (node:internal/timers:466:21)
2023-08-21 16:25:37.823 [error] semantictokens are disabled: Error: semantictokens are disabled
	at handleResponse (/home/ajpf/.vscode/extensions/golang.go-0.39.1/dist/goMain.js:2126:40)
	at handleMessage (/home/ajpf/.vscode/extensions/golang.go-0.39.1/dist/goMain.js:1936:11)
	at processMessageQueue (/home/ajpf/.vscode/extensions/golang.go-0.39.1/dist/goMain.js:1951:13)
	at Immediate.<anonymous> (/home/ajpf/.vscode/extensions/golang.go-0.39.1/dist/goMain.js:1927:11)
	at process.processImmediate (node:internal/timers:466:21)
2023-08-21 16:25:39.551 [error] semantictokens are disabled: Error: semantictokens are disabled
	at handleResponse (/home/ajpf/.vscode/extensions/golang.go-0.39.1/dist/goMain.js:2126:40)
	at handleMessage (/home/ajpf/.vscode/extensions/golang.go-0.39.1/dist/goMain.js:1936:11)
	at processMessageQueue (/home/ajpf/.vscode/extensions/golang.go-0.39.1/dist/goMain.js:1951:13)
	at Immediate.<anonymous> (/home/ajpf/.vscode/extensions/golang.go-0.39.1/dist/goMain.js:1927:11)
	at process.processImmediate (node:internal/timers:466:21)
2023-08-21 16:25:43.433 [error] semantictokens are disabled: Error: semantictokens are disabled
	at handleResponse (/home/ajpf/.vscode/extensions/golang.go-0.39.1/dist/goMain.js:2126:40)
	at handleMessage (/home/ajpf/.vscode/extensions/golang.go-0.39.1/dist/goMain.js:1936:11)
	at processMessageQueue (/home/ajpf/.vscode/extensions/golang.go-0.39.1/dist/goMain.js:1951:13)
	at Immediate.<anonymous> (/home/ajpf/.vscode/extensions/golang.go-0.39.1/dist/goMain.js:1927:11)
	at process.processImmediate (node:internal/timers:466:21)
2023-08-21 16:25:45.233 [error] semantictokens are disabled: Error: semantictokens are disabled
	at handleResponse (/home/ajpf/.vscode/extensions/golang.go-0.39.1/dist/goMain.js:2126:40)
	at handleMessage (/home/ajpf/.vscode/extensions/golang.go-0.39.1/dist/goMain.js:1936:11)
	at processMessageQueue (/home/ajpf/.vscode/extensions/golang.go-0.39.1/dist/goMain.js:1951:13)
	at Immediate.<anonymous> (/home/ajpf/.vscode/extensions/golang.go-0.39.1/dist/goMain.js:1927:11)
	at process.processImmediate (node:internal/timers:466:21)
2023-08-21 16:25:46.334 [error] semantictokens are disabled: Error: semantictokens are disabled
	at handleResponse (/home/ajpf/.vscode/extensions/golang.go-0.39.1/dist/goMain.js:2126:40)
	at handleMessage (/home/ajpf/.vscode/extensions/golang.go-0.39.1/dist/goMain.js:1936:11)
	at processMessageQueue (/home/ajpf/.vscode/extensions/golang.go-0.39.1/dist/goMain.js:1951:13)
	at Immediate.<anonymous> (/home/ajpf/.vscode/extensions/golang.go-0.39.1/dist/goMain.js:1927:11)
	at process.processImmediate (node:internal/timers:466:21)
2023-08-21 16:25:47.627 [error] semantictokens are disabled: Error: semantictokens are disabled
	at handleResponse (/home/ajpf/.vscode/extensions/golang.go-0.39.1/dist/goMain.js:2126:40)
	at handleMessage (/home/ajpf/.vscode/extensions/golang.go-0.39.1/dist/goMain.js:1936:11)
	at processMessageQueue (/home/ajpf/.vscode/extensions/golang.go-0.39.1/dist/goMain.js:1951:13)
	at Immediate.<anonymous> (/home/ajpf/.vscode/extensions/golang.go-0.39.1/dist/goMain.js:1927:11)
	at process.processImmediate (node:internal/timers:466:21)
2023-08-21 16:25:59.581 [error] semantictokens are disabled: Error: semantictokens are disabled
	at handleResponse (/home/ajpf/.vscode/extensions/golang.go-0.39.1/dist/goMain.js:2126:40)
	at handleMessage (/home/ajpf/.vscode/extensions/golang.go-0.39.1/dist/goMain.js:1936:11)
	at processMessageQueue (/home/ajpf/.vscode/extensions/golang.go-0.39.1/dist/goMain.js:1951:13)
	at Immediate.<anonymous> (/home/ajpf/.vscode/extensions/golang.go-0.39.1/dist/goMain.js:1927:11)
	at process.processImmediate (node:internal/timers:466:21)
2023-08-21 16:26:13.104 [error] semantictokens are disabled: Error: semantictokens are disabled
	at handleResponse (/home/ajpf/.vscode/extensions/golang.go-0.39.1/dist/goMain.js:2126:40)
	at handleMessage (/home/ajpf/.vscode/extensions/golang.go-0.39.1/dist/goMain.js:1936:11)
	at processMessageQueue (/home/ajpf/.vscode/extensions/golang.go-0.39.1/dist/goMain.js:1951:13)
	at Immediate.<anonymous> (/home/ajpf/.vscode/extensions/golang.go-0.39.1/dist/goMain.js:1927:11)
	at process.processImmediate (node:internal/timers:466:21)
2023-08-21 16:26:16.332 [error] semantictokens are disabled: Error: semantictokens are disabled
	at handleResponse (/home/ajpf/.vscode/extensions/golang.go-0.39.1/dist/goMain.js:2126:40)
	at handleMessage (/home/ajpf/.vscode/extensions/golang.go-0.39.1/dist/goMain.js:1936:11)
	at processMessageQueue (/home/ajpf/.vscode/extensions/golang.go-0.39.1/dist/goMain.js:1951:13)
	at Immediate.<anonymous> (/home/ajpf/.vscode/extensions/golang.go-0.39.1/dist/goMain.js:1927:11)
	at process.processImmediate (node:internal/timers:466:21)
2023-08-21 16:26:17.430 [error] semantictokens are disabled: Error: semantictokens are disabled
	at handleResponse (/home/ajpf/.vscode/extensions/golang.go-0.39.1/dist/goMain.js:2126:40)
	at handleMessage (/home/ajpf/.vscode/extensions/golang.go-0.39.1/dist/goMain.js:1936:11)
	at processMessageQueue (/home/ajpf/.vscode/extensions/golang.go-0.39.1/dist/goMain.js:1951:13)
	at Immediate.<anonymous> (/home/ajpf/.vscode/extensions/golang.go-0.39.1/dist/goMain.js:1927:11)
	at process.processImmediate (node:internal/timers:466:21)
2023-08-21 16:26:49.735 [error] semantictokens are disabled: Error: semantictokens are disabled
	at handleResponse (/home/ajpf/.vscode/extensions/golang.go-0.39.1/dist/goMain.js:2126:40)
	at handleMessage (/home/ajpf/.vscode/extensions/golang.go-0.39.1/dist/goMain.js:1936:11)
	at processMessageQueue (/home/ajpf/.vscode/extensions/golang.go-0.39.1/dist/goMain.js:1951:13)
	at Immediate.<anonymous> (/home/ajpf/.vscode/extensions/golang.go-0.39.1/dist/goMain.js:1927:11)
	at process.processImmediate (node:internal/timers:466:21)
2023-08-21 16:26:50.919 [error] semantictokens are disabled: Error: semantictokens are disabled
	at handleResponse (/home/ajpf/.vscode/extensions/golang.go-0.39.1/dist/goMain.js:2126:40)
	at handleMessage (/home/ajpf/.vscode/extensions/golang.go-0.39.1/dist/goMain.js:1936:11)
	at processMessageQueue (/home/ajpf/.vscode/extensions/golang.go-0.39.1/dist/goMain.js:1951:13)
	at Immediate.<anonymous> (/home/ajpf/.vscode/extensions/golang.go-0.39.1/dist/goMain.js:1927:11)
	at process.processImmediate (node:internal/timers:466:21)
2023-08-21 16:26:52.096 [error] semantictokens are disabled: Error: semantictokens are disabled
	at handleResponse (/home/ajpf/.vscode/extensions/golang.go-0.39.1/dist/goMain.js:2126:40)
	at handleMessage (/home/ajpf/.vscode/extensions/golang.go-0.39.1/dist/goMain.js:1936:11)
	at processMessageQueue (/home/ajpf/.vscode/extensions/golang.go-0.39.1/dist/goMain.js:1951:13)
	at Immediate.<anonymous> (/home/ajpf/.vscode/extensions/golang.go-0.39.1/dist/goMain.js:1927:11)
	at process.processImmediate (node:internal/timers:466:21)
2023-08-21 16:26:54.582 [error] semantictokens are disabled: Error: semantictokens are disabled
	at handleResponse (/home/ajpf/.vscode/extensions/golang.go-0.39.1/dist/goMain.js:2126:40)
	at handleMessage (/home/ajpf/.vscode/extensions/golang.go-0.39.1/dist/goMain.js:1936:11)
	at processMessageQueue (/home/ajpf/.vscode/extensions/golang.go-0.39.1/dist/goMain.js:1951:13)
	at Immediate.<anonymous> (/home/ajpf/.vscode/extensions/golang.go-0.39.1/dist/goMain.js:1927:11)
	at process.processImmediate (node:internal/timers:466:21)
2023-08-21 16:26:56.630 [error] semantictokens are disabled: Error: semantictokens are disabled
	at handleResponse (/home/ajpf/.vscode/extensions/golang.go-0.39.1/dist/goMain.js:2126:40)
	at handleMessage (/home/ajpf/.vscode/extensions/golang.go-0.39.1/dist/goMain.js:1936:11)
	at processMessageQueue (/home/ajpf/.vscode/extensions/golang.go-0.39.1/dist/goMain.js:1951:13)
	at Immediate.<anonymous> (/home/ajpf/.vscode/extensions/golang.go-0.39.1/dist/goMain.js:1927:11)
	at process.processImmediate (node:internal/timers:466:21)
2023-08-21 16:26:57.804 [error] semantictokens are disabled: Error: semantictokens are disabled
	at handleResponse (/home/ajpf/.vscode/extensions/golang.go-0.39.1/dist/goMain.js:2126:40)
	at handleMessage (/home/ajpf/.vscode/extensions/golang.go-0.39.1/dist/goMain.js:1936:11)
	at processMessageQueue (/home/ajpf/.vscode/extensions/golang.go-0.39.1/dist/goMain.js:1951:13)
	at Immediate.<anonymous> (/home/ajpf/.vscode/extensions/golang.go-0.39.1/dist/goMain.js:1927:11)
	at process.processImmediate (node:internal/timers:466:21)
2023-08-21 16:26:58.970 [error] semantictokens are disabled: Error: semantictokens are disabled
	at handleResponse (/home/ajpf/.vscode/extensions/golang.go-0.39.1/dist/goMain.js:2126:40)
	at handleMessage (/home/ajpf/.vscode/extensions/golang.go-0.39.1/dist/goMain.js:1936:11)
	at processMessageQueue (/home/ajpf/.vscode/extensions/golang.go-0.39.1/dist/goMain.js:1951:13)
	at Immediate.<anonymous> (/home/ajpf/.vscode/extensions/golang.go-0.39.1/dist/goMain.js:1927:11)
	at process.processImmediate (node:internal/timers:466:21)
2023-08-21 16:27:00.132 [error] semantictokens are disabled: Error: semantictokens are disabled
	at handleResponse (/home/ajpf/.vscode/extensions/golang.go-0.39.1/dist/goMain.js:2126:40)
	at handleMessage (/home/ajpf/.vscode/extensions/golang.go-0.39.1/dist/goMain.js:1936:11)
	at processMessageQueue (/home/ajpf/.vscode/extensions/golang.go-0.39.1/dist/goMain.js:1951:13)
	at Immediate.<anonymous> (/home/ajpf/.vscode/extensions/golang.go-0.39.1/dist/goMain.js:1927:11)
	at process.processImmediate (node:internal/timers:466:21)
2023-08-21 16:27:01.144 [error] semantictokens are disabled: Error: semantictokens are disabled
	at handleResponse (/home/ajpf/.vscode/extensions/golang.go-0.39.1/dist/goMain.js:2126:40)
	at handleMessage (/home/ajpf/.vscode/extensions/golang.go-0.39.1/dist/goMain.js:1936:11)
	at processMessageQueue (/home/ajpf/.vscode/extensions/golang.go-0.39.1/dist/goMain.js:1951:13)
	at Immediate.<anonymous> (/home/ajpf/.vscode/extensions/golang.go-0.39.1/dist/goMain.js:1927:11)
	at process.processImmediate (node:internal/timers:466:21)
2023-08-21 16:27:02.182 [error] semantictokens are disabled: Error: semantictokens are disabled
	at handleResponse (/home/ajpf/.vscode/extensions/golang.go-0.39.1/dist/goMain.js:2126:40)
	at handleMessage (/home/ajpf/.vscode/extensions/golang.go-0.39.1/dist/goMain.js:1936:11)
	at processMessageQueue (/home/ajpf/.vscode/extensions/golang.go-0.39.1/dist/goMain.js:1951:13)
	at Immediate.<anonymous> (/home/ajpf/.vscode/extensions/golang.go-0.39.1/dist/goMain.js:1927:11)
	at process.processImmediate (node:internal/timers:466:21)
2023-08-21 16:27:03.583 [error] semantictokens are disabled: Error: semantictokens are disabled
	at handleResponse (/home/ajpf/.vscode/extensions/golang.go-0.39.1/dist/goMain.js:2126:40)
	at handleMessage (/home/ajpf/.vscode/extensions/golang.go-0.39.1/dist/goMain.js:1936:11)
	at processMessageQueue (/home/ajpf/.vscode/extensions/golang.go-0.39.1/dist/goMain.js:1951:13)
	at Immediate.<anonymous> (/home/ajpf/.vscode/extensions/golang.go-0.39.1/dist/goMain.js:1927:11)
	at process.processImmediate (node:internal/timers:466:21)
2023-08-21 16:27:08.180 [error] semantictokens are disabled: Error: semantictokens are disabled
	at handleResponse (/home/ajpf/.vscode/extensions/golang.go-0.39.1/dist/goMain.js:2126:40)
	at handleMessage (/home/ajpf/.vscode/extensions/golang.go-0.39.1/dist/goMain.js:1936:11)
	at processMessageQueue (/home/ajpf/.vscode/extensions/golang.go-0.39.1/dist/goMain.js:1951:13)
	at Immediate.<anonymous> (/home/ajpf/.vscode/extensions/golang.go-0.39.1/dist/goMain.js:1927:11)
	at process.processImmediate (node:internal/timers:466:21)
2023-08-21 16:27:09.278 [error] semantictokens are disabled: Error: semantictokens are disabled
	at handleResponse (/home/ajpf/.vscode/extensions/golang.go-0.39.1/dist/goMain.js:2126:40)
	at handleMessage (/home/ajpf/.vscode/extensions/golang.go-0.39.1/dist/goMain.js:1936:11)
	at processMessageQueue (/home/ajpf/.vscode/extensions/golang.go-0.39.1/dist/goMain.js:1951:13)
	at Immediate.<anonymous> (/home/ajpf/.vscode/extensions/golang.go-0.39.1/dist/goMain.js:1927:11)
	at process.processImmediate (node:internal/timers:466:21)
2023-08-21 16:27:10.492 [error] semantictokens are disabled: Error: semantictokens are disabled
	at handleResponse (/home/ajpf/.vscode/extensions/golang.go-0.39.1/dist/goMain.js:2126:40)
	at handleMessage (/home/ajpf/.vscode/extensions/golang.go-0.39.1/dist/goMain.js:1936:11)
	at processMessageQueue (/home/ajpf/.vscode/extensions/golang.go-0.39.1/dist/goMain.js:1951:13)
	at Immediate.<anonymous> (/home/ajpf/.vscode/extensions/golang.go-0.39.1/dist/goMain.js:1927:11)
	at process.processImmediate (node:internal/timers:466:21)
2023-08-21 16:27:12.810 [error] semantictokens are disabled: Error: semantictokens are disabled
	at handleResponse (/home/ajpf/.vscode/extensions/golang.go-0.39.1/dist/goMain.js:2126:40)
	at handleMessage (/home/ajpf/.vscode/extensions/golang.go-0.39.1/dist/goMain.js:1936:11)
	at processMessageQueue (/home/ajpf/.vscode/extensions/golang.go-0.39.1/dist/goMain.js:1951:13)
	at Immediate.<anonymous> (/home/ajpf/.vscode/extensions/golang.go-0.39.1/dist/goMain.js:1927:11)
	at process.processImmediate (node:internal/timers:466:21)
2023-08-21 16:27:14.773 [error] semantictokens are disabled: Error: semantictokens are disabled
	at handleResponse (/home/ajpf/.vscode/extensions/golang.go-0.39.1/dist/goMain.js:2126:40)
	at handleMessage (/home/ajpf/.vscode/extensions/golang.go-0.39.1/dist/goMain.js:1936:11)
	at processMessageQueue (/home/ajpf/.vscode/extensions/golang.go-0.39.1/dist/goMain.js:1951:13)
	at Immediate.<anonymous> (/home/ajpf/.vscode/extensions/golang.go-0.39.1/dist/goMain.js:1927:11)
	at process.processImmediate (node:internal/timers:466:21)
2023-08-21 16:27:16.093 [error] semantictokens are disabled: Error: semantictokens are disabled
	at handleResponse (/home/ajpf/.vscode/extensions/golang.go-0.39.1/dist/goMain.js:2126:40)
	at handleMessage (/home/ajpf/.vscode/extensions/golang.go-0.39.1/dist/goMain.js:1936:11)
	at processMessageQueue (/home/ajpf/.vscode/extensions/golang.go-0.39.1/dist/goMain.js:1951:13)
	at Immediate.<anonymous> (/home/ajpf/.vscode/extensions/golang.go-0.39.1/dist/goMain.js:1927:11)
	at process.processImmediate (node:internal/timers:466:21)
2023-08-21 16:27:17.295 [error] semantictokens are disabled: Error: semantictokens are disabled
	at handleResponse (/home/ajpf/.vscode/extensions/golang.go-0.39.1/dist/goMain.js:2126:40)
	at handleMessage (/home/ajpf/.vscode/extensions/golang.go-0.39.1/dist/goMain.js:1936:11)
	at processMessageQueue (/home/ajpf/.vscode/extensions/golang.go-0.39.1/dist/goMain.js:1951:13)
	at Immediate.<anonymous> (/home/ajpf/.vscode/extensions/golang.go-0.39.1/dist/goMain.js:1927:11)
	at process.processImmediate (node:internal/timers:466:21)
2023-08-21 16:27:18.790 [error] semantictokens are disabled: Error: semantictokens are disabled
	at handleResponse (/home/ajpf/.vscode/extensions/golang.go-0.39.1/dist/goMain.js:2126:40)
	at handleMessage (/home/ajpf/.vscode/extensions/golang.go-0.39.1/dist/goMain.js:1936:11)
	at processMessageQueue (/home/ajpf/.vscode/extensions/golang.go-0.39.1/dist/goMain.js:1951:13)
	at Immediate.<anonymous> (/home/ajpf/.vscode/extensions/golang.go-0.39.1/dist/goMain.js:1927:11)
	at process.processImmediate (node:internal/timers:466:21)
2023-08-21 16:27:28.578 [error] semantictokens are disabled: Error: semantictokens are disabled
	at handleResponse (/home/ajpf/.vscode/extensions/golang.go-0.39.1/dist/goMain.js:2126:40)
	at handleMessage (/home/ajpf/.vscode/extensions/golang.go-0.39.1/dist/goMain.js:1936:11)
	at processMessageQueue (/home/ajpf/.vscode/extensions/golang.go-0.39.1/dist/goMain.js:1951:13)
	at Immediate.<anonymous> (/home/ajpf/.vscode/extensions/golang.go-0.39.1/dist/goMain.js:1927:11)
	at process.processImmediate (node:internal/timers:466:21)
2023-08-21 16:27:30.381 [error] semantictokens are disabled: Error: semantictokens are disabled
	at handleResponse (/home/ajpf/.vscode/extensions/golang.go-0.39.1/dist/goMain.js:2126:40)
	at handleMessage (/home/ajpf/.vscode/extensions/golang.go-0.39.1/dist/goMain.js:1936:11)
	at processMessageQueue (/home/ajpf/.vscode/extensions/golang.go-0.39.1/dist/goMain.js:1951:13)
	at Immediate.<anonymous> (/home/ajpf/.vscode/extensions/golang.go-0.39.1/dist/goMain.js:1927:11)
	at process.processImmediate (node:internal/timers:466:21)
2023-08-21 16:27:31.820 [error] semantictokens are disabled: Error: semantictokens are disabled
	at handleResponse (/home/ajpf/.vscode/extensions/golang.go-0.39.1/dist/goMain.js:2126:40)
	at handleMessage (/home/ajpf/.vscode/extensions/golang.go-0.39.1/dist/goMain.js:1936:11)
	at processMessageQueue (/home/ajpf/.vscode/extensions/golang.go-0.39.1/dist/goMain.js:1951:13)
	at Immediate.<anonymous> (/home/ajpf/.vscode/extensions/golang.go-0.39.1/dist/goMain.js:1927:11)
	at process.processImmediate (node:internal/timers:466:21)
2023-08-21 16:27:34.100 [error] semantictokens are disabled: Error: semantictokens are disabled
	at handleResponse (/home/ajpf/.vscode/extensions/golang.go-0.39.1/dist/goMain.js:2126:40)
	at handleMessage (/home/ajpf/.vscode/extensions/golang.go-0.39.1/dist/goMain.js:1936:11)
	at processMessageQueue (/home/ajpf/.vscode/extensions/golang.go-0.39.1/dist/goMain.js:1951:13)
	at Immediate.<anonymous> (/home/ajpf/.vscode/extensions/golang.go-0.39.1/dist/goMain.js:1927:11)
	at process.processImmediate (node:internal/timers:466:21)
2023-08-21 16:27:35.965 [error] semantictokens are disabled: Error: semantictokens are disabled
	at handleResponse (/home/ajpf/.vscode/extensions/golang.go-0.39.1/dist/goMain.js:2126:40)
	at handleMessage (/home/ajpf/.vscode/extensions/golang.go-0.39.1/dist/goMain.js:1936:11)
	at processMessageQueue (/home/ajpf/.vscode/extensions/golang.go-0.39.1/dist/goMain.js:1951:13)
	at Immediate.<anonymous> (/home/ajpf/.vscode/extensions/golang.go-0.39.1/dist/goMain.js:1927:11)
	at process.processImmediate (node:internal/timers:466:21)
2023-08-21 16:27:37.177 [error] semantictokens are disabled: Error: semantictokens are disabled
	at handleResponse (/home/ajpf/.vscode/extensions/golang.go-0.39.1/dist/goMain.js:2126:40)
	at handleMessage (/home/ajpf/.vscode/extensions/golang.go-0.39.1/dist/goMain.js:1936:11)
	at processMessageQueue (/home/ajpf/.vscode/extensions/golang.go-0.39.1/dist/goMain.js:1951:13)
	at Immediate.<anonymous> (/home/ajpf/.vscode/extensions/golang.go-0.39.1/dist/goMain.js:1927:11)
	at process.processImmediate (node:internal/timers:466:21)
2023-08-21 16:27:38.700 [error] semantictokens are disabled: Error: semantictokens are disabled
	at handleResponse (/home/ajpf/.vscode/extensions/golang.go-0.39.1/dist/goMain.js:2126:40)
	at handleMessage (/home/ajpf/.vscode/extensions/golang.go-0.39.1/dist/goMain.js:1936:11)
	at processMessageQueue (/home/ajpf/.vscode/extensions/golang.go-0.39.1/dist/goMain.js:1951:13)
	at Immediate.<anonymous> (/home/ajpf/.vscode/extensions/golang.go-0.39.1/dist/goMain.js:1927:11)
	at process.processImmediate (node:internal/timers:466:21)
2023-08-21 16:27:40.060 [error] semantictokens are disabled: Error: semantictokens are disabled
	at handleResponse (/home/ajpf/.vscode/extensions/golang.go-0.39.1/dist/goMain.js:2126:40)
	at handleMessage (/home/ajpf/.vscode/extensions/golang.go-0.39.1/dist/goMain.js:1936:11)
	at processMessageQueue (/home/ajpf/.vscode/extensions/golang.go-0.39.1/dist/goMain.js:1951:13)
	at Immediate.<anonymous> (/home/ajpf/.vscode/extensions/golang.go-0.39.1/dist/goMain.js:1927:11)
	at process.processImmediate (node:internal/timers:466:21)
2023-08-21 16:27:41.399 [error] semantictokens are disabled: Error: semantictokens are disabled
	at handleResponse (/home/ajpf/.vscode/extensions/golang.go-0.39.1/dist/goMain.js:2126:40)
	at handleMessage (/home/ajpf/.vscode/extensions/golang.go-0.39.1/dist/goMain.js:1936:11)
	at processMessageQueue (/home/ajpf/.vscode/extensions/golang.go-0.39.1/dist/goMain.js:1951:13)
	at Immediate.<anonymous> (/home/ajpf/.vscode/extensions/golang.go-0.39.1/dist/goMain.js:1927:11)
	at process.processImmediate (node:internal/timers:466:21)
2023-08-21 16:27:42.870 [error] semantictokens are disabled: Error: semantictokens are disabled
	at handleResponse (/home/ajpf/.vscode/extensions/golang.go-0.39.1/dist/goMain.js:2126:40)
	at handleMessage (/home/ajpf/.vscode/extensions/golang.go-0.39.1/dist/goMain.js:1936:11)
	at processMessageQueue (/home/ajpf/.vscode/extensions/golang.go-0.39.1/dist/goMain.js:1951:13)
	at Immediate.<anonymous> (/home/ajpf/.vscode/extensions/golang.go-0.39.1/dist/goMain.js:1927:11)
	at process.processImmediate (node:internal/timers:466:21)
2023-08-21 16:27:47.085 [error] semantictokens are disabled: Error: semantictokens are disabled
	at handleResponse (/home/ajpf/.vscode/extensions/golang.go-0.39.1/dist/goMain.js:2126:40)
	at handleMessage (/home/ajpf/.vscode/extensions/golang.go-0.39.1/dist/goMain.js:1936:11)
	at processMessageQueue (/home/ajpf/.vscode/extensions/golang.go-0.39.1/dist/goMain.js:1951:13)
	at Immediate.<anonymous> (/home/ajpf/.vscode/extensions/golang.go-0.39.1/dist/goMain.js:1927:11)
	at process.processImmediate (node:internal/timers:466:21)
2023-08-21 16:27:53.257 [error] semantictokens are disabled: Error: semantictokens are disabled
	at handleResponse (/home/ajpf/.vscode/extensions/golang.go-0.39.1/dist/goMain.js:2126:40)
	at handleMessage (/home/ajpf/.vscode/extensions/golang.go-0.39.1/dist/goMain.js:1936:11)
	at processMessageQueue (/home/ajpf/.vscode/extensions/golang.go-0.39.1/dist/goMain.js:1951:13)
	at Immediate.<anonymous> (/home/ajpf/.vscode/extensions/golang.go-0.39.1/dist/goMain.js:1927:11)
	at process.processImmediate (node:internal/timers:466:21)
2023-08-21 16:27:55.295 [error] semantictokens are disabled: Error: semantictokens are disabled
	at handleResponse (/home/ajpf/.vscode/extensions/golang.go-0.39.1/dist/goMain.js:2126:40)
	at handleMessage (/home/ajpf/.vscode/extensions/golang.go-0.39.1/dist/goMain.js:1936:11)
	at processMessageQueue (/home/ajpf/.vscode/extensions/golang.go-0.39.1/dist/goMain.js:1951:13)
	at Immediate.<anonymous> (/home/ajpf/.vscode/extensions/golang.go-0.39.1/dist/goMain.js:1927:11)
	at process.processImmediate (node:internal/timers:466:21)
2023-08-21 16:27:57.472 [error] semantictokens are disabled: Error: semantictokens are disabled
	at handleResponse (/home/ajpf/.vscode/extensions/golang.go-0.39.1/dist/goMain.js:2126:40)
	at handleMessage (/home/ajpf/.vscode/extensions/golang.go-0.39.1/dist/goMain.js:1936:11)
	at processMessageQueue (/home/ajpf/.vscode/extensions/golang.go-0.39.1/dist/goMain.js:1951:13)
	at Immediate.<anonymous> (/home/ajpf/.vscode/extensions/golang.go-0.39.1/dist/goMain.js:1927:11)
	at process.processImmediate (node:internal/timers:466:21)
2023-08-21 16:27:58.638 [error] semantictokens are disabled: Error: semantictokens are disabled
	at handleResponse (/home/ajpf/.vscode/extensions/golang.go-0.39.1/dist/goMain.js:2126:40)
	at handleMessage (/home/ajpf/.vscode/extensions/golang.go-0.39.1/dist/goMain.js:1936:11)
	at processMessageQueue (/home/ajpf/.vscode/extensions/golang.go-0.39.1/dist/goMain.js:1951:13)
	at Immediate.<anonymous> (/home/ajpf/.vscode/extensions/golang.go-0.39.1/dist/goMain.js:1927:11)
	at process.processImmediate (node:internal/timers:466:21)
2023-08-21 16:28:04.533 [error] semantictokens are disabled: Error: semantictokens are disabled
	at handleResponse (/home/ajpf/.vscode/extensions/golang.go-0.39.1/dist/goMain.js:2126:40)
	at handleMessage (/home/ajpf/.vscode/extensions/golang.go-0.39.1/dist/goMain.js:1936:11)
	at processMessageQueue (/home/ajpf/.vscode/extensions/golang.go-0.39.1/dist/goMain.js:1951:13)
	at Immediate.<anonymous> (/home/ajpf/.vscode/extensions/golang.go-0.39.1/dist/goMain.js:1927:11)
	at process.processImmediate (node:internal/timers:466:21)
2023-08-21 16:28:06.812 [error] semantictokens are disabled: Error: semantictokens are disabled
	at handleResponse (/home/ajpf/.vscode/extensions/golang.go-0.39.1/dist/goMain.js:2126:40)
	at handleMessage (/home/ajpf/.vscode/extensions/golang.go-0.39.1/dist/goMain.js:1936:11)
	at processMessageQueue (/home/ajpf/.vscode/extensions/golang.go-0.39.1/dist/goMain.js:1951:13)
	at Immediate.<anonymous> (/home/ajpf/.vscode/extensions/golang.go-0.39.1/dist/goMain.js:1927:11)
	at process.processImmediate (node:internal/timers:466:21)
2023-08-21 16:28:08.060 [error] semantictokens are disabled: Error: semantictokens are disabled
	at handleResponse (/home/ajpf/.vscode/extensions/golang.go-0.39.1/dist/goMain.js:2126:40)
	at handleMessage (/home/ajpf/.vscode/extensions/golang.go-0.39.1/dist/goMain.js:1936:11)
	at processMessageQueue (/home/ajpf/.vscode/extensions/golang.go-0.39.1/dist/goMain.js:1951:13)
	at Immediate.<anonymous> (/home/ajpf/.vscode/extensions/golang.go-0.39.1/dist/goMain.js:1927:11)
	at process.processImmediate (node:internal/timers:466:21)
2023-08-21 16:28:09.717 [error] semantictokens are disabled: Error: semantictokens are disabled
	at handleResponse (/home/ajpf/.vscode/extensions/golang.go-0.39.1/dist/goMain.js:2126:40)
	at handleMessage (/home/ajpf/.vscode/extensions/golang.go-0.39.1/dist/goMain.js:1936:11)
	at processMessageQueue (/home/ajpf/.vscode/extensions/golang.go-0.39.1/dist/goMain.js:1951:13)
	at Immediate.<anonymous> (/home/ajpf/.vscode/extensions/golang.go-0.39.1/dist/goMain.js:1927:11)
	at process.processImmediate (node:internal/timers:466:21)
2023-08-21 16:28:11.344 [error] semantictokens are disabled: Error: semantictokens are disabled
	at handleResponse (/home/ajpf/.vscode/extensions/golang.go-0.39.1/dist/goMain.js:2126:40)
	at handleMessage (/home/ajpf/.vscode/extensions/golang.go-0.39.1/dist/goMain.js:1936:11)
	at processMessageQueue (/home/ajpf/.vscode/extensions/golang.go-0.39.1/dist/goMain.js:1951:13)
	at Immediate.<anonymous> (/home/ajpf/.vscode/extensions/golang.go-0.39.1/dist/goMain.js:1927:11)
	at process.processImmediate (node:internal/timers:466:21)
2023-08-21 16:28:12.927 [error] semantictokens are disabled: Error: semantictokens are disabled
	at handleResponse (/home/ajpf/.vscode/extensions/golang.go-0.39.1/dist/goMain.js:2126:40)
	at handleMessage (/home/ajpf/.vscode/extensions/golang.go-0.39.1/dist/goMain.js:1936:11)
	at processMessageQueue (/home/ajpf/.vscode/extensions/golang.go-0.39.1/dist/goMain.js:1951:13)
	at Immediate.<anonymous> (/home/ajpf/.vscode/extensions/golang.go-0.39.1/dist/goMain.js:1927:11)
	at process.processImmediate (node:internal/timers:466:21)
2023-08-21 16:28:14.304 [error] semantictokens are disabled: Error: semantictokens are disabled
	at handleResponse (/home/ajpf/.vscode/extensions/golang.go-0.39.1/dist/goMain.js:2126:40)
	at handleMessage (/home/ajpf/.vscode/extensions/golang.go-0.39.1/dist/goMain.js:1936:11)
	at processMessageQueue (/home/ajpf/.vscode/extensions/golang.go-0.39.1/dist/goMain.js:1951:13)
	at Immediate.<anonymous> (/home/ajpf/.vscode/extensions/golang.go-0.39.1/dist/goMain.js:1927:11)
	at process.processImmediate (node:internal/timers:466:21)
2023-08-21 16:28:21.405 [error] semantictokens are disabled: Error: semantictokens are disabled
	at handleResponse (/home/ajpf/.vscode/extensions/golang.go-0.39.1/dist/goMain.js:2126:40)
	at handleMessage (/home/ajpf/.vscode/extensions/golang.go-0.39.1/dist/goMain.js:1936:11)
	at processMessageQueue (/home/ajpf/.vscode/extensions/golang.go-0.39.1/dist/goMain.js:1951:13)
	at Immediate.<anonymous> (/home/ajpf/.vscode/extensions/golang.go-0.39.1/dist/goMain.js:1927:11)
	at process.processImmediate (node:internal/timers:466:21)
2023-08-21 16:28:40.003 [error] semantictokens are disabled: Error: semantictokens are disabled
	at handleResponse (/home/ajpf/.vscode/extensions/golang.go-0.39.1/dist/goMain.js:2126:40)
	at handleMessage (/home/ajpf/.vscode/extensions/golang.go-0.39.1/dist/goMain.js:1936:11)
	at processMessageQueue (/home/ajpf/.vscode/extensions/golang.go-0.39.1/dist/goMain.js:1951:13)
	at Immediate.<anonymous> (/home/ajpf/.vscode/extensions/golang.go-0.39.1/dist/goMain.js:1927:11)
	at process.processImmediate (node:internal/timers:466:21)
2023-08-21 16:28:49.013 [error] semantictokens are disabled: Error: semantictokens are disabled
	at handleResponse (/home/ajpf/.vscode/extensions/golang.go-0.39.1/dist/goMain.js:2126:40)
	at handleMessage (/home/ajpf/.vscode/extensions/golang.go-0.39.1/dist/goMain.js:1936:11)
	at processMessageQueue (/home/ajpf/.vscode/extensions/golang.go-0.39.1/dist/goMain.js:1951:13)
	at Immediate.<anonymous> (/home/ajpf/.vscode/extensions/golang.go-0.39.1/dist/goMain.js:1927:11)
	at process.processImmediate (node:internal/timers:466:21)
2023-08-21 16:28:50.622 [error] semantictokens are disabled: Error: semantictokens are disabled
	at handleResponse (/home/ajpf/.vscode/extensions/golang.go-0.39.1/dist/goMain.js:2126:40)
	at handleMessage (/home/ajpf/.vscode/extensions/golang.go-0.39.1/dist/goMain.js:1936:11)
	at processMessageQueue (/home/ajpf/.vscode/extensions/golang.go-0.39.1/dist/goMain.js:1951:13)
	at Immediate.<anonymous> (/home/ajpf/.vscode/extensions/golang.go-0.39.1/dist/goMain.js:1927:11)
	at process.processImmediate (node:internal/timers:466:21)
2023-08-21 16:28:52.333 [error] semantictokens are disabled: Error: semantictokens are disabled
	at handleResponse (/home/ajpf/.vscode/extensions/golang.go-0.39.1/dist/goMain.js:2126:40)
	at handleMessage (/home/ajpf/.vscode/extensions/golang.go-0.39.1/dist/goMain.js:1936:11)
	at processMessageQueue (/home/ajpf/.vscode/extensions/golang.go-0.39.1/dist/goMain.js:1951:13)
	at Immediate.<anonymous> (/home/ajpf/.vscode/extensions/golang.go-0.39.1/dist/goMain.js:1927:11)
	at process.processImmediate (node:internal/timers:466:21)
2023-08-21 16:30:23.071 [error] semantictokens are disabled: Error: semantictokens are disabled
	at handleResponse (/home/ajpf/.vscode/extensions/golang.go-0.39.1/dist/goMain.js:2126:40)
	at handleMessage (/home/ajpf/.vscode/extensions/golang.go-0.39.1/dist/goMain.js:1936:11)
	at processMessageQueue (/home/ajpf/.vscode/extensions/golang.go-0.39.1/dist/goMain.js:1951:13)
	at Immediate.<anonymous> (/home/ajpf/.vscode/extensions/golang.go-0.39.1/dist/goMain.js:1927:11)
	at process.processImmediate (node:internal/timers:466:21)
2023-08-21 16:30:40.369 [error] semantictokens are disabled: Error: semantictokens are disabled
	at handleResponse (/home/ajpf/.vscode/extensions/golang.go-0.39.1/dist/goMain.js:2126:40)
	at handleMessage (/home/ajpf/.vscode/extensions/golang.go-0.39.1/dist/goMain.js:1936:11)
	at processMessageQueue (/home/ajpf/.vscode/extensions/golang.go-0.39.1/dist/goMain.js:1951:13)
	at Immediate.<anonymous> (/home/ajpf/.vscode/extensions/golang.go-0.39.1/dist/goMain.js:1927:11)
	at process.processImmediate (node:internal/timers:466:21)
2023-08-21 16:30:42.257 [error] semantictokens are disabled: Error: semantictokens are disabled
	at handleResponse (/home/ajpf/.vscode/extensions/golang.go-0.39.1/dist/goMain.js:2126:40)
	at handleMessage (/home/ajpf/.vscode/extensions/golang.go-0.39.1/dist/goMain.js:1936:11)
	at processMessageQueue (/home/ajpf/.vscode/extensions/golang.go-0.39.1/dist/goMain.js:1951:13)
	at Immediate.<anonymous> (/home/ajpf/.vscode/extensions/golang.go-0.39.1/dist/goMain.js:1927:11)
	at process.processImmediate (node:internal/timers:466:21)
2023-08-21 16:31:12.388 [error] semantictokens are disabled: Error: semantictokens are disabled
	at handleResponse (/home/ajpf/.vscode/extensions/golang.go-0.39.1/dist/goMain.js:2126:40)
	at handleMessage (/home/ajpf/.vscode/extensions/golang.go-0.39.1/dist/goMain.js:1936:11)
	at processMessageQueue (/home/ajpf/.vscode/extensions/golang.go-0.39.1/dist/goMain.js:1951:13)
	at Immediate.<anonymous> (/home/ajpf/.vscode/extensions/golang.go-0.39.1/dist/goMain.js:1927:11)
	at process.processImmediate (node:internal/timers:466:21)
2023-08-21 16:31:15.318 [error] semantictokens are disabled: Error: semantictokens are disabled
	at handleResponse (/home/ajpf/.vscode/extensions/golang.go-0.39.1/dist/goMain.js:2126:40)
	at handleMessage (/home/ajpf/.vscode/extensions/golang.go-0.39.1/dist/goMain.js:1936:11)
	at processMessageQueue (/home/ajpf/.vscode/extensions/golang.go-0.39.1/dist/goMain.js:1951:13)
	at Immediate.<anonymous> (/home/ajpf/.vscode/extensions/golang.go-0.39.1/dist/goMain.js:1927:11)
	at process.processImmediate (node:internal/timers:466:21)
2023-08-21 16:31:16.372 [error] semantictokens are disabled: Error: semantictokens are disabled
	at handleResponse (/home/ajpf/.vscode/extensions/golang.go-0.39.1/dist/goMain.js:2126:40)
	at handleMessage (/home/ajpf/.vscode/extensions/golang.go-0.39.1/dist/goMain.js:1936:11)
	at processMessageQueue (/home/ajpf/.vscode/extensions/golang.go-0.39.1/dist/goMain.js:1951:13)
	at Immediate.<anonymous> (/home/ajpf/.vscode/extensions/golang.go-0.39.1/dist/goMain.js:1927:11)
	at process.processImmediate (node:internal/timers:466:21)
2023-08-21 16:31:27.326 [error] semantictokens are disabled: Error: semantictokens are disabled
	at handleResponse (/home/ajpf/.vscode/extensions/golang.go-0.39.1/dist/goMain.js:2126:40)
	at handleMessage (/home/ajpf/.vscode/extensions/golang.go-0.39.1/dist/goMain.js:1936:11)
	at processMessageQueue (/home/ajpf/.vscode/extensions/golang.go-0.39.1/dist/goMain.js:1951:13)
	at Immediate.<anonymous> (/home/ajpf/.vscode/extensions/golang.go-0.39.1/dist/goMain.js:1927:11)
	at process.processImmediate (node:internal/timers:466:21)
2023-08-21 16:31:28.410 [error] semantictokens are disabled: Error: semantictokens are disabled
	at handleResponse (/home/ajpf/.vscode/extensions/golang.go-0.39.1/dist/goMain.js:2126:40)
	at handleMessage (/home/ajpf/.vscode/extensions/golang.go-0.39.1/dist/goMain.js:1936:11)
	at processMessageQueue (/home/ajpf/.vscode/extensions/golang.go-0.39.1/dist/goMain.js:1951:13)
	at Immediate.<anonymous> (/home/ajpf/.vscode/extensions/golang.go-0.39.1/dist/goMain.js:1927:11)
	at process.processImmediate (node:internal/timers:466:21)
2023-08-21 16:31:40.585 [error] semantictokens are disabled: Error: semantictokens are disabled
	at handleResponse (/home/ajpf/.vscode/extensions/golang.go-0.39.1/dist/goMain.js:2126:40)
	at handleMessage (/home/ajpf/.vscode/extensions/golang.go-0.39.1/dist/goMain.js:1936:11)
	at processMessageQueue (/home/ajpf/.vscode/extensions/golang.go-0.39.1/dist/goMain.js:1951:13)
	at Immediate.<anonymous> (/home/ajpf/.vscode/extensions/golang.go-0.39.1/dist/goMain.js:1927:11)
	at process.processImmediate (node:internal/timers:466:21)
2023-08-21 16:31:46.430 [error] semantictokens are disabled: Error: semantictokens are disabled
	at handleResponse (/home/ajpf/.vscode/extensions/golang.go-0.39.1/dist/goMain.js:2126:40)
	at handleMessage (/home/ajpf/.vscode/extensions/golang.go-0.39.1/dist/goMain.js:1936:11)
	at processMessageQueue (/home/ajpf/.vscode/extensions/golang.go-0.39.1/dist/goMain.js:1951:13)
	at Immediate.<anonymous> (/home/ajpf/.vscode/extensions/golang.go-0.39.1/dist/goMain.js:1927:11)
	at process.processImmediate (node:internal/timers:466:21)
2023-08-21 16:31:48.579 [error] semantictokens are disabled: Error: semantictokens are disabled
	at handleResponse (/home/ajpf/.vscode/extensions/golang.go-0.39.1/dist/goMain.js:2126:40)
	at handleMessage (/home/ajpf/.vscode/extensions/golang.go-0.39.1/dist/goMain.js:1936:11)
	at processMessageQueue (/home/ajpf/.vscode/extensions/golang.go-0.39.1/dist/goMain.js:1951:13)
	at Immediate.<anonymous> (/home/ajpf/.vscode/extensions/golang.go-0.39.1/dist/goMain.js:1927:11)
	at process.processImmediate (node:internal/timers:466:21)
2023-08-21 16:31:49.788 [error] semantictokens are disabled: Error: semantictokens are disabled
	at handleResponse (/home/ajpf/.vscode/extensions/golang.go-0.39.1/dist/goMain.js:2126:40)
	at handleMessage (/home/ajpf/.vscode/extensions/golang.go-0.39.1/dist/goMain.js:1936:11)
	at processMessageQueue (/home/ajpf/.vscode/extensions/golang.go-0.39.1/dist/goMain.js:1951:13)
	at Immediate.<anonymous> (/home/ajpf/.vscode/extensions/golang.go-0.39.1/dist/goMain.js:1927:11)
	at process.processImmediate (node:internal/timers:466:21)
2023-08-21 16:45:36.155 [error] semantictokens are disabled: Error: semantictokens are disabled
	at handleResponse (/home/ajpf/.vscode/extensions/golang.go-0.39.1/dist/goMain.js:2126:40)
	at handleMessage (/home/ajpf/.vscode/extensions/golang.go-0.39.1/dist/goMain.js:1936:11)
	at processMessageQueue (/home/ajpf/.vscode/extensions/golang.go-0.39.1/dist/goMain.js:1951:13)
	at Immediate.<anonymous> (/home/ajpf/.vscode/extensions/golang.go-0.39.1/dist/goMain.js:1927:11)
	at process.processImmediate (node:internal/timers:466:21)
2023-08-21 16:45:37.342 [error] semantictokens are disabled: Error: semantictokens are disabled
	at handleResponse (/home/ajpf/.vscode/extensions/golang.go-0.39.1/dist/goMain.js:2126:40)
	at handleMessage (/home/ajpf/.vscode/extensions/golang.go-0.39.1/dist/goMain.js:1936:11)
	at processMessageQueue (/home/ajpf/.vscode/extensions/golang.go-0.39.1/dist/goMain.js:1951:13)
	at Immediate.<anonymous> (/home/ajpf/.vscode/extensions/golang.go-0.39.1/dist/goMain.js:1927:11)
	at process.processImmediate (node:internal/timers:466:21)
2023-08-21 16:47:58.318 [error] semantictokens are disabled: Error: semantictokens are disabled
	at handleResponse (/home/ajpf/.vscode/extensions/golang.go-0.39.1/dist/goMain.js:2126:40)
	at handleMessage (/home/ajpf/.vscode/extensions/golang.go-0.39.1/dist/goMain.js:1936:11)
	at processMessageQueue (/home/ajpf/.vscode/extensions/golang.go-0.39.1/dist/goMain.js:1951:13)
	at Immediate.<anonymous> (/home/ajpf/.vscode/extensions/golang.go-0.39.1/dist/goMain.js:1927:11)
	at process.processImmediate (node:internal/timers:466:21)
2023-08-21 16:48:30.175 [error] semantictokens are disabled: Error: semantictokens are disabled
	at handleResponse (/home/ajpf/.vscode/extensions/golang.go-0.39.1/dist/goMain.js:2126:40)
	at handleMessage (/home/ajpf/.vscode/extensions/golang.go-0.39.1/dist/goMain.js:1936:11)
	at processMessageQueue (/home/ajpf/.vscode/extensions/golang.go-0.39.1/dist/goMain.js:1951:13)
	at Immediate.<anonymous> (/home/ajpf/.vscode/extensions/golang.go-0.39.1/dist/goMain.js:1927:11)
	at process.processImmediate (node:internal/timers:466:21)
2023-08-21 16:53:05.234 [error] semantictokens are disabled: Error: semantictokens are disabled
	at handleResponse (/home/ajpf/.vscode/extensions/golang.go-0.39.1/dist/goMain.js:2126:40)
	at handleMessage (/home/ajpf/.vscode/extensions/golang.go-0.39.1/dist/goMain.js:1936:11)
	at processMessageQueue (/home/ajpf/.vscode/extensions/golang.go-0.39.1/dist/goMain.js:1951:13)
	at Immediate.<anonymous> (/home/ajpf/.vscode/extensions/golang.go-0.39.1/dist/goMain.js:1927:11)
	at process.processImmediate (node:internal/timers:466:21)
2023-08-21 16:53:06.241 [error] semantictokens are disabled: Error: semantictokens are disabled
	at handleResponse (/home/ajpf/.vscode/extensions/golang.go-0.39.1/dist/goMain.js:2126:40)
	at handleMessage (/home/ajpf/.vscode/extensions/golang.go-0.39.1/dist/goMain.js:1936:11)
	at processMessageQueue (/home/ajpf/.vscode/extensions/golang.go-0.39.1/dist/goMain.js:1951:13)
	at Immediate.<anonymous> (/home/ajpf/.vscode/extensions/golang.go-0.39.1/dist/goMain.js:1927:11)
	at process.processImmediate (node:internal/timers:466:21)
2023-08-21 16:53:07.432 [error] semantictokens are disabled: Error: semantictokens are disabled
	at handleResponse (/home/ajpf/.vscode/extensions/golang.go-0.39.1/dist/goMain.js:2126:40)
	at handleMessage (/home/ajpf/.vscode/extensions/golang.go-0.39.1/dist/goMain.js:1936:11)
	at processMessageQueue (/home/ajpf/.vscode/extensions/golang.go-0.39.1/dist/goMain.js:1951:13)
	at Immediate.<anonymous> (/home/ajpf/.vscode/extensions/golang.go-0.39.1/dist/goMain.js:1927:11)
	at process.processImmediate (node:internal/timers:466:21)
2023-08-21 16:53:09.570 [error] semantictokens are disabled: Error: semantictokens are disabled
	at handleResponse (/home/ajpf/.vscode/extensions/golang.go-0.39.1/dist/goMain.js:2126:40)
	at handleMessage (/home/ajpf/.vscode/extensions/golang.go-0.39.1/dist/goMain.js:1936:11)
	at processMessageQueue (/home/ajpf/.vscode/extensions/golang.go-0.39.1/dist/goMain.js:1951:13)
	at Immediate.<anonymous> (/home/ajpf/.vscode/extensions/golang.go-0.39.1/dist/goMain.js:1927:11)
	at process.processImmediate (node:internal/timers:466:21)
2023-08-21 16:53:11.472 [error] semantictokens are disabled: Error: semantictokens are disabled
	at handleResponse (/home/ajpf/.vscode/extensions/golang.go-0.39.1/dist/goMain.js:2126:40)
	at handleMessage (/home/ajpf/.vscode/extensions/golang.go-0.39.1/dist/goMain.js:1936:11)
	at processMessageQueue (/home/ajpf/.vscode/extensions/golang.go-0.39.1/dist/goMain.js:1951:13)
	at Immediate.<anonymous> (/home/ajpf/.vscode/extensions/golang.go-0.39.1/dist/goMain.js:1927:11)
	at process.processImmediate (node:internal/timers:466:21)
2023-08-21 16:53:13.012 [error] semantictokens are disabled: Error: semantictokens are disabled
	at handleResponse (/home/ajpf/.vscode/extensions/golang.go-0.39.1/dist/goMain.js:2126:40)
	at handleMessage (/home/ajpf/.vscode/extensions/golang.go-0.39.1/dist/goMain.js:1936:11)
	at processMessageQueue (/home/ajpf/.vscode/extensions/golang.go-0.39.1/dist/goMain.js:1951:13)
	at Immediate.<anonymous> (/home/ajpf/.vscode/extensions/golang.go-0.39.1/dist/goMain.js:1927:11)
	at process.processImmediate (node:internal/timers:466:21)
2023-08-21 16:53:14.245 [error] semantictokens are disabled: Error: semantictokens are disabled
	at handleResponse (/home/ajpf/.vscode/extensions/golang.go-0.39.1/dist/goMain.js:2126:40)
	at handleMessage (/home/ajpf/.vscode/extensions/golang.go-0.39.1/dist/goMain.js:1936:11)
	at processMessageQueue (/home/ajpf/.vscode/extensions/golang.go-0.39.1/dist/goMain.js:1951:13)
	at Immediate.<anonymous> (/home/ajpf/.vscode/extensions/golang.go-0.39.1/dist/goMain.js:1927:11)
	at process.processImmediate (node:internal/timers:466:21)
2023-08-21 16:53:15.880 [error] semantictokens are disabled: Error: semantictokens are disabled
	at handleResponse (/home/ajpf/.vscode/extensions/golang.go-0.39.1/dist/goMain.js:2126:40)
	at handleMessage (/home/ajpf/.vscode/extensions/golang.go-0.39.1/dist/goMain.js:1936:11)
	at processMessageQueue (/home/ajpf/.vscode/extensions/golang.go-0.39.1/dist/goMain.js:1951:13)
	at Immediate.<anonymous> (/home/ajpf/.vscode/extensions/golang.go-0.39.1/dist/goMain.js:1927:11)
	at process.processImmediate (node:internal/timers:466:21)
2023-08-21 16:53:17.076 [error] semantictokens are disabled: Error: semantictokens are disabled
	at handleResponse (/home/ajpf/.vscode/extensions/golang.go-0.39.1/dist/goMain.js:2126:40)
	at handleMessage (/home/ajpf/.vscode/extensions/golang.go-0.39.1/dist/goMain.js:1936:11)
	at processMessageQueue (/home/ajpf/.vscode/extensions/golang.go-0.39.1/dist/goMain.js:1951:13)
	at Immediate.<anonymous> (/home/ajpf/.vscode/extensions/golang.go-0.39.1/dist/goMain.js:1927:11)
	at process.processImmediate (node:internal/timers:466:21)
2023-08-21 16:53:18.122 [error] semantictokens are disabled: Error: semantictokens are disabled
	at handleResponse (/home/ajpf/.vscode/extensions/golang.go-0.39.1/dist/goMain.js:2126:40)
	at handleMessage (/home/ajpf/.vscode/extensions/golang.go-0.39.1/dist/goMain.js:1936:11)
	at processMessageQueue (/home/ajpf/.vscode/extensions/golang.go-0.39.1/dist/goMain.js:1951:13)
	at Immediate.<anonymous> (/home/ajpf/.vscode/extensions/golang.go-0.39.1/dist/goMain.js:1927:11)
	at process.processImmediate (node:internal/timers:466:21)
2023-08-21 16:53:19.401 [error] semantictokens are disabled: Error: semantictokens are disabled
	at handleResponse (/home/ajpf/.vscode/extensions/golang.go-0.39.1/dist/goMain.js:2126:40)
	at handleMessage (/home/ajpf/.vscode/extensions/golang.go-0.39.1/dist/goMain.js:1936:11)
	at processMessageQueue (/home/ajpf/.vscode/extensions/golang.go-0.39.1/dist/goMain.js:1951:13)
	at Immediate.<anonymous> (/home/ajpf/.vscode/extensions/golang.go-0.39.1/dist/goMain.js:1927:11)
	at process.processImmediate (node:internal/timers:466:21)
2023-08-21 16:53:21.370 [error] semantictokens are disabled: Error: semantictokens are disabled
	at handleResponse (/home/ajpf/.vscode/extensions/golang.go-0.39.1/dist/goMain.js:2126:40)
	at handleMessage (/home/ajpf/.vscode/extensions/golang.go-0.39.1/dist/goMain.js:1936:11)
	at processMessageQueue (/home/ajpf/.vscode/extensions/golang.go-0.39.1/dist/goMain.js:1951:13)
	at Immediate.<anonymous> (/home/ajpf/.vscode/extensions/golang.go-0.39.1/dist/goMain.js:1927:11)
	at process.processImmediate (node:internal/timers:466:21)
2023-08-21 16:53:22.606 [error] semantictokens are disabled: Error: semantictokens are disabled
	at handleResponse (/home/ajpf/.vscode/extensions/golang.go-0.39.1/dist/goMain.js:2126:40)
	at handleMessage (/home/ajpf/.vscode/extensions/golang.go-0.39.1/dist/goMain.js:1936:11)
	at processMessageQueue (/home/ajpf/.vscode/extensions/golang.go-0.39.1/dist/goMain.js:1951:13)
	at Immediate.<anonymous> (/home/ajpf/.vscode/extensions/golang.go-0.39.1/dist/goMain.js:1927:11)
	at process.processImmediate (node:internal/timers:466:21)
2023-08-21 16:53:23.787 [error] semantictokens are disabled: Error: semantictokens are disabled
	at handleResponse (/home/ajpf/.vscode/extensions/golang.go-0.39.1/dist/goMain.js:2126:40)
	at handleMessage (/home/ajpf/.vscode/extensions/golang.go-0.39.1/dist/goMain.js:1936:11)
	at processMessageQueue (/home/ajpf/.vscode/extensions/golang.go-0.39.1/dist/goMain.js:1951:13)
	at Immediate.<anonymous> (/home/ajpf/.vscode/extensions/golang.go-0.39.1/dist/goMain.js:1927:11)
	at process.processImmediate (node:internal/timers:466:21)
2023-08-21 16:53:24.880 [error] semantictokens are disabled: Error: semantictokens are disabled
	at handleResponse (/home/ajpf/.vscode/extensions/golang.go-0.39.1/dist/goMain.js:2126:40)
	at handleMessage (/home/ajpf/.vscode/extensions/golang.go-0.39.1/dist/goMain.js:1936:11)
	at processMessageQueue (/home/ajpf/.vscode/extensions/golang.go-0.39.1/dist/goMain.js:1951:13)
	at Immediate.<anonymous> (/home/ajpf/.vscode/extensions/golang.go-0.39.1/dist/goMain.js:1927:11)
	at process.processImmediate (node:internal/timers:466:21)
2023-08-21 16:53:26.283 [error] semantictokens are disabled: Error: semantictokens are disabled
	at handleResponse (/home/ajpf/.vscode/extensions/golang.go-0.39.1/dist/goMain.js:2126:40)
	at handleMessage (/home/ajpf/.vscode/extensions/golang.go-0.39.1/dist/goMain.js:1936:11)
	at processMessageQueue (/home/ajpf/.vscode/extensions/golang.go-0.39.1/dist/goMain.js:1951:13)
	at Immediate.<anonymous> (/home/ajpf/.vscode/extensions/golang.go-0.39.1/dist/goMain.js:1927:11)
	at process.processImmediate (node:internal/timers:466:21)
2023-08-21 16:53:27.478 [error] semantictokens are disabled: Error: semantictokens are disabled
	at handleResponse (/home/ajpf/.vscode/extensions/golang.go-0.39.1/dist/goMain.js:2126:40)
	at handleMessage (/home/ajpf/.vscode/extensions/golang.go-0.39.1/dist/goMain.js:1936:11)
	at processMessageQueue (/home/ajpf/.vscode/extensions/golang.go-0.39.1/dist/goMain.js:1951:13)
	at Immediate.<anonymous> (/home/ajpf/.vscode/extensions/golang.go-0.39.1/dist/goMain.js:1927:11)
	at process.processImmediate (node:internal/timers:466:21)
2023-08-21 16:53:28.602 [error] semantictokens are disabled: Error: semantictokens are disabled
	at handleResponse (/home/ajpf/.vscode/extensions/golang.go-0.39.1/dist/goMain.js:2126:40)
	at handleMessage (/home/ajpf/.vscode/extensions/golang.go-0.39.1/dist/goMain.js:1936:11)
	at processMessageQueue (/home/ajpf/.vscode/extensions/golang.go-0.39.1/dist/goMain.js:1951:13)
	at Immediate.<anonymous> (/home/ajpf/.vscode/extensions/golang.go-0.39.1/dist/goMain.js:1927:11)
	at process.processImmediate (node:internal/timers:466:21)
2023-08-21 16:53:29.949 [error] semantictokens are disabled: Error: semantictokens are disabled
	at handleResponse (/home/ajpf/.vscode/extensions/golang.go-0.39.1/dist/goMain.js:2126:40)
	at handleMessage (/home/ajpf/.vscode/extensions/golang.go-0.39.1/dist/goMain.js:1936:11)
	at processMessageQueue (/home/ajpf/.vscode/extensions/golang.go-0.39.1/dist/goMain.js:1951:13)
	at Immediate.<anonymous> (/home/ajpf/.vscode/extensions/golang.go-0.39.1/dist/goMain.js:1927:11)
	at process.processImmediate (node:internal/timers:466:21)
2023-08-21 16:53:31.009 [error] semantictokens are disabled: Error: semantictokens are disabled
	at handleResponse (/home/ajpf/.vscode/extensions/golang.go-0.39.1/dist/goMain.js:2126:40)
	at handleMessage (/home/ajpf/.vscode/extensions/golang.go-0.39.1/dist/goMain.js:1936:11)
	at processMessageQueue (/home/ajpf/.vscode/extensions/golang.go-0.39.1/dist/goMain.js:1951:13)
	at Immediate.<anonymous> (/home/ajpf/.vscode/extensions/golang.go-0.39.1/dist/goMain.js:1927:11)
	at process.processImmediate (node:internal/timers:466:21)
2023-08-21 17:09:13.261 [error] semantictokens are disabled: Error: semantictokens are disabled
	at handleResponse (/home/ajpf/.vscode/extensions/golang.go-0.39.1/dist/goMain.js:2126:40)
	at handleMessage (/home/ajpf/.vscode/extensions/golang.go-0.39.1/dist/goMain.js:1936:11)
	at processMessageQueue (/home/ajpf/.vscode/extensions/golang.go-0.39.1/dist/goMain.js:1951:13)
	at Immediate.<anonymous> (/home/ajpf/.vscode/extensions/golang.go-0.39.1/dist/goMain.js:1927:11)
	at process.processImmediate (node:internal/timers:466:21)
2023-08-21 17:09:22.108 [error] semantictokens are disabled: Error: semantictokens are disabled
	at handleResponse (/home/ajpf/.vscode/extensions/golang.go-0.39.1/dist/goMain.js:2126:40)
	at handleMessage (/home/ajpf/.vscode/extensions/golang.go-0.39.1/dist/goMain.js:1936:11)
	at processMessageQueue (/home/ajpf/.vscode/extensions/golang.go-0.39.1/dist/goMain.js:1951:13)
	at Immediate.<anonymous> (/home/ajpf/.vscode/extensions/golang.go-0.39.1/dist/goMain.js:1927:11)
	at process.processImmediate (node:internal/timers:466:21)
2023-08-21 17:09:23.115 [error] semantictokens are disabled: Error: semantictokens are disabled
	at handleResponse (/home/ajpf/.vscode/extensions/golang.go-0.39.1/dist/goMain.js:2126:40)
	at handleMessage (/home/ajpf/.vscode/extensions/golang.go-0.39.1/dist/goMain.js:1936:11)
	at processMessageQueue (/home/ajpf/.vscode/extensions/golang.go-0.39.1/dist/goMain.js:1951:13)
	at Immediate.<anonymous> (/home/ajpf/.vscode/extensions/golang.go-0.39.1/dist/goMain.js:1927:11)
	at process.processImmediate (node:internal/timers:466:21)
2023-08-21 17:09:25.800 [error] semantictokens are disabled: Error: semantictokens are disabled
	at handleResponse (/home/ajpf/.vscode/extensions/golang.go-0.39.1/dist/goMain.js:2126:40)
	at handleMessage (/home/ajpf/.vscode/extensions/golang.go-0.39.1/dist/goMain.js:1936:11)
	at processMessageQueue (/home/ajpf/.vscode/extensions/golang.go-0.39.1/dist/goMain.js:1951:13)
	at Immediate.<anonymous> (/home/ajpf/.vscode/extensions/golang.go-0.39.1/dist/goMain.js:1927:11)
	at process.processImmediate (node:internal/timers:466:21)
2023-08-21 17:09:30.227 [error] semantictokens are disabled: Error: semantictokens are disabled
	at handleResponse (/home/ajpf/.vscode/extensions/golang.go-0.39.1/dist/goMain.js:2126:40)
	at handleMessage (/home/ajpf/.vscode/extensions/golang.go-0.39.1/dist/goMain.js:1936:11)
	at processMessageQueue (/home/ajpf/.vscode/extensions/golang.go-0.39.1/dist/goMain.js:1951:13)
	at Immediate.<anonymous> (/home/ajpf/.vscode/extensions/golang.go-0.39.1/dist/goMain.js:1927:11)
	at process.processImmediate (node:internal/timers:466:21)
2023-08-21 17:09:31.662 [error] semantictokens are disabled: Error: semantictokens are disabled
	at handleResponse (/home/ajpf/.vscode/extensions/golang.go-0.39.1/dist/goMain.js:2126:40)
	at handleMessage (/home/ajpf/.vscode/extensions/golang.go-0.39.1/dist/goMain.js:1936:11)
	at processMessageQueue (/home/ajpf/.vscode/extensions/golang.go-0.39.1/dist/goMain.js:1951:13)
	at Immediate.<anonymous> (/home/ajpf/.vscode/extensions/golang.go-0.39.1/dist/goMain.js:1927:11)
	at process.processImmediate (node:internal/timers:466:21)
