2023-08-18 21:18:02.821 [info] Using settings sync service https://vscode-sync.trafficmanager.net/
2023-08-18 21:18:02.821 [info] Auto Sync is enabled.
2023-08-18 21:18:02.821 [info] Auto Sync: Suspended until auth token is available.
2023-08-18 21:18:03.717 [info] Deleting non existing profile from backup /home/ajpf/.config/Code/User/sync/extensions
2023-08-18 21:18:04.305 [info] Deleting non existing profile from backup /home/ajpf/.config/Code/User/sync/globalState
2023-08-18 21:18:05.129 [info] Deleting non existing profile from backup /home/ajpf/.config/Code/User/sync/keybindings
2023-08-18 21:18:05.271 [info] Deleting non existing profile from backup /home/ajpf/.config/Code/User/sync/profiles
2023-08-18 21:18:05.417 [info] Deleting non existing profile from backup /home/ajpf/.config/Code/User/sync/settings
2023-08-18 21:18:05.420 [info] Deleting non existing profile from backup /home/ajpf/.config/Code/User/sync/snippets
2023-08-18 21:18:05.420 [info] Deleting non existing profile from backup /home/ajpf/.config/Code/User/sync/tasks
2023-08-18 21:18:08.055 [info] Auto Sync: Triggered by Interval
2023-08-18 21:18:08.056 [info] Sync started.
2023-08-18 21:18:08.623 [info] Settings: Last sync resource does not exist locally.
2023-08-18 21:18:08.801 [info] Settings: No changes found during synchronizing settings.
2023-08-18 21:18:08.804 [info] Keybindings: Last sync resource does not exist locally.
2023-08-18 21:18:08.972 [info] Keybindings: No changes found during synchronizing keybindings.
2023-08-18 21:18:08.976 [info] Snippets: Last sync resource does not exist locally.
2023-08-18 21:18:09.149 [info] Snippets: No changes found during synchronizing snippets.
2023-08-18 21:18:09.153 [info] Tasks: Last sync resource does not exist locally.
2023-08-18 21:18:09.324 [info] Tasks: No changes found during synchronizing tasks.
2023-08-18 21:18:09.326 [info] GlobalState: Last sync resource does not exist locally.
2023-08-18 21:18:09.703 [info] GlobalState: No changes found during synchronizing ui state.
2023-08-18 21:18:09.705 [info] Extensions: Last sync resource does not exist locally.
2023-08-18 21:18:09.992 [info] Extensions: No changes found during synchronizing extensions.
2023-08-18 21:18:09.995 [info] Profiles: Last sync resource does not exist locally.
2023-08-18 21:18:10.160 [info] Profiles: No changes found during synchronizing profiles.
2023-08-18 21:18:10.163 [info] Sync done. Took 2109ms
2023-08-18 21:19:14.962 [info] Auto Sync: Triggered by Activity
2023-08-18 21:19:14.963 [info] Sync started.
2023-08-18 21:19:15.143 [info] Settings: No changes found during synchronizing settings.
2023-08-18 21:19:15.152 [info] Keybindings: No changes found during synchronizing keybindings.
2023-08-18 21:19:15.158 [info] Snippets: No changes found during synchronizing snippets.
2023-08-18 21:19:15.166 [info] Tasks: No changes found during synchronizing tasks.
2023-08-18 21:19:15.172 [info] GlobalState: No changes found during synchronizing ui state.
2023-08-18 21:19:15.320 [info] Extensions: No changes found during synchronizing extensions.
2023-08-18 21:19:15.323 [info] Profiles: No changes found during synchronizing profiles.
2023-08-18 21:19:15.326 [info] Sync done. Took 364ms
2023-08-18 21:19:31.361 [info] Auto Sync: Triggered by Activity
2023-08-18 21:19:31.361 [info] Sync started.
2023-08-18 21:19:31.502 [info] Settings: No changes found during synchronizing settings.
2023-08-18 21:19:31.506 [info] Keybindings: No changes found during synchronizing keybindings.
2023-08-18 21:19:31.509 [info] Snippets: No changes found during synchronizing snippets.
2023-08-18 21:19:31.513 [info] Tasks: No changes found during synchronizing tasks.
2023-08-18 21:19:31.520 [info] GlobalState: No changes found during synchronizing ui state.
2023-08-18 21:19:31.627 [info] Extensions: No changes found during synchronizing extensions.
2023-08-18 21:19:31.632 [info] Profiles: No changes found during synchronizing profiles.
2023-08-18 21:19:31.636 [info] Sync done. Took 275ms
2023-08-18 21:19:52.812 [info] Auto Sync: Triggered by Activity
2023-08-18 21:19:52.813 [info] Sync started.
2023-08-18 21:19:53.209 [info] Settings: No changes found during synchronizing settings.
2023-08-18 21:19:53.280 [info] Keybindings: No changes found during synchronizing keybindings.
2023-08-18 21:19:53.335 [info] Snippets: No changes found during synchronizing snippets.
2023-08-18 21:19:53.381 [info] Tasks: No changes found during synchronizing tasks.
2023-08-18 21:19:53.450 [info] GlobalState: No changes found during synchronizing ui state.
2023-08-18 21:19:54.308 [info] Extensions: No changes found during synchronizing extensions.
2023-08-18 21:19:54.314 [info] Profiles: No changes found during synchronizing profiles.
2023-08-18 21:19:54.319 [info] Sync done. Took 1504ms
2023-08-18 21:20:18.235 [info] Auto Sync: Triggered by Activity
2023-08-18 21:20:18.235 [info] Sync started.
2023-08-18 21:20:18.387 [info] Settings: No changes found during synchronizing settings.
2023-08-18 21:20:18.390 [info] Keybindings: No changes found during synchronizing keybindings.
2023-08-18 21:20:18.394 [info] Snippets: No changes found during synchronizing snippets.
2023-08-18 21:20:18.397 [info] Tasks: No changes found during synchronizing tasks.
2023-08-18 21:20:18.401 [info] GlobalState: No changes found during synchronizing ui state.
2023-08-18 21:20:18.547 [info] Extensions: No changes found during synchronizing extensions.
2023-08-18 21:20:18.549 [info] Profiles: No changes found during synchronizing profiles.
2023-08-18 21:20:18.551 [info] Sync done. Took 316ms
2023-08-18 21:20:57.278 [info] Auto Sync: Triggered by Activity
2023-08-18 21:20:57.278 [info] Sync started.
2023-08-18 21:20:57.439 [info] Settings: No changes found during synchronizing settings.
2023-08-18 21:20:57.442 [info] Keybindings: No changes found during synchronizing keybindings.
2023-08-18 21:20:57.446 [info] Snippets: No changes found during synchronizing snippets.
2023-08-18 21:20:57.449 [info] Tasks: No changes found during synchronizing tasks.
2023-08-18 21:20:57.452 [info] GlobalState: No changes found during synchronizing ui state.
2023-08-18 21:20:57.606 [info] Extensions: No changes found during synchronizing extensions.
2023-08-18 21:20:57.608 [info] Profiles: No changes found during synchronizing profiles.
2023-08-18 21:20:57.611 [info] Sync done. Took 333ms
2023-08-18 21:21:27.065 [info] Auto Sync: Triggered by Activity
2023-08-18 21:21:27.066 [info] Sync started.
2023-08-18 21:21:27.222 [info] Settings: No changes found during synchronizing settings.
2023-08-18 21:21:27.225 [info] Keybindings: No changes found during synchronizing keybindings.
2023-08-18 21:21:27.230 [info] Snippets: No changes found during synchronizing snippets.
2023-08-18 21:21:27.234 [info] Tasks: No changes found during synchronizing tasks.
2023-08-18 21:21:27.238 [info] GlobalState: No changes found during synchronizing ui state.
2023-08-18 21:21:27.355 [info] Extensions: No changes found during synchronizing extensions.
2023-08-18 21:21:27.357 [info] Profiles: No changes found during synchronizing profiles.
2023-08-18 21:21:27.359 [info] Sync done. Took 295ms
2023-08-18 21:21:42.595 [info] Auto Sync: Triggered by Activity
2023-08-18 21:21:42.596 [info] Sync started.
2023-08-18 21:21:42.745 [info] Settings: No changes found during synchronizing settings.
2023-08-18 21:21:42.752 [info] Keybindings: No changes found during synchronizing keybindings.
2023-08-18 21:21:42.758 [info] Snippets: No changes found during synchronizing snippets.
2023-08-18 21:21:42.762 [info] Tasks: No changes found during synchronizing tasks.
2023-08-18 21:21:42.767 [info] GlobalState: No changes found during synchronizing ui state.
2023-08-18 21:21:42.875 [info] Extensions: No changes found during synchronizing extensions.
2023-08-18 21:21:42.881 [info] Profiles: No changes found during synchronizing profiles.
2023-08-18 21:21:42.891 [info] Sync done. Took 295ms
2023-08-18 21:21:56.078 [info] Auto Sync: Triggered by Activity
2023-08-18 21:21:56.078 [info] Sync started.
2023-08-18 21:21:56.233 [info] Settings: No changes found during synchronizing settings.
2023-08-18 21:21:56.262 [info] Keybindings: No changes found during synchronizing keybindings.
2023-08-18 21:21:56.272 [info] Snippets: No changes found during synchronizing snippets.
2023-08-18 21:21:56.281 [info] Tasks: No changes found during synchronizing tasks.
2023-08-18 21:21:56.299 [info] GlobalState: No changes found during synchronizing ui state.
2023-08-18 21:21:56.431 [info] Extensions: No changes found during synchronizing extensions.
2023-08-18 21:21:56.434 [info] Profiles: No changes found during synchronizing profiles.
2023-08-18 21:21:56.436 [info] Sync done. Took 358ms
2023-08-18 21:22:10.226 [info] Auto Sync: Triggered by Activity
2023-08-18 21:22:10.227 [info] Sync started.
2023-08-18 21:22:10.380 [info] Settings: No changes found during synchronizing settings.
2023-08-18 21:22:10.385 [info] Keybindings: No changes found during synchronizing keybindings.
2023-08-18 21:22:10.392 [info] Snippets: No changes found during synchronizing snippets.
2023-08-18 21:22:10.397 [info] Tasks: No changes found during synchronizing tasks.
2023-08-18 21:22:10.405 [info] GlobalState: No changes found during synchronizing ui state.
2023-08-18 21:22:10.546 [info] Extensions: No changes found during synchronizing extensions.
2023-08-18 21:22:10.557 [info] Profiles: No changes found during synchronizing profiles.
2023-08-18 21:22:10.562 [info] Sync done. Took 335ms
2023-08-18 21:22:23.806 [info] Auto Sync: Triggered by Activity
2023-08-18 21:22:23.807 [info] Sync started.
2023-08-18 21:22:23.975 [info] Settings: No changes found during synchronizing settings.
2023-08-18 21:22:23.983 [info] Keybindings: No changes found during synchronizing keybindings.
2023-08-18 21:22:23.988 [info] Snippets: No changes found during synchronizing snippets.
2023-08-18 21:22:23.994 [info] Tasks: No changes found during synchronizing tasks.
2023-08-18 21:22:24.000 [info] GlobalState: No changes found during synchronizing ui state.
2023-08-18 21:22:24.121 [info] Extensions: No changes found during synchronizing extensions.
2023-08-18 21:22:24.124 [info] Profiles: No changes found during synchronizing profiles.
2023-08-18 21:22:24.125 [info] Sync done. Took 319ms
2023-08-18 21:22:44.388 [info] Auto Sync: Triggered by Activity
2023-08-18 21:22:44.389 [info] Sync started.
2023-08-18 21:22:44.535 [info] Settings: No changes found during synchronizing settings.
2023-08-18 21:22:44.539 [info] Keybindings: No changes found during synchronizing keybindings.
2023-08-18 21:22:44.543 [info] Snippets: No changes found during synchronizing snippets.
2023-08-18 21:22:44.546 [info] Tasks: No changes found during synchronizing tasks.
2023-08-18 21:22:44.550 [info] GlobalState: No changes found during synchronizing ui state.
2023-08-18 21:22:44.670 [info] Extensions: No changes found during synchronizing extensions.
2023-08-18 21:22:44.678 [info] Profiles: No changes found during synchronizing profiles.
2023-08-18 21:22:44.682 [info] Sync done. Took 294ms
2023-08-18 21:23:03.757 [info] Auto Sync: Triggered by Activity
2023-08-18 21:23:03.758 [info] Sync started.
2023-08-18 21:23:04.010 [info] Settings: No changes found during synchronizing settings.
2023-08-18 21:23:04.041 [info] Keybindings: No changes found during synchronizing keybindings.
2023-08-18 21:23:04.067 [info] Snippets: No changes found during synchronizing snippets.
2023-08-18 21:23:04.077 [info] Tasks: No changes found during synchronizing tasks.
2023-08-18 21:23:04.085 [info] GlobalState: No changes found during synchronizing ui state.
2023-08-18 21:23:04.231 [info] Extensions: No changes found during synchronizing extensions.
2023-08-18 21:23:04.233 [info] Profiles: No changes found during synchronizing profiles.
2023-08-18 21:23:04.234 [info] Sync done. Took 476ms
2023-08-18 21:23:18.735 [info] Auto Sync: Triggered by Activity
2023-08-18 21:23:18.735 [info] Sync started.
2023-08-18 21:23:18.877 [info] Settings: No changes found during synchronizing settings.
2023-08-18 21:23:18.882 [info] Keybindings: No changes found during synchronizing keybindings.
2023-08-18 21:23:18.889 [info] Snippets: No changes found during synchronizing snippets.
2023-08-18 21:23:18.895 [info] Tasks: No changes found during synchronizing tasks.
2023-08-18 21:23:18.900 [info] GlobalState: No changes found during synchronizing ui state.
2023-08-18 21:23:19.003 [info] Extensions: No changes found during synchronizing extensions.
2023-08-18 21:23:19.005 [info] Profiles: No changes found during synchronizing profiles.
2023-08-18 21:23:19.006 [info] Sync done. Took 272ms
2023-08-18 21:23:33.790 [info] Auto Sync: Triggered by Activity
2023-08-18 21:23:33.791 [info] Sync started.
2023-08-18 21:23:33.950 [info] Settings: No changes found during synchronizing settings.
2023-08-18 21:23:33.957 [info] Keybindings: No changes found during synchronizing keybindings.
2023-08-18 21:23:33.961 [info] Snippets: No changes found during synchronizing snippets.
2023-08-18 21:23:33.966 [info] Tasks: No changes found during synchronizing tasks.
2023-08-18 21:23:33.971 [info] GlobalState: No changes found during synchronizing ui state.
2023-08-18 21:23:34.084 [info] Extensions: No changes found during synchronizing extensions.
2023-08-18 21:23:34.086 [info] Profiles: No changes found during synchronizing profiles.
2023-08-18 21:23:34.090 [info] Sync done. Took 299ms
2023-08-18 21:24:11.719 [info] Auto Sync: Triggered by Activity
2023-08-18 21:24:11.720 [info] Sync started.
2023-08-18 21:24:11.862 [info] Settings: No changes found during synchronizing settings.
2023-08-18 21:24:11.866 [info] Keybindings: No changes found during synchronizing keybindings.
2023-08-18 21:24:11.869 [info] Snippets: No changes found during synchronizing snippets.
2023-08-18 21:24:11.872 [info] Tasks: No changes found during synchronizing tasks.
2023-08-18 21:24:11.877 [info] GlobalState: No changes found during synchronizing ui state.
2023-08-18 21:24:11.969 [info] Extensions: No changes found during synchronizing extensions.
2023-08-18 21:24:11.971 [info] Profiles: No changes found during synchronizing profiles.
2023-08-18 21:24:11.973 [info] Sync done. Took 254ms
2023-08-18 21:24:28.203 [info] Auto Sync: Triggered by Activity
2023-08-18 21:24:28.204 [info] Sync started.
2023-08-18 21:24:28.345 [info] Settings: No changes found during synchronizing settings.
2023-08-18 21:24:28.354 [info] Keybindings: No changes found during synchronizing keybindings.
2023-08-18 21:24:28.362 [info] Snippets: No changes found during synchronizing snippets.
2023-08-18 21:24:28.365 [info] Tasks: No changes found during synchronizing tasks.
2023-08-18 21:24:28.369 [info] GlobalState: No changes found during synchronizing ui state.
2023-08-18 21:24:28.493 [info] Extensions: No changes found during synchronizing extensions.
2023-08-18 21:24:28.496 [info] Profiles: No changes found during synchronizing profiles.
2023-08-18 21:24:28.503 [info] Sync done. Took 299ms
2023-08-18 21:24:41.024 [info] Auto Sync: Triggered by Activity
2023-08-18 21:24:41.025 [info] Sync started.
2023-08-18 21:24:41.178 [info] Settings: No changes found during synchronizing settings.
2023-08-18 21:24:41.183 [info] Keybindings: No changes found during synchronizing keybindings.
2023-08-18 21:24:41.186 [info] Snippets: No changes found during synchronizing snippets.
2023-08-18 21:24:41.189 [info] Tasks: No changes found during synchronizing tasks.
2023-08-18 21:24:41.193 [info] GlobalState: No changes found during synchronizing ui state.
2023-08-18 21:24:41.296 [info] Extensions: No changes found during synchronizing extensions.
2023-08-18 21:24:41.299 [info] Profiles: No changes found during synchronizing profiles.
2023-08-18 21:24:41.301 [info] Sync done. Took 278ms
2023-08-18 21:24:55.683 [info] Auto Sync: Triggered by Activity
2023-08-18 21:24:55.683 [info] Sync started.
2023-08-18 21:24:55.842 [info] Settings: No changes found during synchronizing settings.
2023-08-18 21:24:55.857 [info] Keybindings: No changes found during synchronizing keybindings.
2023-08-18 21:24:55.873 [info] Snippets: No changes found during synchronizing snippets.
2023-08-18 21:24:55.885 [info] Tasks: No changes found during synchronizing tasks.
2023-08-18 21:24:55.897 [info] GlobalState: No changes found during synchronizing ui state.
2023-08-18 21:24:56.111 [info] Extensions: No changes found during synchronizing extensions.
2023-08-18 21:24:56.115 [info] Profiles: No changes found during synchronizing profiles.
2023-08-18 21:24:56.118 [info] Sync done. Took 435ms
2023-08-18 21:25:25.402 [info] Auto Sync: Triggered by Activity
2023-08-18 21:25:25.403 [info] Sync started.
2023-08-18 21:25:25.564 [info] Settings: No changes found during synchronizing settings.
2023-08-18 21:25:25.579 [info] Keybindings: No changes found during synchronizing keybindings.
2023-08-18 21:25:25.588 [info] Snippets: No changes found during synchronizing snippets.
2023-08-18 21:25:25.595 [info] Tasks: No changes found during synchronizing tasks.
2023-08-18 21:25:25.603 [info] GlobalState: No changes found during synchronizing ui state.
2023-08-18 21:25:25.701 [info] Extensions: No changes found during synchronizing extensions.
2023-08-18 21:25:25.704 [info] Profiles: No changes found during synchronizing profiles.
2023-08-18 21:25:25.705 [info] Sync done. Took 304ms
2023-08-18 21:25:37.589 [info] Auto Sync: Triggered by Activity
2023-08-18 21:25:37.590 [info] Sync started.
2023-08-18 21:25:37.747 [info] Settings: No changes found during synchronizing settings.
2023-08-18 21:25:37.757 [info] Keybindings: No changes found during synchronizing keybindings.
2023-08-18 21:25:37.771 [info] Snippets: No changes found during synchronizing snippets.
2023-08-18 21:25:37.778 [info] Tasks: No changes found during synchronizing tasks.
2023-08-18 21:25:37.782 [info] GlobalState: No changes found during synchronizing ui state.
2023-08-18 21:25:37.993 [info] Extensions: No changes found during synchronizing extensions.
2023-08-18 21:25:37.996 [info] Profiles: No changes found during synchronizing profiles.
2023-08-18 21:25:37.998 [info] Sync done. Took 413ms
2023-08-18 21:25:55.910 [info] Auto Sync: Triggered by Activity
2023-08-18 21:25:55.910 [info] Sync started.
2023-08-18 21:25:56.069 [info] Settings: No changes found during synchronizing settings.
2023-08-18 21:25:56.073 [info] Keybindings: No changes found during synchronizing keybindings.
2023-08-18 21:25:56.077 [info] Snippets: No changes found during synchronizing snippets.
2023-08-18 21:25:56.082 [info] Tasks: No changes found during synchronizing tasks.
2023-08-18 21:25:56.091 [info] GlobalState: No changes found during synchronizing ui state.
2023-08-18 21:25:56.179 [info] Extensions: No changes found during synchronizing extensions.
2023-08-18 21:25:56.182 [info] Profiles: No changes found during synchronizing profiles.
2023-08-18 21:25:56.184 [info] Sync done. Took 275ms
2023-08-18 21:26:15.811 [info] Auto Sync: Triggered by Activity
2023-08-18 21:26:15.812 [info] Sync started.
2023-08-18 21:26:15.974 [info] Settings: No changes found during synchronizing settings.
2023-08-18 21:26:15.983 [info] Keybindings: No changes found during synchronizing keybindings.
2023-08-18 21:26:15.991 [info] Snippets: No changes found during synchronizing snippets.
2023-08-18 21:26:15.998 [info] Tasks: No changes found during synchronizing tasks.
2023-08-18 21:26:16.008 [info] GlobalState: No changes found during synchronizing ui state.
2023-08-18 21:26:16.146 [info] Extensions: No changes found during synchronizing extensions.
2023-08-18 21:26:16.151 [info] Profiles: No changes found during synchronizing profiles.
2023-08-18 21:26:16.155 [info] Sync done. Took 347ms
2023-08-18 21:26:33.813 [info] Auto Sync: Triggered by Activity
2023-08-18 21:26:33.813 [info] Sync started.
2023-08-18 21:26:33.995 [info] Settings: No changes found during synchronizing settings.
2023-08-18 21:26:34.051 [info] Keybindings: No changes found during synchronizing keybindings.
2023-08-18 21:26:34.056 [info] Snippets: No changes found during synchronizing snippets.
2023-08-18 21:26:34.062 [info] Tasks: No changes found during synchronizing tasks.
2023-08-18 21:26:34.067 [info] GlobalState: No changes found during synchronizing ui state.
2023-08-18 21:26:34.198 [info] Extensions: No changes found during synchronizing extensions.
2023-08-18 21:26:34.201 [info] Profiles: No changes found during synchronizing profiles.
2023-08-18 21:26:34.203 [info] Sync done. Took 391ms
2023-08-18 21:27:51.403 [info] Auto Sync: Triggered by Activity
2023-08-18 21:27:51.404 [info] Sync started.
2023-08-18 21:27:51.552 [info] Settings: No changes found during synchronizing settings.
2023-08-18 21:27:51.561 [info] Keybindings: No changes found during synchronizing keybindings.
2023-08-18 21:27:51.569 [info] Snippets: No changes found during synchronizing snippets.
2023-08-18 21:27:51.572 [info] Tasks: No changes found during synchronizing tasks.
2023-08-18 21:27:51.576 [info] GlobalState: No changes found during synchronizing ui state.
2023-08-18 21:27:51.671 [info] Extensions: No changes found during synchronizing extensions.
2023-08-18 21:27:51.675 [info] Profiles: No changes found during synchronizing profiles.
2023-08-18 21:27:51.677 [info] Sync done. Took 274ms
2023-08-18 21:28:14.279 [info] Auto Sync: Triggered by Activity
2023-08-18 21:28:14.280 [info] Sync started.
2023-08-18 21:28:14.440 [info] Settings: No changes found during synchronizing settings.
2023-08-18 21:28:14.444 [info] Keybindings: No changes found during synchronizing keybindings.
2023-08-18 21:28:14.448 [info] Snippets: No changes found during synchronizing snippets.
2023-08-18 21:28:14.452 [info] Tasks: No changes found during synchronizing tasks.
2023-08-18 21:28:14.457 [info] GlobalState: No changes found during synchronizing ui state.
2023-08-18 21:28:14.568 [info] Extensions: No changes found during synchronizing extensions.
2023-08-18 21:28:14.571 [info] Profiles: No changes found during synchronizing profiles.
2023-08-18 21:28:14.573 [info] Sync done. Took 295ms
2023-08-18 21:28:58.751 [info] Auto Sync: Triggered by Activity
2023-08-18 21:28:58.751 [info] Sync started.
2023-08-18 21:28:58.890 [info] Settings: No changes found during synchronizing settings.
2023-08-18 21:28:58.893 [info] Keybindings: No changes found during synchronizing keybindings.
2023-08-18 21:28:58.896 [info] Snippets: No changes found during synchronizing snippets.
2023-08-18 21:28:58.900 [info] Tasks: No changes found during synchronizing tasks.
2023-08-18 21:28:58.904 [info] GlobalState: No changes found during synchronizing ui state.
2023-08-18 21:28:59.002 [info] Extensions: No changes found during synchronizing extensions.
2023-08-18 21:28:59.004 [info] Profiles: No changes found during synchronizing profiles.
2023-08-18 21:28:59.006 [info] Sync done. Took 255ms
2023-08-18 21:29:13.559 [info] Auto Sync: Triggered by Activity
2023-08-18 21:29:13.559 [info] Sync started.
2023-08-18 21:29:13.709 [info] Settings: No changes found during synchronizing settings.
2023-08-18 21:29:13.712 [info] Keybindings: No changes found during synchronizing keybindings.
2023-08-18 21:29:13.715 [info] Snippets: No changes found during synchronizing snippets.
2023-08-18 21:29:13.718 [info] Tasks: No changes found during synchronizing tasks.
2023-08-18 21:29:13.722 [info] GlobalState: No changes found during synchronizing ui state.
2023-08-18 21:29:13.862 [info] Extensions: No changes found during synchronizing extensions.
2023-08-18 21:29:13.864 [info] Profiles: No changes found during synchronizing profiles.
2023-08-18 21:29:13.865 [info] Sync done. Took 307ms
2023-08-18 21:29:35.725 [info] Auto Sync: Triggered by Activity
2023-08-18 21:29:35.727 [info] Sync started.
2023-08-18 21:29:35.881 [info] Settings: No changes found during synchronizing settings.
2023-08-18 21:29:35.898 [info] Keybindings: No changes found during synchronizing keybindings.
2023-08-18 21:29:35.920 [info] Snippets: No changes found during synchronizing snippets.
2023-08-18 21:29:35.925 [info] Tasks: No changes found during synchronizing tasks.
2023-08-18 21:29:35.936 [info] GlobalState: No changes found during synchronizing ui state.
2023-08-18 21:29:36.072 [info] Extensions: No changes found during synchronizing extensions.
2023-08-18 21:29:36.074 [info] Profiles: No changes found during synchronizing profiles.
2023-08-18 21:29:36.077 [info] Sync done. Took 353ms
2023-08-18 21:29:49.812 [info] Auto Sync: Triggered by Activity
2023-08-18 21:29:49.813 [info] Sync started.
2023-08-18 21:29:49.966 [info] Settings: No changes found during synchronizing settings.
2023-08-18 21:29:49.971 [info] Keybindings: No changes found during synchronizing keybindings.
2023-08-18 21:29:49.976 [info] Snippets: No changes found during synchronizing snippets.
2023-08-18 21:29:49.980 [info] Tasks: No changes found during synchronizing tasks.
2023-08-18 21:29:49.984 [info] GlobalState: No changes found during synchronizing ui state.
2023-08-18 21:29:50.244 [info] Extensions: No changes found during synchronizing extensions.
2023-08-18 21:29:50.262 [info] Profiles: No changes found during synchronizing profiles.
2023-08-18 21:29:50.275 [info] Sync done. Took 462ms
2023-08-18 21:31:05.263 [info] Auto Sync: Triggered by Activity
2023-08-18 21:31:05.263 [info] Sync started.
2023-08-18 21:31:05.405 [info] Settings: No changes found during synchronizing settings.
2023-08-18 21:31:05.422 [info] Keybindings: No changes found during synchronizing keybindings.
2023-08-18 21:31:05.426 [info] Snippets: No changes found during synchronizing snippets.
2023-08-18 21:31:05.429 [info] Tasks: No changes found during synchronizing tasks.
2023-08-18 21:31:05.435 [info] GlobalState: No changes found during synchronizing ui state.
2023-08-18 21:31:05.582 [info] Extensions: No changes found during synchronizing extensions.
2023-08-18 21:31:05.584 [info] Profiles: No changes found during synchronizing profiles.
2023-08-18 21:31:05.586 [info] Sync done. Took 324ms
2023-08-18 21:31:15.568 [info] Auto Sync: Triggered by Activity
2023-08-18 21:31:15.569 [info] Sync started.
2023-08-18 21:31:15.726 [info] Settings: No changes found during synchronizing settings.
2023-08-18 21:31:15.736 [info] Keybindings: No changes found during synchronizing keybindings.
2023-08-18 21:31:15.743 [info] Snippets: No changes found during synchronizing snippets.
2023-08-18 21:31:15.748 [info] Tasks: No changes found during synchronizing tasks.
2023-08-18 21:31:16.186 [info] GlobalState: Updated remote ui state. Updated: commandPalette.mru.cache,commandPalette.mru.counter.
2023-08-18 21:31:16.200 [info] GlobalState: Updated last synchronized ui state
2023-08-18 21:31:16.315 [info] Extensions: No changes found during synchronizing extensions.
2023-08-18 21:31:16.320 [info] Profiles: No changes found during synchronizing profiles.
2023-08-18 21:31:16.328 [info] Sync done. Took 761ms
2023-08-18 21:31:40.231 [info] Auto Sync: Triggered by Activity
2023-08-18 21:31:40.231 [info] Sync started.
2023-08-18 21:31:40.420 [info] Settings: No changes found during synchronizing settings.
2023-08-18 21:31:40.436 [info] Keybindings: No changes found during synchronizing keybindings.
2023-08-18 21:31:40.442 [info] Snippets: No changes found during synchronizing snippets.
2023-08-18 21:31:40.448 [info] Tasks: No changes found during synchronizing tasks.
2023-08-18 21:31:40.455 [info] GlobalState: No changes found during synchronizing ui state.
2023-08-18 21:31:40.577 [info] Extensions: No changes found during synchronizing extensions.
2023-08-18 21:31:40.581 [info] Profiles: No changes found during synchronizing profiles.
2023-08-18 21:31:40.584 [info] Sync done. Took 354ms
2023-08-18 21:31:54.927 [info] Auto Sync: Triggered by Activity
2023-08-18 21:31:54.929 [info] Sync started.
2023-08-18 21:31:55.128 [info] Settings: No changes found during synchronizing settings.
2023-08-18 21:31:55.169 [info] Keybindings: No changes found during synchronizing keybindings.
2023-08-18 21:31:55.198 [info] Snippets: No changes found during synchronizing snippets.
2023-08-18 21:31:55.217 [info] Tasks: No changes found during synchronizing tasks.
2023-08-18 21:31:55.241 [info] GlobalState: No changes found during synchronizing ui state.
2023-08-18 21:31:55.415 [info] Extensions: No changes found during synchronizing extensions.
2023-08-18 21:31:55.417 [info] Profiles: No changes found during synchronizing profiles.
2023-08-18 21:31:55.419 [info] Sync done. Took 496ms
2023-08-18 21:33:08.127 [info] Auto Sync: Triggered by Activity
2023-08-18 21:33:08.128 [info] Sync started.
2023-08-18 21:33:08.311 [info] Settings: No changes found during synchronizing settings.
2023-08-18 21:33:08.316 [info] Keybindings: No changes found during synchronizing keybindings.
2023-08-18 21:33:08.320 [info] Snippets: No changes found during synchronizing snippets.
2023-08-18 21:33:08.327 [info] Tasks: No changes found during synchronizing tasks.
2023-08-18 21:33:08.332 [info] GlobalState: No changes found during synchronizing ui state.
2023-08-18 21:33:08.724 [info] Extensions: No changes found during synchronizing extensions.
2023-08-18 21:33:08.743 [info] Profiles: No changes found during synchronizing profiles.
2023-08-18 21:33:08.763 [info] Sync done. Took 635ms
2023-08-18 21:33:48.567 [info] Auto Sync: Triggered by Activity
2023-08-18 21:33:48.567 [info] Sync started.
2023-08-18 21:33:48.716 [info] Settings: No changes found during synchronizing settings.
2023-08-18 21:33:48.722 [info] Keybindings: No changes found during synchronizing keybindings.
2023-08-18 21:33:48.737 [info] Snippets: No changes found during synchronizing snippets.
2023-08-18 21:33:48.742 [info] Tasks: No changes found during synchronizing tasks.
2023-08-18 21:33:48.752 [info] GlobalState: No changes found during synchronizing ui state.
2023-08-18 21:33:48.861 [info] Extensions: No changes found during synchronizing extensions.
2023-08-18 21:33:48.864 [info] Profiles: No changes found during synchronizing profiles.
2023-08-18 21:33:48.865 [info] Sync done. Took 299ms
2023-08-18 21:35:09.385 [info] Auto Sync: Triggered by Activity
2023-08-18 21:35:09.385 [info] Sync started.
2023-08-18 21:35:09.543 [info] Settings: No changes found during synchronizing settings.
2023-08-18 21:35:09.552 [info] Keybindings: No changes found during synchronizing keybindings.
2023-08-18 21:35:09.559 [info] Snippets: No changes found during synchronizing snippets.
2023-08-18 21:35:09.563 [info] Tasks: No changes found during synchronizing tasks.
2023-08-18 21:35:09.570 [info] GlobalState: No changes found during synchronizing ui state.
2023-08-18 21:35:09.765 [info] Extensions: No changes found during synchronizing extensions.
2023-08-18 21:35:09.767 [info] Profiles: No changes found during synchronizing profiles.
2023-08-18 21:35:09.769 [info] Sync done. Took 385ms
2023-08-18 21:35:29.473 [info] Auto Sync: Triggered by Activity
2023-08-18 21:35:29.473 [info] Sync started.
2023-08-18 21:35:29.632 [info] Settings: No changes found during synchronizing settings.
2023-08-18 21:35:29.636 [info] Keybindings: No changes found during synchronizing keybindings.
2023-08-18 21:35:29.642 [info] Snippets: No changes found during synchronizing snippets.
2023-08-18 21:35:29.647 [info] Tasks: No changes found during synchronizing tasks.
2023-08-18 21:35:29.653 [info] GlobalState: No changes found during synchronizing ui state.
2023-08-18 21:35:29.759 [info] Extensions: No changes found during synchronizing extensions.
2023-08-18 21:35:29.762 [info] Profiles: No changes found during synchronizing profiles.
2023-08-18 21:35:29.764 [info] Sync done. Took 293ms
2023-08-18 21:35:43.995 [info] Auto Sync: Triggered by Activity
2023-08-18 21:35:43.995 [info] Sync started.
2023-08-18 21:35:44.133 [info] Settings: No changes found during synchronizing settings.
2023-08-18 21:35:44.136 [info] Keybindings: No changes found during synchronizing keybindings.
2023-08-18 21:35:44.140 [info] Snippets: No changes found during synchronizing snippets.
2023-08-18 21:35:44.144 [info] Tasks: No changes found during synchronizing tasks.
2023-08-18 21:35:44.148 [info] GlobalState: No changes found during synchronizing ui state.
2023-08-18 21:35:44.260 [info] Extensions: No changes found during synchronizing extensions.
2023-08-18 21:35:44.262 [info] Profiles: No changes found during synchronizing profiles.
2023-08-18 21:35:44.263 [info] Sync done. Took 269ms
2023-08-18 21:35:58.219 [info] Auto Sync: Triggered by Activity
2023-08-18 21:35:58.220 [info] Sync started.
2023-08-18 21:35:58.412 [info] Settings: No changes found during synchronizing settings.
2023-08-18 21:35:58.419 [info] Keybindings: No changes found during synchronizing keybindings.
2023-08-18 21:35:58.425 [info] Snippets: No changes found during synchronizing snippets.
2023-08-18 21:35:58.428 [info] Tasks: No changes found during synchronizing tasks.
2023-08-18 21:35:58.433 [info] GlobalState: No changes found during synchronizing ui state.
2023-08-18 21:35:58.559 [info] Extensions: No changes found during synchronizing extensions.
2023-08-18 21:35:58.561 [info] Profiles: No changes found during synchronizing profiles.
2023-08-18 21:35:58.563 [info] Sync done. Took 345ms
2023-08-18 21:36:10.403 [info] Auto Sync: Triggered by Activity
2023-08-18 21:36:10.404 [info] Sync started.
2023-08-18 21:36:10.562 [info] Settings: No changes found during synchronizing settings.
2023-08-18 21:36:10.567 [info] Keybindings: No changes found during synchronizing keybindings.
2023-08-18 21:36:10.571 [info] Snippets: No changes found during synchronizing snippets.
2023-08-18 21:36:10.575 [info] Tasks: No changes found during synchronizing tasks.
2023-08-18 21:36:10.580 [info] GlobalState: No changes found during synchronizing ui state.
2023-08-18 21:36:10.679 [info] Extensions: No changes found during synchronizing extensions.
2023-08-18 21:36:10.683 [info] Profiles: No changes found during synchronizing profiles.
2023-08-18 21:36:10.684 [info] Sync done. Took 283ms
2023-08-18 21:36:32.555 [info] Auto Sync: Triggered by Activity
2023-08-18 21:36:32.556 [info] Sync started.
2023-08-18 21:36:32.702 [info] Settings: No changes found during synchronizing settings.
2023-08-18 21:36:32.707 [info] Keybindings: No changes found during synchronizing keybindings.
2023-08-18 21:36:32.710 [info] Snippets: No changes found during synchronizing snippets.
2023-08-18 21:36:32.714 [info] Tasks: No changes found during synchronizing tasks.
2023-08-18 21:36:32.718 [info] GlobalState: No changes found during synchronizing ui state.
2023-08-18 21:36:32.871 [info] Extensions: No changes found during synchronizing extensions.
2023-08-18 21:36:32.877 [info] Profiles: No changes found during synchronizing profiles.
2023-08-18 21:36:32.880 [info] Sync done. Took 325ms
2023-08-18 21:36:51.229 [info] Auto Sync: Triggered by Activity
2023-08-18 21:36:51.230 [info] Sync started.
2023-08-18 21:36:51.400 [info] Settings: No changes found during synchronizing settings.
2023-08-18 21:36:51.406 [info] Keybindings: No changes found during synchronizing keybindings.
2023-08-18 21:36:51.410 [info] Snippets: No changes found during synchronizing snippets.
2023-08-18 21:36:51.417 [info] Tasks: No changes found during synchronizing tasks.
2023-08-18 21:36:51.423 [info] GlobalState: No changes found during synchronizing ui state.
2023-08-18 21:36:51.514 [info] Extensions: No changes found during synchronizing extensions.
2023-08-18 21:36:51.516 [info] Profiles: No changes found during synchronizing profiles.
2023-08-18 21:36:51.518 [info] Sync done. Took 289ms
2023-08-18 21:37:06.827 [info] Auto Sync: Triggered by Activity
2023-08-18 21:37:06.828 [info] Sync started.
2023-08-18 21:37:06.965 [info] Settings: No changes found during synchronizing settings.
2023-08-18 21:37:06.969 [info] Keybindings: No changes found during synchronizing keybindings.
2023-08-18 21:37:06.974 [info] Snippets: No changes found during synchronizing snippets.
2023-08-18 21:37:06.978 [info] Tasks: No changes found during synchronizing tasks.
2023-08-18 21:37:06.983 [info] GlobalState: No changes found during synchronizing ui state.
2023-08-18 21:37:07.199 [info] Extensions: No changes found during synchronizing extensions.
2023-08-18 21:37:07.201 [info] Profiles: No changes found during synchronizing profiles.
2023-08-18 21:37:07.203 [info] Sync done. Took 377ms
2023-08-18 21:37:18.615 [info] Auto Sync: Triggered by Activity
2023-08-18 21:37:18.615 [info] Sync started.
2023-08-18 21:37:18.794 [info] Settings: No changes found during synchronizing settings.
2023-08-18 21:37:18.800 [info] Keybindings: No changes found during synchronizing keybindings.
2023-08-18 21:37:18.806 [info] Snippets: No changes found during synchronizing snippets.
2023-08-18 21:37:18.811 [info] Tasks: No changes found during synchronizing tasks.
2023-08-18 21:37:18.819 [info] GlobalState: No changes found during synchronizing ui state.
2023-08-18 21:37:18.951 [info] Extensions: No changes found during synchronizing extensions.
2023-08-18 21:37:18.953 [info] Profiles: No changes found during synchronizing profiles.
2023-08-18 21:37:18.954 [info] Sync done. Took 340ms
2023-08-18 21:37:39.015 [info] Auto Sync: Triggered by Activity
2023-08-18 21:37:39.015 [info] Sync started.
2023-08-18 21:37:39.155 [info] Settings: No changes found during synchronizing settings.
2023-08-18 21:37:39.161 [info] Keybindings: No changes found during synchronizing keybindings.
2023-08-18 21:37:39.165 [info] Snippets: No changes found during synchronizing snippets.
2023-08-18 21:37:39.171 [info] Tasks: No changes found during synchronizing tasks.
2023-08-18 21:37:39.176 [info] GlobalState: No changes found during synchronizing ui state.
2023-08-18 21:37:39.317 [info] Extensions: No changes found during synchronizing extensions.
2023-08-18 21:37:39.320 [info] Profiles: No changes found during synchronizing profiles.
2023-08-18 21:37:39.323 [info] Sync done. Took 308ms
2023-08-18 21:37:51.072 [info] Auto Sync: Triggered by Activity
2023-08-18 21:37:51.073 [info] Sync started.
2023-08-18 21:37:51.223 [info] Settings: No changes found during synchronizing settings.
2023-08-18 21:37:51.227 [info] Keybindings: No changes found during synchronizing keybindings.
2023-08-18 21:37:51.232 [info] Snippets: No changes found during synchronizing snippets.
2023-08-18 21:37:51.239 [info] Tasks: No changes found during synchronizing tasks.
2023-08-18 21:37:51.245 [info] GlobalState: No changes found during synchronizing ui state.
2023-08-18 21:37:51.451 [info] Extensions: No changes found during synchronizing extensions.
2023-08-18 21:37:51.454 [info] Profiles: No changes found during synchronizing profiles.
2023-08-18 21:37:51.456 [info] Sync done. Took 385ms
2023-08-18 21:38:16.088 [info] Auto Sync: Triggered by Activity
2023-08-18 21:38:16.088 [info] Sync started.
2023-08-18 21:38:16.234 [info] Settings: No changes found during synchronizing settings.
2023-08-18 21:38:16.248 [info] Keybindings: No changes found during synchronizing keybindings.
2023-08-18 21:38:16.257 [info] Snippets: No changes found during synchronizing snippets.
2023-08-18 21:38:16.266 [info] Tasks: No changes found during synchronizing tasks.
2023-08-18 21:38:16.279 [info] GlobalState: No changes found during synchronizing ui state.
2023-08-18 21:38:16.388 [info] Extensions: No changes found during synchronizing extensions.
2023-08-18 21:38:16.390 [info] Profiles: No changes found during synchronizing profiles.
2023-08-18 21:38:16.391 [info] Sync done. Took 305ms
2023-08-18 21:38:30.363 [info] Auto Sync: Triggered by Activity
2023-08-18 21:38:30.364 [info] Sync started.
2023-08-18 21:38:30.514 [info] Settings: No changes found during synchronizing settings.
2023-08-18 21:38:30.517 [info] Keybindings: No changes found during synchronizing keybindings.
2023-08-18 21:38:30.520 [info] Snippets: No changes found during synchronizing snippets.
2023-08-18 21:38:30.524 [info] Tasks: No changes found during synchronizing tasks.
2023-08-18 21:38:30.527 [info] GlobalState: No changes found during synchronizing ui state.
2023-08-18 21:38:30.957 [info] Extensions: No changes found during synchronizing extensions.
2023-08-18 21:38:30.967 [info] Profiles: No changes found during synchronizing profiles.
2023-08-18 21:38:30.975 [info] Sync done. Took 612ms
2023-08-18 21:38:43.427 [info] Auto Sync: Triggered by Activity
2023-08-18 21:38:43.428 [info] Sync started.
2023-08-18 21:38:43.639 [info] Settings: No changes found during synchronizing settings.
2023-08-18 21:38:43.656 [info] Keybindings: No changes found during synchronizing keybindings.
2023-08-18 21:38:43.666 [info] Snippets: No changes found during synchronizing snippets.
2023-08-18 21:38:43.676 [info] Tasks: No changes found during synchronizing tasks.
2023-08-18 21:38:43.682 [info] GlobalState: No changes found during synchronizing ui state.
2023-08-18 21:38:43.827 [info] Extensions: No changes found during synchronizing extensions.
2023-08-18 21:38:43.830 [info] Profiles: No changes found during synchronizing profiles.
2023-08-18 21:38:43.832 [info] Sync done. Took 405ms
2023-08-18 21:39:14.959 [info] Auto Sync: Triggered by Activity
2023-08-18 21:39:14.960 [info] Sync started.
2023-08-18 21:39:15.103 [info] Settings: No changes found during synchronizing settings.
2023-08-18 21:39:15.108 [info] Keybindings: No changes found during synchronizing keybindings.
2023-08-18 21:39:15.111 [info] Snippets: No changes found during synchronizing snippets.
2023-08-18 21:39:15.114 [info] Tasks: No changes found during synchronizing tasks.
2023-08-18 21:39:15.118 [info] GlobalState: No changes found during synchronizing ui state.
2023-08-18 21:39:15.227 [info] Extensions: No changes found during synchronizing extensions.
2023-08-18 21:39:15.229 [info] Profiles: No changes found during synchronizing profiles.
2023-08-18 21:39:15.231 [info] Sync done. Took 272ms
2023-08-18 21:39:34.831 [info] Auto Sync: Triggered by Activity
2023-08-18 21:39:34.831 [info] Sync started.
2023-08-18 21:39:34.975 [info] Settings: No changes found during synchronizing settings.
2023-08-18 21:39:34.978 [info] Keybindings: No changes found during synchronizing keybindings.
2023-08-18 21:39:34.982 [info] Snippets: No changes found during synchronizing snippets.
2023-08-18 21:39:34.986 [info] Tasks: No changes found during synchronizing tasks.
2023-08-18 21:39:34.992 [info] GlobalState: No changes found during synchronizing ui state.
2023-08-18 21:39:35.085 [info] Extensions: No changes found during synchronizing extensions.
2023-08-18 21:39:35.088 [info] Profiles: No changes found during synchronizing profiles.
2023-08-18 21:39:35.089 [info] Sync done. Took 259ms
2023-08-18 21:40:21.064 [info] Auto Sync: Triggered by Activity
2023-08-18 21:40:21.064 [info] Sync started.
2023-08-18 21:40:21.206 [info] Settings: No changes found during synchronizing settings.
2023-08-18 21:40:21.211 [info] Keybindings: No changes found during synchronizing keybindings.
2023-08-18 21:40:21.214 [info] Snippets: No changes found during synchronizing snippets.
2023-08-18 21:40:21.216 [info] Tasks: No changes found during synchronizing tasks.
2023-08-18 21:40:21.221 [info] GlobalState: No changes found during synchronizing ui state.
2023-08-18 21:40:21.310 [info] Extensions: No changes found during synchronizing extensions.
2023-08-18 21:40:21.312 [info] Profiles: No changes found during synchronizing profiles.
2023-08-18 21:40:21.314 [info] Sync done. Took 251ms
2023-08-18 21:40:46.786 [info] Auto Sync: Triggered by Activity
2023-08-18 21:40:46.786 [info] Sync started.
2023-08-18 21:40:46.920 [info] Settings: No changes found during synchronizing settings.
2023-08-18 21:40:46.924 [info] Keybindings: No changes found during synchronizing keybindings.
2023-08-18 21:40:46.927 [info] Snippets: No changes found during synchronizing snippets.
2023-08-18 21:40:46.930 [info] Tasks: No changes found during synchronizing tasks.
2023-08-18 21:40:46.934 [info] GlobalState: No changes found during synchronizing ui state.
2023-08-18 21:40:47.078 [info] Extensions: No changes found during synchronizing extensions.
2023-08-18 21:40:47.081 [info] Profiles: No changes found during synchronizing profiles.
2023-08-18 21:40:47.084 [info] Sync done. Took 298ms
2023-08-18 21:41:10.813 [info] Auto Sync: Triggered by Activity
2023-08-18 21:41:10.813 [info] Sync started.
2023-08-18 21:41:10.957 [info] Settings: No changes found during synchronizing settings.
2023-08-18 21:41:10.964 [info] Keybindings: No changes found during synchronizing keybindings.
2023-08-18 21:41:10.970 [info] Snippets: No changes found during synchronizing snippets.
2023-08-18 21:41:10.976 [info] Tasks: No changes found during synchronizing tasks.
2023-08-18 21:41:10.981 [info] GlobalState: No changes found during synchronizing ui state.
2023-08-18 21:41:11.088 [info] Extensions: No changes found during synchronizing extensions.
2023-08-18 21:41:11.090 [info] Profiles: No changes found during synchronizing profiles.
2023-08-18 21:41:11.091 [info] Sync done. Took 278ms
2023-08-18 21:41:25.000 [info] Auto Sync: Triggered by Activity
2023-08-18 21:41:25.000 [info] Sync started.
2023-08-18 21:41:25.156 [info] Settings: No changes found during synchronizing settings.
2023-08-18 21:41:25.163 [info] Keybindings: No changes found during synchronizing keybindings.
2023-08-18 21:41:25.168 [info] Snippets: No changes found during synchronizing snippets.
2023-08-18 21:41:25.171 [info] Tasks: No changes found during synchronizing tasks.
2023-08-18 21:41:25.175 [info] GlobalState: No changes found during synchronizing ui state.
2023-08-18 21:41:25.282 [info] Extensions: No changes found during synchronizing extensions.
2023-08-18 21:41:25.290 [info] Profiles: No changes found during synchronizing profiles.
2023-08-18 21:41:25.293 [info] Sync done. Took 295ms
2023-08-18 21:41:36.582 [info] Auto Sync: Triggered by Activity
2023-08-18 21:41:36.583 [info] Sync started.
2023-08-18 21:41:36.747 [info] Settings: No changes found during synchronizing settings.
2023-08-18 21:41:36.753 [info] Keybindings: No changes found during synchronizing keybindings.
2023-08-18 21:41:36.758 [info] Snippets: No changes found during synchronizing snippets.
2023-08-18 21:41:36.762 [info] Tasks: No changes found during synchronizing tasks.
2023-08-18 21:41:36.766 [info] GlobalState: No changes found during synchronizing ui state.
2023-08-18 21:41:36.900 [info] Extensions: No changes found during synchronizing extensions.
2023-08-18 21:41:36.902 [info] Profiles: No changes found during synchronizing profiles.
2023-08-18 21:41:36.904 [info] Sync done. Took 322ms
2023-08-18 21:41:56.315 [info] Auto Sync: Triggered by Activity
2023-08-18 21:41:56.315 [info] Sync started.
2023-08-18 21:41:56.470 [info] Settings: No changes found during synchronizing settings.
2023-08-18 21:41:56.474 [info] Keybindings: No changes found during synchronizing keybindings.
2023-08-18 21:41:56.480 [info] Snippets: No changes found during synchronizing snippets.
2023-08-18 21:41:56.484 [info] Tasks: No changes found during synchronizing tasks.
2023-08-18 21:41:56.489 [info] GlobalState: No changes found during synchronizing ui state.
2023-08-18 21:41:56.601 [info] Extensions: No changes found during synchronizing extensions.
2023-08-18 21:41:56.606 [info] Profiles: No changes found during synchronizing profiles.
2023-08-18 21:41:56.609 [info] Sync done. Took 295ms
2023-08-18 21:42:10.694 [info] Auto Sync: Triggered by Activity
2023-08-18 21:42:10.695 [info] Sync started.
2023-08-18 21:42:10.899 [info] Settings: No changes found during synchronizing settings.
2023-08-18 21:42:10.902 [info] Keybindings: No changes found during synchronizing keybindings.
2023-08-18 21:42:10.905 [info] Snippets: No changes found during synchronizing snippets.
2023-08-18 21:42:10.908 [info] Tasks: No changes found during synchronizing tasks.
2023-08-18 21:42:10.912 [info] GlobalState: No changes found during synchronizing ui state.
2023-08-18 21:42:11.053 [info] Extensions: No changes found during synchronizing extensions.
2023-08-18 21:42:11.055 [info] Profiles: No changes found during synchronizing profiles.
2023-08-18 21:42:11.056 [info] Sync done. Took 363ms
2023-08-18 21:42:25.244 [info] Auto Sync: Triggered by Activity
2023-08-18 21:42:25.245 [info] Sync started.
2023-08-18 21:42:25.405 [info] Settings: No changes found during synchronizing settings.
2023-08-18 21:42:25.412 [info] Keybindings: No changes found during synchronizing keybindings.
2023-08-18 21:42:25.416 [info] Snippets: No changes found during synchronizing snippets.
2023-08-18 21:42:25.421 [info] Tasks: No changes found during synchronizing tasks.
2023-08-18 21:42:25.426 [info] GlobalState: No changes found during synchronizing ui state.
2023-08-18 21:42:25.512 [info] Extensions: No changes found during synchronizing extensions.
2023-08-18 21:42:25.515 [info] Profiles: No changes found during synchronizing profiles.
2023-08-18 21:42:25.517 [info] Sync done. Took 273ms
2023-08-18 21:42:38.958 [info] Auto Sync: Triggered by Activity
2023-08-18 21:42:38.959 [info] Sync started.
2023-08-18 21:42:39.117 [info] Settings: No changes found during synchronizing settings.
2023-08-18 21:42:39.122 [info] Keybindings: No changes found during synchronizing keybindings.
2023-08-18 21:42:39.126 [info] Snippets: No changes found during synchronizing snippets.
2023-08-18 21:42:39.132 [info] Tasks: No changes found during synchronizing tasks.
2023-08-18 21:42:39.139 [info] GlobalState: No changes found during synchronizing ui state.
2023-08-18 21:42:39.368 [info] Extensions: No changes found during synchronizing extensions.
2023-08-18 21:42:39.383 [info] Profiles: No changes found during synchronizing profiles.
2023-08-18 21:42:39.388 [info] Sync done. Took 432ms
2023-08-18 21:42:51.875 [info] Auto Sync: Triggered by Activity
2023-08-18 21:42:51.876 [info] Sync started.
2023-08-18 21:42:52.022 [info] Settings: No changes found during synchronizing settings.
2023-08-18 21:42:52.029 [info] Keybindings: No changes found during synchronizing keybindings.
2023-08-18 21:42:52.037 [info] Snippets: No changes found during synchronizing snippets.
2023-08-18 21:42:52.042 [info] Tasks: No changes found during synchronizing tasks.
2023-08-18 21:42:52.050 [info] GlobalState: No changes found during synchronizing ui state.
2023-08-18 21:42:52.150 [info] Extensions: No changes found during synchronizing extensions.
2023-08-18 21:42:52.153 [info] Profiles: No changes found during synchronizing profiles.
2023-08-18 21:42:52.154 [info] Sync done. Took 280ms
2023-08-18 21:43:09.396 [info] Auto Sync: Triggered by Activity
2023-08-18 21:43:09.397 [info] Sync started.
2023-08-18 21:43:09.550 [info] Settings: No changes found during synchronizing settings.
2023-08-18 21:43:09.558 [info] Keybindings: No changes found during synchronizing keybindings.
2023-08-18 21:43:09.567 [info] Snippets: No changes found during synchronizing snippets.
2023-08-18 21:43:09.574 [info] Tasks: No changes found during synchronizing tasks.
2023-08-18 21:43:09.581 [info] GlobalState: No changes found during synchronizing ui state.
2023-08-18 21:43:09.666 [info] Extensions: No changes found during synchronizing extensions.
2023-08-18 21:43:09.674 [info] Profiles: No changes found during synchronizing profiles.
2023-08-18 21:43:09.677 [info] Sync done. Took 281ms
2023-08-18 21:43:25.706 [info] Auto Sync: Triggered by Activity
2023-08-18 21:43:25.710 [info] Sync started.
2023-08-18 21:43:25.925 [info] Settings: No changes found during synchronizing settings.
2023-08-18 21:43:25.941 [info] Keybindings: No changes found during synchronizing keybindings.
2023-08-18 21:43:25.979 [info] Snippets: No changes found during synchronizing snippets.
2023-08-18 21:43:25.995 [info] Tasks: No changes found during synchronizing tasks.
2023-08-18 21:43:26.014 [info] GlobalState: No changes found during synchronizing ui state.
2023-08-18 21:43:26.270 [info] Extensions: No changes found during synchronizing extensions.
2023-08-18 21:43:26.274 [info] Profiles: No changes found during synchronizing profiles.
2023-08-18 21:43:26.280 [info] Sync done. Took 575ms
2023-08-18 21:43:46.127 [info] Auto Sync: Triggered by Activity
2023-08-18 21:43:46.127 [info] Sync started.
2023-08-18 21:43:46.287 [info] Settings: No changes found during synchronizing settings.
2023-08-18 21:43:46.292 [info] Keybindings: No changes found during synchronizing keybindings.
2023-08-18 21:43:46.297 [info] Snippets: No changes found during synchronizing snippets.
2023-08-18 21:43:46.302 [info] Tasks: No changes found during synchronizing tasks.
2023-08-18 21:43:46.309 [info] GlobalState: No changes found during synchronizing ui state.
2023-08-18 21:43:46.400 [info] Extensions: No changes found during synchronizing extensions.
2023-08-18 21:43:46.402 [info] Profiles: No changes found during synchronizing profiles.
2023-08-18 21:43:46.404 [info] Sync done. Took 277ms
2023-08-18 21:43:58.939 [info] Auto Sync: Triggered by Activity
2023-08-18 21:43:58.939 [info] Sync started.
2023-08-18 21:43:59.087 [info] Settings: No changes found during synchronizing settings.
2023-08-18 21:43:59.094 [info] Keybindings: No changes found during synchronizing keybindings.
2023-08-18 21:43:59.100 [info] Snippets: No changes found during synchronizing snippets.
2023-08-18 21:43:59.104 [info] Tasks: No changes found during synchronizing tasks.
2023-08-18 21:43:59.107 [info] GlobalState: No changes found during synchronizing ui state.
2023-08-18 21:43:59.230 [info] Extensions: No changes found during synchronizing extensions.
2023-08-18 21:43:59.232 [info] Profiles: No changes found during synchronizing profiles.
2023-08-18 21:43:59.234 [info] Sync done. Took 295ms
2023-08-18 21:44:11.354 [info] Auto Sync: Triggered by Activity
2023-08-18 21:44:11.354 [info] Sync started.
2023-08-18 21:44:11.499 [info] Settings: No changes found during synchronizing settings.
2023-08-18 21:44:11.512 [info] Keybindings: No changes found during synchronizing keybindings.
2023-08-18 21:44:11.522 [info] Snippets: No changes found during synchronizing snippets.
2023-08-18 21:44:11.527 [info] Tasks: No changes found during synchronizing tasks.
2023-08-18 21:44:11.535 [info] GlobalState: No changes found during synchronizing ui state.
2023-08-18 21:44:11.632 [info] Extensions: No changes found during synchronizing extensions.
2023-08-18 21:44:11.634 [info] Profiles: No changes found during synchronizing profiles.
2023-08-18 21:44:11.636 [info] Sync done. Took 282ms
2023-08-18 21:44:25.262 [info] Auto Sync: Triggered by Activity
2023-08-18 21:44:25.263 [info] Sync started.
2023-08-18 21:44:25.413 [info] Settings: No changes found during synchronizing settings.
2023-08-18 21:44:25.418 [info] Keybindings: No changes found during synchronizing keybindings.
2023-08-18 21:44:25.421 [info] Snippets: No changes found during synchronizing snippets.
2023-08-18 21:44:25.424 [info] Tasks: No changes found during synchronizing tasks.
2023-08-18 21:44:25.427 [info] GlobalState: No changes found during synchronizing ui state.
2023-08-18 21:44:25.519 [info] Extensions: No changes found during synchronizing extensions.
2023-08-18 21:44:25.521 [info] Profiles: No changes found during synchronizing profiles.
2023-08-18 21:44:25.523 [info] Sync done. Took 262ms
2023-08-18 21:45:18.719 [info] Auto Sync: Triggered by Activity
2023-08-18 21:45:18.719 [info] Sync started.
2023-08-18 21:45:18.870 [info] Settings: No changes found during synchronizing settings.
2023-08-18 21:45:18.873 [info] Keybindings: No changes found during synchronizing keybindings.
2023-08-18 21:45:18.877 [info] Snippets: No changes found during synchronizing snippets.
2023-08-18 21:45:18.880 [info] Tasks: No changes found during synchronizing tasks.
2023-08-18 21:45:18.885 [info] GlobalState: No changes found during synchronizing ui state.
2023-08-18 21:45:19.068 [info] Extensions: No changes found during synchronizing extensions.
2023-08-18 21:45:19.071 [info] Profiles: No changes found during synchronizing profiles.
2023-08-18 21:45:19.073 [info] Sync done. Took 355ms
2023-08-18 21:45:47.447 [info] Auto Sync: Triggered by Activity
2023-08-18 21:45:47.447 [info] Sync started.
2023-08-18 21:45:47.615 [info] Settings: No changes found during synchronizing settings.
2023-08-18 21:45:47.628 [info] Keybindings: No changes found during synchronizing keybindings.
2023-08-18 21:45:47.642 [info] Snippets: No changes found during synchronizing snippets.
2023-08-18 21:45:47.659 [info] Tasks: No changes found during synchronizing tasks.
2023-08-18 21:45:47.666 [info] GlobalState: No changes found during synchronizing ui state.
2023-08-18 21:45:47.865 [info] Extensions: No changes found during synchronizing extensions.
2023-08-18 21:45:47.873 [info] Profiles: No changes found during synchronizing profiles.
2023-08-18 21:45:47.875 [info] Sync done. Took 428ms
2023-08-18 21:46:02.787 [info] Auto Sync: Triggered by Activity
2023-08-18 21:46:02.787 [info] Sync started.
2023-08-18 21:46:02.924 [info] Settings: No changes found during synchronizing settings.
2023-08-18 21:46:02.928 [info] Keybindings: No changes found during synchronizing keybindings.
2023-08-18 21:46:02.931 [info] Snippets: No changes found during synchronizing snippets.
2023-08-18 21:46:02.934 [info] Tasks: No changes found during synchronizing tasks.
2023-08-18 21:46:02.938 [info] GlobalState: No changes found during synchronizing ui state.
2023-08-18 21:46:03.060 [info] Extensions: No changes found during synchronizing extensions.
2023-08-18 21:46:03.067 [info] Profiles: No changes found during synchronizing profiles.
2023-08-18 21:46:03.070 [info] Sync done. Took 283ms
2023-08-18 21:46:54.920 [info] Auto Sync: Triggered by Activity
2023-08-18 21:46:54.921 [info] Sync started.
2023-08-18 21:46:55.110 [info] Settings: No changes found during synchronizing settings.
2023-08-18 21:46:55.117 [info] Keybindings: No changes found during synchronizing keybindings.
2023-08-18 21:46:55.122 [info] Snippets: No changes found during synchronizing snippets.
2023-08-18 21:46:55.127 [info] Tasks: No changes found during synchronizing tasks.
2023-08-18 21:46:55.132 [info] GlobalState: No changes found during synchronizing ui state.
2023-08-18 21:46:55.244 [info] Extensions: No changes found during synchronizing extensions.
2023-08-18 21:46:55.247 [info] Profiles: No changes found during synchronizing profiles.
2023-08-18 21:46:55.249 [info] Sync done. Took 329ms
2023-08-18 21:47:09.510 [info] Auto Sync: Triggered by Activity
2023-08-18 21:47:09.510 [info] Sync started.
2023-08-18 21:47:09.689 [info] Settings: No changes found during synchronizing settings.
2023-08-18 21:47:09.699 [info] Keybindings: No changes found during synchronizing keybindings.
2023-08-18 21:47:09.714 [info] Snippets: No changes found during synchronizing snippets.
2023-08-18 21:47:09.731 [info] Tasks: No changes found during synchronizing tasks.
2023-08-18 21:47:09.748 [info] GlobalState: No changes found during synchronizing ui state.
2023-08-18 21:47:10.079 [info] Extensions: No changes found during synchronizing extensions.
2023-08-18 21:47:10.083 [info] Profiles: No changes found during synchronizing profiles.
2023-08-18 21:47:10.086 [info] Sync done. Took 576ms
2023-08-18 21:47:23.023 [info] Auto Sync: Triggered by Activity
2023-08-18 21:47:23.023 [info] Sync started.
2023-08-18 21:47:23.176 [info] Settings: No changes found during synchronizing settings.
2023-08-18 21:47:23.184 [info] Keybindings: No changes found during synchronizing keybindings.
2023-08-18 21:47:23.192 [info] Snippets: No changes found during synchronizing snippets.
2023-08-18 21:47:23.202 [info] Tasks: No changes found during synchronizing tasks.
2023-08-18 21:47:23.216 [info] GlobalState: No changes found during synchronizing ui state.
2023-08-18 21:47:23.346 [info] Extensions: No changes found during synchronizing extensions.
2023-08-18 21:47:23.347 [info] Profiles: No changes found during synchronizing profiles.
2023-08-18 21:47:23.349 [info] Sync done. Took 326ms
2023-08-18 21:48:00.595 [info] Auto Sync: Triggered by Activity
2023-08-18 21:48:00.595 [info] Sync started.
2023-08-18 21:48:00.739 [info] Settings: No changes found during synchronizing settings.
2023-08-18 21:48:00.745 [info] Keybindings: No changes found during synchronizing keybindings.
2023-08-18 21:48:00.750 [info] Snippets: No changes found during synchronizing snippets.
2023-08-18 21:48:00.755 [info] Tasks: No changes found during synchronizing tasks.
2023-08-18 21:48:00.760 [info] GlobalState: No changes found during synchronizing ui state.
2023-08-18 21:48:00.852 [info] Extensions: No changes found during synchronizing extensions.
2023-08-18 21:48:00.854 [info] Profiles: No changes found during synchronizing profiles.
2023-08-18 21:48:00.855 [info] Sync done. Took 261ms
2023-08-18 21:48:17.177 [info] Auto Sync: Triggered by Activity
2023-08-18 21:48:17.178 [info] Sync started.
2023-08-18 21:48:17.344 [info] Settings: No changes found during synchronizing settings.
2023-08-18 21:48:17.352 [info] Keybindings: No changes found during synchronizing keybindings.
2023-08-18 21:48:17.361 [info] Snippets: No changes found during synchronizing snippets.
2023-08-18 21:48:17.371 [info] Tasks: No changes found during synchronizing tasks.
2023-08-18 21:48:17.378 [info] GlobalState: No changes found during synchronizing ui state.
2023-08-18 21:48:17.547 [info] Extensions: No changes found during synchronizing extensions.
2023-08-18 21:48:17.549 [info] Profiles: No changes found during synchronizing profiles.
2023-08-18 21:48:17.551 [info] Sync done. Took 373ms
2023-08-18 21:48:31.446 [info] Auto Sync: Triggered by Activity
2023-08-18 21:48:31.447 [info] Sync started.
2023-08-18 21:48:31.611 [info] Settings: No changes found during synchronizing settings.
2023-08-18 21:48:31.643 [info] Keybindings: No changes found during synchronizing keybindings.
2023-08-18 21:48:31.647 [info] Snippets: No changes found during synchronizing snippets.
2023-08-18 21:48:31.653 [info] Tasks: No changes found during synchronizing tasks.
2023-08-18 21:48:31.659 [info] GlobalState: No changes found during synchronizing ui state.
2023-08-18 21:48:31.780 [info] Extensions: No changes found during synchronizing extensions.
2023-08-18 21:48:31.782 [info] Profiles: No changes found during synchronizing profiles.
2023-08-18 21:48:31.783 [info] Sync done. Took 338ms
2023-08-18 21:48:59.099 [info] Auto Sync: Triggered by Activity
2023-08-18 21:48:59.099 [info] Sync started.
2023-08-18 21:48:59.252 [info] Settings: No changes found during synchronizing settings.
2023-08-18 21:48:59.259 [info] Keybindings: No changes found during synchronizing keybindings.
2023-08-18 21:48:59.264 [info] Snippets: No changes found during synchronizing snippets.
2023-08-18 21:48:59.268 [info] Tasks: No changes found during synchronizing tasks.
2023-08-18 21:48:59.277 [info] GlobalState: No changes found during synchronizing ui state.
2023-08-18 21:48:59.405 [info] Extensions: No changes found during synchronizing extensions.
2023-08-18 21:48:59.407 [info] Profiles: No changes found during synchronizing profiles.
2023-08-18 21:48:59.409 [info] Sync done. Took 311ms
2023-08-18 21:49:37.643 [info] Auto Sync: Triggered by Activity
2023-08-18 21:49:37.644 [info] Sync started.
2023-08-18 21:49:37.811 [info] Settings: No changes found during synchronizing settings.
2023-08-18 21:49:37.820 [info] Keybindings: No changes found during synchronizing keybindings.
2023-08-18 21:49:37.829 [info] Snippets: No changes found during synchronizing snippets.
2023-08-18 21:49:37.838 [info] Tasks: No changes found during synchronizing tasks.
2023-08-18 21:49:37.855 [info] GlobalState: No changes found during synchronizing ui state.
2023-08-18 21:49:38.061 [info] Extensions: No changes found during synchronizing extensions.
2023-08-18 21:49:38.066 [info] Profiles: No changes found during synchronizing profiles.
2023-08-18 21:49:38.069 [info] Sync done. Took 426ms
2023-08-18 21:50:01.579 [info] Auto Sync: Triggered by Activity
2023-08-18 21:50:01.579 [info] Sync started.
2023-08-18 21:50:01.806 [info] Settings: No changes found during synchronizing settings.
2023-08-18 21:50:01.818 [info] Keybindings: No changes found during synchronizing keybindings.
2023-08-18 21:50:01.823 [info] Snippets: No changes found during synchronizing snippets.
2023-08-18 21:50:01.830 [info] Tasks: No changes found during synchronizing tasks.
2023-08-18 21:50:01.837 [info] GlobalState: No changes found during synchronizing ui state.
2023-08-18 21:50:01.949 [info] Extensions: No changes found during synchronizing extensions.
2023-08-18 21:50:01.952 [info] Profiles: No changes found during synchronizing profiles.
2023-08-18 21:50:01.955 [info] Sync done. Took 376ms
2023-08-18 21:50:18.563 [info] Auto Sync: Triggered by Activity
2023-08-18 21:50:18.563 [info] Sync started.
2023-08-18 21:50:18.713 [info] Settings: No changes found during synchronizing settings.
2023-08-18 21:50:18.719 [info] Keybindings: No changes found during synchronizing keybindings.
2023-08-18 21:50:18.722 [info] Snippets: No changes found during synchronizing snippets.
2023-08-18 21:50:18.725 [info] Tasks: No changes found during synchronizing tasks.
2023-08-18 21:50:18.729 [info] GlobalState: No changes found during synchronizing ui state.
2023-08-18 21:50:18.825 [info] Extensions: No changes found during synchronizing extensions.
2023-08-18 21:50:18.832 [info] Profiles: No changes found during synchronizing profiles.
2023-08-18 21:50:18.834 [info] Sync done. Took 271ms
2023-08-18 21:50:32.660 [info] Auto Sync: Triggered by Activity
2023-08-18 21:50:32.661 [info] Sync started.
2023-08-18 21:50:32.873 [info] Settings: No changes found during synchronizing settings.
2023-08-18 21:50:32.886 [info] Keybindings: No changes found during synchronizing keybindings.
2023-08-18 21:50:32.892 [info] Snippets: No changes found during synchronizing snippets.
2023-08-18 21:50:32.899 [info] Tasks: No changes found during synchronizing tasks.
2023-08-18 21:50:32.917 [info] GlobalState: No changes found during synchronizing ui state.
2023-08-18 21:50:33.119 [info] Extensions: No changes found during synchronizing extensions.
2023-08-18 21:50:33.122 [info] Profiles: No changes found during synchronizing profiles.
2023-08-18 21:50:33.125 [info] Sync done. Took 465ms
2023-08-18 21:50:48.860 [info] Auto Sync: Triggered by Activity
2023-08-18 21:50:48.861 [info] Sync started.
2023-08-18 21:50:48.995 [info] Settings: No changes found during synchronizing settings.
2023-08-18 21:50:48.997 [info] Keybindings: No changes found during synchronizing keybindings.
2023-08-18 21:50:49.002 [info] Snippets: No changes found during synchronizing snippets.
2023-08-18 21:50:49.005 [info] Tasks: No changes found during synchronizing tasks.
2023-08-18 21:50:49.009 [info] GlobalState: No changes found during synchronizing ui state.
2023-08-18 21:50:49.099 [info] Extensions: No changes found during synchronizing extensions.
2023-08-18 21:50:49.102 [info] Profiles: No changes found during synchronizing profiles.
2023-08-18 21:50:49.103 [info] Sync done. Took 244ms
2023-08-18 21:51:03.136 [info] Auto Sync: Triggered by Activity
2023-08-18 21:51:03.136 [info] Sync started.
2023-08-18 21:51:03.281 [info] Settings: No changes found during synchronizing settings.
2023-08-18 21:51:03.284 [info] Keybindings: No changes found during synchronizing keybindings.
2023-08-18 21:51:03.287 [info] Snippets: No changes found during synchronizing snippets.
2023-08-18 21:51:03.290 [info] Tasks: No changes found during synchronizing tasks.
2023-08-18 21:51:03.295 [info] GlobalState: No changes found during synchronizing ui state.
2023-08-18 21:51:03.427 [info] Extensions: No changes found during synchronizing extensions.
2023-08-18 21:51:03.429 [info] Profiles: No changes found during synchronizing profiles.
2023-08-18 21:51:03.430 [info] Sync done. Took 295ms
2023-08-18 21:51:16.207 [info] Auto Sync: Triggered by Activity
2023-08-18 21:51:16.207 [info] Sync started.
2023-08-18 21:51:16.358 [info] Settings: No changes found during synchronizing settings.
2023-08-18 21:51:16.364 [info] Keybindings: No changes found during synchronizing keybindings.
2023-08-18 21:51:16.369 [info] Snippets: No changes found during synchronizing snippets.
2023-08-18 21:51:16.375 [info] Tasks: No changes found during synchronizing tasks.
2023-08-18 21:51:16.381 [info] GlobalState: No changes found during synchronizing ui state.
2023-08-18 21:51:16.476 [info] Extensions: No changes found during synchronizing extensions.
2023-08-18 21:51:16.479 [info] Profiles: No changes found during synchronizing profiles.
2023-08-18 21:51:16.480 [info] Sync done. Took 274ms
2023-08-18 21:51:29.903 [info] Auto Sync: Triggered by Activity
2023-08-18 21:51:29.903 [info] Sync started.
2023-08-18 21:51:30.053 [info] Settings: No changes found during synchronizing settings.
2023-08-18 21:51:30.059 [info] Keybindings: No changes found during synchronizing keybindings.
2023-08-18 21:51:30.068 [info] Snippets: No changes found during synchronizing snippets.
2023-08-18 21:51:30.075 [info] Tasks: No changes found during synchronizing tasks.
2023-08-18 21:51:30.083 [info] GlobalState: No changes found during synchronizing ui state.
2023-08-18 21:51:30.246 [info] Extensions: No changes found during synchronizing extensions.
2023-08-18 21:51:30.248 [info] Profiles: No changes found during synchronizing profiles.
2023-08-18 21:51:30.250 [info] Sync done. Took 347ms
2023-08-18 21:51:48.891 [info] Auto Sync: Triggered by Activity
2023-08-18 21:51:48.891 [info] Sync started.
2023-08-18 21:51:49.044 [info] Settings: No changes found during synchronizing settings.
2023-08-18 21:51:49.076 [info] Keybindings: No changes found during synchronizing keybindings.
2023-08-18 21:51:49.079 [info] Snippets: No changes found during synchronizing snippets.
2023-08-18 21:51:49.083 [info] Tasks: No changes found during synchronizing tasks.
2023-08-18 21:51:49.088 [info] GlobalState: No changes found during synchronizing ui state.
2023-08-18 21:51:49.253 [info] Extensions: No changes found during synchronizing extensions.
2023-08-18 21:51:49.259 [info] Profiles: No changes found during synchronizing profiles.
2023-08-18 21:51:49.262 [info] Sync done. Took 371ms
2023-08-18 21:54:05.475 [info] Auto Sync: Triggered by Activity
2023-08-18 21:54:05.475 [info] Sync started.
2023-08-18 21:54:06.027 [info] Settings: No changes found during synchronizing settings.
2023-08-18 21:54:06.034 [info] Keybindings: No changes found during synchronizing keybindings.
2023-08-18 21:54:06.044 [info] Snippets: No changes found during synchronizing snippets.
2023-08-18 21:54:06.053 [info] Tasks: No changes found during synchronizing tasks.
2023-08-18 21:54:06.060 [info] GlobalState: No changes found during synchronizing ui state.
2023-08-18 21:54:06.342 [info] Extensions: No changes found during synchronizing extensions.
2023-08-18 21:54:06.348 [info] Profiles: No changes found during synchronizing profiles.
2023-08-18 21:54:06.351 [info] Sync done. Took 877ms
2023-08-18 21:54:17.585 [info] Auto Sync: Triggered by Activity
2023-08-18 21:54:17.586 [info] Sync started.
2023-08-18 21:54:17.764 [info] Settings: No changes found during synchronizing settings.
2023-08-18 21:54:17.773 [info] Keybindings: No changes found during synchronizing keybindings.
2023-08-18 21:54:17.802 [info] Snippets: No changes found during synchronizing snippets.
2023-08-18 21:54:17.813 [info] Tasks: No changes found during synchronizing tasks.
2023-08-18 21:54:17.825 [info] GlobalState: No changes found during synchronizing ui state.
2023-08-18 21:54:18.039 [info] Extensions: No changes found during synchronizing extensions.
2023-08-18 21:54:18.043 [info] Profiles: No changes found during synchronizing profiles.
2023-08-18 21:54:18.045 [info] Sync done. Took 459ms
2023-08-18 21:54:34.833 [info] Auto Sync: Triggered by Activity
2023-08-18 21:54:34.834 [info] Sync started.
2023-08-18 21:54:34.988 [info] Settings: No changes found during synchronizing settings.
2023-08-18 21:54:35.020 [info] Keybindings: No changes found during synchronizing keybindings.
2023-08-18 21:54:35.031 [info] Snippets: No changes found during synchronizing snippets.
2023-08-18 21:54:35.042 [info] Tasks: No changes found during synchronizing tasks.
2023-08-18 21:54:35.052 [info] GlobalState: No changes found during synchronizing ui state.
2023-08-18 21:54:35.192 [info] Extensions: No changes found during synchronizing extensions.
2023-08-18 21:54:35.193 [info] Profiles: No changes found during synchronizing profiles.
2023-08-18 21:54:35.196 [info] Sync done. Took 362ms
2023-08-18 21:54:59.882 [info] Auto Sync: Triggered by Activity
2023-08-18 21:54:59.882 [info] Sync started.
2023-08-18 21:55:00.045 [info] Settings: No changes found during synchronizing settings.
2023-08-18 21:55:00.049 [info] Keybindings: No changes found during synchronizing keybindings.
2023-08-18 21:55:00.053 [info] Snippets: No changes found during synchronizing snippets.
2023-08-18 21:55:00.055 [info] Tasks: No changes found during synchronizing tasks.
2023-08-18 21:55:00.059 [info] GlobalState: No changes found during synchronizing ui state.
2023-08-18 21:55:00.201 [info] Extensions: No changes found during synchronizing extensions.
2023-08-18 21:55:00.203 [info] Profiles: No changes found during synchronizing profiles.
2023-08-18 21:55:00.204 [info] Sync done. Took 322ms
2023-08-18 21:55:14.588 [info] Auto Sync: Triggered by Activity
2023-08-18 21:55:14.588 [info] Sync started.
2023-08-18 21:55:14.744 [info] Settings: No changes found during synchronizing settings.
2023-08-18 21:55:14.754 [info] Keybindings: No changes found during synchronizing keybindings.
2023-08-18 21:55:14.767 [info] Snippets: No changes found during synchronizing snippets.
2023-08-18 21:55:14.789 [info] Tasks: No changes found during synchronizing tasks.
2023-08-18 21:55:14.807 [info] GlobalState: No changes found during synchronizing ui state.
2023-08-18 21:55:14.935 [info] Extensions: No changes found during synchronizing extensions.
2023-08-18 21:55:14.938 [info] Profiles: No changes found during synchronizing profiles.
2023-08-18 21:55:14.941 [info] Sync done. Took 354ms
2023-08-18 21:55:59.111 [info] Auto Sync: Triggered by Activity
2023-08-18 21:55:59.111 [info] Sync started.
2023-08-18 21:55:59.278 [info] Settings: No changes found during synchronizing settings.
2023-08-18 21:55:59.288 [info] Keybindings: No changes found during synchronizing keybindings.
2023-08-18 21:55:59.294 [info] Snippets: No changes found during synchronizing snippets.
2023-08-18 21:55:59.300 [info] Tasks: No changes found during synchronizing tasks.
2023-08-18 21:55:59.304 [info] GlobalState: No changes found during synchronizing ui state.
2023-08-18 21:55:59.415 [info] Extensions: No changes found during synchronizing extensions.
2023-08-18 21:55:59.420 [info] Profiles: No changes found during synchronizing profiles.
2023-08-18 21:55:59.423 [info] Sync done. Took 312ms
2023-08-18 21:57:30.231 [info] Auto Sync: Triggered by Activity
2023-08-18 21:57:30.232 [info] Sync started.
2023-08-18 21:57:30.394 [info] Settings: No changes found during synchronizing settings.
2023-08-18 21:57:30.400 [info] Keybindings: No changes found during synchronizing keybindings.
2023-08-18 21:57:30.406 [info] Snippets: No changes found during synchronizing snippets.
2023-08-18 21:57:30.410 [info] Tasks: No changes found during synchronizing tasks.
2023-08-18 21:57:30.414 [info] GlobalState: No changes found during synchronizing ui state.
2023-08-18 21:57:30.660 [info] Extensions: No changes found during synchronizing extensions.
2023-08-18 21:57:30.662 [info] Profiles: No changes found during synchronizing profiles.
2023-08-18 21:57:30.671 [info] Sync done. Took 434ms
2023-08-18 21:57:52.191 [info] Auto Sync: Triggered by Activity
2023-08-18 21:57:52.192 [info] Sync started.
2023-08-18 21:57:52.349 [info] Settings: No changes found during synchronizing settings.
2023-08-18 21:57:52.354 [info] Keybindings: No changes found during synchronizing keybindings.
2023-08-18 21:57:52.358 [info] Snippets: No changes found during synchronizing snippets.
2023-08-18 21:57:52.363 [info] Tasks: No changes found during synchronizing tasks.
2023-08-18 21:57:52.703 [info] GlobalState: Updated remote ui state. Updated: commandPalette.mru.cache,commandPalette.mru.counter.
2023-08-18 21:57:52.717 [info] GlobalState: Updated last synchronized ui state
2023-08-18 21:57:52.898 [info] Extensions: No changes found during synchronizing extensions.
2023-08-18 21:57:52.901 [info] Profiles: No changes found during synchronizing profiles.
2023-08-18 21:57:52.902 [info] Sync done. Took 710ms
2023-08-18 21:58:19.499 [info] Auto Sync: Triggered by Activity
2023-08-18 21:58:19.500 [info] Sync started.
2023-08-18 21:58:19.659 [info] Settings: No changes found during synchronizing settings.
2023-08-18 21:58:19.666 [info] Keybindings: No changes found during synchronizing keybindings.
2023-08-18 21:58:19.676 [info] Snippets: No changes found during synchronizing snippets.
2023-08-18 21:58:19.684 [info] Tasks: No changes found during synchronizing tasks.
2023-08-18 21:58:19.705 [info] GlobalState: No changes found during synchronizing ui state.
2023-08-18 21:58:19.915 [info] Extensions: No changes found during synchronizing extensions.
2023-08-18 21:58:19.919 [info] Profiles: No changes found during synchronizing profiles.
2023-08-18 21:58:19.922 [info] Sync done. Took 423ms
2023-08-18 21:58:32.688 [info] Auto Sync: Triggered by Activity
2023-08-18 21:58:32.688 [info] Sync started.
2023-08-18 21:58:32.851 [info] Settings: No changes found during synchronizing settings.
2023-08-18 21:58:32.860 [info] Keybindings: No changes found during synchronizing keybindings.
2023-08-18 21:58:32.867 [info] Snippets: No changes found during synchronizing snippets.
2023-08-18 21:58:32.871 [info] Tasks: No changes found during synchronizing tasks.
2023-08-18 21:58:32.878 [info] GlobalState: No changes found during synchronizing ui state.
2023-08-18 21:58:33.104 [info] Extensions: No changes found during synchronizing extensions.
2023-08-18 21:58:33.109 [info] Profiles: No changes found during synchronizing profiles.
2023-08-18 21:58:33.111 [info] Sync done. Took 423ms
2023-08-18 21:58:52.086 [info] Auto Sync: Triggered by Activity
2023-08-18 21:58:52.086 [info] Sync started.
2023-08-18 21:58:52.301 [info] Settings: No changes found during synchronizing settings.
2023-08-18 21:58:52.316 [info] Keybindings: No changes found during synchronizing keybindings.
2023-08-18 21:58:52.324 [info] Snippets: No changes found during synchronizing snippets.
2023-08-18 21:58:52.349 [info] Tasks: No changes found during synchronizing tasks.
2023-08-18 21:58:52.360 [info] GlobalState: No changes found during synchronizing ui state.
2023-08-18 21:58:52.677 [info] Extensions: No changes found during synchronizing extensions.
2023-08-18 21:58:52.682 [info] Profiles: No changes found during synchronizing profiles.
2023-08-18 21:58:52.684 [info] Sync done. Took 600ms
2023-08-18 21:59:17.035 [info] Auto Sync: Triggered by Activity
2023-08-18 21:59:17.036 [info] Sync started.
2023-08-18 21:59:17.183 [info] Settings: No changes found during synchronizing settings.
2023-08-18 21:59:17.187 [info] Keybindings: No changes found during synchronizing keybindings.
2023-08-18 21:59:17.190 [info] Snippets: No changes found during synchronizing snippets.
2023-08-18 21:59:17.193 [info] Tasks: No changes found during synchronizing tasks.
2023-08-18 21:59:17.197 [info] GlobalState: No changes found during synchronizing ui state.
2023-08-18 21:59:17.358 [info] Extensions: No changes found during synchronizing extensions.
2023-08-18 21:59:17.363 [info] Profiles: No changes found during synchronizing profiles.
2023-08-18 21:59:17.366 [info] Sync done. Took 331ms
2023-08-18 21:59:49.103 [info] Auto Sync: Triggered by Activity
2023-08-18 21:59:49.103 [info] Sync started.
2023-08-18 21:59:49.328 [info] Settings: No changes found during synchronizing settings.
2023-08-18 21:59:49.348 [info] Keybindings: No changes found during synchronizing keybindings.
2023-08-18 21:59:49.363 [info] Snippets: No changes found during synchronizing snippets.
2023-08-18 21:59:49.370 [info] Tasks: No changes found during synchronizing tasks.
2023-08-18 21:59:49.375 [info] GlobalState: No changes found during synchronizing ui state.
2023-08-18 21:59:49.539 [info] Extensions: No changes found during synchronizing extensions.
2023-08-18 21:59:49.541 [info] Profiles: No changes found during synchronizing profiles.
2023-08-18 21:59:49.544 [info] Sync done. Took 444ms
2023-08-18 22:00:12.923 [info] Auto Sync: Triggered by Activity
2023-08-18 22:00:12.924 [info] Sync started.
2023-08-18 22:00:13.072 [info] Settings: No changes found during synchronizing settings.
2023-08-18 22:00:13.075 [info] Keybindings: No changes found during synchronizing keybindings.
2023-08-18 22:00:13.078 [info] Snippets: No changes found during synchronizing snippets.
2023-08-18 22:00:13.082 [info] Tasks: No changes found during synchronizing tasks.
2023-08-18 22:00:13.086 [info] GlobalState: No changes found during synchronizing ui state.
2023-08-18 22:00:13.281 [info] Extensions: No changes found during synchronizing extensions.
2023-08-18 22:00:13.285 [info] Profiles: No changes found during synchronizing profiles.
2023-08-18 22:00:13.292 [info] Sync done. Took 367ms
2023-08-18 22:00:28.387 [info] Auto Sync: Triggered by Activity
2023-08-18 22:00:28.387 [info] Sync started.
2023-08-18 22:00:28.539 [info] Settings: No changes found during synchronizing settings.
2023-08-18 22:00:28.564 [info] Keybindings: No changes found during synchronizing keybindings.
2023-08-18 22:00:28.608 [info] Snippets: No changes found during synchronizing snippets.
2023-08-18 22:00:28.625 [info] Tasks: No changes found during synchronizing tasks.
2023-08-18 22:00:28.644 [info] GlobalState: No changes found during synchronizing ui state.
2023-08-18 22:00:28.824 [info] Extensions: No changes found during synchronizing extensions.
2023-08-18 22:00:28.827 [info] Profiles: No changes found during synchronizing profiles.
2023-08-18 22:00:28.828 [info] Sync done. Took 442ms
2023-08-18 22:00:49.307 [info] Auto Sync: Triggered by Activity
2023-08-18 22:00:49.307 [info] Sync started.
2023-08-18 22:00:49.450 [info] Settings: No changes found during synchronizing settings.
2023-08-18 22:00:49.454 [info] Keybindings: No changes found during synchronizing keybindings.
2023-08-18 22:00:49.457 [info] Snippets: No changes found during synchronizing snippets.
2023-08-18 22:00:49.461 [info] Tasks: No changes found during synchronizing tasks.
2023-08-18 22:00:49.464 [info] GlobalState: No changes found during synchronizing ui state.
2023-08-18 22:00:49.572 [info] Extensions: No changes found during synchronizing extensions.
2023-08-18 22:00:49.575 [info] Profiles: No changes found during synchronizing profiles.
2023-08-18 22:00:49.577 [info] Sync done. Took 270ms
2023-08-18 22:01:04.215 [info] Auto Sync: Triggered by Activity
2023-08-18 22:01:04.215 [info] Sync started.
2023-08-18 22:01:04.374 [info] Settings: No changes found during synchronizing settings.
2023-08-18 22:01:04.381 [info] Keybindings: No changes found during synchronizing keybindings.
2023-08-18 22:01:04.385 [info] Snippets: No changes found during synchronizing snippets.
2023-08-18 22:01:04.392 [info] Tasks: No changes found during synchronizing tasks.
2023-08-18 22:01:04.399 [info] GlobalState: No changes found during synchronizing ui state.
2023-08-18 22:01:04.563 [info] Extensions: No changes found during synchronizing extensions.
2023-08-18 22:01:04.565 [info] Profiles: No changes found during synchronizing profiles.
2023-08-18 22:01:04.567 [info] Sync done. Took 352ms
2023-08-18 22:01:31.932 [info] Auto Sync: Triggered by Activity
2023-08-18 22:01:31.932 [info] Sync started.
2023-08-18 22:01:32.094 [info] Settings: No changes found during synchronizing settings.
2023-08-18 22:01:32.098 [info] Keybindings: No changes found during synchronizing keybindings.
2023-08-18 22:01:32.101 [info] Snippets: No changes found during synchronizing snippets.
2023-08-18 22:01:32.104 [info] Tasks: No changes found during synchronizing tasks.
2023-08-18 22:01:32.110 [info] GlobalState: No changes found during synchronizing ui state.
2023-08-18 22:01:32.202 [info] Extensions: No changes found during synchronizing extensions.
2023-08-18 22:01:32.203 [info] Profiles: No changes found during synchronizing profiles.
2023-08-18 22:01:32.205 [info] Sync done. Took 273ms
2023-08-18 22:01:46.687 [info] Auto Sync: Triggered by Activity
2023-08-18 22:01:46.687 [info] Sync started.
2023-08-18 22:01:46.846 [info] Settings: No changes found during synchronizing settings.
2023-08-18 22:01:46.849 [info] Keybindings: No changes found during synchronizing keybindings.
2023-08-18 22:01:46.855 [info] Snippets: No changes found during synchronizing snippets.
2023-08-18 22:01:46.862 [info] Tasks: No changes found during synchronizing tasks.
2023-08-18 22:01:46.873 [info] GlobalState: No changes found during synchronizing ui state.
2023-08-18 22:01:47.210 [info] Extensions: No changes found during synchronizing extensions.
2023-08-18 22:01:47.215 [info] Profiles: No changes found during synchronizing profiles.
2023-08-18 22:01:47.222 [info] Sync done. Took 535ms
2023-08-18 22:01:59.580 [info] Auto Sync: Triggered by Activity
2023-08-18 22:01:59.581 [info] Sync started.
2023-08-18 22:01:59.725 [info] Settings: No changes found during synchronizing settings.
2023-08-18 22:01:59.731 [info] Keybindings: No changes found during synchronizing keybindings.
2023-08-18 22:01:59.737 [info] Snippets: No changes found during synchronizing snippets.
2023-08-18 22:01:59.743 [info] Tasks: No changes found during synchronizing tasks.
2023-08-18 22:01:59.749 [info] GlobalState: No changes found during synchronizing ui state.
2023-08-18 22:01:59.839 [info] Extensions: No changes found during synchronizing extensions.
2023-08-18 22:01:59.842 [info] Profiles: No changes found during synchronizing profiles.
2023-08-18 22:01:59.843 [info] Sync done. Took 263ms
2023-08-18 22:02:33.865 [info] Auto Sync: Triggered by Activity
2023-08-18 22:02:33.866 [info] Sync started.
2023-08-18 22:02:34.006 [info] Settings: No changes found during synchronizing settings.
2023-08-18 22:02:34.011 [info] Keybindings: No changes found during synchronizing keybindings.
2023-08-18 22:02:34.014 [info] Snippets: No changes found during synchronizing snippets.
2023-08-18 22:02:34.016 [info] Tasks: No changes found during synchronizing tasks.
2023-08-18 22:02:34.019 [info] GlobalState: No changes found during synchronizing ui state.
2023-08-18 22:02:34.117 [info] Extensions: No changes found during synchronizing extensions.
2023-08-18 22:02:34.129 [info] Profiles: No changes found during synchronizing profiles.
2023-08-18 22:02:34.135 [info] Sync done. Took 267ms
2023-08-18 22:02:59.531 [info] Auto Sync: Triggered by Activity
2023-08-18 22:02:59.531 [info] Sync started.
2023-08-18 22:02:59.690 [info] Settings: No changes found during synchronizing settings.
2023-08-18 22:02:59.695 [info] Keybindings: No changes found during synchronizing keybindings.
2023-08-18 22:02:59.701 [info] Snippets: No changes found during synchronizing snippets.
2023-08-18 22:02:59.705 [info] Tasks: No changes found during synchronizing tasks.
2023-08-18 22:02:59.712 [info] GlobalState: No changes found during synchronizing ui state.
2023-08-18 22:02:59.828 [info] Extensions: No changes found during synchronizing extensions.
2023-08-18 22:02:59.829 [info] Profiles: No changes found during synchronizing profiles.
2023-08-18 22:02:59.831 [info] Sync done. Took 300ms
2023-08-18 22:03:13.206 [info] Auto Sync: Triggered by Activity
2023-08-18 22:03:13.206 [info] Sync started.
2023-08-18 22:03:13.371 [info] Settings: No changes found during synchronizing settings.
2023-08-18 22:03:13.376 [info] Keybindings: No changes found during synchronizing keybindings.
2023-08-18 22:03:13.382 [info] Snippets: No changes found during synchronizing snippets.
2023-08-18 22:03:13.387 [info] Tasks: No changes found during synchronizing tasks.
2023-08-18 22:03:13.391 [info] GlobalState: No changes found during synchronizing ui state.
2023-08-18 22:03:13.476 [info] Extensions: No changes found during synchronizing extensions.
2023-08-18 22:03:13.486 [info] Profiles: No changes found during synchronizing profiles.
2023-08-18 22:03:13.490 [info] Sync done. Took 284ms
2023-08-18 22:03:24.903 [info] Auto Sync: Triggered by Activity
2023-08-18 22:03:24.903 [info] Sync started.
2023-08-18 22:03:25.054 [info] Settings: No changes found during synchronizing settings.
2023-08-18 22:03:25.060 [info] Keybindings: No changes found during synchronizing keybindings.
2023-08-18 22:03:25.064 [info] Snippets: No changes found during synchronizing snippets.
2023-08-18 22:03:25.067 [info] Tasks: No changes found during synchronizing tasks.
2023-08-18 22:03:25.072 [info] GlobalState: No changes found during synchronizing ui state.
2023-08-18 22:03:25.192 [info] Extensions: No changes found during synchronizing extensions.
2023-08-18 22:03:25.194 [info] Profiles: No changes found during synchronizing profiles.
2023-08-18 22:03:25.196 [info] Sync done. Took 293ms
2023-08-18 22:03:41.056 [info] Auto Sync: Triggered by Activity
2023-08-18 22:03:41.057 [info] Sync started.
2023-08-18 22:03:41.214 [info] Settings: No changes found during synchronizing settings.
2023-08-18 22:03:41.218 [info] Keybindings: No changes found during synchronizing keybindings.
2023-08-18 22:03:41.222 [info] Snippets: No changes found during synchronizing snippets.
2023-08-18 22:03:41.228 [info] Tasks: No changes found during synchronizing tasks.
2023-08-18 22:03:41.232 [info] GlobalState: No changes found during synchronizing ui state.
2023-08-18 22:03:41.448 [info] Extensions: No changes found during synchronizing extensions.
2023-08-18 22:03:41.454 [info] Profiles: No changes found during synchronizing profiles.
2023-08-18 22:03:41.460 [info] Sync done. Took 404ms
2023-08-18 22:03:53.128 [info] Auto Sync: Triggered by Activity
2023-08-18 22:03:53.128 [info] Sync started.
2023-08-18 22:03:53.284 [info] Settings: No changes found during synchronizing settings.
2023-08-18 22:03:53.292 [info] Keybindings: No changes found during synchronizing keybindings.
2023-08-18 22:03:53.301 [info] Snippets: No changes found during synchronizing snippets.
2023-08-18 22:03:53.308 [info] Tasks: No changes found during synchronizing tasks.
2023-08-18 22:03:53.313 [info] GlobalState: No changes found during synchronizing ui state.
2023-08-18 22:03:53.417 [info] Extensions: No changes found during synchronizing extensions.
2023-08-18 22:03:53.418 [info] Profiles: No changes found during synchronizing profiles.
2023-08-18 22:03:53.419 [info] Sync done. Took 292ms
2023-08-18 22:04:46.075 [info] Auto Sync: Triggered by Activity
2023-08-18 22:04:46.075 [info] Sync started.
2023-08-18 22:04:46.226 [info] Settings: No changes found during synchronizing settings.
2023-08-18 22:04:46.233 [info] Keybindings: No changes found during synchronizing keybindings.
2023-08-18 22:04:46.247 [info] Snippets: No changes found during synchronizing snippets.
2023-08-18 22:04:46.251 [info] Tasks: No changes found during synchronizing tasks.
2023-08-18 22:04:46.259 [info] GlobalState: No changes found during synchronizing ui state.
2023-08-18 22:04:46.383 [info] Extensions: No changes found during synchronizing extensions.
2023-08-18 22:04:46.387 [info] Profiles: No changes found during synchronizing profiles.
2023-08-18 22:04:46.389 [info] Sync done. Took 315ms
2023-08-18 22:05:02.470 [info] Auto Sync: Triggered by Activity
2023-08-18 22:05:02.470 [info] Sync started.
2023-08-18 22:05:02.634 [info] Settings: No changes found during synchronizing settings.
2023-08-18 22:05:02.645 [info] Keybindings: No changes found during synchronizing keybindings.
2023-08-18 22:05:02.649 [info] Snippets: No changes found during synchronizing snippets.
2023-08-18 22:05:02.659 [info] Tasks: No changes found during synchronizing tasks.
2023-08-18 22:05:02.664 [info] GlobalState: No changes found during synchronizing ui state.
2023-08-18 22:05:02.799 [info] Extensions: No changes found during synchronizing extensions.
2023-08-18 22:05:02.801 [info] Profiles: No changes found during synchronizing profiles.
2023-08-18 22:05:02.803 [info] Sync done. Took 333ms
2023-08-18 22:05:14.715 [info] Auto Sync: Triggered by Activity
2023-08-18 22:05:14.715 [info] Sync started.
2023-08-18 22:05:14.874 [info] Settings: No changes found during synchronizing settings.
2023-08-18 22:05:14.885 [info] Keybindings: No changes found during synchronizing keybindings.
2023-08-18 22:05:14.895 [info] Snippets: No changes found during synchronizing snippets.
2023-08-18 22:05:14.903 [info] Tasks: No changes found during synchronizing tasks.
2023-08-18 22:05:14.916 [info] GlobalState: No changes found during synchronizing ui state.
2023-08-18 22:05:15.112 [info] Extensions: No changes found during synchronizing extensions.
2023-08-18 22:05:15.114 [info] Profiles: No changes found during synchronizing profiles.
2023-08-18 22:05:15.115 [info] Sync done. Took 401ms
2023-08-18 22:05:30.933 [info] Auto Sync: Triggered by Activity
2023-08-18 22:05:30.934 [info] Sync started.
2023-08-18 22:05:31.114 [info] Settings: No changes found during synchronizing settings.
2023-08-18 22:05:31.131 [info] Keybindings: No changes found during synchronizing keybindings.
2023-08-18 22:05:31.149 [info] Snippets: No changes found during synchronizing snippets.
2023-08-18 22:05:31.159 [info] Tasks: No changes found during synchronizing tasks.
2023-08-18 22:05:31.166 [info] GlobalState: No changes found during synchronizing ui state.
2023-08-18 22:05:31.317 [info] Extensions: No changes found during synchronizing extensions.
2023-08-18 22:05:31.325 [info] Profiles: No changes found during synchronizing profiles.
2023-08-18 22:05:31.328 [info] Sync done. Took 396ms
2023-08-18 22:05:52.363 [info] Auto Sync: Triggered by Activity
2023-08-18 22:05:52.363 [info] Sync started.
2023-08-18 22:05:52.528 [info] Settings: No changes found during synchronizing settings.
2023-08-18 22:05:52.539 [info] Keybindings: No changes found during synchronizing keybindings.
2023-08-18 22:05:52.547 [info] Snippets: No changes found during synchronizing snippets.
2023-08-18 22:05:52.554 [info] Tasks: No changes found during synchronizing tasks.
2023-08-18 22:05:52.565 [info] GlobalState: No changes found during synchronizing ui state.
2023-08-18 22:05:52.707 [info] Extensions: No changes found during synchronizing extensions.
2023-08-18 22:05:52.713 [info] Profiles: No changes found during synchronizing profiles.
2023-08-18 22:05:52.715 [info] Sync done. Took 354ms
2023-08-18 22:10:52.767 [info] Auto Sync: Triggered by Interval
2023-08-18 22:10:52.767 [info] Sync started.
2023-08-18 22:10:53.191 [info] Settings: No changes found during synchronizing settings.
2023-08-18 22:10:53.200 [info] Keybindings: No changes found during synchronizing keybindings.
2023-08-18 22:10:53.207 [info] Snippets: No changes found during synchronizing snippets.
2023-08-18 22:10:53.210 [info] Tasks: No changes found during synchronizing tasks.
2023-08-18 22:10:53.216 [info] GlobalState: No changes found during synchronizing ui state.
2023-08-18 22:10:53.325 [info] Extensions: No changes found during synchronizing extensions.
2023-08-18 22:10:53.327 [info] Profiles: No changes found during synchronizing profiles.
2023-08-18 22:10:53.328 [info] Sync done. Took 563ms
2023-08-18 22:15:53.375 [info] Auto Sync: Triggered by Interval
2023-08-18 22:15:53.375 [info] Sync started.
2023-08-18 22:15:53.767 [info] Settings: No changes found during synchronizing settings.
2023-08-18 22:15:53.770 [info] Keybindings: No changes found during synchronizing keybindings.
2023-08-18 22:15:53.773 [info] Snippets: No changes found during synchronizing snippets.
2023-08-18 22:15:53.776 [info] Tasks: No changes found during synchronizing tasks.
2023-08-18 22:15:53.780 [info] GlobalState: No changes found during synchronizing ui state.
2023-08-18 22:15:53.868 [info] Extensions: No changes found during synchronizing extensions.
2023-08-18 22:15:53.870 [info] Profiles: No changes found during synchronizing profiles.
2023-08-18 22:15:53.872 [info] Sync done. Took 497ms
2023-08-18 22:20:53.920 [info] Auto Sync: Triggered by Interval
2023-08-18 22:20:53.921 [info] Sync started.
2023-08-18 22:20:54.334 [info] Settings: No changes found during synchronizing settings.
2023-08-18 22:20:54.337 [info] Keybindings: No changes found during synchronizing keybindings.
2023-08-18 22:20:54.341 [info] Snippets: No changes found during synchronizing snippets.
2023-08-18 22:20:54.344 [info] Tasks: No changes found during synchronizing tasks.
2023-08-18 22:20:54.348 [info] GlobalState: No changes found during synchronizing ui state.
2023-08-18 22:20:54.477 [info] Extensions: No changes found during synchronizing extensions.
2023-08-18 22:20:54.478 [info] Profiles: No changes found during synchronizing profiles.
2023-08-18 22:20:54.480 [info] Sync done. Took 560ms
2023-08-18 22:25:54.529 [info] Auto Sync: Triggered by Interval
2023-08-18 22:25:54.530 [info] Sync started.
2023-08-18 22:25:54.949 [info] Settings: No changes found during synchronizing settings.
2023-08-18 22:25:54.961 [info] Keybindings: No changes found during synchronizing keybindings.
2023-08-18 22:25:54.969 [info] Snippets: No changes found during synchronizing snippets.
2023-08-18 22:25:54.975 [info] Tasks: No changes found during synchronizing tasks.
2023-08-18 22:25:54.979 [info] GlobalState: No changes found during synchronizing ui state.
2023-08-18 22:25:55.069 [info] Extensions: No changes found during synchronizing extensions.
2023-08-18 22:25:55.071 [info] Profiles: No changes found during synchronizing profiles.
2023-08-18 22:25:55.072 [info] Sync done. Took 544ms
2023-08-18 22:27:55.942 [info] Auto Sync: Triggered by Activity
2023-08-18 22:27:55.942 [info] Sync started.
2023-08-18 22:27:56.104 [info] Settings: No changes found during synchronizing settings.
2023-08-18 22:27:56.115 [info] Keybindings: No changes found during synchronizing keybindings.
2023-08-18 22:27:56.126 [info] Snippets: No changes found during synchronizing snippets.
2023-08-18 22:27:56.137 [info] Tasks: No changes found during synchronizing tasks.
2023-08-18 22:27:56.145 [info] GlobalState: No changes found during synchronizing ui state.
